ARM GAS  C:\Users\JamesH\AppData\Local\Temp\ccWaj6YG.s 			page 1


   1              		.syntax unified
   2              		.cpu cortex-m0
   3              		.fpu softvfp
   4              		.eabi_attribute 20, 1
   5              		.eabi_attribute 21, 1
   6              		.eabi_attribute 23, 3
   7              		.eabi_attribute 24, 1
   8              		.eabi_attribute 25, 1
   9              		.eabi_attribute 26, 1
  10              		.eabi_attribute 30, 1
  11              		.eabi_attribute 34, 0
  12              		.eabi_attribute 18, 4
  13              		.thumb
  14              		.syntax unified
  15              		.file	"fnReceive.c"
  16              		.text
  17              	.Ltext0:
  18              		.cfi_sections	.debug_frame
  19              		.global	__aeabi_f2iz
  20              		.section	.text.fnCall,"ax",%progbits
  21              		.align	2
  22              		.global	fnCall
  23              		.code	16
  24              		.thumb_func
  25              		.type	fnCall, %function
  26              	fnCall:
  27              	.LFB36:
  28              		.file 1 "fnReceive.c"
   1:fnReceive.c   **** /* ========================================
   2:fnReceive.c   ****  *
   3:fnReceive.c   ****  * Copyright YOUR COMPANY, THE YEAR
   4:fnReceive.c   ****  * All Rights Reserved
   5:fnReceive.c   ****  * UNPUBLISHED, LICENSED SOFTWARE.
   6:fnReceive.c   ****  *
   7:fnReceive.c   ****  * CONFIDENTIAL AND PROPRIETARY INFORMATION
   8:fnReceive.c   ****  * WHICH IS THE PROPERTY OF your company.
   9:fnReceive.c   ****  *
  10:fnReceive.c   ****  * ========================================
  11:fnReceive.c   **** */
  12:fnReceive.c   **** // This file will interpret function calls that come over serial
  13:fnReceive.c   **** // To-DO: Integrate Jingwei's code
  14:fnReceive.c   **** 
  15:fnReceive.c   **** #include "project.h"
  16:fnReceive.c   **** #include "string.h"
  17:fnReceive.c   **** #include <stdio.h>
  18:fnReceive.c   **** #include <stdlib.h>
  19:fnReceive.c   **** #include "SBT0811.h"
  20:fnReceive.c   **** #include "IMU.h"
  21:fnReceive.c   **** #include "SG90.h"
  22:fnReceive.c   **** #include "TB9051.h"
  23:fnReceive.c   **** 
  24:fnReceive.c   **** void fnCall(float para1, float para2, float para3);
  25:fnReceive.c   **** 
  26:fnReceive.c   **** void RunFn(char * comString){
  27:fnReceive.c   ****     char *pEnd;
  28:fnReceive.c   ****     
  29:fnReceive.c   ****     int b = strlen(comString);
ARM GAS  C:\Users\JamesH\AppData\Local\Temp\ccWaj6YG.s 			page 2


  30:fnReceive.c   ****     for (int i = 0 ; i<b-1; i++) 
  31:fnReceive.c   ****     { 
  32:fnReceive.c   ****         if (comString[i] == 44) {
  33:fnReceive.c   ****             comString[i] = 32;
  34:fnReceive.c   ****         }
  35:fnReceive.c   ****     }
  36:fnReceive.c   ****     float para1 = strtof(comString, &pEnd);
  37:fnReceive.c   ****     float para2 = strtof(pEnd, &pEnd);
  38:fnReceive.c   ****     float para3 = strtof(pEnd, &pEnd);
  39:fnReceive.c   ****     fnCall(para1, para2, para3);
  40:fnReceive.c   ****     
  41:fnReceive.c   ****     //char string[20]; sprintf(string, "%f, ", para1); UART_PutString(string);
  42:fnReceive.c   ****     //sprintf(string, "%f, ", para2); UART_PutString(string);
  43:fnReceive.c   ****     //sprintf(string, "%f\n", para3); UART_PutString(string);
  44:fnReceive.c   **** }
  45:fnReceive.c   **** 
  46:fnReceive.c   **** void fnCall(float para1, float para2, float para3) {
  29              		.loc 1 46 0
  30              		.cfi_startproc
  31              		@ args = 0, pretend = 0, frame = 0
  32              		@ frame_needed = 0, uses_anonymous_args = 0
  33              	.LVL0:
  34 0000 70B5     		push	{r4, r5, r6, lr}
  35              		.cfi_def_cfa_offset 16
  36              		.cfi_offset 4, -16
  37              		.cfi_offset 5, -12
  38              		.cfi_offset 6, -8
  39              		.cfi_offset 14, -4
  40 0002 0C1C     		adds	r4, r1, #0
  41 0004 151C     		adds	r5, r2, #0
  47:fnReceive.c   ****     int paraInt1 =(int)para1;
  42              		.loc 1 47 0
  43 0006 FFF7FEFF 		bl	__aeabi_f2iz
  44              	.LVL1:
  48:fnReceive.c   ****     switch (paraInt1) { 
  45              		.loc 1 48 0
  46 000a 3228     		cmp	r0, #50
  47 000c 57D0     		beq	.L3
  48 000e 10DC     		bgt	.L4
  49 0010 0328     		cmp	r0, #3
  50 0012 34D0     		beq	.L5
  51 0014 05DC     		bgt	.L6
  52 0016 0128     		cmp	r0, #1
  53 0018 23D0     		beq	.L7
  54 001a 25DC     		bgt	.L8
  55 001c 0028     		cmp	r0, #0
  56 001e 1BD0     		beq	.L9
  57 0020 72E0     		b	.L1
  58              	.L6:
  59 0022 0528     		cmp	r0, #5
  60 0024 3CD0     		beq	.L10
  61 0026 35DB     		blt	.L11
  62 0028 0628     		cmp	r0, #6
  63 002a 3FD0     		beq	.L12
  64 002c 0728     		cmp	r0, #7
  65 002e 43D0     		beq	.L13
  66 0030 6AE0     		b	.L1
ARM GAS  C:\Users\JamesH\AppData\Local\Temp\ccWaj6YG.s 			page 3


  67              	.L4:
  68 0032 C828     		cmp	r0, #200
  69 0034 5AD0     		beq	.L14
  70 0036 07DC     		bgt	.L15
  71 0038 3428     		cmp	r0, #52
  72 003a 4CD0     		beq	.L16
  73 003c 45DB     		blt	.L17
  74 003e 3C28     		cmp	r0, #60
  75 0040 4DD0     		beq	.L18
  76 0042 3D28     		cmp	r0, #61
  77 0044 4ED0     		beq	.L19
  78 0046 5FE0     		b	.L1
  79              	.L15:
  80 0048 CA28     		cmp	r0, #202
  81 004a 55D0     		beq	.L20
  82 004c 51DB     		blt	.L21
  83 004e CB28     		cmp	r0, #203
  84 0050 55D0     		beq	.L22
  85 0052 D028     		cmp	r0, #208
  86 0054 56D0     		beq	.L23
  87 0056 57E0     		b	.L1
  88              	.L9:
  49:fnReceive.c   ****         case 0: TB9051_VehMoveTo(para2,para3);          break; // Motor Commands
  89              		.loc 1 49 0
  90 0058 291C     		adds	r1, r5, #0
  91 005a 201C     		adds	r0, r4, #0
  92              	.LVL2:
  93 005c FFF7FEFF 		bl	TB9051_VehMoveTo
  94              	.LVL3:
  95 0060 52E0     		b	.L1
  96              	.LVL4:
  97              	.L7:
  50:fnReceive.c   ****         case 1: TB9051_Begin();                         break;
  98              		.loc 1 50 0
  99 0062 FFF7FEFF 		bl	TB9051_Begin
 100              	.LVL5:
 101 0066 4FE0     		b	.L1
 102              	.LVL6:
 103              	.L8:
  51:fnReceive.c   ****         case 2: TB9051_Forward((int)para2,(int)para3);  break;
 104              		.loc 1 51 0
 105 0068 281C     		adds	r0, r5, #0
 106              	.LVL7:
 107 006a FFF7FEFF 		bl	__aeabi_f2iz
 108              	.LVL8:
 109 006e 0500     		movs	r5, r0
 110              	.LVL9:
 111 0070 201C     		adds	r0, r4, #0
 112 0072 FFF7FEFF 		bl	__aeabi_f2iz
 113              	.LVL10:
 114 0076 2900     		movs	r1, r5
 115 0078 FFF7FEFF 		bl	TB9051_Forward
 116              	.LVL11:
 117 007c 44E0     		b	.L1
 118              	.LVL12:
 119              	.L5:
  52:fnReceive.c   ****         case 3: TB9051_Reverse((int)para2,(int)para3);  break;
ARM GAS  C:\Users\JamesH\AppData\Local\Temp\ccWaj6YG.s 			page 4


 120              		.loc 1 52 0
 121 007e 281C     		adds	r0, r5, #0
 122              	.LVL13:
 123 0080 FFF7FEFF 		bl	__aeabi_f2iz
 124              	.LVL14:
 125 0084 0500     		movs	r5, r0
 126              	.LVL15:
 127 0086 201C     		adds	r0, r4, #0
 128 0088 FFF7FEFF 		bl	__aeabi_f2iz
 129              	.LVL16:
 130 008c 2900     		movs	r1, r5
 131 008e FFF7FEFF 		bl	TB9051_Reverse
 132              	.LVL17:
 133 0092 39E0     		b	.L1
 134              	.LVL18:
 135              	.L11:
  53:fnReceive.c   ****         case 4: TB9051_Brake((int)para2);               break;
 136              		.loc 1 53 0
 137 0094 201C     		adds	r0, r4, #0
 138              	.LVL19:
 139 0096 FFF7FEFF 		bl	__aeabi_f2iz
 140              	.LVL20:
 141 009a FFF7FEFF 		bl	TB9051_Brake
 142              	.LVL21:
 143 009e 33E0     		b	.L1
 144              	.LVL22:
 145              	.L10:
  54:fnReceive.c   ****         case 5: TB9051_VehForward((int)para2);          break;
 146              		.loc 1 54 0
 147 00a0 201C     		adds	r0, r4, #0
 148              	.LVL23:
 149 00a2 FFF7FEFF 		bl	__aeabi_f2iz
 150              	.LVL24:
 151 00a6 FFF7FEFF 		bl	TB9051_VehForward
 152              	.LVL25:
 153 00aa 2DE0     		b	.L1
 154              	.LVL26:
 155              	.L12:
  55:fnReceive.c   ****         case 6: TB9051_VehReverse((int)para2);          break;
 156              		.loc 1 55 0
 157 00ac 201C     		adds	r0, r4, #0
 158              	.LVL27:
 159 00ae FFF7FEFF 		bl	__aeabi_f2iz
 160              	.LVL28:
 161 00b2 FFF7FEFF 		bl	TB9051_VehReverse
 162              	.LVL29:
 163 00b6 27E0     		b	.L1
 164              	.LVL30:
 165              	.L13:
  56:fnReceive.c   ****         case 7: TB9051_VehBrake();                      break;
 166              		.loc 1 56 0
 167 00b8 FFF7FEFF 		bl	TB9051_VehBrake
 168              	.LVL31:
 169 00bc 24E0     		b	.L1
 170              	.LVL32:
 171              	.L3:
  57:fnReceive.c   ****         case 50: oneStepCCW((int)para2);                break; // Stepper Commands
ARM GAS  C:\Users\JamesH\AppData\Local\Temp\ccWaj6YG.s 			page 5


 172              		.loc 1 57 0
 173 00be 201C     		adds	r0, r4, #0
 174              	.LVL33:
 175 00c0 FFF7FEFF 		bl	__aeabi_f2iz
 176              	.LVL34:
 177 00c4 FFF7FEFF 		bl	oneStepCCW
 178              	.LVL35:
 179 00c8 1EE0     		b	.L1
 180              	.LVL36:
 181              	.L17:
  58:fnReceive.c   ****         case 51: oneStepCW((int)para2);                 break;
 182              		.loc 1 58 0
 183 00ca 201C     		adds	r0, r4, #0
 184              	.LVL37:
 185 00cc FFF7FEFF 		bl	__aeabi_f2iz
 186              	.LVL38:
 187 00d0 FFF7FEFF 		bl	oneStepCW
 188              	.LVL39:
 189 00d4 18E0     		b	.L1
 190              	.LVL40:
 191              	.L16:
  59:fnReceive.c   ****         case 52: moveAngle(para2);                      break;
 192              		.loc 1 59 0
 193 00d6 201C     		adds	r0, r4, #0
 194              	.LVL41:
 195 00d8 FFF7FEFF 		bl	moveAngle
 196              	.LVL42:
 197 00dc 14E0     		b	.L1
 198              	.LVL43:
 199              	.L18:
  60:fnReceive.c   ****         case 60: SG90_Begin();                          break; // Servo Commands
 200              		.loc 1 60 0
 201 00de FFF7FEFF 		bl	SG90_Begin
 202              	.LVL44:
 203 00e2 11E0     		b	.L1
 204              	.LVL45:
 205              	.L19:
  61:fnReceive.c   ****         case 61: SG90_ToAngle(para2);                   break;
 206              		.loc 1 61 0
 207 00e4 201C     		adds	r0, r4, #0
 208              	.LVL46:
 209 00e6 FFF7FEFF 		bl	SG90_ToAngle
 210              	.LVL47:
 211 00ea 0DE0     		b	.L1
 212              	.LVL48:
 213              	.L14:
  62:fnReceive.c   ****         case 200: LIS3MDL_Begin();                      break; // Accelerometer
 214              		.loc 1 62 0
 215 00ec FFF7FEFF 		bl	LIS3MDL_Begin
 216              	.LVL49:
 217 00f0 0AE0     		b	.L1
 218              	.LVL50:
 219              	.L21:
  63:fnReceive.c   ****         case 201: LIS3MDL_MasterStatus();               break;
 220              		.loc 1 63 0
 221 00f2 FFF7FEFF 		bl	LIS3MDL_MasterStatus
 222              	.LVL51:
ARM GAS  C:\Users\JamesH\AppData\Local\Temp\ccWaj6YG.s 			page 6


 223 00f6 07E0     		b	.L1
 224              	.LVL52:
 225              	.L20:
  64:fnReceive.c   ****         case 202: LIS3MDL_TransferByte();               break;
 226              		.loc 1 64 0
 227 00f8 FFF7FEFF 		bl	LIS3MDL_TransferByte
 228              	.LVL53:
 229 00fc 04E0     		b	.L1
 230              	.LVL54:
 231              	.L22:
  65:fnReceive.c   ****         case 203: LIS3MDL_TransferMultipleBytes();      break;
 232              		.loc 1 65 0
 233 00fe FFF7FEFF 		bl	LIS3MDL_TransferMultipleBytes
 234              	.LVL55:
 235 0102 01E0     		b	.L1
 236              	.LVL56:
 237              	.L23:
  66:fnReceive.c   ****         //case 204: LIS3MDL_ReadAxisRaw(uint8 * (&para2))); TO-DO; break;
  67:fnReceive.c   ****         //case 205: LIS3MDL_ReadAxisDeg(uint16_t * (&para2))); TO-DO; break;
  68:fnReceive.c   ****         //case 206: LIS3MDL_ReadMultipleBytes();          break;
  69:fnReceive.c   ****         //case 207: LIS3MDL_ReadWhoAmIReg(uint8 * rdPtr) TO-DO; break; 
  70:fnReceive.c   ****         case 208: LSM6DS3_Begin();                        break;
 238              		.loc 1 70 0
 239 0104 FFF7FEFF 		bl	LSM6DS3_Begin
 240              	.LVL57:
 241              	.L1:
  71:fnReceive.c   ****         //case 211: LSM6DS3_ReadAxisRaw TO-DO
  72:fnReceive.c   ****         //case 212 LSM6DS3_ReadAxisDeg TO-DO
  73:fnReceive.c   ****         //case 213: LSM6DS3_ReadMultipleBytes();          break;
  74:fnReceive.c   ****         //case 214: LSM6DS3_ReadWhoAmIReg() TO-DO;      break;
  75:fnReceive.c   ****         //case 215: LSM6DS3_ReadCtrlReg(); TO-DO:       break;
  76:fnReceive.c   ****         
  77:fnReceive.c   ****         
  78:fnReceive.c   ****         
  79:fnReceive.c   ****         
  80:fnReceive.c   ****             
  81:fnReceive.c   ****         
  82:fnReceive.c   ****         
  83:fnReceive.c   ****         
  84:fnReceive.c   ****     }
  85:fnReceive.c   **** }
 242              		.loc 1 85 0
 243              		@ sp needed
 244              	.LVL58:
 245 0108 70BD     		pop	{r4, r5, r6, pc}
 246              		.cfi_endproc
 247              	.LFE36:
 248              		.size	fnCall, .-fnCall
 249 010a C046     		.section	.text.RunFn,"ax",%progbits
 250              		.align	2
 251              		.global	RunFn
 252              		.code	16
 253              		.thumb_func
 254              		.type	RunFn, %function
 255              	RunFn:
 256              	.LFB35:
  26:fnReceive.c   ****     char *pEnd;
ARM GAS  C:\Users\JamesH\AppData\Local\Temp\ccWaj6YG.s 			page 7


 257              		.loc 1 26 0
 258              		.cfi_startproc
 259              		@ args = 0, pretend = 0, frame = 8
 260              		@ frame_needed = 0, uses_anonymous_args = 0
 261              	.LVL59:
 262 0000 30B5     		push	{r4, r5, lr}
 263              		.cfi_def_cfa_offset 12
 264              		.cfi_offset 4, -12
 265              		.cfi_offset 5, -8
 266              		.cfi_offset 14, -4
 267 0002 83B0     		sub	sp, sp, #12
 268              		.cfi_def_cfa_offset 24
 269 0004 0400     		movs	r4, r0
  29:fnReceive.c   ****     for (int i = 0 ; i<b-1; i++) 
 270              		.loc 1 29 0
 271 0006 FFF7FEFF 		bl	strlen
 272              	.LVL60:
 273              	.LBB2:
  30:fnReceive.c   ****     { 
 274              		.loc 1 30 0
 275 000a 0023     		movs	r3, #0
 276 000c 06E0     		b	.L25
 277              	.LVL61:
 278              	.L27:
  32:fnReceive.c   ****             comString[i] = 32;
 279              		.loc 1 32 0
 280 000e E218     		adds	r2, r4, r3
 281 0010 1178     		ldrb	r1, [r2]
 282 0012 2C29     		cmp	r1, #44
 283 0014 01D1     		bne	.L26
  33:fnReceive.c   ****         }
 284              		.loc 1 33 0
 285 0016 0C39     		subs	r1, r1, #12
 286 0018 1170     		strb	r1, [r2]
 287              	.L26:
  30:fnReceive.c   ****     { 
 288              		.loc 1 30 0 discriminator 2
 289 001a 0133     		adds	r3, r3, #1
 290              	.LVL62:
 291              	.L25:
  30:fnReceive.c   ****     { 
 292              		.loc 1 30 0 is_stmt 0 discriminator 1
 293 001c 421E     		subs	r2, r0, #1
 294 001e 9342     		cmp	r3, r2
 295 0020 F5DB     		blt	.L27
 296              	.LBE2:
  36:fnReceive.c   ****     float para2 = strtof(pEnd, &pEnd);
 297              		.loc 1 36 0 is_stmt 1
 298 0022 01A9     		add	r1, sp, #4
 299 0024 2000     		movs	r0, r4
 300              	.LVL63:
 301 0026 FFF7FEFF 		bl	strtof
 302              	.LVL64:
 303 002a 041C     		adds	r4, r0, #0
 304              	.LVL65:
  37:fnReceive.c   ****     float para3 = strtof(pEnd, &pEnd);
 305              		.loc 1 37 0
ARM GAS  C:\Users\JamesH\AppData\Local\Temp\ccWaj6YG.s 			page 8


 306 002c 01A9     		add	r1, sp, #4
 307 002e 0198     		ldr	r0, [sp, #4]
 308              	.LVL66:
 309 0030 FFF7FEFF 		bl	strtof
 310              	.LVL67:
 311 0034 051C     		adds	r5, r0, #0
 312              	.LVL68:
  38:fnReceive.c   ****     fnCall(para1, para2, para3);
 313              		.loc 1 38 0
 314 0036 01A9     		add	r1, sp, #4
 315 0038 0198     		ldr	r0, [sp, #4]
 316              	.LVL69:
 317 003a FFF7FEFF 		bl	strtof
 318              	.LVL70:
 319 003e 021C     		adds	r2, r0, #0
 320              	.LVL71:
  39:fnReceive.c   ****     
 321              		.loc 1 39 0
 322 0040 291C     		adds	r1, r5, #0
 323 0042 201C     		adds	r0, r4, #0
 324              	.LVL72:
 325 0044 FFF7FEFF 		bl	fnCall
 326              	.LVL73:
  44:fnReceive.c   **** 
 327              		.loc 1 44 0
 328 0048 03B0     		add	sp, sp, #12
 329              		@ sp needed
 330              	.LVL74:
 331              	.LVL75:
 332 004a 30BD     		pop	{r4, r5, pc}
 333              		.cfi_endproc
 334              	.LFE35:
 335              		.size	RunFn, .-RunFn
 336              		.text
 337              	.Letext0:
 338              		.file 2 "TB9051.h"
 339              		.file 3 "SBT0811.h"
 340              		.file 4 "SG90.h"
 341              		.file 5 "IMU.h"
 342              		.file 6 "c:\\program files (x86)\\cypress\\psoc creator\\4.4\\psoc creator\\import\\gnu\\arm\\5.4.
 343              		.file 7 "c:\\program files (x86)\\cypress\\psoc creator\\4.4\\psoc creator\\import\\gnu\\arm\\5.4.
 344              		.section	.debug_info,"",%progbits
 345              	.Ldebug_info0:
 346 0000 98030000 		.4byte	0x398
 347 0004 0400     		.2byte	0x4
 348 0006 00000000 		.4byte	.Ldebug_abbrev0
 349 000a 04       		.byte	0x4
 350 000b 01       		.uleb128 0x1
 351 000c 9B010000 		.4byte	.LASF42
 352 0010 0C       		.byte	0xc
 353 0011 35020000 		.4byte	.LASF43
 354 0015 1F000000 		.4byte	.LASF44
 355 0019 00000000 		.4byte	.Ldebug_ranges0+0
 356 001d 00000000 		.4byte	0
 357 0021 00000000 		.4byte	.Ldebug_line0
 358 0025 02       		.uleb128 0x2
 359 0026 04       		.byte	0x4
ARM GAS  C:\Users\JamesH\AppData\Local\Temp\ccWaj6YG.s 			page 9


 360 0027 04       		.byte	0x4
 361 0028 B9000000 		.4byte	.LASF0
 362 002c 02       		.uleb128 0x2
 363 002d 01       		.byte	0x1
 364 002e 06       		.byte	0x6
 365 002f BB020000 		.4byte	.LASF1
 366 0033 02       		.uleb128 0x2
 367 0034 01       		.byte	0x1
 368 0035 08       		.byte	0x8
 369 0036 DF000000 		.4byte	.LASF2
 370 003a 02       		.uleb128 0x2
 371 003b 02       		.byte	0x2
 372 003c 05       		.byte	0x5
 373 003d 98020000 		.4byte	.LASF3
 374 0041 02       		.uleb128 0x2
 375 0042 02       		.byte	0x2
 376 0043 07       		.byte	0x7
 377 0044 79000000 		.4byte	.LASF4
 378 0048 02       		.uleb128 0x2
 379 0049 04       		.byte	0x4
 380 004a 05       		.byte	0x5
 381 004b 70000000 		.4byte	.LASF5
 382 004f 02       		.uleb128 0x2
 383 0050 04       		.byte	0x4
 384 0051 07       		.byte	0x7
 385 0052 FA000000 		.4byte	.LASF6
 386 0056 02       		.uleb128 0x2
 387 0057 08       		.byte	0x8
 388 0058 05       		.byte	0x5
 389 0059 69020000 		.4byte	.LASF7
 390 005d 02       		.uleb128 0x2
 391 005e 08       		.byte	0x8
 392 005f 07       		.byte	0x7
 393 0060 7E010000 		.4byte	.LASF8
 394 0064 03       		.uleb128 0x3
 395 0065 04       		.byte	0x4
 396 0066 05       		.byte	0x5
 397 0067 696E7400 		.ascii	"int\000"
 398 006b 02       		.uleb128 0x2
 399 006c 04       		.byte	0x4
 400 006d 07       		.byte	0x7
 401 006e 8C000000 		.4byte	.LASF9
 402 0072 02       		.uleb128 0x2
 403 0073 08       		.byte	0x8
 404 0074 04       		.byte	0x4
 405 0075 4C010000 		.4byte	.LASF10
 406 0079 02       		.uleb128 0x2
 407 007a 01       		.byte	0x1
 408 007b 08       		.byte	0x8
 409 007c 8A020000 		.4byte	.LASF11
 410 0080 02       		.uleb128 0x2
 411 0081 08       		.byte	0x8
 412 0082 04       		.byte	0x4
 413 0083 29020000 		.4byte	.LASF12
 414 0087 02       		.uleb128 0x2
 415 0088 04       		.byte	0x4
 416 0089 07       		.byte	0x7
ARM GAS  C:\Users\JamesH\AppData\Local\Temp\ccWaj6YG.s 			page 10


 417 008a 77020000 		.4byte	.LASF13
 418 008e 04       		.uleb128 0x4
 419 008f 04       		.byte	0x4
 420 0090 79000000 		.4byte	0x79
 421 0094 05       		.uleb128 0x5
 422 0095 A2020000 		.4byte	.LASF17
 423 0099 01       		.byte	0x1
 424 009a 2E       		.byte	0x2e
 425 009b 00000000 		.4byte	.LFB36
 426 009f 0A010000 		.4byte	.LFE36-.LFB36
 427 00a3 01       		.uleb128 0x1
 428 00a4 9C       		.byte	0x9c
 429 00a5 C9010000 		.4byte	0x1c9
 430 00a9 06       		.uleb128 0x6
 431 00aa A9020000 		.4byte	.LASF14
 432 00ae 01       		.byte	0x1
 433 00af 2E       		.byte	0x2e
 434 00b0 25000000 		.4byte	0x25
 435 00b4 00000000 		.4byte	.LLST0
 436 00b8 06       		.uleb128 0x6
 437 00b9 AF020000 		.4byte	.LASF15
 438 00bd 01       		.byte	0x1
 439 00be 2E       		.byte	0x2e
 440 00bf 25000000 		.4byte	0x25
 441 00c3 23000000 		.4byte	.LLST1
 442 00c7 06       		.uleb128 0x6
 443 00c8 B5020000 		.4byte	.LASF16
 444 00cc 01       		.byte	0x1
 445 00cd 2E       		.byte	0x2e
 446 00ce 25000000 		.4byte	0x25
 447 00d2 51000000 		.4byte	.LLST2
 448 00d6 07       		.uleb128 0x7
 449 00d7 8F020000 		.4byte	.LASF20
 450 00db 01       		.byte	0x1
 451 00dc 2F       		.byte	0x2f
 452 00dd 64000000 		.4byte	0x64
 453 00e1 B5000000 		.4byte	.LLST3
 454 00e5 08       		.uleb128 0x8
 455 00e6 60000000 		.4byte	.LVL3
 456 00ea BF020000 		.4byte	0x2bf
 457 00ee 01010000 		.4byte	0x101
 458 00f2 09       		.uleb128 0x9
 459 00f3 01       		.uleb128 0x1
 460 00f4 50       		.byte	0x50
 461 00f5 03       		.uleb128 0x3
 462 00f6 F5       		.byte	0xf5
 463 00f7 04       		.uleb128 0x4
 464 00f8 25       		.uleb128 0x25
 465 00f9 09       		.uleb128 0x9
 466 00fa 01       		.uleb128 0x1
 467 00fb 51       		.byte	0x51
 468 00fc 03       		.uleb128 0x3
 469 00fd F5       		.byte	0xf5
 470 00fe 05       		.uleb128 0x5
 471 00ff 25       		.uleb128 0x25
 472 0100 00       		.byte	0
 473 0101 0A       		.uleb128 0xa
ARM GAS  C:\Users\JamesH\AppData\Local\Temp\ccWaj6YG.s 			page 11


 474 0102 66000000 		.4byte	.LVL5
 475 0106 CA020000 		.4byte	0x2ca
 476 010a 08       		.uleb128 0x8
 477 010b 7C000000 		.4byte	.LVL11
 478 010f D5020000 		.4byte	0x2d5
 479 0113 1E010000 		.4byte	0x11e
 480 0117 09       		.uleb128 0x9
 481 0118 01       		.uleb128 0x1
 482 0119 51       		.byte	0x51
 483 011a 02       		.uleb128 0x2
 484 011b 75       		.byte	0x75
 485 011c 00       		.sleb128 0
 486 011d 00       		.byte	0
 487 011e 08       		.uleb128 0x8
 488 011f 92000000 		.4byte	.LVL17
 489 0123 E0020000 		.4byte	0x2e0
 490 0127 32010000 		.4byte	0x132
 491 012b 09       		.uleb128 0x9
 492 012c 01       		.uleb128 0x1
 493 012d 51       		.byte	0x51
 494 012e 02       		.uleb128 0x2
 495 012f 75       		.byte	0x75
 496 0130 00       		.sleb128 0
 497 0131 00       		.byte	0
 498 0132 0A       		.uleb128 0xa
 499 0133 9E000000 		.4byte	.LVL21
 500 0137 EB020000 		.4byte	0x2eb
 501 013b 0A       		.uleb128 0xa
 502 013c AA000000 		.4byte	.LVL25
 503 0140 F6020000 		.4byte	0x2f6
 504 0144 0A       		.uleb128 0xa
 505 0145 B6000000 		.4byte	.LVL29
 506 0149 01030000 		.4byte	0x301
 507 014d 0A       		.uleb128 0xa
 508 014e BC000000 		.4byte	.LVL31
 509 0152 0C030000 		.4byte	0x30c
 510 0156 0A       		.uleb128 0xa
 511 0157 C8000000 		.4byte	.LVL35
 512 015b 17030000 		.4byte	0x317
 513 015f 0A       		.uleb128 0xa
 514 0160 D4000000 		.4byte	.LVL39
 515 0164 22030000 		.4byte	0x322
 516 0168 08       		.uleb128 0x8
 517 0169 DC000000 		.4byte	.LVL42
 518 016d 2D030000 		.4byte	0x32d
 519 0171 7D010000 		.4byte	0x17d
 520 0175 09       		.uleb128 0x9
 521 0176 01       		.uleb128 0x1
 522 0177 50       		.byte	0x50
 523 0178 03       		.uleb128 0x3
 524 0179 F5       		.byte	0xf5
 525 017a 04       		.uleb128 0x4
 526 017b 25       		.uleb128 0x25
 527 017c 00       		.byte	0
 528 017d 0A       		.uleb128 0xa
 529 017e E2000000 		.4byte	.LVL44
 530 0182 38030000 		.4byte	0x338
ARM GAS  C:\Users\JamesH\AppData\Local\Temp\ccWaj6YG.s 			page 12


 531 0186 08       		.uleb128 0x8
 532 0187 EA000000 		.4byte	.LVL47
 533 018b 43030000 		.4byte	0x343
 534 018f 9B010000 		.4byte	0x19b
 535 0193 09       		.uleb128 0x9
 536 0194 01       		.uleb128 0x1
 537 0195 50       		.byte	0x50
 538 0196 03       		.uleb128 0x3
 539 0197 F5       		.byte	0xf5
 540 0198 04       		.uleb128 0x4
 541 0199 25       		.uleb128 0x25
 542 019a 00       		.byte	0
 543 019b 0A       		.uleb128 0xa
 544 019c F0000000 		.4byte	.LVL49
 545 01a0 4E030000 		.4byte	0x34e
 546 01a4 0A       		.uleb128 0xa
 547 01a5 F6000000 		.4byte	.LVL51
 548 01a9 59030000 		.4byte	0x359
 549 01ad 0A       		.uleb128 0xa
 550 01ae FC000000 		.4byte	.LVL53
 551 01b2 64030000 		.4byte	0x364
 552 01b6 0A       		.uleb128 0xa
 553 01b7 02010000 		.4byte	.LVL55
 554 01bb 6F030000 		.4byte	0x36f
 555 01bf 0A       		.uleb128 0xa
 556 01c0 08010000 		.4byte	.LVL57
 557 01c4 7A030000 		.4byte	0x37a
 558 01c8 00       		.byte	0
 559 01c9 0B       		.uleb128 0xb
 560 01ca 95010000 		.4byte	.LASF18
 561 01ce 01       		.byte	0x1
 562 01cf 1A       		.byte	0x1a
 563 01d0 00000000 		.4byte	.LFB35
 564 01d4 4C000000 		.4byte	.LFE35-.LFB35
 565 01d8 01       		.uleb128 0x1
 566 01d9 9C       		.byte	0x9c
 567 01da BF020000 		.4byte	0x2bf
 568 01de 06       		.uleb128 0x6
 569 01df 5F020000 		.4byte	.LASF19
 570 01e3 01       		.byte	0x1
 571 01e4 1A       		.byte	0x1a
 572 01e5 8E000000 		.4byte	0x8e
 573 01e9 83010000 		.4byte	.LLST4
 574 01ed 0C       		.uleb128 0xc
 575 01ee E0020000 		.4byte	.LASF21
 576 01f2 01       		.byte	0x1
 577 01f3 1B       		.byte	0x1b
 578 01f4 8E000000 		.4byte	0x8e
 579 01f8 02       		.uleb128 0x2
 580 01f9 91       		.byte	0x91
 581 01fa 6C       		.sleb128 -20
 582 01fb 0D       		.uleb128 0xd
 583 01fc 6200     		.ascii	"b\000"
 584 01fe 01       		.byte	0x1
 585 01ff 1D       		.byte	0x1d
 586 0200 64000000 		.4byte	0x64
 587 0204 AF010000 		.4byte	.LLST5
ARM GAS  C:\Users\JamesH\AppData\Local\Temp\ccWaj6YG.s 			page 13


 588 0208 07       		.uleb128 0x7
 589 0209 A9020000 		.4byte	.LASF14
 590 020d 01       		.byte	0x1
 591 020e 24       		.byte	0x24
 592 020f 25000000 		.4byte	0x25
 593 0213 CF010000 		.4byte	.LLST6
 594 0217 07       		.uleb128 0x7
 595 0218 AF020000 		.4byte	.LASF15
 596 021c 01       		.byte	0x1
 597 021d 25       		.byte	0x25
 598 021e 25000000 		.4byte	0x25
 599 0222 ED010000 		.4byte	.LLST7
 600 0226 07       		.uleb128 0x7
 601 0227 B5020000 		.4byte	.LASF16
 602 022b 01       		.byte	0x1
 603 022c 26       		.byte	0x26
 604 022d 25000000 		.4byte	0x25
 605 0231 0B020000 		.4byte	.LLST8
 606 0235 0E       		.uleb128 0xe
 607 0236 0A000000 		.4byte	.LBB2
 608 023a 18000000 		.4byte	.LBE2-.LBB2
 609 023e 50020000 		.4byte	0x250
 610 0242 0D       		.uleb128 0xd
 611 0243 6900     		.ascii	"i\000"
 612 0245 01       		.byte	0x1
 613 0246 1E       		.byte	0x1e
 614 0247 64000000 		.4byte	0x64
 615 024b 29020000 		.4byte	.LLST9
 616 024f 00       		.byte	0
 617 0250 08       		.uleb128 0x8
 618 0251 0A000000 		.4byte	.LVL60
 619 0255 85030000 		.4byte	0x385
 620 0259 64020000 		.4byte	0x264
 621 025d 09       		.uleb128 0x9
 622 025e 01       		.uleb128 0x1
 623 025f 50       		.byte	0x50
 624 0260 02       		.uleb128 0x2
 625 0261 74       		.byte	0x74
 626 0262 00       		.sleb128 0
 627 0263 00       		.byte	0
 628 0264 08       		.uleb128 0x8
 629 0265 2A000000 		.4byte	.LVL64
 630 0269 90030000 		.4byte	0x390
 631 026d 7E020000 		.4byte	0x27e
 632 0271 09       		.uleb128 0x9
 633 0272 01       		.uleb128 0x1
 634 0273 50       		.byte	0x50
 635 0274 02       		.uleb128 0x2
 636 0275 74       		.byte	0x74
 637 0276 00       		.sleb128 0
 638 0277 09       		.uleb128 0x9
 639 0278 01       		.uleb128 0x1
 640 0279 51       		.byte	0x51
 641 027a 02       		.uleb128 0x2
 642 027b 91       		.byte	0x91
 643 027c 6C       		.sleb128 -20
 644 027d 00       		.byte	0
ARM GAS  C:\Users\JamesH\AppData\Local\Temp\ccWaj6YG.s 			page 14


 645 027e 08       		.uleb128 0x8
 646 027f 34000000 		.4byte	.LVL67
 647 0283 90030000 		.4byte	0x390
 648 0287 92020000 		.4byte	0x292
 649 028b 09       		.uleb128 0x9
 650 028c 01       		.uleb128 0x1
 651 028d 51       		.byte	0x51
 652 028e 02       		.uleb128 0x2
 653 028f 91       		.byte	0x91
 654 0290 6C       		.sleb128 -20
 655 0291 00       		.byte	0
 656 0292 08       		.uleb128 0x8
 657 0293 3E000000 		.4byte	.LVL70
 658 0297 90030000 		.4byte	0x390
 659 029b A6020000 		.4byte	0x2a6
 660 029f 09       		.uleb128 0x9
 661 02a0 01       		.uleb128 0x1
 662 02a1 51       		.byte	0x51
 663 02a2 02       		.uleb128 0x2
 664 02a3 91       		.byte	0x91
 665 02a4 6C       		.sleb128 -20
 666 02a5 00       		.byte	0
 667 02a6 0F       		.uleb128 0xf
 668 02a7 48000000 		.4byte	.LVL73
 669 02ab 94000000 		.4byte	0x94
 670 02af 09       		.uleb128 0x9
 671 02b0 01       		.uleb128 0x1
 672 02b1 50       		.byte	0x50
 673 02b2 03       		.uleb128 0x3
 674 02b3 F5       		.byte	0xf5
 675 02b4 04       		.uleb128 0x4
 676 02b5 25       		.uleb128 0x25
 677 02b6 09       		.uleb128 0x9
 678 02b7 01       		.uleb128 0x1
 679 02b8 51       		.byte	0x51
 680 02b9 03       		.uleb128 0x3
 681 02ba F5       		.byte	0xf5
 682 02bb 05       		.uleb128 0x5
 683 02bc 25       		.uleb128 0x25
 684 02bd 00       		.byte	0
 685 02be 00       		.byte	0
 686 02bf 10       		.uleb128 0x10
 687 02c0 99000000 		.4byte	.LASF22
 688 02c4 99000000 		.4byte	.LASF22
 689 02c8 02       		.byte	0x2
 690 02c9 17       		.byte	0x17
 691 02ca 10       		.uleb128 0x10
 692 02cb 0C010000 		.4byte	.LASF23
 693 02cf 0C010000 		.4byte	.LASF23
 694 02d3 02       		.byte	0x2
 695 02d4 10       		.byte	0x10
 696 02d5 10       		.uleb128 0x10
 697 02d6 C7020000 		.4byte	.LASF24
 698 02da C7020000 		.4byte	.LASF24
 699 02de 02       		.byte	0x2
 700 02df 11       		.byte	0x11
 701 02e0 10       		.uleb128 0x10
ARM GAS  C:\Users\JamesH\AppData\Local\Temp\ccWaj6YG.s 			page 15


 702 02e1 AA000000 		.4byte	.LASF25
 703 02e5 AA000000 		.4byte	.LASF25
 704 02e9 02       		.byte	0x2
 705 02ea 12       		.byte	0x12
 706 02eb 10       		.uleb128 0x10
 707 02ec ED000000 		.4byte	.LASF26
 708 02f0 ED000000 		.4byte	.LASF26
 709 02f4 02       		.byte	0x2
 710 02f5 13       		.byte	0x13
 711 02f6 10       		.uleb128 0x10
 712 02f7 0D000000 		.4byte	.LASF27
 713 02fb 0D000000 		.4byte	.LASF27
 714 02ff 02       		.byte	0x2
 715 0300 14       		.byte	0x14
 716 0301 10       		.uleb128 0x10
 717 0302 53010000 		.4byte	.LASF28
 718 0306 53010000 		.4byte	.LASF28
 719 030a 02       		.byte	0x2
 720 030b 15       		.byte	0x15
 721 030c 10       		.uleb128 0x10
 722 030d 3C010000 		.4byte	.LASF29
 723 0311 3C010000 		.4byte	.LASF29
 724 0315 02       		.byte	0x2
 725 0316 16       		.byte	0x16
 726 0317 10       		.uleb128 0x10
 727 0318 BF000000 		.4byte	.LASF30
 728 031c BF000000 		.4byte	.LASF30
 729 0320 03       		.byte	0x3
 730 0321 11       		.byte	0x11
 731 0322 10       		.uleb128 0x10
 732 0323 80020000 		.4byte	.LASF31
 733 0327 80020000 		.4byte	.LASF31
 734 032b 03       		.byte	0x3
 735 032c 12       		.byte	0x12
 736 032d 10       		.uleb128 0x10
 737 032e D6020000 		.4byte	.LASF32
 738 0332 D6020000 		.4byte	.LASF32
 739 0336 03       		.byte	0x3
 740 0337 13       		.byte	0x13
 741 0338 10       		.uleb128 0x10
 742 0339 65010000 		.4byte	.LASF33
 743 033d 65010000 		.4byte	.LASF33
 744 0341 04       		.byte	0x4
 745 0342 10       		.byte	0x10
 746 0343 10       		.uleb128 0x10
 747 0344 00000000 		.4byte	.LASF34
 748 0348 00000000 		.4byte	.LASF34
 749 034c 04       		.byte	0x4
 750 034d 11       		.byte	0x11
 751 034e 10       		.uleb128 0x10
 752 034f 62000000 		.4byte	.LASF35
 753 0353 62000000 		.4byte	.LASF35
 754 0357 05       		.byte	0x5
 755 0358 3F       		.byte	0x3f
 756 0359 10       		.uleb128 0x10
 757 035a CA000000 		.4byte	.LASF36
 758 035e CA000000 		.4byte	.LASF36
ARM GAS  C:\Users\JamesH\AppData\Local\Temp\ccWaj6YG.s 			page 16


 759 0362 05       		.byte	0x5
 760 0363 40       		.byte	0x40
 761 0364 10       		.uleb128 0x10
 762 0365 19010000 		.4byte	.LASF37
 763 0369 19010000 		.4byte	.LASF37
 764 036d 05       		.byte	0x5
 765 036e 41       		.byte	0x41
 766 036f 10       		.uleb128 0x10
 767 0370 41020000 		.4byte	.LASF38
 768 0374 41020000 		.4byte	.LASF38
 769 0378 05       		.byte	0x5
 770 0379 42       		.byte	0x42
 771 037a 10       		.uleb128 0x10
 772 037b 2E010000 		.4byte	.LASF39
 773 037f 2E010000 		.4byte	.LASF39
 774 0383 05       		.byte	0x5
 775 0384 49       		.byte	0x49
 776 0385 10       		.uleb128 0x10
 777 0386 77010000 		.4byte	.LASF40
 778 038a 77010000 		.4byte	.LASF40
 779 038e 06       		.byte	0x6
 780 038f 21       		.byte	0x21
 781 0390 10       		.uleb128 0x10
 782 0391 70010000 		.4byte	.LASF41
 783 0395 70010000 		.4byte	.LASF41
 784 0399 07       		.byte	0x7
 785 039a 9A       		.byte	0x9a
 786 039b 00       		.byte	0
 787              		.section	.debug_abbrev,"",%progbits
 788              	.Ldebug_abbrev0:
 789 0000 01       		.uleb128 0x1
 790 0001 11       		.uleb128 0x11
 791 0002 01       		.byte	0x1
 792 0003 25       		.uleb128 0x25
 793 0004 0E       		.uleb128 0xe
 794 0005 13       		.uleb128 0x13
 795 0006 0B       		.uleb128 0xb
 796 0007 03       		.uleb128 0x3
 797 0008 0E       		.uleb128 0xe
 798 0009 1B       		.uleb128 0x1b
 799 000a 0E       		.uleb128 0xe
 800 000b 55       		.uleb128 0x55
 801 000c 17       		.uleb128 0x17
 802 000d 11       		.uleb128 0x11
 803 000e 01       		.uleb128 0x1
 804 000f 10       		.uleb128 0x10
 805 0010 17       		.uleb128 0x17
 806 0011 00       		.byte	0
 807 0012 00       		.byte	0
 808 0013 02       		.uleb128 0x2
 809 0014 24       		.uleb128 0x24
 810 0015 00       		.byte	0
 811 0016 0B       		.uleb128 0xb
 812 0017 0B       		.uleb128 0xb
 813 0018 3E       		.uleb128 0x3e
 814 0019 0B       		.uleb128 0xb
 815 001a 03       		.uleb128 0x3
ARM GAS  C:\Users\JamesH\AppData\Local\Temp\ccWaj6YG.s 			page 17


 816 001b 0E       		.uleb128 0xe
 817 001c 00       		.byte	0
 818 001d 00       		.byte	0
 819 001e 03       		.uleb128 0x3
 820 001f 24       		.uleb128 0x24
 821 0020 00       		.byte	0
 822 0021 0B       		.uleb128 0xb
 823 0022 0B       		.uleb128 0xb
 824 0023 3E       		.uleb128 0x3e
 825 0024 0B       		.uleb128 0xb
 826 0025 03       		.uleb128 0x3
 827 0026 08       		.uleb128 0x8
 828 0027 00       		.byte	0
 829 0028 00       		.byte	0
 830 0029 04       		.uleb128 0x4
 831 002a 0F       		.uleb128 0xf
 832 002b 00       		.byte	0
 833 002c 0B       		.uleb128 0xb
 834 002d 0B       		.uleb128 0xb
 835 002e 49       		.uleb128 0x49
 836 002f 13       		.uleb128 0x13
 837 0030 00       		.byte	0
 838 0031 00       		.byte	0
 839 0032 05       		.uleb128 0x5
 840 0033 2E       		.uleb128 0x2e
 841 0034 01       		.byte	0x1
 842 0035 3F       		.uleb128 0x3f
 843 0036 19       		.uleb128 0x19
 844 0037 03       		.uleb128 0x3
 845 0038 0E       		.uleb128 0xe
 846 0039 3A       		.uleb128 0x3a
 847 003a 0B       		.uleb128 0xb
 848 003b 3B       		.uleb128 0x3b
 849 003c 0B       		.uleb128 0xb
 850 003d 27       		.uleb128 0x27
 851 003e 19       		.uleb128 0x19
 852 003f 11       		.uleb128 0x11
 853 0040 01       		.uleb128 0x1
 854 0041 12       		.uleb128 0x12
 855 0042 06       		.uleb128 0x6
 856 0043 40       		.uleb128 0x40
 857 0044 18       		.uleb128 0x18
 858 0045 9642     		.uleb128 0x2116
 859 0047 19       		.uleb128 0x19
 860 0048 01       		.uleb128 0x1
 861 0049 13       		.uleb128 0x13
 862 004a 00       		.byte	0
 863 004b 00       		.byte	0
 864 004c 06       		.uleb128 0x6
 865 004d 05       		.uleb128 0x5
 866 004e 00       		.byte	0
 867 004f 03       		.uleb128 0x3
 868 0050 0E       		.uleb128 0xe
 869 0051 3A       		.uleb128 0x3a
 870 0052 0B       		.uleb128 0xb
 871 0053 3B       		.uleb128 0x3b
 872 0054 0B       		.uleb128 0xb
ARM GAS  C:\Users\JamesH\AppData\Local\Temp\ccWaj6YG.s 			page 18


 873 0055 49       		.uleb128 0x49
 874 0056 13       		.uleb128 0x13
 875 0057 02       		.uleb128 0x2
 876 0058 17       		.uleb128 0x17
 877 0059 00       		.byte	0
 878 005a 00       		.byte	0
 879 005b 07       		.uleb128 0x7
 880 005c 34       		.uleb128 0x34
 881 005d 00       		.byte	0
 882 005e 03       		.uleb128 0x3
 883 005f 0E       		.uleb128 0xe
 884 0060 3A       		.uleb128 0x3a
 885 0061 0B       		.uleb128 0xb
 886 0062 3B       		.uleb128 0x3b
 887 0063 0B       		.uleb128 0xb
 888 0064 49       		.uleb128 0x49
 889 0065 13       		.uleb128 0x13
 890 0066 02       		.uleb128 0x2
 891 0067 17       		.uleb128 0x17
 892 0068 00       		.byte	0
 893 0069 00       		.byte	0
 894 006a 08       		.uleb128 0x8
 895 006b 898201   		.uleb128 0x4109
 896 006e 01       		.byte	0x1
 897 006f 11       		.uleb128 0x11
 898 0070 01       		.uleb128 0x1
 899 0071 31       		.uleb128 0x31
 900 0072 13       		.uleb128 0x13
 901 0073 01       		.uleb128 0x1
 902 0074 13       		.uleb128 0x13
 903 0075 00       		.byte	0
 904 0076 00       		.byte	0
 905 0077 09       		.uleb128 0x9
 906 0078 8A8201   		.uleb128 0x410a
 907 007b 00       		.byte	0
 908 007c 02       		.uleb128 0x2
 909 007d 18       		.uleb128 0x18
 910 007e 9142     		.uleb128 0x2111
 911 0080 18       		.uleb128 0x18
 912 0081 00       		.byte	0
 913 0082 00       		.byte	0
 914 0083 0A       		.uleb128 0xa
 915 0084 898201   		.uleb128 0x4109
 916 0087 00       		.byte	0
 917 0088 11       		.uleb128 0x11
 918 0089 01       		.uleb128 0x1
 919 008a 31       		.uleb128 0x31
 920 008b 13       		.uleb128 0x13
 921 008c 00       		.byte	0
 922 008d 00       		.byte	0
 923 008e 0B       		.uleb128 0xb
 924 008f 2E       		.uleb128 0x2e
 925 0090 01       		.byte	0x1
 926 0091 3F       		.uleb128 0x3f
 927 0092 19       		.uleb128 0x19
 928 0093 03       		.uleb128 0x3
 929 0094 0E       		.uleb128 0xe
ARM GAS  C:\Users\JamesH\AppData\Local\Temp\ccWaj6YG.s 			page 19


 930 0095 3A       		.uleb128 0x3a
 931 0096 0B       		.uleb128 0xb
 932 0097 3B       		.uleb128 0x3b
 933 0098 0B       		.uleb128 0xb
 934 0099 27       		.uleb128 0x27
 935 009a 19       		.uleb128 0x19
 936 009b 11       		.uleb128 0x11
 937 009c 01       		.uleb128 0x1
 938 009d 12       		.uleb128 0x12
 939 009e 06       		.uleb128 0x6
 940 009f 40       		.uleb128 0x40
 941 00a0 18       		.uleb128 0x18
 942 00a1 9742     		.uleb128 0x2117
 943 00a3 19       		.uleb128 0x19
 944 00a4 01       		.uleb128 0x1
 945 00a5 13       		.uleb128 0x13
 946 00a6 00       		.byte	0
 947 00a7 00       		.byte	0
 948 00a8 0C       		.uleb128 0xc
 949 00a9 34       		.uleb128 0x34
 950 00aa 00       		.byte	0
 951 00ab 03       		.uleb128 0x3
 952 00ac 0E       		.uleb128 0xe
 953 00ad 3A       		.uleb128 0x3a
 954 00ae 0B       		.uleb128 0xb
 955 00af 3B       		.uleb128 0x3b
 956 00b0 0B       		.uleb128 0xb
 957 00b1 49       		.uleb128 0x49
 958 00b2 13       		.uleb128 0x13
 959 00b3 02       		.uleb128 0x2
 960 00b4 18       		.uleb128 0x18
 961 00b5 00       		.byte	0
 962 00b6 00       		.byte	0
 963 00b7 0D       		.uleb128 0xd
 964 00b8 34       		.uleb128 0x34
 965 00b9 00       		.byte	0
 966 00ba 03       		.uleb128 0x3
 967 00bb 08       		.uleb128 0x8
 968 00bc 3A       		.uleb128 0x3a
 969 00bd 0B       		.uleb128 0xb
 970 00be 3B       		.uleb128 0x3b
 971 00bf 0B       		.uleb128 0xb
 972 00c0 49       		.uleb128 0x49
 973 00c1 13       		.uleb128 0x13
 974 00c2 02       		.uleb128 0x2
 975 00c3 17       		.uleb128 0x17
 976 00c4 00       		.byte	0
 977 00c5 00       		.byte	0
 978 00c6 0E       		.uleb128 0xe
 979 00c7 0B       		.uleb128 0xb
 980 00c8 01       		.byte	0x1
 981 00c9 11       		.uleb128 0x11
 982 00ca 01       		.uleb128 0x1
 983 00cb 12       		.uleb128 0x12
 984 00cc 06       		.uleb128 0x6
 985 00cd 01       		.uleb128 0x1
 986 00ce 13       		.uleb128 0x13
ARM GAS  C:\Users\JamesH\AppData\Local\Temp\ccWaj6YG.s 			page 20


 987 00cf 00       		.byte	0
 988 00d0 00       		.byte	0
 989 00d1 0F       		.uleb128 0xf
 990 00d2 898201   		.uleb128 0x4109
 991 00d5 01       		.byte	0x1
 992 00d6 11       		.uleb128 0x11
 993 00d7 01       		.uleb128 0x1
 994 00d8 31       		.uleb128 0x31
 995 00d9 13       		.uleb128 0x13
 996 00da 00       		.byte	0
 997 00db 00       		.byte	0
 998 00dc 10       		.uleb128 0x10
 999 00dd 2E       		.uleb128 0x2e
 1000 00de 00       		.byte	0
 1001 00df 3F       		.uleb128 0x3f
 1002 00e0 19       		.uleb128 0x19
 1003 00e1 3C       		.uleb128 0x3c
 1004 00e2 19       		.uleb128 0x19
 1005 00e3 6E       		.uleb128 0x6e
 1006 00e4 0E       		.uleb128 0xe
 1007 00e5 03       		.uleb128 0x3
 1008 00e6 0E       		.uleb128 0xe
 1009 00e7 3A       		.uleb128 0x3a
 1010 00e8 0B       		.uleb128 0xb
 1011 00e9 3B       		.uleb128 0x3b
 1012 00ea 0B       		.uleb128 0xb
 1013 00eb 00       		.byte	0
 1014 00ec 00       		.byte	0
 1015 00ed 00       		.byte	0
 1016              		.section	.debug_loc,"",%progbits
 1017              	.Ldebug_loc0:
 1018              	.LLST0:
 1019 0000 00000000 		.4byte	.LVL0
 1020 0004 09000000 		.4byte	.LVL1-1
 1021 0008 0100     		.2byte	0x1
 1022 000a 50       		.byte	0x50
 1023 000b 09000000 		.4byte	.LVL1-1
 1024 000f 0A010000 		.4byte	.LFE36
 1025 0013 0600     		.2byte	0x6
 1026 0015 F3       		.byte	0xf3
 1027 0016 03       		.uleb128 0x3
 1028 0017 F5       		.byte	0xf5
 1029 0018 00       		.uleb128 0
 1030 0019 25       		.uleb128 0x25
 1031 001a 9F       		.byte	0x9f
 1032 001b 00000000 		.4byte	0
 1033 001f 00000000 		.4byte	0
 1034              	.LLST1:
 1035 0023 00000000 		.4byte	.LVL0
 1036 0027 09000000 		.4byte	.LVL1-1
 1037 002b 0100     		.2byte	0x1
 1038 002d 51       		.byte	0x51
 1039 002e 09000000 		.4byte	.LVL1-1
 1040 0032 08010000 		.4byte	.LVL58
 1041 0036 0100     		.2byte	0x1
 1042 0038 54       		.byte	0x54
 1043 0039 08010000 		.4byte	.LVL58
ARM GAS  C:\Users\JamesH\AppData\Local\Temp\ccWaj6YG.s 			page 21


 1044 003d 0A010000 		.4byte	.LFE36
 1045 0041 0600     		.2byte	0x6
 1046 0043 F3       		.byte	0xf3
 1047 0044 03       		.uleb128 0x3
 1048 0045 F5       		.byte	0xf5
 1049 0046 01       		.uleb128 0x1
 1050 0047 25       		.uleb128 0x25
 1051 0048 9F       		.byte	0x9f
 1052 0049 00000000 		.4byte	0
 1053 004d 00000000 		.4byte	0
 1054              	.LLST2:
 1055 0051 00000000 		.4byte	.LVL0
 1056 0055 09000000 		.4byte	.LVL1-1
 1057 0059 0100     		.2byte	0x1
 1058 005b 52       		.byte	0x52
 1059 005c 09000000 		.4byte	.LVL1-1
 1060 0060 70000000 		.4byte	.LVL9
 1061 0064 0100     		.2byte	0x1
 1062 0066 55       		.byte	0x55
 1063 0067 70000000 		.4byte	.LVL9
 1064 006b 7E000000 		.4byte	.LVL12
 1065 006f 0600     		.2byte	0x6
 1066 0071 F3       		.byte	0xf3
 1067 0072 03       		.uleb128 0x3
 1068 0073 F5       		.byte	0xf5
 1069 0074 02       		.uleb128 0x2
 1070 0075 25       		.uleb128 0x25
 1071 0076 9F       		.byte	0x9f
 1072 0077 7E000000 		.4byte	.LVL12
 1073 007b 86000000 		.4byte	.LVL15
 1074 007f 0100     		.2byte	0x1
 1075 0081 55       		.byte	0x55
 1076 0082 86000000 		.4byte	.LVL15
 1077 0086 94000000 		.4byte	.LVL18
 1078 008a 0600     		.2byte	0x6
 1079 008c F3       		.byte	0xf3
 1080 008d 03       		.uleb128 0x3
 1081 008e F5       		.byte	0xf5
 1082 008f 02       		.uleb128 0x2
 1083 0090 25       		.uleb128 0x25
 1084 0091 9F       		.byte	0x9f
 1085 0092 94000000 		.4byte	.LVL18
 1086 0096 08010000 		.4byte	.LVL57
 1087 009a 0100     		.2byte	0x1
 1088 009c 55       		.byte	0x55
 1089 009d 08010000 		.4byte	.LVL57
 1090 00a1 0A010000 		.4byte	.LFE36
 1091 00a5 0600     		.2byte	0x6
 1092 00a7 F3       		.byte	0xf3
 1093 00a8 03       		.uleb128 0x3
 1094 00a9 F5       		.byte	0xf5
 1095 00aa 02       		.uleb128 0x2
 1096 00ab 25       		.uleb128 0x25
 1097 00ac 9F       		.byte	0x9f
 1098 00ad 00000000 		.4byte	0
 1099 00b1 00000000 		.4byte	0
 1100              	.LLST3:
ARM GAS  C:\Users\JamesH\AppData\Local\Temp\ccWaj6YG.s 			page 22


 1101 00b5 0A000000 		.4byte	.LVL1
 1102 00b9 5C000000 		.4byte	.LVL2
 1103 00bd 0100     		.2byte	0x1
 1104 00bf 50       		.byte	0x50
 1105 00c0 62000000 		.4byte	.LVL4
 1106 00c4 65000000 		.4byte	.LVL5-1
 1107 00c8 0100     		.2byte	0x1
 1108 00ca 50       		.byte	0x50
 1109 00cb 68000000 		.4byte	.LVL6
 1110 00cf 6A000000 		.4byte	.LVL7
 1111 00d3 0100     		.2byte	0x1
 1112 00d5 50       		.byte	0x50
 1113 00d6 7E000000 		.4byte	.LVL12
 1114 00da 80000000 		.4byte	.LVL13
 1115 00de 0100     		.2byte	0x1
 1116 00e0 50       		.byte	0x50
 1117 00e1 94000000 		.4byte	.LVL18
 1118 00e5 96000000 		.4byte	.LVL19
 1119 00e9 0100     		.2byte	0x1
 1120 00eb 50       		.byte	0x50
 1121 00ec A0000000 		.4byte	.LVL22
 1122 00f0 A2000000 		.4byte	.LVL23
 1123 00f4 0100     		.2byte	0x1
 1124 00f6 50       		.byte	0x50
 1125 00f7 AC000000 		.4byte	.LVL26
 1126 00fb AE000000 		.4byte	.LVL27
 1127 00ff 0100     		.2byte	0x1
 1128 0101 50       		.byte	0x50
 1129 0102 B8000000 		.4byte	.LVL30
 1130 0106 BB000000 		.4byte	.LVL31-1
 1131 010a 0100     		.2byte	0x1
 1132 010c 50       		.byte	0x50
 1133 010d BE000000 		.4byte	.LVL32
 1134 0111 C0000000 		.4byte	.LVL33
 1135 0115 0100     		.2byte	0x1
 1136 0117 50       		.byte	0x50
 1137 0118 CA000000 		.4byte	.LVL36
 1138 011c CC000000 		.4byte	.LVL37
 1139 0120 0100     		.2byte	0x1
 1140 0122 50       		.byte	0x50
 1141 0123 D6000000 		.4byte	.LVL40
 1142 0127 D8000000 		.4byte	.LVL41
 1143 012b 0100     		.2byte	0x1
 1144 012d 50       		.byte	0x50
 1145 012e DE000000 		.4byte	.LVL43
 1146 0132 E1000000 		.4byte	.LVL44-1
 1147 0136 0100     		.2byte	0x1
 1148 0138 50       		.byte	0x50
 1149 0139 E4000000 		.4byte	.LVL45
 1150 013d E6000000 		.4byte	.LVL46
 1151 0141 0100     		.2byte	0x1
 1152 0143 50       		.byte	0x50
 1153 0144 EC000000 		.4byte	.LVL48
 1154 0148 EF000000 		.4byte	.LVL49-1
 1155 014c 0100     		.2byte	0x1
 1156 014e 50       		.byte	0x50
 1157 014f F2000000 		.4byte	.LVL50
ARM GAS  C:\Users\JamesH\AppData\Local\Temp\ccWaj6YG.s 			page 23


 1158 0153 F5000000 		.4byte	.LVL51-1
 1159 0157 0100     		.2byte	0x1
 1160 0159 50       		.byte	0x50
 1161 015a F8000000 		.4byte	.LVL52
 1162 015e FB000000 		.4byte	.LVL53-1
 1163 0162 0100     		.2byte	0x1
 1164 0164 50       		.byte	0x50
 1165 0165 FE000000 		.4byte	.LVL54
 1166 0169 01010000 		.4byte	.LVL55-1
 1167 016d 0100     		.2byte	0x1
 1168 016f 50       		.byte	0x50
 1169 0170 04010000 		.4byte	.LVL56
 1170 0174 07010000 		.4byte	.LVL57-1
 1171 0178 0100     		.2byte	0x1
 1172 017a 50       		.byte	0x50
 1173 017b 00000000 		.4byte	0
 1174 017f 00000000 		.4byte	0
 1175              	.LLST4:
 1176 0183 00000000 		.4byte	.LVL59
 1177 0187 09000000 		.4byte	.LVL60-1
 1178 018b 0100     		.2byte	0x1
 1179 018d 50       		.byte	0x50
 1180 018e 09000000 		.4byte	.LVL60-1
 1181 0192 2C000000 		.4byte	.LVL65
 1182 0196 0100     		.2byte	0x1
 1183 0198 54       		.byte	0x54
 1184 0199 2C000000 		.4byte	.LVL65
 1185 019d 4C000000 		.4byte	.LFE35
 1186 01a1 0400     		.2byte	0x4
 1187 01a3 F3       		.byte	0xf3
 1188 01a4 01       		.uleb128 0x1
 1189 01a5 50       		.byte	0x50
 1190 01a6 9F       		.byte	0x9f
 1191 01a7 00000000 		.4byte	0
 1192 01ab 00000000 		.4byte	0
 1193              	.LLST5:
 1194 01af 0A000000 		.4byte	.LVL60
 1195 01b3 26000000 		.4byte	.LVL63
 1196 01b7 0100     		.2byte	0x1
 1197 01b9 50       		.byte	0x50
 1198 01ba 26000000 		.4byte	.LVL63
 1199 01be 29000000 		.4byte	.LVL64-1
 1200 01c2 0300     		.2byte	0x3
 1201 01c4 72       		.byte	0x72
 1202 01c5 01       		.sleb128 1
 1203 01c6 9F       		.byte	0x9f
 1204 01c7 00000000 		.4byte	0
 1205 01cb 00000000 		.4byte	0
 1206              	.LLST6:
 1207 01cf 2C000000 		.4byte	.LVL65
 1208 01d3 30000000 		.4byte	.LVL66
 1209 01d7 0100     		.2byte	0x1
 1210 01d9 50       		.byte	0x50
 1211 01da 30000000 		.4byte	.LVL66
 1212 01de 4A000000 		.4byte	.LVL74
 1213 01e2 0100     		.2byte	0x1
 1214 01e4 54       		.byte	0x54
ARM GAS  C:\Users\JamesH\AppData\Local\Temp\ccWaj6YG.s 			page 24


 1215 01e5 00000000 		.4byte	0
 1216 01e9 00000000 		.4byte	0
 1217              	.LLST7:
 1218 01ed 36000000 		.4byte	.LVL68
 1219 01f1 3A000000 		.4byte	.LVL69
 1220 01f5 0100     		.2byte	0x1
 1221 01f7 50       		.byte	0x50
 1222 01f8 3A000000 		.4byte	.LVL69
 1223 01fc 4A000000 		.4byte	.LVL75
 1224 0200 0100     		.2byte	0x1
 1225 0202 55       		.byte	0x55
 1226 0203 00000000 		.4byte	0
 1227 0207 00000000 		.4byte	0
 1228              	.LLST8:
 1229 020b 40000000 		.4byte	.LVL71
 1230 020f 44000000 		.4byte	.LVL72
 1231 0213 0100     		.2byte	0x1
 1232 0215 50       		.byte	0x50
 1233 0216 44000000 		.4byte	.LVL72
 1234 021a 47000000 		.4byte	.LVL73-1
 1235 021e 0100     		.2byte	0x1
 1236 0220 52       		.byte	0x52
 1237 0221 00000000 		.4byte	0
 1238 0225 00000000 		.4byte	0
 1239              	.LLST9:
 1240 0229 0A000000 		.4byte	.LVL60
 1241 022d 0E000000 		.4byte	.LVL61
 1242 0231 0200     		.2byte	0x2
 1243 0233 30       		.byte	0x30
 1244 0234 9F       		.byte	0x9f
 1245 0235 0E000000 		.4byte	.LVL61
 1246 0239 29000000 		.4byte	.LVL64-1
 1247 023d 0100     		.2byte	0x1
 1248 023f 53       		.byte	0x53
 1249 0240 00000000 		.4byte	0
 1250 0244 00000000 		.4byte	0
 1251              		.section	.debug_aranges,"",%progbits
 1252 0000 24000000 		.4byte	0x24
 1253 0004 0200     		.2byte	0x2
 1254 0006 00000000 		.4byte	.Ldebug_info0
 1255 000a 04       		.byte	0x4
 1256 000b 00       		.byte	0
 1257 000c 0000     		.2byte	0
 1258 000e 0000     		.2byte	0
 1259 0010 00000000 		.4byte	.LFB36
 1260 0014 0A010000 		.4byte	.LFE36-.LFB36
 1261 0018 00000000 		.4byte	.LFB35
 1262 001c 4C000000 		.4byte	.LFE35-.LFB35
 1263 0020 00000000 		.4byte	0
 1264 0024 00000000 		.4byte	0
 1265              		.section	.debug_ranges,"",%progbits
 1266              	.Ldebug_ranges0:
 1267 0000 00000000 		.4byte	.LFB36
 1268 0004 0A010000 		.4byte	.LFE36
 1269 0008 00000000 		.4byte	.LFB35
 1270 000c 4C000000 		.4byte	.LFE35
 1271 0010 00000000 		.4byte	0
ARM GAS  C:\Users\JamesH\AppData\Local\Temp\ccWaj6YG.s 			page 25


 1272 0014 00000000 		.4byte	0
 1273              		.section	.debug_line,"",%progbits
 1274              	.Ldebug_line0:
 1275 0000 20010000 		.section	.debug_str,"MS",%progbits,1
 1275      0200CE00 
 1275      00000201 
 1275      FB0E0D00 
 1275      01010101 
 1276              	.LASF34:
 1277 0000 53473930 		.ascii	"SG90_ToAngle\000"
 1277      5F546F41 
 1277      6E676C65 
 1277      00
 1278              	.LASF27:
 1279 000d 54423930 		.ascii	"TB9051_VehForward\000"
 1279      35315F56 
 1279      6568466F 
 1279      72776172 
 1279      6400
 1280              	.LASF44:
 1281 001f 433A5C55 		.ascii	"C:\\Users\\JamesH\\Desktop\\ECE4191-Team-13-PSoC\\D"
 1281      73657273 
 1281      5C4A616D 
 1281      6573485C 
 1281      4465736B 
 1282 004d 65736967 		.ascii	"esignAttempt01.cydsn\000"
 1282      6E417474 
 1282      656D7074 
 1282      30312E63 
 1282      7964736E 
 1283              	.LASF35:
 1284 0062 4C495333 		.ascii	"LIS3MDL_Begin\000"
 1284      4D444C5F 
 1284      42656769 
 1284      6E00
 1285              	.LASF5:
 1286 0070 6C6F6E67 		.ascii	"long int\000"
 1286      20696E74 
 1286      00
 1287              	.LASF4:
 1288 0079 73686F72 		.ascii	"short unsigned int\000"
 1288      7420756E 
 1288      7369676E 
 1288      65642069 
 1288      6E7400
 1289              	.LASF9:
 1290 008c 756E7369 		.ascii	"unsigned int\000"
 1290      676E6564 
 1290      20696E74 
 1290      00
 1291              	.LASF22:
 1292 0099 54423930 		.ascii	"TB9051_VehMoveTo\000"
 1292      35315F56 
 1292      65684D6F 
 1292      7665546F 
 1292      00
 1293              	.LASF25:
ARM GAS  C:\Users\JamesH\AppData\Local\Temp\ccWaj6YG.s 			page 26


 1294 00aa 54423930 		.ascii	"TB9051_Reverse\000"
 1294      35315F52 
 1294      65766572 
 1294      736500
 1295              	.LASF0:
 1296 00b9 666C6F61 		.ascii	"float\000"
 1296      7400
 1297              	.LASF30:
 1298 00bf 6F6E6553 		.ascii	"oneStepCCW\000"
 1298      74657043 
 1298      435700
 1299              	.LASF36:
 1300 00ca 4C495333 		.ascii	"LIS3MDL_MasterStatus\000"
 1300      4D444C5F 
 1300      4D617374 
 1300      65725374 
 1300      61747573 
 1301              	.LASF2:
 1302 00df 756E7369 		.ascii	"unsigned char\000"
 1302      676E6564 
 1302      20636861 
 1302      7200
 1303              	.LASF26:
 1304 00ed 54423930 		.ascii	"TB9051_Brake\000"
 1304      35315F42 
 1304      72616B65 
 1304      00
 1305              	.LASF6:
 1306 00fa 6C6F6E67 		.ascii	"long unsigned int\000"
 1306      20756E73 
 1306      69676E65 
 1306      6420696E 
 1306      7400
 1307              	.LASF23:
 1308 010c 54423930 		.ascii	"TB9051_Begin\000"
 1308      35315F42 
 1308      6567696E 
 1308      00
 1309              	.LASF37:
 1310 0119 4C495333 		.ascii	"LIS3MDL_TransferByte\000"
 1310      4D444C5F 
 1310      5472616E 
 1310      73666572 
 1310      42797465 
 1311              	.LASF39:
 1312 012e 4C534D36 		.ascii	"LSM6DS3_Begin\000"
 1312      4453335F 
 1312      42656769 
 1312      6E00
 1313              	.LASF29:
 1314 013c 54423930 		.ascii	"TB9051_VehBrake\000"
 1314      35315F56 
 1314      65684272 
 1314      616B6500 
 1315              	.LASF10:
 1316 014c 646F7562 		.ascii	"double\000"
 1316      6C6500
ARM GAS  C:\Users\JamesH\AppData\Local\Temp\ccWaj6YG.s 			page 27


 1317              	.LASF28:
 1318 0153 54423930 		.ascii	"TB9051_VehReverse\000"
 1318      35315F56 
 1318      65685265 
 1318      76657273 
 1318      6500
 1319              	.LASF33:
 1320 0165 53473930 		.ascii	"SG90_Begin\000"
 1320      5F426567 
 1320      696E00
 1321              	.LASF41:
 1322 0170 73747274 		.ascii	"strtof\000"
 1322      6F6600
 1323              	.LASF40:
 1324 0177 7374726C 		.ascii	"strlen\000"
 1324      656E00
 1325              	.LASF8:
 1326 017e 6C6F6E67 		.ascii	"long long unsigned int\000"
 1326      206C6F6E 
 1326      6720756E 
 1326      7369676E 
 1326      65642069 
 1327              	.LASF18:
 1328 0195 52756E46 		.ascii	"RunFn\000"
 1328      6E00
 1329              	.LASF42:
 1330 019b 474E5520 		.ascii	"GNU C11 5.4.1 20160609 (release) [ARM/embedded-5-br"
 1330      43313120 
 1330      352E342E 
 1330      31203230 
 1330      31363036 
 1331 01ce 616E6368 		.ascii	"anch revision 237715] -mcpu=cortex-m0 -mthumb -g -O"
 1331      20726576 
 1331      6973696F 
 1331      6E203233 
 1331      37373135 
 1332 0201 67202D66 		.ascii	"g -ffunction-sections -ffat-lto-objects\000"
 1332      66756E63 
 1332      74696F6E 
 1332      2D736563 
 1332      74696F6E 
 1333              	.LASF12:
 1334 0229 6C6F6E67 		.ascii	"long double\000"
 1334      20646F75 
 1334      626C6500 
 1335              	.LASF43:
 1336 0235 666E5265 		.ascii	"fnReceive.c\000"
 1336      63656976 
 1336      652E6300 
 1337              	.LASF38:
 1338 0241 4C495333 		.ascii	"LIS3MDL_TransferMultipleBytes\000"
 1338      4D444C5F 
 1338      5472616E 
 1338      73666572 
 1338      4D756C74 
 1339              	.LASF19:
 1340 025f 636F6D53 		.ascii	"comString\000"
ARM GAS  C:\Users\JamesH\AppData\Local\Temp\ccWaj6YG.s 			page 28


 1340      7472696E 
 1340      6700
 1341              	.LASF7:
 1342 0269 6C6F6E67 		.ascii	"long long int\000"
 1342      206C6F6E 
 1342      6720696E 
 1342      7400
 1343              	.LASF13:
 1344 0277 73697A65 		.ascii	"sizetype\000"
 1344      74797065 
 1344      00
 1345              	.LASF31:
 1346 0280 6F6E6553 		.ascii	"oneStepCW\000"
 1346      74657043 
 1346      5700
 1347              	.LASF11:
 1348 028a 63686172 		.ascii	"char\000"
 1348      00
 1349              	.LASF20:
 1350 028f 70617261 		.ascii	"paraInt1\000"
 1350      496E7431 
 1350      00
 1351              	.LASF3:
 1352 0298 73686F72 		.ascii	"short int\000"
 1352      7420696E 
 1352      7400
 1353              	.LASF17:
 1354 02a2 666E4361 		.ascii	"fnCall\000"
 1354      6C6C00
 1355              	.LASF14:
 1356 02a9 70617261 		.ascii	"para1\000"
 1356      3100
 1357              	.LASF15:
 1358 02af 70617261 		.ascii	"para2\000"
 1358      3200
 1359              	.LASF16:
 1360 02b5 70617261 		.ascii	"para3\000"
 1360      3300
 1361              	.LASF1:
 1362 02bb 7369676E 		.ascii	"signed char\000"
 1362      65642063 
 1362      68617200 
 1363              	.LASF24:
 1364 02c7 54423930 		.ascii	"TB9051_Forward\000"
 1364      35315F46 
 1364      6F727761 
 1364      726400
 1365              	.LASF32:
 1366 02d6 6D6F7665 		.ascii	"moveAngle\000"
 1366      416E676C 
 1366      6500
 1367              	.LASF21:
 1368 02e0 70456E64 		.ascii	"pEnd\000"
 1368      00
 1369              		.ident	"GCC: (GNU Tools for ARM Embedded Processors) 5.4.1 20160609 (release) [ARM/embedded-5-bran
