ARM GAS  C:\Users\JamesH\AppData\Local\Temp\ccWdwAzD.s 			page 1


   1              		.syntax unified
   2              		.cpu cortex-m0
   3              		.fpu softvfp
   4              		.eabi_attribute 20, 1
   5              		.eabi_attribute 21, 1
   6              		.eabi_attribute 23, 3
   7              		.eabi_attribute 24, 1
   8              		.eabi_attribute 25, 1
   9              		.eabi_attribute 26, 1
  10              		.eabi_attribute 30, 1
  11              		.eabi_attribute 34, 0
  12              		.eabi_attribute 18, 4
  13              		.thumb
  14              		.syntax unified
  15              		.file	"QuadPWM.c"
  16              		.text
  17              	.Ltext0:
  18              		.cfi_sections	.debug_frame
  19              		.section	.text.QuadPWM_Init,"ax",%progbits
  20              		.align	2
  21              		.global	QuadPWM_Init
  22              		.code	16
  23              		.thumb_func
  24              		.type	QuadPWM_Init, %function
  25              	QuadPWM_Init:
  26              	.LFB0:
  27              		.file 1 "Generated_Source\\PSoC4\\QuadPWM.c"
   1:Generated_Source\PSoC4/QuadPWM.c **** /* ========================================
   2:Generated_Source\PSoC4/QuadPWM.c ****  *
   3:Generated_Source\PSoC4/QuadPWM.c ****  * Copyright YOUR COMPANY, THE YEAR
   4:Generated_Source\PSoC4/QuadPWM.c ****  * All Rights Reserved
   5:Generated_Source\PSoC4/QuadPWM.c ****  * UNPUBLISHED, LICENSED SOFTWARE.
   6:Generated_Source\PSoC4/QuadPWM.c ****  *
   7:Generated_Source\PSoC4/QuadPWM.c ****  * CONFIDENTIAL AND PROPRIETARY INFORMATION
   8:Generated_Source\PSoC4/QuadPWM.c ****  * WHICH IS THE PROPERTY OF your company.
   9:Generated_Source\PSoC4/QuadPWM.c ****  *
  10:Generated_Source\PSoC4/QuadPWM.c ****  * ========================================
  11:Generated_Source\PSoC4/QuadPWM.c **** */
  12:Generated_Source\PSoC4/QuadPWM.c **** 
  13:Generated_Source\PSoC4/QuadPWM.c **** #include "QuadPWM.h"
  14:Generated_Source\PSoC4/QuadPWM.c **** 
  15:Generated_Source\PSoC4/QuadPWM.c **** /*******************************************************************************
  16:Generated_Source\PSoC4/QuadPWM.c **** * Function Name: QuadPWM_Init
  17:Generated_Source\PSoC4/QuadPWM.c **** ********************************************************************************
  18:Generated_Source\PSoC4/QuadPWM.c **** *
  19:Generated_Source\PSoC4/QuadPWM.c **** * Summary:
  20:Generated_Source\PSoC4/QuadPWM.c **** *  Initialize the PWM based on the duty cycles provided in the customizer.
  21:Generated_Source\PSoC4/QuadPWM.c **** *
  22:Generated_Source\PSoC4/QuadPWM.c **** * Parameters:
  23:Generated_Source\PSoC4/QuadPWM.c **** *  None.
  24:Generated_Source\PSoC4/QuadPWM.c **** *                   
  25:Generated_Source\PSoC4/QuadPWM.c **** * Return:
  26:Generated_Source\PSoC4/QuadPWM.c **** *  None.
  27:Generated_Source\PSoC4/QuadPWM.c **** *
  28:Generated_Source\PSoC4/QuadPWM.c **** *
  29:Generated_Source\PSoC4/QuadPWM.c **** *******************************************************************************/
  30:Generated_Source\PSoC4/QuadPWM.c **** void QuadPWM_Init(void)
ARM GAS  C:\Users\JamesH\AppData\Local\Temp\ccWdwAzD.s 			page 2


  31:Generated_Source\PSoC4/QuadPWM.c **** {
  28              		.loc 1 31 0
  29              		.cfi_startproc
  30              		@ args = 0, pretend = 0, frame = 0
  31              		@ frame_needed = 0, uses_anonymous_args = 0
  32              		@ link register save eliminated.
  32:Generated_Source\PSoC4/QuadPWM.c ****     /* Initialize the datapath */
  33:Generated_Source\PSoC4/QuadPWM.c ****     QuadPWM_DP_AUX_CTL = QuadPWM_DP_INIT;
  33              		.loc 1 33 0
  34 0000 0322     		movs	r2, #3
  35 0002 074B     		ldr	r3, .L2
  36 0004 1A70     		strb	r2, [r3]
  34:Generated_Source\PSoC4/QuadPWM.c ****     
  35:Generated_Source\PSoC4/QuadPWM.c ****     /* Set the duty cycles */
  36:Generated_Source\PSoC4/QuadPWM.c ****     QuadPWM_REG_D0 = QuadPWM_MAX_DUTY_CYCLE - QuadPWM_DUTYE_CYCLE_1;
  37              		.loc 1 36 0
  38 0006 0022     		movs	r2, #0
  39 0008 064B     		ldr	r3, .L2+4
  40 000a 1A70     		strb	r2, [r3]
  37:Generated_Source\PSoC4/QuadPWM.c ****     QuadPWM_REG_D1 = QuadPWM_MAX_DUTY_CYCLE - QuadPWM_DUTYE_CYCLE_2;
  41              		.loc 1 37 0
  42 000c 7F32     		adds	r2, r2, #127
  43 000e 064B     		ldr	r3, .L2+8
  44 0010 1A70     		strb	r2, [r3]
  38:Generated_Source\PSoC4/QuadPWM.c ****     QuadPWM_REG_F0 = QuadPWM_MAX_DUTY_CYCLE - QuadPWM_DUTYE_CYCLE_3;
  45              		.loc 1 38 0
  46 0012 4032     		adds	r2, r2, #64
  47 0014 054B     		ldr	r3, .L2+12
  48 0016 1A70     		strb	r2, [r3]
  39:Generated_Source\PSoC4/QuadPWM.c ****     QuadPWM_REG_F1 = QuadPWM_MAX_DUTY_CYCLE - QuadPWM_DUTYE_CYCLE_4;
  49              		.loc 1 39 0
  50 0018 4032     		adds	r2, r2, #64
  51 001a 054B     		ldr	r3, .L2+16
  52 001c 1A70     		strb	r2, [r3]
  40:Generated_Source\PSoC4/QuadPWM.c **** }
  53              		.loc 1 40 0
  54              		@ sp needed
  55 001e 7047     		bx	lr
  56              	.L3:
  57              		.align	2
  58              	.L2:
  59 0020 93000F40 		.word	1074725011
  60 0024 23000F40 		.word	1074724899
  61 0028 33000F40 		.word	1074724915
  62 002c 43000F40 		.word	1074724931
  63 0030 53000F40 		.word	1074724947
  64              		.cfi_endproc
  65              	.LFE0:
  66              		.size	QuadPWM_Init, .-QuadPWM_Init
  67              		.section	.text.QuadPWM_SetDutyCycle,"ax",%progbits
  68              		.align	2
  69              		.global	QuadPWM_SetDutyCycle
  70              		.code	16
  71              		.thumb_func
  72              		.type	QuadPWM_SetDutyCycle, %function
  73              	QuadPWM_SetDutyCycle:
  74              	.LFB1:
ARM GAS  C:\Users\JamesH\AppData\Local\Temp\ccWdwAzD.s 			page 3


  41:Generated_Source\PSoC4/QuadPWM.c **** 
  42:Generated_Source\PSoC4/QuadPWM.c **** /*******************************************************************************
  43:Generated_Source\PSoC4/QuadPWM.c **** * Function Name: QuadPWM_SetDutyCycle
  44:Generated_Source\PSoC4/QuadPWM.c **** ********************************************************************************
  45:Generated_Source\PSoC4/QuadPWM.c **** *
  46:Generated_Source\PSoC4/QuadPWM.c **** * Summary:
  47:Generated_Source\PSoC4/QuadPWM.c **** *  Set the duty cycle for the given PWM output.
  48:Generated_Source\PSoC4/QuadPWM.c **** *
  49:Generated_Source\PSoC4/QuadPWM.c **** * Parameters:
  50:Generated_Source\PSoC4/QuadPWM.c **** *  pwm:       PWM output to be set (from 1 to 4)
  51:Generated_Source\PSoC4/QuadPWM.c **** *  dutyCycle: new duty cycle value (from 0 to 255)
  52:Generated_Source\PSoC4/QuadPWM.c **** *                   
  53:Generated_Source\PSoC4/QuadPWM.c **** * Return:
  54:Generated_Source\PSoC4/QuadPWM.c **** *  None.
  55:Generated_Source\PSoC4/QuadPWM.c **** *
  56:Generated_Source\PSoC4/QuadPWM.c **** *
  57:Generated_Source\PSoC4/QuadPWM.c **** *******************************************************************************/
  58:Generated_Source\PSoC4/QuadPWM.c **** void QuadPWM_SetDutyCycle(uint32 pwm, uint32 dutyCycle)
  59:Generated_Source\PSoC4/QuadPWM.c **** {
  75              		.loc 1 59 0
  76              		.cfi_startproc
  77              		@ args = 0, pretend = 0, frame = 0
  78              		@ frame_needed = 0, uses_anonymous_args = 0
  79              		@ link register save eliminated.
  80              	.LVL0:
  60:Generated_Source\PSoC4/QuadPWM.c ****     switch (pwm)
  81              		.loc 1 60 0
  82 0000 0228     		cmp	r0, #2
  83 0002 0DD0     		beq	.L6
  84 0004 02D8     		bhi	.L7
  85 0006 0128     		cmp	r0, #1
  86 0008 05D0     		beq	.L8
  87 000a 17E0     		b	.L4
  88              	.L7:
  89 000c 0328     		cmp	r0, #3
  90 000e 0CD0     		beq	.L9
  91 0010 0428     		cmp	r0, #4
  92 0012 0FD0     		beq	.L10
  93 0014 12E0     		b	.L4
  94              	.L8:
  61:Generated_Source\PSoC4/QuadPWM.c ****     {
  62:Generated_Source\PSoC4/QuadPWM.c ****         case QuadPWM_PWM_1:
  63:Generated_Source\PSoC4/QuadPWM.c ****             QuadPWM_REG_D0 = QuadPWM_MAX_DUTY_CYCLE - (uint8) dutyCycle;
  95              		.loc 1 63 0
  96 0016 C943     		mvns	r1, r1
  97              	.LVL1:
  98 0018 C9B2     		uxtb	r1, r1
  99              	.LVL2:
 100 001a 094B     		ldr	r3, .L11
 101 001c 1970     		strb	r1, [r3]
  64:Generated_Source\PSoC4/QuadPWM.c ****             break;
 102              		.loc 1 64 0
 103 001e 0DE0     		b	.L4
 104              	.LVL3:
 105              	.L6:
  65:Generated_Source\PSoC4/QuadPWM.c ****         case QuadPWM_PWM_2:
  66:Generated_Source\PSoC4/QuadPWM.c ****             QuadPWM_REG_D1 = QuadPWM_MAX_DUTY_CYCLE - (uint8) dutyCycle;
ARM GAS  C:\Users\JamesH\AppData\Local\Temp\ccWdwAzD.s 			page 4


 106              		.loc 1 66 0
 107 0020 C943     		mvns	r1, r1
 108              	.LVL4:
 109 0022 C9B2     		uxtb	r1, r1
 110              	.LVL5:
 111 0024 074B     		ldr	r3, .L11+4
 112 0026 1970     		strb	r1, [r3]
  67:Generated_Source\PSoC4/QuadPWM.c ****             break;
 113              		.loc 1 67 0
 114 0028 08E0     		b	.L4
 115              	.LVL6:
 116              	.L9:
  68:Generated_Source\PSoC4/QuadPWM.c ****         case QuadPWM_PWM_3:
  69:Generated_Source\PSoC4/QuadPWM.c ****             QuadPWM_REG_F0 = QuadPWM_MAX_DUTY_CYCLE - (uint8) dutyCycle;
 117              		.loc 1 69 0
 118 002a C943     		mvns	r1, r1
 119              	.LVL7:
 120 002c C9B2     		uxtb	r1, r1
 121              	.LVL8:
 122 002e 064B     		ldr	r3, .L11+8
 123 0030 1970     		strb	r1, [r3]
  70:Generated_Source\PSoC4/QuadPWM.c ****             break;
 124              		.loc 1 70 0
 125 0032 03E0     		b	.L4
 126              	.LVL9:
 127              	.L10:
  71:Generated_Source\PSoC4/QuadPWM.c ****         case QuadPWM_PWM_4:
  72:Generated_Source\PSoC4/QuadPWM.c ****             QuadPWM_REG_F1 = QuadPWM_MAX_DUTY_CYCLE - (uint8) dutyCycle;
 128              		.loc 1 72 0
 129 0034 C943     		mvns	r1, r1
 130              	.LVL10:
 131 0036 C9B2     		uxtb	r1, r1
 132              	.LVL11:
 133 0038 044B     		ldr	r3, .L11+12
 134 003a 1970     		strb	r1, [r3]
 135              	.L4:
  73:Generated_Source\PSoC4/QuadPWM.c ****             break;
  74:Generated_Source\PSoC4/QuadPWM.c ****         default:
  75:Generated_Source\PSoC4/QuadPWM.c ****             break;
  76:Generated_Source\PSoC4/QuadPWM.c ****     }
  77:Generated_Source\PSoC4/QuadPWM.c **** }
 136              		.loc 1 77 0
 137              		@ sp needed
 138 003c 7047     		bx	lr
 139              	.L12:
 140 003e C046     		.align	2
 141              	.L11:
 142 0040 23000F40 		.word	1074724899
 143 0044 33000F40 		.word	1074724915
 144 0048 43000F40 		.word	1074724931
 145 004c 53000F40 		.word	1074724947
 146              		.cfi_endproc
 147              	.LFE1:
 148              		.size	QuadPWM_SetDutyCycle, .-QuadPWM_SetDutyCycle
 149              		.text
 150              	.Letext0:
 151              		.file 2 "Generated_Source\\PSoC4/cytypes.h"
ARM GAS  C:\Users\JamesH\AppData\Local\Temp\ccWdwAzD.s 			page 5


 152              		.section	.debug_info,"",%progbits
 153              	.Ldebug_info0:
 154 0000 E5000000 		.4byte	0xe5
 155 0004 0400     		.2byte	0x4
 156 0006 00000000 		.4byte	.Ldebug_abbrev0
 157 000a 04       		.byte	0x4
 158 000b 01       		.uleb128 0x1
 159 000c F6000000 		.4byte	.LASF16
 160 0010 0C       		.byte	0xc
 161 0011 00000000 		.4byte	.LASF17
 162 0015 21000000 		.4byte	.LASF18
 163 0019 00000000 		.4byte	.Ldebug_ranges0+0
 164 001d 00000000 		.4byte	0
 165 0021 00000000 		.4byte	.Ldebug_line0
 166 0025 02       		.uleb128 0x2
 167 0026 01       		.byte	0x1
 168 0027 06       		.byte	0x6
 169 0028 BA010000 		.4byte	.LASF0
 170 002c 02       		.uleb128 0x2
 171 002d 01       		.byte	0x1
 172 002e 08       		.byte	0x8
 173 002f 77000000 		.4byte	.LASF1
 174 0033 02       		.uleb128 0x2
 175 0034 02       		.byte	0x2
 176 0035 05       		.byte	0x5
 177 0036 A1010000 		.4byte	.LASF2
 178 003a 02       		.uleb128 0x2
 179 003b 02       		.byte	0x2
 180 003c 07       		.byte	0x7
 181 003d 9C000000 		.4byte	.LASF3
 182 0041 02       		.uleb128 0x2
 183 0042 04       		.byte	0x4
 184 0043 05       		.byte	0x5
 185 0044 B1010000 		.4byte	.LASF4
 186 0048 02       		.uleb128 0x2
 187 0049 04       		.byte	0x4
 188 004a 07       		.byte	0x7
 189 004b 8A000000 		.4byte	.LASF5
 190 004f 02       		.uleb128 0x2
 191 0050 08       		.byte	0x8
 192 0051 05       		.byte	0x5
 193 0052 84010000 		.4byte	.LASF6
 194 0056 02       		.uleb128 0x2
 195 0057 08       		.byte	0x8
 196 0058 07       		.byte	0x7
 197 0059 DF000000 		.4byte	.LASF7
 198 005d 03       		.uleb128 0x3
 199 005e 04       		.byte	0x4
 200 005f 05       		.byte	0x5
 201 0060 696E7400 		.ascii	"int\000"
 202 0064 02       		.uleb128 0x2
 203 0065 04       		.byte	0x4
 204 0066 07       		.byte	0x7
 205 0067 D2000000 		.4byte	.LASF8
 206 006b 04       		.uleb128 0x4
 207 006c AB010000 		.4byte	.LASF9
 208 0070 02       		.byte	0x2
ARM GAS  C:\Users\JamesH\AppData\Local\Temp\ccWdwAzD.s 			page 6


 209 0071 FB01     		.2byte	0x1fb
 210 0073 2C000000 		.4byte	0x2c
 211 0077 04       		.uleb128 0x4
 212 0078 CB000000 		.4byte	.LASF10
 213 007c 02       		.byte	0x2
 214 007d FD01     		.2byte	0x1fd
 215 007f 48000000 		.4byte	0x48
 216 0083 02       		.uleb128 0x2
 217 0084 04       		.byte	0x4
 218 0085 04       		.byte	0x4
 219 0086 71000000 		.4byte	.LASF11
 220 008a 02       		.uleb128 0x2
 221 008b 08       		.byte	0x8
 222 008c 04       		.byte	0x4
 223 008d C4000000 		.4byte	.LASF12
 224 0091 02       		.uleb128 0x2
 225 0092 01       		.byte	0x1
 226 0093 08       		.byte	0x8
 227 0094 92010000 		.4byte	.LASF13
 228 0098 04       		.uleb128 0x4
 229 0099 85000000 		.4byte	.LASF14
 230 009d 02       		.byte	0x2
 231 009e A502     		.2byte	0x2a5
 232 00a0 A4000000 		.4byte	0xa4
 233 00a4 05       		.uleb128 0x5
 234 00a5 6B000000 		.4byte	0x6b
 235 00a9 06       		.uleb128 0x6
 236 00aa 64000000 		.4byte	.LASF19
 237 00ae 01       		.byte	0x1
 238 00af 1E       		.byte	0x1e
 239 00b0 00000000 		.4byte	.LFB0
 240 00b4 34000000 		.4byte	.LFE0-.LFB0
 241 00b8 01       		.uleb128 0x1
 242 00b9 9C       		.byte	0x9c
 243 00ba 07       		.uleb128 0x7
 244 00bb AF000000 		.4byte	.LASF20
 245 00bf 01       		.byte	0x1
 246 00c0 3A       		.byte	0x3a
 247 00c1 00000000 		.4byte	.LFB1
 248 00c5 50000000 		.4byte	.LFE1-.LFB1
 249 00c9 01       		.uleb128 0x1
 250 00ca 9C       		.byte	0x9c
 251 00cb 08       		.uleb128 0x8
 252 00cc 70776D00 		.ascii	"pwm\000"
 253 00d0 01       		.byte	0x1
 254 00d1 3A       		.byte	0x3a
 255 00d2 77000000 		.4byte	0x77
 256 00d6 01       		.uleb128 0x1
 257 00d7 50       		.byte	0x50
 258 00d8 09       		.uleb128 0x9
 259 00d9 97010000 		.4byte	.LASF15
 260 00dd 01       		.byte	0x1
 261 00de 3A       		.byte	0x3a
 262 00df 77000000 		.4byte	0x77
 263 00e3 00000000 		.4byte	.LLST0
 264 00e7 00       		.byte	0
 265 00e8 00       		.byte	0
ARM GAS  C:\Users\JamesH\AppData\Local\Temp\ccWdwAzD.s 			page 7


 266              		.section	.debug_abbrev,"",%progbits
 267              	.Ldebug_abbrev0:
 268 0000 01       		.uleb128 0x1
 269 0001 11       		.uleb128 0x11
 270 0002 01       		.byte	0x1
 271 0003 25       		.uleb128 0x25
 272 0004 0E       		.uleb128 0xe
 273 0005 13       		.uleb128 0x13
 274 0006 0B       		.uleb128 0xb
 275 0007 03       		.uleb128 0x3
 276 0008 0E       		.uleb128 0xe
 277 0009 1B       		.uleb128 0x1b
 278 000a 0E       		.uleb128 0xe
 279 000b 55       		.uleb128 0x55
 280 000c 17       		.uleb128 0x17
 281 000d 11       		.uleb128 0x11
 282 000e 01       		.uleb128 0x1
 283 000f 10       		.uleb128 0x10
 284 0010 17       		.uleb128 0x17
 285 0011 00       		.byte	0
 286 0012 00       		.byte	0
 287 0013 02       		.uleb128 0x2
 288 0014 24       		.uleb128 0x24
 289 0015 00       		.byte	0
 290 0016 0B       		.uleb128 0xb
 291 0017 0B       		.uleb128 0xb
 292 0018 3E       		.uleb128 0x3e
 293 0019 0B       		.uleb128 0xb
 294 001a 03       		.uleb128 0x3
 295 001b 0E       		.uleb128 0xe
 296 001c 00       		.byte	0
 297 001d 00       		.byte	0
 298 001e 03       		.uleb128 0x3
 299 001f 24       		.uleb128 0x24
 300 0020 00       		.byte	0
 301 0021 0B       		.uleb128 0xb
 302 0022 0B       		.uleb128 0xb
 303 0023 3E       		.uleb128 0x3e
 304 0024 0B       		.uleb128 0xb
 305 0025 03       		.uleb128 0x3
 306 0026 08       		.uleb128 0x8
 307 0027 00       		.byte	0
 308 0028 00       		.byte	0
 309 0029 04       		.uleb128 0x4
 310 002a 16       		.uleb128 0x16
 311 002b 00       		.byte	0
 312 002c 03       		.uleb128 0x3
 313 002d 0E       		.uleb128 0xe
 314 002e 3A       		.uleb128 0x3a
 315 002f 0B       		.uleb128 0xb
 316 0030 3B       		.uleb128 0x3b
 317 0031 05       		.uleb128 0x5
 318 0032 49       		.uleb128 0x49
 319 0033 13       		.uleb128 0x13
 320 0034 00       		.byte	0
 321 0035 00       		.byte	0
 322 0036 05       		.uleb128 0x5
ARM GAS  C:\Users\JamesH\AppData\Local\Temp\ccWdwAzD.s 			page 8


 323 0037 35       		.uleb128 0x35
 324 0038 00       		.byte	0
 325 0039 49       		.uleb128 0x49
 326 003a 13       		.uleb128 0x13
 327 003b 00       		.byte	0
 328 003c 00       		.byte	0
 329 003d 06       		.uleb128 0x6
 330 003e 2E       		.uleb128 0x2e
 331 003f 00       		.byte	0
 332 0040 3F       		.uleb128 0x3f
 333 0041 19       		.uleb128 0x19
 334 0042 03       		.uleb128 0x3
 335 0043 0E       		.uleb128 0xe
 336 0044 3A       		.uleb128 0x3a
 337 0045 0B       		.uleb128 0xb
 338 0046 3B       		.uleb128 0x3b
 339 0047 0B       		.uleb128 0xb
 340 0048 27       		.uleb128 0x27
 341 0049 19       		.uleb128 0x19
 342 004a 11       		.uleb128 0x11
 343 004b 01       		.uleb128 0x1
 344 004c 12       		.uleb128 0x12
 345 004d 06       		.uleb128 0x6
 346 004e 40       		.uleb128 0x40
 347 004f 18       		.uleb128 0x18
 348 0050 9742     		.uleb128 0x2117
 349 0052 19       		.uleb128 0x19
 350 0053 00       		.byte	0
 351 0054 00       		.byte	0
 352 0055 07       		.uleb128 0x7
 353 0056 2E       		.uleb128 0x2e
 354 0057 01       		.byte	0x1
 355 0058 3F       		.uleb128 0x3f
 356 0059 19       		.uleb128 0x19
 357 005a 03       		.uleb128 0x3
 358 005b 0E       		.uleb128 0xe
 359 005c 3A       		.uleb128 0x3a
 360 005d 0B       		.uleb128 0xb
 361 005e 3B       		.uleb128 0x3b
 362 005f 0B       		.uleb128 0xb
 363 0060 27       		.uleb128 0x27
 364 0061 19       		.uleb128 0x19
 365 0062 11       		.uleb128 0x11
 366 0063 01       		.uleb128 0x1
 367 0064 12       		.uleb128 0x12
 368 0065 06       		.uleb128 0x6
 369 0066 40       		.uleb128 0x40
 370 0067 18       		.uleb128 0x18
 371 0068 9742     		.uleb128 0x2117
 372 006a 19       		.uleb128 0x19
 373 006b 00       		.byte	0
 374 006c 00       		.byte	0
 375 006d 08       		.uleb128 0x8
 376 006e 05       		.uleb128 0x5
 377 006f 00       		.byte	0
 378 0070 03       		.uleb128 0x3
 379 0071 08       		.uleb128 0x8
ARM GAS  C:\Users\JamesH\AppData\Local\Temp\ccWdwAzD.s 			page 9


 380 0072 3A       		.uleb128 0x3a
 381 0073 0B       		.uleb128 0xb
 382 0074 3B       		.uleb128 0x3b
 383 0075 0B       		.uleb128 0xb
 384 0076 49       		.uleb128 0x49
 385 0077 13       		.uleb128 0x13
 386 0078 02       		.uleb128 0x2
 387 0079 18       		.uleb128 0x18
 388 007a 00       		.byte	0
 389 007b 00       		.byte	0
 390 007c 09       		.uleb128 0x9
 391 007d 05       		.uleb128 0x5
 392 007e 00       		.byte	0
 393 007f 03       		.uleb128 0x3
 394 0080 0E       		.uleb128 0xe
 395 0081 3A       		.uleb128 0x3a
 396 0082 0B       		.uleb128 0xb
 397 0083 3B       		.uleb128 0x3b
 398 0084 0B       		.uleb128 0xb
 399 0085 49       		.uleb128 0x49
 400 0086 13       		.uleb128 0x13
 401 0087 02       		.uleb128 0x2
 402 0088 17       		.uleb128 0x17
 403 0089 00       		.byte	0
 404 008a 00       		.byte	0
 405 008b 00       		.byte	0
 406              		.section	.debug_loc,"",%progbits
 407              	.Ldebug_loc0:
 408              	.LLST0:
 409 0000 00000000 		.4byte	.LVL0
 410 0004 18000000 		.4byte	.LVL1
 411 0008 0100     		.2byte	0x1
 412 000a 51       		.byte	0x51
 413 000b 18000000 		.4byte	.LVL1
 414 000f 1A000000 		.4byte	.LVL2
 415 0013 0400     		.2byte	0x4
 416 0015 71       		.byte	0x71
 417 0016 00       		.sleb128 0
 418 0017 20       		.byte	0x20
 419 0018 9F       		.byte	0x9f
 420 0019 1A000000 		.4byte	.LVL2
 421 001d 20000000 		.4byte	.LVL3
 422 0021 0400     		.2byte	0x4
 423 0023 F3       		.byte	0xf3
 424 0024 01       		.uleb128 0x1
 425 0025 51       		.byte	0x51
 426 0026 9F       		.byte	0x9f
 427 0027 20000000 		.4byte	.LVL3
 428 002b 22000000 		.4byte	.LVL4
 429 002f 0100     		.2byte	0x1
 430 0031 51       		.byte	0x51
 431 0032 22000000 		.4byte	.LVL4
 432 0036 24000000 		.4byte	.LVL5
 433 003a 0400     		.2byte	0x4
 434 003c 71       		.byte	0x71
 435 003d 00       		.sleb128 0
 436 003e 20       		.byte	0x20
ARM GAS  C:\Users\JamesH\AppData\Local\Temp\ccWdwAzD.s 			page 10


 437 003f 9F       		.byte	0x9f
 438 0040 24000000 		.4byte	.LVL5
 439 0044 2A000000 		.4byte	.LVL6
 440 0048 0400     		.2byte	0x4
 441 004a F3       		.byte	0xf3
 442 004b 01       		.uleb128 0x1
 443 004c 51       		.byte	0x51
 444 004d 9F       		.byte	0x9f
 445 004e 2A000000 		.4byte	.LVL6
 446 0052 2C000000 		.4byte	.LVL7
 447 0056 0100     		.2byte	0x1
 448 0058 51       		.byte	0x51
 449 0059 2C000000 		.4byte	.LVL7
 450 005d 2E000000 		.4byte	.LVL8
 451 0061 0400     		.2byte	0x4
 452 0063 71       		.byte	0x71
 453 0064 00       		.sleb128 0
 454 0065 20       		.byte	0x20
 455 0066 9F       		.byte	0x9f
 456 0067 2E000000 		.4byte	.LVL8
 457 006b 34000000 		.4byte	.LVL9
 458 006f 0400     		.2byte	0x4
 459 0071 F3       		.byte	0xf3
 460 0072 01       		.uleb128 0x1
 461 0073 51       		.byte	0x51
 462 0074 9F       		.byte	0x9f
 463 0075 34000000 		.4byte	.LVL9
 464 0079 36000000 		.4byte	.LVL10
 465 007d 0100     		.2byte	0x1
 466 007f 51       		.byte	0x51
 467 0080 36000000 		.4byte	.LVL10
 468 0084 38000000 		.4byte	.LVL11
 469 0088 0400     		.2byte	0x4
 470 008a 71       		.byte	0x71
 471 008b 00       		.sleb128 0
 472 008c 20       		.byte	0x20
 473 008d 9F       		.byte	0x9f
 474 008e 38000000 		.4byte	.LVL11
 475 0092 50000000 		.4byte	.LFE1
 476 0096 0400     		.2byte	0x4
 477 0098 F3       		.byte	0xf3
 478 0099 01       		.uleb128 0x1
 479 009a 51       		.byte	0x51
 480 009b 9F       		.byte	0x9f
 481 009c 00000000 		.4byte	0
 482 00a0 00000000 		.4byte	0
 483              		.section	.debug_aranges,"",%progbits
 484 0000 24000000 		.4byte	0x24
 485 0004 0200     		.2byte	0x2
 486 0006 00000000 		.4byte	.Ldebug_info0
 487 000a 04       		.byte	0x4
 488 000b 00       		.byte	0
 489 000c 0000     		.2byte	0
 490 000e 0000     		.2byte	0
 491 0010 00000000 		.4byte	.LFB0
 492 0014 34000000 		.4byte	.LFE0-.LFB0
 493 0018 00000000 		.4byte	.LFB1
ARM GAS  C:\Users\JamesH\AppData\Local\Temp\ccWdwAzD.s 			page 11


 494 001c 50000000 		.4byte	.LFE1-.LFB1
 495 0020 00000000 		.4byte	0
 496 0024 00000000 		.4byte	0
 497              		.section	.debug_ranges,"",%progbits
 498              	.Ldebug_ranges0:
 499 0000 00000000 		.4byte	.LFB0
 500 0004 34000000 		.4byte	.LFE0
 501 0008 00000000 		.4byte	.LFB1
 502 000c 50000000 		.4byte	.LFE1
 503 0010 00000000 		.4byte	0
 504 0014 00000000 		.4byte	0
 505              		.section	.debug_line,"",%progbits
 506              	.Ldebug_line0:
 507 0000 77000000 		.section	.debug_str,"MS",%progbits,1
 507      02004400 
 507      00000201 
 507      FB0E0D00 
 507      01010101 
 508              	.LASF17:
 509 0000 47656E65 		.ascii	"Generated_Source\\PSoC4\\QuadPWM.c\000"
 509      72617465 
 509      645F536F 
 509      75726365 
 509      5C50536F 
 510              	.LASF18:
 511 0021 433A5C55 		.ascii	"C:\\Users\\JamesH\\Desktop\\ECE4191-Team-13-PSoC\\D"
 511      73657273 
 511      5C4A616D 
 511      6573485C 
 511      4465736B 
 512 004f 65736967 		.ascii	"esignAttempt01.cydsn\000"
 512      6E417474 
 512      656D7074 
 512      30312E63 
 512      7964736E 
 513              	.LASF19:
 514 0064 51756164 		.ascii	"QuadPWM_Init\000"
 514      50574D5F 
 514      496E6974 
 514      00
 515              	.LASF11:
 516 0071 666C6F61 		.ascii	"float\000"
 516      7400
 517              	.LASF1:
 518 0077 756E7369 		.ascii	"unsigned char\000"
 518      676E6564 
 518      20636861 
 518      7200
 519              	.LASF14:
 520 0085 72656738 		.ascii	"reg8\000"
 520      00
 521              	.LASF5:
 522 008a 6C6F6E67 		.ascii	"long unsigned int\000"
 522      20756E73 
 522      69676E65 
 522      6420696E 
 522      7400
ARM GAS  C:\Users\JamesH\AppData\Local\Temp\ccWdwAzD.s 			page 12


 523              	.LASF3:
 524 009c 73686F72 		.ascii	"short unsigned int\000"
 524      7420756E 
 524      7369676E 
 524      65642069 
 524      6E7400
 525              	.LASF20:
 526 00af 51756164 		.ascii	"QuadPWM_SetDutyCycle\000"
 526      50574D5F 
 526      53657444 
 526      75747943 
 526      79636C65 
 527              	.LASF12:
 528 00c4 646F7562 		.ascii	"double\000"
 528      6C6500
 529              	.LASF10:
 530 00cb 75696E74 		.ascii	"uint32\000"
 530      333200
 531              	.LASF8:
 532 00d2 756E7369 		.ascii	"unsigned int\000"
 532      676E6564 
 532      20696E74 
 532      00
 533              	.LASF7:
 534 00df 6C6F6E67 		.ascii	"long long unsigned int\000"
 534      206C6F6E 
 534      6720756E 
 534      7369676E 
 534      65642069 
 535              	.LASF16:
 536 00f6 474E5520 		.ascii	"GNU C11 5.4.1 20160609 (release) [ARM/embedded-5-br"
 536      43313120 
 536      352E342E 
 536      31203230 
 536      31363036 
 537 0129 616E6368 		.ascii	"anch revision 237715] -mcpu=cortex-m0 -mthumb -g -O"
 537      20726576 
 537      6973696F 
 537      6E203233 
 537      37373135 
 538 015c 67202D66 		.ascii	"g -ffunction-sections -ffat-lto-objects\000"
 538      66756E63 
 538      74696F6E 
 538      2D736563 
 538      74696F6E 
 539              	.LASF6:
 540 0184 6C6F6E67 		.ascii	"long long int\000"
 540      206C6F6E 
 540      6720696E 
 540      7400
 541              	.LASF13:
 542 0192 63686172 		.ascii	"char\000"
 542      00
 543              	.LASF15:
 544 0197 64757479 		.ascii	"dutyCycle\000"
 544      4379636C 
 544      6500
ARM GAS  C:\Users\JamesH\AppData\Local\Temp\ccWdwAzD.s 			page 13


 545              	.LASF2:
 546 01a1 73686F72 		.ascii	"short int\000"
 546      7420696E 
 546      7400
 547              	.LASF9:
 548 01ab 75696E74 		.ascii	"uint8\000"
 548      3800
 549              	.LASF4:
 550 01b1 6C6F6E67 		.ascii	"long int\000"
 550      20696E74 
 550      00
 551              	.LASF0:
 552 01ba 7369676E 		.ascii	"signed char\000"
 552      65642063 
 552      68617200 
 553              		.ident	"GCC: (GNU Tools for ARM Embedded Processors) 5.4.1 20160609 (release) [ARM/embedded-5-bran
