ARM GAS  C:\Users\JamesH\AppData\Local\Temp\ccEWPkcB.s 			page 1


   1              		.syntax unified
   2              		.cpu cortex-m0
   3              		.fpu softvfp
   4              		.eabi_attribute 20, 1
   5              		.eabi_attribute 21, 1
   6              		.eabi_attribute 23, 3
   7              		.eabi_attribute 24, 1
   8              		.eabi_attribute 25, 1
   9              		.eabi_attribute 26, 1
  10              		.eabi_attribute 30, 1
  11              		.eabi_attribute 34, 0
  12              		.eabi_attribute 18, 4
  13              		.thumb
  14              		.syntax unified
  15              		.file	"SBT0811.c"
  16              		.text
  17              	.Ltext0:
  18              		.cfi_sections	.debug_frame
  19              		.section	.text.oneStepCCW,"ax",%progbits
  20              		.align	2
  21              		.global	oneStepCCW
  22              		.code	16
  23              		.thumb_func
  24              		.type	oneStepCCW, %function
  25              	oneStepCCW:
  26              	.LFB35:
  27              		.file 1 "SBT0811.c"
   1:SBT0811.c     **** /* ========================================
   2:SBT0811.c     ****  *
   3:SBT0811.c     ****  * Copyright YOUR COMPANY, THE YEAR
   4:SBT0811.c     ****  * All Rights Reserved
   5:SBT0811.c     ****  * UNPUBLISHED, LICENSED SOFTWARE.
   6:SBT0811.c     ****  *
   7:SBT0811.c     ****  * CONFIDENTIAL AND PROPRIETARY INFORMATION
   8:SBT0811.c     ****  * WHICH IS THE PROPERTY OF your company.
   9:SBT0811.c     ****  *
  10:SBT0811.c     ****  * ========================================
  11:SBT0811.c     **** */
  12:SBT0811.c     **** #include "SBT0811.h"
  13:SBT0811.c     **** #include "stdio.h"
  14:SBT0811.c     **** #include <stdlib.h>
  15:SBT0811.c     **** #include "project.h"
  16:SBT0811.c     **** #include <math.h>
  17:SBT0811.c     **** 
  18:SBT0811.c     **** 
  19:SBT0811.c     **** void oneStepCCW(int speed) // One step in the counterclockwise direction, multiplex motor inputs.
  20:SBT0811.c     **** {
  28              		.loc 1 20 0
  29              		.cfi_startproc
  30              		@ args = 0, pretend = 0, frame = 0
  31              		@ frame_needed = 0, uses_anonymous_args = 0
  32              	.LVL0:
  33 0000 10B5     		push	{r4, lr}
  34              		.cfi_def_cfa_offset 8
  35              		.cfi_offset 4, -8
  36              		.cfi_offset 14, -4
  37 0002 0400     		movs	r4, r0
ARM GAS  C:\Users\JamesH\AppData\Local\Temp\ccEWPkcB.s 			page 2


  21:SBT0811.c     ****     StepperDriver_Write(0b1000); // TO-DO: Move this to interrupt based so that it isn't blocking.
  38              		.loc 1 21 0
  39 0004 0820     		movs	r0, #8
  40              	.LVL1:
  41 0006 FFF7FEFF 		bl	StepperDriver_Write
  42              	.LVL2:
  22:SBT0811.c     ****     CyDelay(speed);             
  43              		.loc 1 22 0
  44 000a 2000     		movs	r0, r4
  45 000c FFF7FEFF 		bl	CyDelay
  46              	.LVL3:
  23:SBT0811.c     ****     StepperDriver_Write(0b1100);
  47              		.loc 1 23 0
  48 0010 0C20     		movs	r0, #12
  49 0012 FFF7FEFF 		bl	StepperDriver_Write
  50              	.LVL4:
  24:SBT0811.c     ****     CyDelay(speed);
  51              		.loc 1 24 0
  52 0016 2000     		movs	r0, r4
  53 0018 FFF7FEFF 		bl	CyDelay
  54              	.LVL5:
  25:SBT0811.c     ****     StepperDriver_Write(0b0100);
  55              		.loc 1 25 0
  56 001c 0420     		movs	r0, #4
  57 001e FFF7FEFF 		bl	StepperDriver_Write
  58              	.LVL6:
  26:SBT0811.c     ****     CyDelay(speed);
  59              		.loc 1 26 0
  60 0022 2000     		movs	r0, r4
  61 0024 FFF7FEFF 		bl	CyDelay
  62              	.LVL7:
  27:SBT0811.c     ****     StepperDriver_Write(0b0110);
  63              		.loc 1 27 0
  64 0028 0620     		movs	r0, #6
  65 002a FFF7FEFF 		bl	StepperDriver_Write
  66              	.LVL8:
  28:SBT0811.c     ****     CyDelay(speed);
  67              		.loc 1 28 0
  68 002e 2000     		movs	r0, r4
  69 0030 FFF7FEFF 		bl	CyDelay
  70              	.LVL9:
  29:SBT0811.c     ****     StepperDriver_Write(0b0010);
  71              		.loc 1 29 0
  72 0034 0220     		movs	r0, #2
  73 0036 FFF7FEFF 		bl	StepperDriver_Write
  74              	.LVL10:
  30:SBT0811.c     ****     CyDelay(speed);
  75              		.loc 1 30 0
  76 003a 2000     		movs	r0, r4
  77 003c FFF7FEFF 		bl	CyDelay
  78              	.LVL11:
  31:SBT0811.c     ****     StepperDriver_Write(0b0011);
  79              		.loc 1 31 0
  80 0040 0320     		movs	r0, #3
  81 0042 FFF7FEFF 		bl	StepperDriver_Write
  82              	.LVL12:
  32:SBT0811.c     ****     CyDelay(speed);
ARM GAS  C:\Users\JamesH\AppData\Local\Temp\ccEWPkcB.s 			page 3


  83              		.loc 1 32 0
  84 0046 2000     		movs	r0, r4
  85 0048 FFF7FEFF 		bl	CyDelay
  86              	.LVL13:
  33:SBT0811.c     ****     StepperDriver_Write(0b0001);
  87              		.loc 1 33 0
  88 004c 0120     		movs	r0, #1
  89 004e FFF7FEFF 		bl	StepperDriver_Write
  90              	.LVL14:
  34:SBT0811.c     ****     CyDelay(speed);
  91              		.loc 1 34 0
  92 0052 2000     		movs	r0, r4
  93 0054 FFF7FEFF 		bl	CyDelay
  94              	.LVL15:
  35:SBT0811.c     ****     StepperDriver_Write(0b1001);
  95              		.loc 1 35 0
  96 0058 0920     		movs	r0, #9
  97 005a FFF7FEFF 		bl	StepperDriver_Write
  98              	.LVL16:
  36:SBT0811.c     ****     CyDelay(speed);
  99              		.loc 1 36 0
 100 005e 2000     		movs	r0, r4
 101 0060 FFF7FEFF 		bl	CyDelay
 102              	.LVL17:
  37:SBT0811.c     **** }
 103              		.loc 1 37 0
 104              		@ sp needed
 105              	.LVL18:
 106 0064 10BD     		pop	{r4, pc}
 107              		.cfi_endproc
 108              	.LFE35:
 109              		.size	oneStepCCW, .-oneStepCCW
 110 0066 C046     		.section	.text.oneStepCW,"ax",%progbits
 111              		.align	2
 112              		.global	oneStepCW
 113              		.code	16
 114              		.thumb_func
 115              		.type	oneStepCW, %function
 116              	oneStepCW:
 117              	.LFB36:
  38:SBT0811.c     **** 
  39:SBT0811.c     **** void oneStepCW(int speed) // One step in the clockwise direction
  40:SBT0811.c     **** {
 118              		.loc 1 40 0
 119              		.cfi_startproc
 120              		@ args = 0, pretend = 0, frame = 0
 121              		@ frame_needed = 0, uses_anonymous_args = 0
 122              	.LVL19:
 123 0000 10B5     		push	{r4, lr}
 124              		.cfi_def_cfa_offset 8
 125              		.cfi_offset 4, -8
 126              		.cfi_offset 14, -4
 127 0002 0400     		movs	r4, r0
  41:SBT0811.c     ****     StepperDriver_Write(0b1001); // TO-DO: Move this to interrupt based so that it isn't blocking.
 128              		.loc 1 41 0
 129 0004 0920     		movs	r0, #9
 130              	.LVL20:
ARM GAS  C:\Users\JamesH\AppData\Local\Temp\ccEWPkcB.s 			page 4


 131 0006 FFF7FEFF 		bl	StepperDriver_Write
 132              	.LVL21:
  42:SBT0811.c     ****     CyDelay(speed);
 133              		.loc 1 42 0
 134 000a 2000     		movs	r0, r4
 135 000c FFF7FEFF 		bl	CyDelay
 136              	.LVL22:
  43:SBT0811.c     ****     StepperDriver_Write(0b0001);
 137              		.loc 1 43 0
 138 0010 0120     		movs	r0, #1
 139 0012 FFF7FEFF 		bl	StepperDriver_Write
 140              	.LVL23:
  44:SBT0811.c     ****     CyDelay(speed);
 141              		.loc 1 44 0
 142 0016 2000     		movs	r0, r4
 143 0018 FFF7FEFF 		bl	CyDelay
 144              	.LVL24:
  45:SBT0811.c     ****     StepperDriver_Write(0b0011);
 145              		.loc 1 45 0
 146 001c 0320     		movs	r0, #3
 147 001e FFF7FEFF 		bl	StepperDriver_Write
 148              	.LVL25:
  46:SBT0811.c     ****     CyDelay(speed);
 149              		.loc 1 46 0
 150 0022 2000     		movs	r0, r4
 151 0024 FFF7FEFF 		bl	CyDelay
 152              	.LVL26:
  47:SBT0811.c     ****     StepperDriver_Write(0b0010);
 153              		.loc 1 47 0
 154 0028 0220     		movs	r0, #2
 155 002a FFF7FEFF 		bl	StepperDriver_Write
 156              	.LVL27:
  48:SBT0811.c     ****     CyDelay(speed);
 157              		.loc 1 48 0
 158 002e 2000     		movs	r0, r4
 159 0030 FFF7FEFF 		bl	CyDelay
 160              	.LVL28:
  49:SBT0811.c     ****     StepperDriver_Write(0b0110);
 161              		.loc 1 49 0
 162 0034 0620     		movs	r0, #6
 163 0036 FFF7FEFF 		bl	StepperDriver_Write
 164              	.LVL29:
  50:SBT0811.c     ****     CyDelay(speed);
 165              		.loc 1 50 0
 166 003a 2000     		movs	r0, r4
 167 003c FFF7FEFF 		bl	CyDelay
 168              	.LVL30:
  51:SBT0811.c     ****     StepperDriver_Write(0b0100);
 169              		.loc 1 51 0
 170 0040 0420     		movs	r0, #4
 171 0042 FFF7FEFF 		bl	StepperDriver_Write
 172              	.LVL31:
  52:SBT0811.c     ****     CyDelay(speed);
 173              		.loc 1 52 0
 174 0046 2000     		movs	r0, r4
 175 0048 FFF7FEFF 		bl	CyDelay
 176              	.LVL32:
ARM GAS  C:\Users\JamesH\AppData\Local\Temp\ccEWPkcB.s 			page 5


  53:SBT0811.c     ****     StepperDriver_Write(0b1100);
 177              		.loc 1 53 0
 178 004c 0C20     		movs	r0, #12
 179 004e FFF7FEFF 		bl	StepperDriver_Write
 180              	.LVL33:
  54:SBT0811.c     ****     CyDelay(speed);
 181              		.loc 1 54 0
 182 0052 2000     		movs	r0, r4
 183 0054 FFF7FEFF 		bl	CyDelay
 184              	.LVL34:
  55:SBT0811.c     ****     StepperDriver_Write(0b1000);
 185              		.loc 1 55 0
 186 0058 0820     		movs	r0, #8
 187 005a FFF7FEFF 		bl	StepperDriver_Write
 188              	.LVL35:
  56:SBT0811.c     ****     CyDelay(speed);
 189              		.loc 1 56 0
 190 005e 2000     		movs	r0, r4
 191 0060 FFF7FEFF 		bl	CyDelay
 192              	.LVL36:
  57:SBT0811.c     **** }
 193              		.loc 1 57 0
 194              		@ sp needed
 195              	.LVL37:
 196 0064 10BD     		pop	{r4, pc}
 197              		.cfi_endproc
 198              	.LFE36:
 199              		.size	oneStepCW, .-oneStepCW
 200              		.global	__aeabi_fmul
 201              		.global	__aeabi_fdiv
 202              		.global	__aeabi_f2iz
 203              		.global	__aeabi_i2f
 204              		.global	__aeabi_fsub
 205              		.global	__aeabi_f2d
 206 0066 C046     		.section	.text.moveAngle,"ax",%progbits
 207              		.align	2
 208              		.global	moveAngle
 209              		.code	16
 210              		.thumb_func
 211              		.type	moveAngle, %function
 212              	moveAngle:
 213              	.LFB37:
  58:SBT0811.c     **** 
  59:SBT0811.c     **** void moveAngle(float angle){ //angle taken in degrees
 214              		.loc 1 59 0
 215              		.cfi_startproc
 216              		@ args = 0, pretend = 0, frame = 40
 217              		@ frame_needed = 0, uses_anonymous_args = 0
 218              	.LVL38:
 219 0000 30B5     		push	{r4, r5, lr}
 220              		.cfi_def_cfa_offset 12
 221              		.cfi_offset 4, -12
 222              		.cfi_offset 5, -8
 223              		.cfi_offset 14, -4
 224 0002 8DB0     		sub	sp, sp, #52
 225              		.cfi_def_cfa_offset 64
  60:SBT0811.c     ****     float steps = angle * STEPS_PER_REV / 360;
ARM GAS  C:\Users\JamesH\AppData\Local\Temp\ccEWPkcB.s 			page 6


 226              		.loc 1 60 0
 227 0004 8821     		movs	r1, #136
 228 0006 C905     		lsls	r1, r1, #23
 229 0008 FFF7FEFF 		bl	__aeabi_fmul
 230              	.LVL39:
 231 000c 1149     		ldr	r1, .L6
 232 000e FFF7FEFF 		bl	__aeabi_fdiv
 233              	.LVL40:
 234 0012 041C     		adds	r4, r0, #0
 235              	.LVL41:
  61:SBT0811.c     ****     int stepsRound = (int)steps; //number of steps to turn that number of degrees
 236              		.loc 1 61 0
 237 0014 FFF7FEFF 		bl	__aeabi_f2iz
 238              	.LVL42:
 239 0018 0500     		movs	r5, r0
 240              	.LVL43:
  62:SBT0811.c     ****     char string[40];
  63:SBT0811.c     ****     sprintf(string, "steps = %d error = %f\n", stepsRound, (float)(steps-stepsRound));
 241              		.loc 1 63 0
 242 001a FFF7FEFF 		bl	__aeabi_i2f
 243              	.LVL44:
 244 001e 011C     		adds	r1, r0, #0
 245 0020 201C     		adds	r0, r4, #0
 246 0022 FFF7FEFF 		bl	__aeabi_fsub
 247              	.LVL45:
 248 0026 FFF7FEFF 		bl	__aeabi_f2d
 249              	.LVL46:
 250 002a 0090     		str	r0, [sp]
 251 002c 0191     		str	r1, [sp, #4]
 252 002e 2A00     		movs	r2, r5
 253 0030 0949     		ldr	r1, .L6+4
 254 0032 02A8     		add	r0, sp, #8
 255 0034 FFF7FEFF 		bl	sprintf
 256              	.LVL47:
  64:SBT0811.c     ****     UART_PutString(string);
 257              		.loc 1 64 0
 258 0038 02A8     		add	r0, sp, #8
 259 003a FFF7FEFF 		bl	UART_PutString
 260              	.LVL48:
 261              	.LBB2:
  65:SBT0811.c     ****     for (int i = 0; i < stepsRound; i++) {
 262              		.loc 1 65 0
 263 003e 0024     		movs	r4, #0
 264              	.LVL49:
 265 0040 03E0     		b	.L4
 266              	.LVL50:
 267              	.L5:
  66:SBT0811.c     ****         oneStepCW(3);
 268              		.loc 1 66 0 discriminator 3
 269 0042 0320     		movs	r0, #3
 270 0044 FFF7FEFF 		bl	oneStepCW
 271              	.LVL51:
  65:SBT0811.c     ****     for (int i = 0; i < stepsRound; i++) {
 272              		.loc 1 65 0 discriminator 3
 273 0048 0134     		adds	r4, r4, #1
 274              	.LVL52:
 275              	.L4:
ARM GAS  C:\Users\JamesH\AppData\Local\Temp\ccEWPkcB.s 			page 7


  65:SBT0811.c     ****     for (int i = 0; i < stepsRound; i++) {
 276              		.loc 1 65 0 is_stmt 0 discriminator 1
 277 004a AC42     		cmp	r4, r5
 278 004c F9DB     		blt	.L5
 279              	.LBE2:
  67:SBT0811.c     ****     }
  68:SBT0811.c     **** }...
 280              		.loc 1 68 0 is_stmt 1
 281 004e 0DB0     		add	sp, sp, #52
 282              		@ sp needed
 283              	.LVL53:
 284              	.LVL54:
 285 0050 30BD     		pop	{r4, r5, pc}
 286              	.L7:
 287 0052 C046     		.align	2
 288              	.L6:
 289 0054 0000B443 		.word	1135869952
 290 0058 00000000 		.word	.LC0
 291              		.cfi_endproc
 292              	.LFE37:
 293              		.size	moveAngle, .-moveAngle
 294              		.section	.rodata.str1.4,"aMS",%progbits,1
 295              		.align	2
 296              	.LC0:
 297 0000 73746570 		.ascii	"steps = %d error = %f\012\000"
 297      73203D20 
 297      25642065 
 297      72726F72 
 297      203D2025 
 298              		.text
 299              	.Letext0:
 300              		.file 2 "Generated_Source\\PSoC4/StepperDriver.h"
 301              		.file 3 "Generated_Source\\PSoC4/CyLib.h"
 302              		.file 4 "c:\\program files (x86)\\cypress\\psoc creator\\4.4\\psoc creator\\import\\gnu\\arm\\5.4.
 303              		.file 5 "Generated_Source\\PSoC4/UART.h"
 304              		.section	.debug_info,"",%progbits
 305              	.Ldebug_info0:
 306 0000 27040000 		.4byte	0x427
 307 0004 0400     		.2byte	0x4
 308 0006 00000000 		.4byte	.Ldebug_abbrev0
 309 000a 04       		.byte	0x4
 310 000b 01       		.uleb128 0x1
 311 000c EE000000 		.4byte	.LASF26
 312 0010 0C       		.byte	0xc
 313 0011 76000000 		.4byte	.LASF27
 314 0015 14000000 		.4byte	.LASF28
 315 0019 00000000 		.4byte	.Ldebug_ranges0+0
 316 001d 00000000 		.4byte	0
 317 0021 00000000 		.4byte	.Ldebug_line0
 318 0025 02       		.uleb128 0x2
 319 0026 04       		.byte	0x4
 320 0027 04       		.byte	0x4
 321 0028 65000000 		.4byte	.LASF0
 322 002c 02       		.uleb128 0x2
 323 002d 01       		.byte	0x1
 324 002e 06       		.byte	0x6
 325 002f C7010000 		.4byte	.LASF1
ARM GAS  C:\Users\JamesH\AppData\Local\Temp\ccEWPkcB.s 			page 8


 326 0033 02       		.uleb128 0x2
 327 0034 01       		.byte	0x1
 328 0035 08       		.byte	0x8
 329 0036 80000000 		.4byte	.LASF2
 330 003a 02       		.uleb128 0x2
 331 003b 02       		.byte	0x2
 332 003c 05       		.byte	0x5
 333 003d A8010000 		.4byte	.LASF3
 334 0041 02       		.uleb128 0x2
 335 0042 02       		.byte	0x2
 336 0043 07       		.byte	0x7
 337 0044 A0000000 		.4byte	.LASF4
 338 0048 02       		.uleb128 0x2
 339 0049 04       		.byte	0x4
 340 004a 05       		.byte	0x5
 341 004b B2010000 		.4byte	.LASF5
 342 004f 02       		.uleb128 0x2
 343 0050 04       		.byte	0x4
 344 0051 07       		.byte	0x7
 345 0052 8E000000 		.4byte	.LASF6
 346 0056 02       		.uleb128 0x2
 347 0057 08       		.byte	0x8
 348 0058 05       		.byte	0x5
 349 0059 8B010000 		.4byte	.LASF7
 350 005d 02       		.uleb128 0x2
 351 005e 08       		.byte	0x8
 352 005f 07       		.byte	0x7
 353 0060 D7000000 		.4byte	.LASF8
 354 0064 03       		.uleb128 0x3
 355 0065 04       		.byte	0x4
 356 0066 05       		.byte	0x5
 357 0067 696E7400 		.ascii	"int\000"
 358 006b 02       		.uleb128 0x2
 359 006c 04       		.byte	0x4
 360 006d 07       		.byte	0x7
 361 006e CA000000 		.4byte	.LASF9
 362 0072 02       		.uleb128 0x2
 363 0073 08       		.byte	0x8
 364 0074 04       		.byte	0x4
 365 0075 BB010000 		.4byte	.LASF10
 366 0079 02       		.uleb128 0x2
 367 007a 04       		.byte	0x4
 368 007b 07       		.byte	0x7
 369 007c 82010000 		.4byte	.LASF11
 370 0080 02       		.uleb128 0x2
 371 0081 01       		.byte	0x1
 372 0082 08       		.byte	0x8
 373 0083 A3010000 		.4byte	.LASF12
 374 0087 02       		.uleb128 0x2
 375 0088 08       		.byte	0x8
 376 0089 04       		.byte	0x4
 377 008a 57000000 		.4byte	.LASF13
 378 008e 04       		.uleb128 0x4
 379 008f 6B000000 		.4byte	.LASF14
 380 0093 01       		.byte	0x1
 381 0094 13       		.byte	0x13
 382 0095 00000000 		.4byte	.LFB35
ARM GAS  C:\Users\JamesH\AppData\Local\Temp\ccEWPkcB.s 			page 9


 383 0099 66000000 		.4byte	.LFE35-.LFB35
 384 009d 01       		.uleb128 0x1
 385 009e 9C       		.byte	0x9c
 386 009f E7010000 		.4byte	0x1e7
 387 00a3 05       		.uleb128 0x5
 388 00a4 7C010000 		.4byte	.LASF16
 389 00a8 01       		.byte	0x1
 390 00a9 13       		.byte	0x13
 391 00aa 64000000 		.4byte	0x64
 392 00ae 00000000 		.4byte	.LLST0
 393 00b2 06       		.uleb128 0x6
 394 00b3 0A000000 		.4byte	.LVL2
 395 00b7 FE030000 		.4byte	0x3fe
 396 00bb C5000000 		.4byte	0xc5
 397 00bf 07       		.uleb128 0x7
 398 00c0 01       		.uleb128 0x1
 399 00c1 50       		.byte	0x50
 400 00c2 01       		.uleb128 0x1
 401 00c3 38       		.byte	0x38
 402 00c4 00       		.byte	0
 403 00c5 06       		.uleb128 0x6
 404 00c6 10000000 		.4byte	.LVL3
 405 00ca 09040000 		.4byte	0x409
 406 00ce D9000000 		.4byte	0xd9
 407 00d2 07       		.uleb128 0x7
 408 00d3 01       		.uleb128 0x1
 409 00d4 50       		.byte	0x50
 410 00d5 02       		.uleb128 0x2
 411 00d6 74       		.byte	0x74
 412 00d7 00       		.sleb128 0
 413 00d8 00       		.byte	0
 414 00d9 06       		.uleb128 0x6
 415 00da 16000000 		.4byte	.LVL4
 416 00de FE030000 		.4byte	0x3fe
 417 00e2 EC000000 		.4byte	0xec
 418 00e6 07       		.uleb128 0x7
 419 00e7 01       		.uleb128 0x1
 420 00e8 50       		.byte	0x50
 421 00e9 01       		.uleb128 0x1
 422 00ea 3C       		.byte	0x3c
 423 00eb 00       		.byte	0
 424 00ec 06       		.uleb128 0x6
 425 00ed 1C000000 		.4byte	.LVL5
 426 00f1 09040000 		.4byte	0x409
 427 00f5 00010000 		.4byte	0x100
 428 00f9 07       		.uleb128 0x7
 429 00fa 01       		.uleb128 0x1
 430 00fb 50       		.byte	0x50
 431 00fc 02       		.uleb128 0x2
 432 00fd 74       		.byte	0x74
 433 00fe 00       		.sleb128 0
 434 00ff 00       		.byte	0
 435 0100 06       		.uleb128 0x6
 436 0101 22000000 		.4byte	.LVL6
 437 0105 FE030000 		.4byte	0x3fe
 438 0109 13010000 		.4byte	0x113
 439 010d 07       		.uleb128 0x7
ARM GAS  C:\Users\JamesH\AppData\Local\Temp\ccEWPkcB.s 			page 10


 440 010e 01       		.uleb128 0x1
 441 010f 50       		.byte	0x50
 442 0110 01       		.uleb128 0x1
 443 0111 34       		.byte	0x34
 444 0112 00       		.byte	0
 445 0113 06       		.uleb128 0x6
 446 0114 28000000 		.4byte	.LVL7
 447 0118 09040000 		.4byte	0x409
 448 011c 27010000 		.4byte	0x127
 449 0120 07       		.uleb128 0x7
 450 0121 01       		.uleb128 0x1
 451 0122 50       		.byte	0x50
 452 0123 02       		.uleb128 0x2
 453 0124 74       		.byte	0x74
 454 0125 00       		.sleb128 0
 455 0126 00       		.byte	0
 456 0127 06       		.uleb128 0x6
 457 0128 2E000000 		.4byte	.LVL8
 458 012c FE030000 		.4byte	0x3fe
 459 0130 3A010000 		.4byte	0x13a
 460 0134 07       		.uleb128 0x7
 461 0135 01       		.uleb128 0x1
 462 0136 50       		.byte	0x50
 463 0137 01       		.uleb128 0x1
 464 0138 36       		.byte	0x36
 465 0139 00       		.byte	0
 466 013a 06       		.uleb128 0x6
 467 013b 34000000 		.4byte	.LVL9
 468 013f 09040000 		.4byte	0x409
 469 0143 4E010000 		.4byte	0x14e
 470 0147 07       		.uleb128 0x7
 471 0148 01       		.uleb128 0x1
 472 0149 50       		.byte	0x50
 473 014a 02       		.uleb128 0x2
 474 014b 74       		.byte	0x74
 475 014c 00       		.sleb128 0
 476 014d 00       		.byte	0
 477 014e 06       		.uleb128 0x6
 478 014f 3A000000 		.4byte	.LVL10
 479 0153 FE030000 		.4byte	0x3fe
 480 0157 61010000 		.4byte	0x161
 481 015b 07       		.uleb128 0x7
 482 015c 01       		.uleb128 0x1
 483 015d 50       		.byte	0x50
 484 015e 01       		.uleb128 0x1
 485 015f 32       		.byte	0x32
 486 0160 00       		.byte	0
 487 0161 06       		.uleb128 0x6
 488 0162 40000000 		.4byte	.LVL11
 489 0166 09040000 		.4byte	0x409
 490 016a 75010000 		.4byte	0x175
 491 016e 07       		.uleb128 0x7
 492 016f 01       		.uleb128 0x1
 493 0170 50       		.byte	0x50
 494 0171 02       		.uleb128 0x2
 495 0172 74       		.byte	0x74
 496 0173 00       		.sleb128 0
ARM GAS  C:\Users\JamesH\AppData\Local\Temp\ccEWPkcB.s 			page 11


 497 0174 00       		.byte	0
 498 0175 06       		.uleb128 0x6
 499 0176 46000000 		.4byte	.LVL12
 500 017a FE030000 		.4byte	0x3fe
 501 017e 88010000 		.4byte	0x188
 502 0182 07       		.uleb128 0x7
 503 0183 01       		.uleb128 0x1
 504 0184 50       		.byte	0x50
 505 0185 01       		.uleb128 0x1
 506 0186 33       		.byte	0x33
 507 0187 00       		.byte	0
 508 0188 06       		.uleb128 0x6
 509 0189 4C000000 		.4byte	.LVL13
 510 018d 09040000 		.4byte	0x409
 511 0191 9C010000 		.4byte	0x19c
 512 0195 07       		.uleb128 0x7
 513 0196 01       		.uleb128 0x1
 514 0197 50       		.byte	0x50
 515 0198 02       		.uleb128 0x2
 516 0199 74       		.byte	0x74
 517 019a 00       		.sleb128 0
 518 019b 00       		.byte	0
 519 019c 06       		.uleb128 0x6
 520 019d 52000000 		.4byte	.LVL14
 521 01a1 FE030000 		.4byte	0x3fe
 522 01a5 AF010000 		.4byte	0x1af
 523 01a9 07       		.uleb128 0x7
 524 01aa 01       		.uleb128 0x1
 525 01ab 50       		.byte	0x50
 526 01ac 01       		.uleb128 0x1
 527 01ad 31       		.byte	0x31
 528 01ae 00       		.byte	0
 529 01af 06       		.uleb128 0x6
 530 01b0 58000000 		.4byte	.LVL15
 531 01b4 09040000 		.4byte	0x409
 532 01b8 C3010000 		.4byte	0x1c3
 533 01bc 07       		.uleb128 0x7
 534 01bd 01       		.uleb128 0x1
 535 01be 50       		.byte	0x50
 536 01bf 02       		.uleb128 0x2
 537 01c0 74       		.byte	0x74
 538 01c1 00       		.sleb128 0
 539 01c2 00       		.byte	0
 540 01c3 06       		.uleb128 0x6
 541 01c4 5E000000 		.4byte	.LVL16
 542 01c8 FE030000 		.4byte	0x3fe
 543 01cc D6010000 		.4byte	0x1d6
 544 01d0 07       		.uleb128 0x7
 545 01d1 01       		.uleb128 0x1
 546 01d2 50       		.byte	0x50
 547 01d3 01       		.uleb128 0x1
 548 01d4 39       		.byte	0x39
 549 01d5 00       		.byte	0
 550 01d6 08       		.uleb128 0x8
 551 01d7 64000000 		.4byte	.LVL17
 552 01db 09040000 		.4byte	0x409
 553 01df 07       		.uleb128 0x7
ARM GAS  C:\Users\JamesH\AppData\Local\Temp\ccEWPkcB.s 			page 12


 554 01e0 01       		.uleb128 0x1
 555 01e1 50       		.byte	0x50
 556 01e2 02       		.uleb128 0x2
 557 01e3 74       		.byte	0x74
 558 01e4 00       		.sleb128 0
 559 01e5 00       		.byte	0
 560 01e6 00       		.byte	0
 561 01e7 04       		.uleb128 0x4
 562 01e8 99010000 		.4byte	.LASF15
 563 01ec 01       		.byte	0x1
 564 01ed 27       		.byte	0x27
 565 01ee 00000000 		.4byte	.LFB36
 566 01f2 66000000 		.4byte	.LFE36-.LFB36
 567 01f6 01       		.uleb128 0x1
 568 01f7 9C       		.byte	0x9c
 569 01f8 40030000 		.4byte	0x340
 570 01fc 05       		.uleb128 0x5
 571 01fd 7C010000 		.4byte	.LASF16
 572 0201 01       		.byte	0x1
 573 0202 27       		.byte	0x27
 574 0203 64000000 		.4byte	0x64
 575 0207 2C000000 		.4byte	.LLST1
 576 020b 06       		.uleb128 0x6
 577 020c 0A000000 		.4byte	.LVL21
 578 0210 FE030000 		.4byte	0x3fe
 579 0214 1E020000 		.4byte	0x21e
 580 0218 07       		.uleb128 0x7
 581 0219 01       		.uleb128 0x1
 582 021a 50       		.byte	0x50
 583 021b 01       		.uleb128 0x1
 584 021c 39       		.byte	0x39
 585 021d 00       		.byte	0
 586 021e 06       		.uleb128 0x6
 587 021f 10000000 		.4byte	.LVL22
 588 0223 09040000 		.4byte	0x409
 589 0227 32020000 		.4byte	0x232
 590 022b 07       		.uleb128 0x7
 591 022c 01       		.uleb128 0x1
 592 022d 50       		.byte	0x50
 593 022e 02       		.uleb128 0x2
 594 022f 74       		.byte	0x74
 595 0230 00       		.sleb128 0
 596 0231 00       		.byte	0
 597 0232 06       		.uleb128 0x6
 598 0233 16000000 		.4byte	.LVL23
 599 0237 FE030000 		.4byte	0x3fe
 600 023b 45020000 		.4byte	0x245
 601 023f 07       		.uleb128 0x7
 602 0240 01       		.uleb128 0x1
 603 0241 50       		.byte	0x50
 604 0242 01       		.uleb128 0x1
 605 0243 31       		.byte	0x31
 606 0244 00       		.byte	0
 607 0245 06       		.uleb128 0x6
 608 0246 1C000000 		.4byte	.LVL24
 609 024a 09040000 		.4byte	0x409
 610 024e 59020000 		.4byte	0x259
ARM GAS  C:\Users\JamesH\AppData\Local\Temp\ccEWPkcB.s 			page 13


 611 0252 07       		.uleb128 0x7
 612 0253 01       		.uleb128 0x1
 613 0254 50       		.byte	0x50
 614 0255 02       		.uleb128 0x2
 615 0256 74       		.byte	0x74
 616 0257 00       		.sleb128 0
 617 0258 00       		.byte	0
 618 0259 06       		.uleb128 0x6
 619 025a 22000000 		.4byte	.LVL25
 620 025e FE030000 		.4byte	0x3fe
 621 0262 6C020000 		.4byte	0x26c
 622 0266 07       		.uleb128 0x7
 623 0267 01       		.uleb128 0x1
 624 0268 50       		.byte	0x50
 625 0269 01       		.uleb128 0x1
 626 026a 33       		.byte	0x33
 627 026b 00       		.byte	0
 628 026c 06       		.uleb128 0x6
 629 026d 28000000 		.4byte	.LVL26
 630 0271 09040000 		.4byte	0x409
 631 0275 80020000 		.4byte	0x280
 632 0279 07       		.uleb128 0x7
 633 027a 01       		.uleb128 0x1
 634 027b 50       		.byte	0x50
 635 027c 02       		.uleb128 0x2
 636 027d 74       		.byte	0x74
 637 027e 00       		.sleb128 0
 638 027f 00       		.byte	0
 639 0280 06       		.uleb128 0x6
 640 0281 2E000000 		.4byte	.LVL27
 641 0285 FE030000 		.4byte	0x3fe
 642 0289 93020000 		.4byte	0x293
 643 028d 07       		.uleb128 0x7
 644 028e 01       		.uleb128 0x1
 645 028f 50       		.byte	0x50
 646 0290 01       		.uleb128 0x1
 647 0291 32       		.byte	0x32
 648 0292 00       		.byte	0
 649 0293 06       		.uleb128 0x6
 650 0294 34000000 		.4byte	.LVL28
 651 0298 09040000 		.4byte	0x409
 652 029c A7020000 		.4byte	0x2a7
 653 02a0 07       		.uleb128 0x7
 654 02a1 01       		.uleb128 0x1
 655 02a2 50       		.byte	0x50
 656 02a3 02       		.uleb128 0x2
 657 02a4 74       		.byte	0x74
 658 02a5 00       		.sleb128 0
 659 02a6 00       		.byte	0
 660 02a7 06       		.uleb128 0x6
 661 02a8 3A000000 		.4byte	.LVL29
 662 02ac FE030000 		.4byte	0x3fe
 663 02b0 BA020000 		.4byte	0x2ba
 664 02b4 07       		.uleb128 0x7
 665 02b5 01       		.uleb128 0x1
 666 02b6 50       		.byte	0x50
 667 02b7 01       		.uleb128 0x1
ARM GAS  C:\Users\JamesH\AppData\Local\Temp\ccEWPkcB.s 			page 14


 668 02b8 36       		.byte	0x36
 669 02b9 00       		.byte	0
 670 02ba 06       		.uleb128 0x6
 671 02bb 40000000 		.4byte	.LVL30
 672 02bf 09040000 		.4byte	0x409
 673 02c3 CE020000 		.4byte	0x2ce
 674 02c7 07       		.uleb128 0x7
 675 02c8 01       		.uleb128 0x1
 676 02c9 50       		.byte	0x50
 677 02ca 02       		.uleb128 0x2
 678 02cb 74       		.byte	0x74
 679 02cc 00       		.sleb128 0
 680 02cd 00       		.byte	0
 681 02ce 06       		.uleb128 0x6
 682 02cf 46000000 		.4byte	.LVL31
 683 02d3 FE030000 		.4byte	0x3fe
 684 02d7 E1020000 		.4byte	0x2e1
 685 02db 07       		.uleb128 0x7
 686 02dc 01       		.uleb128 0x1
 687 02dd 50       		.byte	0x50
 688 02de 01       		.uleb128 0x1
 689 02df 34       		.byte	0x34
 690 02e0 00       		.byte	0
 691 02e1 06       		.uleb128 0x6
 692 02e2 4C000000 		.4byte	.LVL32
 693 02e6 09040000 		.4byte	0x409
 694 02ea F5020000 		.4byte	0x2f5
 695 02ee 07       		.uleb128 0x7
 696 02ef 01       		.uleb128 0x1
 697 02f0 50       		.byte	0x50
 698 02f1 02       		.uleb128 0x2
 699 02f2 74       		.byte	0x74
 700 02f3 00       		.sleb128 0
 701 02f4 00       		.byte	0
 702 02f5 06       		.uleb128 0x6
 703 02f6 52000000 		.4byte	.LVL33
 704 02fa FE030000 		.4byte	0x3fe
 705 02fe 08030000 		.4byte	0x308
 706 0302 07       		.uleb128 0x7
 707 0303 01       		.uleb128 0x1
 708 0304 50       		.byte	0x50
 709 0305 01       		.uleb128 0x1
 710 0306 3C       		.byte	0x3c
 711 0307 00       		.byte	0
 712 0308 06       		.uleb128 0x6
 713 0309 58000000 		.4byte	.LVL34
 714 030d 09040000 		.4byte	0x409
 715 0311 1C030000 		.4byte	0x31c
 716 0315 07       		.uleb128 0x7
 717 0316 01       		.uleb128 0x1
 718 0317 50       		.byte	0x50
 719 0318 02       		.uleb128 0x2
 720 0319 74       		.byte	0x74
 721 031a 00       		.sleb128 0
 722 031b 00       		.byte	0
 723 031c 06       		.uleb128 0x6
 724 031d 5E000000 		.4byte	.LVL35
ARM GAS  C:\Users\JamesH\AppData\Local\Temp\ccEWPkcB.s 			page 15


 725 0321 FE030000 		.4byte	0x3fe
 726 0325 2F030000 		.4byte	0x32f
 727 0329 07       		.uleb128 0x7
 728 032a 01       		.uleb128 0x1
 729 032b 50       		.byte	0x50
 730 032c 01       		.uleb128 0x1
 731 032d 38       		.byte	0x38
 732 032e 00       		.byte	0
 733 032f 08       		.uleb128 0x8
 734 0330 64000000 		.4byte	.LVL36
 735 0334 09040000 		.4byte	0x409
 736 0338 07       		.uleb128 0x7
 737 0339 01       		.uleb128 0x1
 738 033a 50       		.byte	0x50
 739 033b 02       		.uleb128 0x2
 740 033c 74       		.byte	0x74
 741 033d 00       		.sleb128 0
 742 033e 00       		.byte	0
 743 033f 00       		.byte	0
 744 0340 09       		.uleb128 0x9
 745 0341 F2010000 		.4byte	.LASF17
 746 0345 01       		.byte	0x1
 747 0346 3B       		.byte	0x3b
 748 0347 00000000 		.4byte	.LFB37
 749 034b 5C000000 		.4byte	.LFE37-.LFB37
 750 034f 01       		.uleb128 0x1
 751 0350 9C       		.byte	0x9c
 752 0351 EE030000 		.4byte	0x3ee
 753 0355 05       		.uleb128 0x5
 754 0356 B3000000 		.4byte	.LASF18
 755 035a 01       		.byte	0x1
 756 035b 3B       		.byte	0x3b
 757 035c 25000000 		.4byte	0x25
 758 0360 58000000 		.4byte	.LLST2
 759 0364 0A       		.uleb128 0xa
 760 0365 B9000000 		.4byte	.LASF19
 761 0369 01       		.byte	0x1
 762 036a 3C       		.byte	0x3c
 763 036b 25000000 		.4byte	0x25
 764 036f 7B000000 		.4byte	.LLST3
 765 0373 0A       		.uleb128 0xa
 766 0374 BF000000 		.4byte	.LASF20
 767 0378 01       		.byte	0x1
 768 0379 3D       		.byte	0x3d
 769 037a 64000000 		.4byte	0x64
 770 037e 99000000 		.4byte	.LLST4
 771 0382 0B       		.uleb128 0xb
 772 0383 5E000000 		.4byte	.LASF21
 773 0387 01       		.byte	0x1
 774 0388 3E       		.byte	0x3e
 775 0389 EE030000 		.4byte	0x3ee
 776 038d 02       		.uleb128 0x2
 777 038e 91       		.byte	0x91
 778 038f 48       		.sleb128 -56
 779 0390 0C       		.uleb128 0xc
 780 0391 3E000000 		.4byte	.LBB2
 781 0395 10000000 		.4byte	.LBE2-.LBB2
ARM GAS  C:\Users\JamesH\AppData\Local\Temp\ccEWPkcB.s 			page 16


 782 0399 BA030000 		.4byte	0x3ba
 783 039d 0D       		.uleb128 0xd
 784 039e 6900     		.ascii	"i\000"
 785 03a0 01       		.byte	0x1
 786 03a1 41       		.byte	0x41
 787 03a2 64000000 		.4byte	0x64
 788 03a6 B7000000 		.4byte	.LLST5
 789 03aa 08       		.uleb128 0x8
 790 03ab 48000000 		.4byte	.LVL51
 791 03af E7010000 		.4byte	0x1e7
 792 03b3 07       		.uleb128 0x7
 793 03b4 01       		.uleb128 0x1
 794 03b5 50       		.byte	0x50
 795 03b6 01       		.uleb128 0x1
 796 03b7 33       		.byte	0x33
 797 03b8 00       		.byte	0
 798 03b9 00       		.byte	0
 799 03ba 06       		.uleb128 0x6
 800 03bb 38000000 		.4byte	.LVL47
 801 03bf 14040000 		.4byte	0x414
 802 03c3 DD030000 		.4byte	0x3dd
 803 03c7 07       		.uleb128 0x7
 804 03c8 01       		.uleb128 0x1
 805 03c9 50       		.byte	0x50
 806 03ca 02       		.uleb128 0x2
 807 03cb 91       		.byte	0x91
 808 03cc 48       		.sleb128 -56
 809 03cd 07       		.uleb128 0x7
 810 03ce 01       		.uleb128 0x1
 811 03cf 51       		.byte	0x51
 812 03d0 05       		.uleb128 0x5
 813 03d1 03       		.byte	0x3
 814 03d2 00000000 		.4byte	.LC0
 815 03d6 07       		.uleb128 0x7
 816 03d7 01       		.uleb128 0x1
 817 03d8 52       		.byte	0x52
 818 03d9 02       		.uleb128 0x2
 819 03da 75       		.byte	0x75
 820 03db 00       		.sleb128 0
 821 03dc 00       		.byte	0
 822 03dd 08       		.uleb128 0x8
 823 03de 3E000000 		.4byte	.LVL48
 824 03e2 1F040000 		.4byte	0x41f
 825 03e6 07       		.uleb128 0x7
 826 03e7 01       		.uleb128 0x1
 827 03e8 50       		.byte	0x50
 828 03e9 02       		.uleb128 0x2
 829 03ea 91       		.byte	0x91
 830 03eb 48       		.sleb128 -56
 831 03ec 00       		.byte	0
 832 03ed 00       		.byte	0
 833 03ee 0E       		.uleb128 0xe
 834 03ef 80000000 		.4byte	0x80
 835 03f3 FE030000 		.4byte	0x3fe
 836 03f7 0F       		.uleb128 0xf
 837 03f8 79000000 		.4byte	0x79
 838 03fc 27       		.byte	0x27
ARM GAS  C:\Users\JamesH\AppData\Local\Temp\ccEWPkcB.s 			page 17


 839 03fd 00       		.byte	0
 840 03fe 10       		.uleb128 0x10
 841 03ff 00000000 		.4byte	.LASF22
 842 0403 00000000 		.4byte	.LASF22
 843 0407 02       		.byte	0x2
 844 0408 2F       		.byte	0x2f
 845 0409 10       		.uleb128 0x10
 846 040a EA010000 		.4byte	.LASF23
 847 040e EA010000 		.4byte	.LASF23
 848 0412 03       		.byte	0x3
 849 0413 EC       		.byte	0xec
 850 0414 10       		.uleb128 0x10
 851 0415 E2010000 		.4byte	.LASF24
 852 0419 E2010000 		.4byte	.LASF24
 853 041d 04       		.byte	0x4
 854 041e E7       		.byte	0xe7
 855 041f 10       		.uleb128 0x10
 856 0420 D3010000 		.4byte	.LASF25
 857 0424 D3010000 		.4byte	.LASF25
 858 0428 05       		.byte	0x5
 859 0429 26       		.byte	0x26
 860 042a 00       		.byte	0
 861              		.section	.debug_abbrev,"",%progbits
 862              	.Ldebug_abbrev0:
 863 0000 01       		.uleb128 0x1
 864 0001 11       		.uleb128 0x11
 865 0002 01       		.byte	0x1
 866 0003 25       		.uleb128 0x25
 867 0004 0E       		.uleb128 0xe
 868 0005 13       		.uleb128 0x13
 869 0006 0B       		.uleb128 0xb
 870 0007 03       		.uleb128 0x3
 871 0008 0E       		.uleb128 0xe
 872 0009 1B       		.uleb128 0x1b
 873 000a 0E       		.uleb128 0xe
 874 000b 55       		.uleb128 0x55
 875 000c 17       		.uleb128 0x17
 876 000d 11       		.uleb128 0x11
 877 000e 01       		.uleb128 0x1
 878 000f 10       		.uleb128 0x10
 879 0010 17       		.uleb128 0x17
 880 0011 00       		.byte	0
 881 0012 00       		.byte	0
 882 0013 02       		.uleb128 0x2
 883 0014 24       		.uleb128 0x24
 884 0015 00       		.byte	0
 885 0016 0B       		.uleb128 0xb
 886 0017 0B       		.uleb128 0xb
 887 0018 3E       		.uleb128 0x3e
 888 0019 0B       		.uleb128 0xb
 889 001a 03       		.uleb128 0x3
 890 001b 0E       		.uleb128 0xe
 891 001c 00       		.byte	0
 892 001d 00       		.byte	0
 893 001e 03       		.uleb128 0x3
 894 001f 24       		.uleb128 0x24
 895 0020 00       		.byte	0
ARM GAS  C:\Users\JamesH\AppData\Local\Temp\ccEWPkcB.s 			page 18


 896 0021 0B       		.uleb128 0xb
 897 0022 0B       		.uleb128 0xb
 898 0023 3E       		.uleb128 0x3e
 899 0024 0B       		.uleb128 0xb
 900 0025 03       		.uleb128 0x3
 901 0026 08       		.uleb128 0x8
 902 0027 00       		.byte	0
 903 0028 00       		.byte	0
 904 0029 04       		.uleb128 0x4
 905 002a 2E       		.uleb128 0x2e
 906 002b 01       		.byte	0x1
 907 002c 3F       		.uleb128 0x3f
 908 002d 19       		.uleb128 0x19
 909 002e 03       		.uleb128 0x3
 910 002f 0E       		.uleb128 0xe
 911 0030 3A       		.uleb128 0x3a
 912 0031 0B       		.uleb128 0xb
 913 0032 3B       		.uleb128 0x3b
 914 0033 0B       		.uleb128 0xb
 915 0034 27       		.uleb128 0x27
 916 0035 19       		.uleb128 0x19
 917 0036 11       		.uleb128 0x11
 918 0037 01       		.uleb128 0x1
 919 0038 12       		.uleb128 0x12
 920 0039 06       		.uleb128 0x6
 921 003a 40       		.uleb128 0x40
 922 003b 18       		.uleb128 0x18
 923 003c 9742     		.uleb128 0x2117
 924 003e 19       		.uleb128 0x19
 925 003f 01       		.uleb128 0x1
 926 0040 13       		.uleb128 0x13
 927 0041 00       		.byte	0
 928 0042 00       		.byte	0
 929 0043 05       		.uleb128 0x5
 930 0044 05       		.uleb128 0x5
 931 0045 00       		.byte	0
 932 0046 03       		.uleb128 0x3
 933 0047 0E       		.uleb128 0xe
 934 0048 3A       		.uleb128 0x3a
 935 0049 0B       		.uleb128 0xb
 936 004a 3B       		.uleb128 0x3b
 937 004b 0B       		.uleb128 0xb
 938 004c 49       		.uleb128 0x49
 939 004d 13       		.uleb128 0x13
 940 004e 02       		.uleb128 0x2
 941 004f 17       		.uleb128 0x17
 942 0050 00       		.byte	0
 943 0051 00       		.byte	0
 944 0052 06       		.uleb128 0x6
 945 0053 898201   		.uleb128 0x4109
 946 0056 01       		.byte	0x1
 947 0057 11       		.uleb128 0x11
 948 0058 01       		.uleb128 0x1
 949 0059 31       		.uleb128 0x31
 950 005a 13       		.uleb128 0x13
 951 005b 01       		.uleb128 0x1
 952 005c 13       		.uleb128 0x13
ARM GAS  C:\Users\JamesH\AppData\Local\Temp\ccEWPkcB.s 			page 19


 953 005d 00       		.byte	0
 954 005e 00       		.byte	0
 955 005f 07       		.uleb128 0x7
 956 0060 8A8201   		.uleb128 0x410a
 957 0063 00       		.byte	0
 958 0064 02       		.uleb128 0x2
 959 0065 18       		.uleb128 0x18
 960 0066 9142     		.uleb128 0x2111
 961 0068 18       		.uleb128 0x18
 962 0069 00       		.byte	0
 963 006a 00       		.byte	0
 964 006b 08       		.uleb128 0x8
 965 006c 898201   		.uleb128 0x4109
 966 006f 01       		.byte	0x1
 967 0070 11       		.uleb128 0x11
 968 0071 01       		.uleb128 0x1
 969 0072 31       		.uleb128 0x31
 970 0073 13       		.uleb128 0x13
 971 0074 00       		.byte	0
 972 0075 00       		.byte	0
 973 0076 09       		.uleb128 0x9
 974 0077 2E       		.uleb128 0x2e
 975 0078 01       		.byte	0x1
 976 0079 3F       		.uleb128 0x3f
 977 007a 19       		.uleb128 0x19
 978 007b 03       		.uleb128 0x3
 979 007c 0E       		.uleb128 0xe
 980 007d 3A       		.uleb128 0x3a
 981 007e 0B       		.uleb128 0xb
 982 007f 3B       		.uleb128 0x3b
 983 0080 0B       		.uleb128 0xb
 984 0081 27       		.uleb128 0x27
 985 0082 19       		.uleb128 0x19
 986 0083 11       		.uleb128 0x11
 987 0084 01       		.uleb128 0x1
 988 0085 12       		.uleb128 0x12
 989 0086 06       		.uleb128 0x6
 990 0087 40       		.uleb128 0x40
 991 0088 18       		.uleb128 0x18
 992 0089 9642     		.uleb128 0x2116
 993 008b 19       		.uleb128 0x19
 994 008c 01       		.uleb128 0x1
 995 008d 13       		.uleb128 0x13
 996 008e 00       		.byte	0
 997 008f 00       		.byte	0
 998 0090 0A       		.uleb128 0xa
 999 0091 34       		.uleb128 0x34
 1000 0092 00       		.byte	0
 1001 0093 03       		.uleb128 0x3
 1002 0094 0E       		.uleb128 0xe
 1003 0095 3A       		.uleb128 0x3a
 1004 0096 0B       		.uleb128 0xb
 1005 0097 3B       		.uleb128 0x3b
 1006 0098 0B       		.uleb128 0xb
 1007 0099 49       		.uleb128 0x49
 1008 009a 13       		.uleb128 0x13
 1009 009b 02       		.uleb128 0x2
ARM GAS  C:\Users\JamesH\AppData\Local\Temp\ccEWPkcB.s 			page 20


 1010 009c 17       		.uleb128 0x17
 1011 009d 00       		.byte	0
 1012 009e 00       		.byte	0
 1013 009f 0B       		.uleb128 0xb
 1014 00a0 34       		.uleb128 0x34
 1015 00a1 00       		.byte	0
 1016 00a2 03       		.uleb128 0x3
 1017 00a3 0E       		.uleb128 0xe
 1018 00a4 3A       		.uleb128 0x3a
 1019 00a5 0B       		.uleb128 0xb
 1020 00a6 3B       		.uleb128 0x3b
 1021 00a7 0B       		.uleb128 0xb
 1022 00a8 49       		.uleb128 0x49
 1023 00a9 13       		.uleb128 0x13
 1024 00aa 02       		.uleb128 0x2
 1025 00ab 18       		.uleb128 0x18
 1026 00ac 00       		.byte	0
 1027 00ad 00       		.byte	0
 1028 00ae 0C       		.uleb128 0xc
 1029 00af 0B       		.uleb128 0xb
 1030 00b0 01       		.byte	0x1
 1031 00b1 11       		.uleb128 0x11
 1032 00b2 01       		.uleb128 0x1
 1033 00b3 12       		.uleb128 0x12
 1034 00b4 06       		.uleb128 0x6
 1035 00b5 01       		.uleb128 0x1
 1036 00b6 13       		.uleb128 0x13
 1037 00b7 00       		.byte	0
 1038 00b8 00       		.byte	0
 1039 00b9 0D       		.uleb128 0xd
 1040 00ba 34       		.uleb128 0x34
 1041 00bb 00       		.byte	0
 1042 00bc 03       		.uleb128 0x3
 1043 00bd 08       		.uleb128 0x8
 1044 00be 3A       		.uleb128 0x3a
 1045 00bf 0B       		.uleb128 0xb
 1046 00c0 3B       		.uleb128 0x3b
 1047 00c1 0B       		.uleb128 0xb
 1048 00c2 49       		.uleb128 0x49
 1049 00c3 13       		.uleb128 0x13
 1050 00c4 02       		.uleb128 0x2
 1051 00c5 17       		.uleb128 0x17
 1052 00c6 00       		.byte	0
 1053 00c7 00       		.byte	0
 1054 00c8 0E       		.uleb128 0xe
 1055 00c9 01       		.uleb128 0x1
 1056 00ca 01       		.byte	0x1
 1057 00cb 49       		.uleb128 0x49
 1058 00cc 13       		.uleb128 0x13
 1059 00cd 01       		.uleb128 0x1
 1060 00ce 13       		.uleb128 0x13
 1061 00cf 00       		.byte	0
 1062 00d0 00       		.byte	0
 1063 00d1 0F       		.uleb128 0xf
 1064 00d2 21       		.uleb128 0x21
 1065 00d3 00       		.byte	0
 1066 00d4 49       		.uleb128 0x49
ARM GAS  C:\Users\JamesH\AppData\Local\Temp\ccEWPkcB.s 			page 21


 1067 00d5 13       		.uleb128 0x13
 1068 00d6 2F       		.uleb128 0x2f
 1069 00d7 0B       		.uleb128 0xb
 1070 00d8 00       		.byte	0
 1071 00d9 00       		.byte	0
 1072 00da 10       		.uleb128 0x10
 1073 00db 2E       		.uleb128 0x2e
 1074 00dc 00       		.byte	0
 1075 00dd 3F       		.uleb128 0x3f
 1076 00de 19       		.uleb128 0x19
 1077 00df 3C       		.uleb128 0x3c
 1078 00e0 19       		.uleb128 0x19
 1079 00e1 6E       		.uleb128 0x6e
 1080 00e2 0E       		.uleb128 0xe
 1081 00e3 03       		.uleb128 0x3
 1082 00e4 0E       		.uleb128 0xe
 1083 00e5 3A       		.uleb128 0x3a
 1084 00e6 0B       		.uleb128 0xb
 1085 00e7 3B       		.uleb128 0x3b
 1086 00e8 0B       		.uleb128 0xb
 1087 00e9 00       		.byte	0
 1088 00ea 00       		.byte	0
 1089 00eb 00       		.byte	0
 1090              		.section	.debug_loc,"",%progbits
 1091              	.Ldebug_loc0:
 1092              	.LLST0:
 1093 0000 00000000 		.4byte	.LVL0
 1094 0004 06000000 		.4byte	.LVL1
 1095 0008 0100     		.2byte	0x1
 1096 000a 50       		.byte	0x50
 1097 000b 06000000 		.4byte	.LVL1
 1098 000f 64000000 		.4byte	.LVL18
 1099 0013 0100     		.2byte	0x1
 1100 0015 54       		.byte	0x54
 1101 0016 64000000 		.4byte	.LVL18
 1102 001a 66000000 		.4byte	.LFE35
 1103 001e 0400     		.2byte	0x4
 1104 0020 F3       		.byte	0xf3
 1105 0021 01       		.uleb128 0x1
 1106 0022 50       		.byte	0x50
 1107 0023 9F       		.byte	0x9f
 1108 0024 00000000 		.4byte	0
 1109 0028 00000000 		.4byte	0
 1110              	.LLST1:
 1111 002c 00000000 		.4byte	.LVL19
 1112 0030 06000000 		.4byte	.LVL20
 1113 0034 0100     		.2byte	0x1
 1114 0036 50       		.byte	0x50
 1115 0037 06000000 		.4byte	.LVL20
 1116 003b 64000000 		.4byte	.LVL37
 1117 003f 0100     		.2byte	0x1
 1118 0041 54       		.byte	0x54
 1119 0042 64000000 		.4byte	.LVL37
 1120 0046 66000000 		.4byte	.LFE36
 1121 004a 0400     		.2byte	0x4
 1122 004c F3       		.byte	0xf3
 1123 004d 01       		.uleb128 0x1
ARM GAS  C:\Users\JamesH\AppData\Local\Temp\ccEWPkcB.s 			page 22


 1124 004e 50       		.byte	0x50
 1125 004f 9F       		.byte	0x9f
 1126 0050 00000000 		.4byte	0
 1127 0054 00000000 		.4byte	0
 1128              	.LLST2:
 1129 0058 00000000 		.4byte	.LVL38
 1130 005c 0B000000 		.4byte	.LVL39-1
 1131 0060 0100     		.2byte	0x1
 1132 0062 50       		.byte	0x50
 1133 0063 0B000000 		.4byte	.LVL39-1
 1134 0067 5C000000 		.4byte	.LFE37
 1135 006b 0600     		.2byte	0x6
 1136 006d F3       		.byte	0xf3
 1137 006e 03       		.uleb128 0x3
 1138 006f F5       		.byte	0xf5
 1139 0070 00       		.uleb128 0
 1140 0071 25       		.uleb128 0x25
 1141 0072 9F       		.byte	0x9f
 1142 0073 00000000 		.4byte	0
 1143 0077 00000000 		.4byte	0
 1144              	.LLST3:
 1145 007b 14000000 		.4byte	.LVL41
 1146 007f 17000000 		.4byte	.LVL42-1
 1147 0083 0100     		.2byte	0x1
 1148 0085 50       		.byte	0x50
 1149 0086 17000000 		.4byte	.LVL42-1
 1150 008a 40000000 		.4byte	.LVL49
 1151 008e 0100     		.2byte	0x1
 1152 0090 54       		.byte	0x54
 1153 0091 00000000 		.4byte	0
 1154 0095 00000000 		.4byte	0
 1155              	.LLST4:
 1156 0099 1A000000 		.4byte	.LVL43
 1157 009d 1D000000 		.4byte	.LVL44-1
 1158 00a1 0100     		.2byte	0x1
 1159 00a3 50       		.byte	0x50
 1160 00a4 1D000000 		.4byte	.LVL44-1
 1161 00a8 50000000 		.4byte	.LVL54
 1162 00ac 0100     		.2byte	0x1
 1163 00ae 55       		.byte	0x55
 1164 00af 00000000 		.4byte	0
 1165 00b3 00000000 		.4byte	0
 1166              	.LLST5:
 1167 00b7 3E000000 		.4byte	.LVL48
 1168 00bb 42000000 		.4byte	.LVL50
 1169 00bf 0200     		.2byte	0x2
 1170 00c1 30       		.byte	0x30
 1171 00c2 9F       		.byte	0x9f
 1172 00c3 42000000 		.4byte	.LVL50
 1173 00c7 50000000 		.4byte	.LVL53
 1174 00cb 0100     		.2byte	0x1
 1175 00cd 54       		.byte	0x54
 1176 00ce 00000000 		.4byte	0
 1177 00d2 00000000 		.4byte	0
 1178              		.section	.debug_aranges,"",%progbits
 1179 0000 2C000000 		.4byte	0x2c
 1180 0004 0200     		.2byte	0x2
ARM GAS  C:\Users\JamesH\AppData\Local\Temp\ccEWPkcB.s 			page 23


 1181 0006 00000000 		.4byte	.Ldebug_info0
 1182 000a 04       		.byte	0x4
 1183 000b 00       		.byte	0
 1184 000c 0000     		.2byte	0
 1185 000e 0000     		.2byte	0
 1186 0010 00000000 		.4byte	.LFB35
 1187 0014 66000000 		.4byte	.LFE35-.LFB35
 1188 0018 00000000 		.4byte	.LFB36
 1189 001c 66000000 		.4byte	.LFE36-.LFB36
 1190 0020 00000000 		.4byte	.LFB37
 1191 0024 5C000000 		.4byte	.LFE37-.LFB37
 1192 0028 00000000 		.4byte	0
 1193 002c 00000000 		.4byte	0
 1194              		.section	.debug_ranges,"",%progbits
 1195              	.Ldebug_ranges0:
 1196 0000 00000000 		.4byte	.LFB35
 1197 0004 66000000 		.4byte	.LFE35
 1198 0008 00000000 		.4byte	.LFB36
 1199 000c 66000000 		.4byte	.LFE36
 1200 0010 00000000 		.4byte	.LFB37
 1201 0014 5C000000 		.4byte	.LFE37
 1202 0018 00000000 		.4byte	0
 1203 001c 00000000 		.4byte	0
 1204              		.section	.debug_line,"",%progbits
 1205              	.Ldebug_line0:
 1206 0000 3E010000 		.section	.debug_str,"MS",%progbits,1
 1206      0200D200 
 1206      00000201 
 1206      FB0E0D00 
 1206      01010101 
 1207              	.LASF22:
 1208 0000 53746570 		.ascii	"StepperDriver_Write\000"
 1208      70657244 
 1208      72697665 
 1208      725F5772 
 1208      69746500 
 1209              	.LASF28:
 1210 0014 433A5C55 		.ascii	"C:\\Users\\JamesH\\Desktop\\ECE4191-Team-13-PSoC\\D"
 1210      73657273 
 1210      5C4A616D 
 1210      6573485C 
 1210      4465736B 
 1211 0042 65736967 		.ascii	"esignAttempt01.cydsn\000"
 1211      6E417474 
 1211      656D7074 
 1211      30312E63 
 1211      7964736E 
 1212              	.LASF13:
 1213 0057 646F7562 		.ascii	"double\000"
 1213      6C6500
 1214              	.LASF21:
 1215 005e 73747269 		.ascii	"string\000"
 1215      6E6700
 1216              	.LASF0:
 1217 0065 666C6F61 		.ascii	"float\000"
 1217      7400
 1218              	.LASF14:
ARM GAS  C:\Users\JamesH\AppData\Local\Temp\ccEWPkcB.s 			page 24


 1219 006b 6F6E6553 		.ascii	"oneStepCCW\000"
 1219      74657043 
 1219      435700
 1220              	.LASF27:
 1221 0076 53425430 		.ascii	"SBT0811.c\000"
 1221      3831312E 
 1221      6300
 1222              	.LASF2:
 1223 0080 756E7369 		.ascii	"unsigned char\000"
 1223      676E6564 
 1223      20636861 
 1223      7200
 1224              	.LASF6:
 1225 008e 6C6F6E67 		.ascii	"long unsigned int\000"
 1225      20756E73 
 1225      69676E65 
 1225      6420696E 
 1225      7400
 1226              	.LASF4:
 1227 00a0 73686F72 		.ascii	"short unsigned int\000"
 1227      7420756E 
 1227      7369676E 
 1227      65642069 
 1227      6E7400
 1228              	.LASF18:
 1229 00b3 616E676C 		.ascii	"angle\000"
 1229      6500
 1230              	.LASF19:
 1231 00b9 73746570 		.ascii	"steps\000"
 1231      7300
 1232              	.LASF20:
 1233 00bf 73746570 		.ascii	"stepsRound\000"
 1233      73526F75 
 1233      6E6400
 1234              	.LASF9:
 1235 00ca 756E7369 		.ascii	"unsigned int\000"
 1235      676E6564 
 1235      20696E74 
 1235      00
 1236              	.LASF8:
 1237 00d7 6C6F6E67 		.ascii	"long long unsigned int\000"
 1237      206C6F6E 
 1237      6720756E 
 1237      7369676E 
 1237      65642069 
 1238              	.LASF26:
 1239 00ee 474E5520 		.ascii	"GNU C11 5.4.1 20160609 (release) [ARM/embedded-5-br"
 1239      43313120 
 1239      352E342E 
 1239      31203230 
 1239      31363036 
 1240 0121 616E6368 		.ascii	"anch revision 237715] -mcpu=cortex-m0 -mthumb -g -O"
 1240      20726576 
 1240      6973696F 
 1240      6E203233 
 1240      37373135 
 1241 0154 67202D66 		.ascii	"g -ffunction-sections -ffat-lto-objects\000"
ARM GAS  C:\Users\JamesH\AppData\Local\Temp\ccEWPkcB.s 			page 25


 1241      66756E63 
 1241      74696F6E 
 1241      2D736563 
 1241      74696F6E 
 1242              	.LASF16:
 1243 017c 73706565 		.ascii	"speed\000"
 1243      6400
 1244              	.LASF11:
 1245 0182 73697A65 		.ascii	"sizetype\000"
 1245      74797065 
 1245      00
 1246              	.LASF7:
 1247 018b 6C6F6E67 		.ascii	"long long int\000"
 1247      206C6F6E 
 1247      6720696E 
 1247      7400
 1248              	.LASF15:
 1249 0199 6F6E6553 		.ascii	"oneStepCW\000"
 1249      74657043 
 1249      5700
 1250              	.LASF12:
 1251 01a3 63686172 		.ascii	"char\000"
 1251      00
 1252              	.LASF3:
 1253 01a8 73686F72 		.ascii	"short int\000"
 1253      7420696E 
 1253      7400
 1254              	.LASF5:
 1255 01b2 6C6F6E67 		.ascii	"long int\000"
 1255      20696E74 
 1255      00
 1256              	.LASF10:
 1257 01bb 6C6F6E67 		.ascii	"long double\000"
 1257      20646F75 
 1257      626C6500 
 1258              	.LASF1:
 1259 01c7 7369676E 		.ascii	"signed char\000"
 1259      65642063 
 1259      68617200 
 1260              	.LASF25:
 1261 01d3 55415254 		.ascii	"UART_PutString\000"
 1261      5F507574 
 1261      53747269 
 1261      6E6700
 1262              	.LASF24:
 1263 01e2 73707269 		.ascii	"sprintf\000"
 1263      6E746600 
 1264              	.LASF23:
 1265 01ea 43794465 		.ascii	"CyDelay\000"
 1265      6C617900 
 1266              	.LASF17:
 1267 01f2 6D6F7665 		.ascii	"moveAngle\000"
 1267      416E676C 
 1267      6500
 1268              		.ident	"GCC: (GNU Tools for ARM Embedded Processors) 5.4.1 20160609 (release) [ARM/embedded-5-bran
