ARM GAS  C:\Users\JamesH\AppData\Local\Temp\ccxR8ie4.s 			page 1


   1              		.syntax unified
   2              		.cpu cortex-m0
   3              		.fpu softvfp
   4              		.eabi_attribute 20, 1
   5              		.eabi_attribute 21, 1
   6              		.eabi_attribute 23, 3
   7              		.eabi_attribute 24, 1
   8              		.eabi_attribute 25, 1
   9              		.eabi_attribute 26, 1
  10              		.eabi_attribute 30, 1
  11              		.eabi_attribute 34, 0
  12              		.eabi_attribute 18, 4
  13              		.thumb
  14              		.syntax unified
  15              		.file	"SG90.c"
  16              		.text
  17              	.Ltext0:
  18              		.cfi_sections	.debug_frame
  19              		.section	.text.SG90_Begin,"ax",%progbits
  20              		.align	2
  21              		.global	SG90_Begin
  22              		.code	16
  23              		.thumb_func
  24              		.type	SG90_Begin, %function
  25              	SG90_Begin:
  26              	.LFB35:
  27              		.file 1 "SG90.c"
   1:SG90.c        **** /* ========================================
   2:SG90.c        ****  *
   3:SG90.c        ****  * Copyright YOUR COMPANY, THE YEAR
   4:SG90.c        ****  * All Rights Reserved
   5:SG90.c        ****  * UNPUBLISHED, LICENSED SOFTWARE.
   6:SG90.c        ****  *
   7:SG90.c        ****  * CONFIDENTIAL AND PROPRIETARY INFORMATION
   8:SG90.c        ****  * WHICH IS THE PROPERTY OF your company.
   9:SG90.c        ****  *
  10:SG90.c        ****  * ========================================
  11:SG90.c        **** */
  12:SG90.c        **** #include "SG90.h"
  13:SG90.c        **** #include "stdio.h"
  14:SG90.c        **** #include <stdlib.h>
  15:SG90.c        **** #include "project.h"
  16:SG90.c        **** #include <math.h>
  17:SG90.c        **** /* [] END OF FILE */
  18:SG90.c        **** 
  19:SG90.c        **** 
  20:SG90.c        **** void SG90_Begin() {
  28              		.loc 1 20 0
  29              		.cfi_startproc
  30              		@ args = 0, pretend = 0, frame = 0
  31              		@ frame_needed = 0, uses_anonymous_args = 0
  32 0000 10B5     		push	{r4, lr}
  33              		.cfi_def_cfa_offset 8
  34              		.cfi_offset 4, -8
  35              		.cfi_offset 14, -4
  21:SG90.c        ****     PWM_Start();
  36              		.loc 1 21 0
ARM GAS  C:\Users\JamesH\AppData\Local\Temp\ccxR8ie4.s 			page 2


  37 0002 FFF7FEFF 		bl	PWM_Start
  38              	.LVL0:
  22:SG90.c        ****     PWM_WritePeriod(6400); // MAGIC NUMBER
  39              		.loc 1 22 0
  40 0006 C820     		movs	r0, #200
  41 0008 4001     		lsls	r0, r0, #5
  42 000a FFF7FEFF 		bl	PWM_WritePeriod
  43              	.LVL1:
  23:SG90.c        ****     PWM_WriteCompare(480);
  44              		.loc 1 23 0
  45 000e F020     		movs	r0, #240
  46 0010 4000     		lsls	r0, r0, #1
  47 0012 FFF7FEFF 		bl	PWM_WriteCompare
  48              	.LVL2:
  24:SG90.c        ****     PWM_SetCompareMode(PWM__B_PWM__LESS_THAN_OR_EQUAL);    
  49              		.loc 1 24 0
  50 0016 0220     		movs	r0, #2
  51 0018 FFF7FEFF 		bl	PWM_SetCompareMode
  52              	.LVL3:
  25:SG90.c        **** }
  53              		.loc 1 25 0
  54              		@ sp needed
  55 001c 10BD     		pop	{r4, pc}
  56              		.cfi_endproc
  57              	.LFE35:
  58              		.size	SG90_Begin, .-SG90_Begin
  59              		.global	__aeabi_fcmpge
  60              		.global	__aeabi_fcmple
  61              		.global	__aeabi_fmul
  62              		.global	__aeabi_fsub
  63              		.global	__aeabi_f2iz
  64 001e C046     		.section	.text.SG90_ToAngle,"ax",%progbits
  65              		.align	2
  66              		.global	SG90_ToAngle
  67              		.code	16
  68              		.thumb_func
  69              		.type	SG90_ToAngle, %function
  70              	SG90_ToAngle:
  71              	.LFB36:
  26:SG90.c        **** 
  27:SG90.c        **** void SG90_ToAngle(float angle) { //On datasheet the PWM should be between 1-2ms, in practice it's a
  72              		.loc 1 27 0
  73              		.cfi_startproc
  74              		@ args = 0, pretend = 0, frame = 40
  75              		@ frame_needed = 0, uses_anonymous_args = 0
  76              	.LVL4:
  77 0000 70B5     		push	{r4, r5, r6, lr}
  78              		.cfi_def_cfa_offset 16
  79              		.cfi_offset 4, -16
  80              		.cfi_offset 5, -12
  81              		.cfi_offset 6, -8
  82              		.cfi_offset 14, -4
  83 0002 8AB0     		sub	sp, sp, #40
  84              		.cfi_def_cfa_offset 56
  85 0004 051C     		adds	r5, r0, #0
  28:SG90.c        ****     if (angle >= -90 & angle <= 90) {
  86              		.loc 1 28 0
ARM GAS  C:\Users\JamesH\AppData\Local\Temp\ccxR8ie4.s 			page 3


  87 0006 0124     		movs	r4, #1
  88 0008 1749     		ldr	r1, .L7
  89 000a FFF7FEFF 		bl	__aeabi_fcmpge
  90              	.LVL5:
  91 000e 0028     		cmp	r0, #0
  92 0010 00D1     		bne	.L3
  93 0012 0024     		movs	r4, #0
  94              	.L3:
  95 0014 0126     		movs	r6, #1
  96 0016 1549     		ldr	r1, .L7+4
  97 0018 281C     		adds	r0, r5, #0
  98 001a FFF7FEFF 		bl	__aeabi_fcmple
  99              	.LVL6:
 100 001e 0028     		cmp	r0, #0
 101 0020 00D1     		bne	.L4
 102 0022 0026     		movs	r6, #0
 103              	.L4:
 104 0024 3440     		ands	r4, r6
 105 0026 E4B2     		uxtb	r4, r4
 106 0028 002C     		cmp	r4, #0
 107 002a 0DD0     		beq	.L5
 108              	.LBB2:
  29:SG90.c        ****         // 0 = 480. 1 Degree = 3.5PWM.
  30:SG90.c        ****         int PWMAngle = 480 - angle*(float)3.5;
 109              		.loc 1 30 0
 110 002c 1049     		ldr	r1, .L7+8
 111 002e 281C     		adds	r0, r5, #0
 112 0030 FFF7FEFF 		bl	__aeabi_fmul
 113              	.LVL7:
 114 0034 011C     		adds	r1, r0, #0
 115 0036 0F48     		ldr	r0, .L7+12
 116 0038 FFF7FEFF 		bl	__aeabi_fsub
 117              	.LVL8:
 118 003c FFF7FEFF 		bl	__aeabi_f2iz
 119              	.LVL9:
  31:SG90.c        ****         PWM_WriteCompare(PWMAngle);
 120              		.loc 1 31 0
 121 0040 80B2     		uxth	r0, r0
 122              	.LVL10:
 123 0042 FFF7FEFF 		bl	PWM_WriteCompare
 124              	.LVL11:
 125              	.LBE2:
 126 0046 0DE0     		b	.L2
 127              	.L5:
 128              	.LBB3:
  32:SG90.c        ****     }
  33:SG90.c        ****     else
  34:SG90.c        ****     {
  35:SG90.c        ****         char string[40]; sprintf(string,"Error: Angle out of Servo range [90:90]"); UART_PutString(
 129              		.loc 1 35 0
 130 0048 6846     		mov	r0, sp
 131 004a 0B49     		ldr	r1, .L7+16
 132 004c 6B46     		mov	r3, sp
 133 004e 0A00     		movs	r2, r1
 134 0050 32CA     		ldmia	r2!, {r1, r4, r5}
 135 0052 32C3     		stmia	r3!, {r1, r4, r5}
 136              	.LVL12:
ARM GAS  C:\Users\JamesH\AppData\Local\Temp\ccxR8ie4.s 			page 4


 137 0054 32CA     		ldmia	r2!, {r1, r4, r5}
 138 0056 32C3     		stmia	r3!, {r1, r4, r5}
 139 0058 32CA     		ldmia	r2!, {r1, r4, r5}
 140 005a 32C3     		stmia	r3!, {r1, r4, r5}
 141 005c 1268     		ldr	r2, [r2]
 142 005e 1A60     		str	r2, [r3]
 143 0060 FFF7FEFF 		bl	UART_PutString
 144              	.LVL13:
 145              	.L2:
 146              	.LBE3:
  36:SG90.c        ****     }
  37:SG90.c        **** }...
 147              		.loc 1 37 0
 148 0064 0AB0     		add	sp, sp, #40
 149              		@ sp needed
 150 0066 70BD     		pop	{r4, r5, r6, pc}
 151              	.L8:
 152              		.align	2
 153              	.L7:
 154 0068 0000B4C2 		.word	-1028390912
 155 006c 0000B442 		.word	1119092736
 156 0070 00006040 		.word	1080033280
 157 0074 0000F043 		.word	1139802112
 158 0078 00000000 		.word	.LC0
 159              		.cfi_endproc
 160              	.LFE36:
 161              		.size	SG90_ToAngle, .-SG90_ToAngle
 162              		.section	.rodata.str1.4,"aMS",%progbits,1
 163              		.align	2
 164              	.LC0:
 165 0000 4572726F 		.ascii	"Error: Angle out of Servo range [90:90]\000"
 165      723A2041 
 165      6E676C65 
 165      206F7574 
 165      206F6620 
 166              		.text
 167              	.Letext0:
 168              		.file 2 "Generated_Source\\PSoC4/PWM.h"
 169              		.file 3 "Generated_Source\\PSoC4/UART.h"
 170              		.section	.debug_info,"",%progbits
 171              	.Ldebug_info0:
 172 0000 9D010000 		.4byte	0x19d
 173 0004 0400     		.2byte	0x4
 174 0006 00000000 		.4byte	.Ldebug_abbrev0
 175 000a 04       		.byte	0x4
 176 000b 01       		.uleb128 0x1
 177 000c 0F010000 		.4byte	.LASF21
 178 0010 0C       		.byte	0xc
 179 0011 39000000 		.4byte	.LASF22
 180 0015 99000000 		.4byte	.LASF23
 181 0019 00000000 		.4byte	.Ldebug_ranges0+0
 182 001d 00000000 		.4byte	0
 183 0021 00000000 		.4byte	.Ldebug_line0
 184 0025 02       		.uleb128 0x2
 185 0026 04       		.byte	0x4
 186 0027 04       		.byte	0x4
 187 0028 57000000 		.4byte	.LASF0
ARM GAS  C:\Users\JamesH\AppData\Local\Temp\ccxR8ie4.s 			page 5


 188 002c 02       		.uleb128 0x2
 189 002d 01       		.byte	0x1
 190 002e 06       		.byte	0x6
 191 002f B0010000 		.4byte	.LASF1
 192 0033 02       		.uleb128 0x2
 193 0034 01       		.byte	0x1
 194 0035 08       		.byte	0x8
 195 0036 1B000000 		.4byte	.LASF2
 196 003a 02       		.uleb128 0x2
 197 003b 02       		.byte	0x2
 198 003c 05       		.byte	0x5
 199 003d D8010000 		.4byte	.LASF3
 200 0041 02       		.uleb128 0x2
 201 0042 02       		.byte	0x2
 202 0043 07       		.byte	0x7
 203 0044 9D010000 		.4byte	.LASF4
 204 0048 02       		.uleb128 0x2
 205 0049 04       		.byte	0x4
 206 004a 05       		.byte	0x5
 207 004b F7000000 		.4byte	.LASF5
 208 004f 02       		.uleb128 0x2
 209 0050 04       		.byte	0x4
 210 0051 07       		.byte	0x7
 211 0052 DC000000 		.4byte	.LASF6
 212 0056 02       		.uleb128 0x2
 213 0057 08       		.byte	0x8
 214 0058 05       		.byte	0x5
 215 0059 00000000 		.4byte	.LASF7
 216 005d 02       		.uleb128 0x2
 217 005e 08       		.byte	0x8
 218 005f 07       		.byte	0x7
 219 0060 40000000 		.4byte	.LASF8
 220 0064 03       		.uleb128 0x3
 221 0065 04       		.byte	0x4
 222 0066 05       		.byte	0x5
 223 0067 696E7400 		.ascii	"int\000"
 224 006b 02       		.uleb128 0x2
 225 006c 04       		.byte	0x4
 226 006d 07       		.byte	0x7
 227 006e 0E000000 		.4byte	.LASF9
 228 0072 02       		.uleb128 0x2
 229 0073 08       		.byte	0x8
 230 0074 04       		.byte	0x4
 231 0075 BC010000 		.4byte	.LASF10
 232 0079 02       		.uleb128 0x2
 233 007a 04       		.byte	0x4
 234 007b 07       		.byte	0x7
 235 007c 89000000 		.4byte	.LASF11
 236 0080 02       		.uleb128 0x2
 237 0081 01       		.byte	0x1
 238 0082 08       		.byte	0x8
 239 0083 6A000000 		.4byte	.LASF12
 240 0087 02       		.uleb128 0x2
 241 0088 08       		.byte	0x8
 242 0089 04       		.byte	0x4
 243 008a 92000000 		.4byte	.LASF13
 244 008e 04       		.uleb128 0x4
ARM GAS  C:\Users\JamesH\AppData\Local\Temp\ccxR8ie4.s 			page 6


 245 008f F3010000 		.4byte	.LASF24
 246 0093 01       		.byte	0x1
 247 0094 14       		.byte	0x14
 248 0095 00000000 		.4byte	.LFB35
 249 0099 1E000000 		.4byte	.LFE35-.LFB35
 250 009d 01       		.uleb128 0x1
 251 009e 9C       		.byte	0x9c
 252 009f E6000000 		.4byte	0xe6
 253 00a3 05       		.uleb128 0x5
 254 00a4 06000000 		.4byte	.LVL0
 255 00a8 69010000 		.4byte	0x169
 256 00ac 06       		.uleb128 0x6
 257 00ad 0E000000 		.4byte	.LVL1
 258 00b1 74010000 		.4byte	0x174
 259 00b5 C1000000 		.4byte	0xc1
 260 00b9 07       		.uleb128 0x7
 261 00ba 01       		.uleb128 0x1
 262 00bb 50       		.byte	0x50
 263 00bc 03       		.uleb128 0x3
 264 00bd 0A       		.byte	0xa
 265 00be 0019     		.2byte	0x1900
 266 00c0 00       		.byte	0
 267 00c1 06       		.uleb128 0x6
 268 00c2 16000000 		.4byte	.LVL2
 269 00c6 7F010000 		.4byte	0x17f
 270 00ca D6000000 		.4byte	0xd6
 271 00ce 07       		.uleb128 0x7
 272 00cf 01       		.uleb128 0x1
 273 00d0 50       		.byte	0x50
 274 00d1 03       		.uleb128 0x3
 275 00d2 0A       		.byte	0xa
 276 00d3 E001     		.2byte	0x1e0
 277 00d5 00       		.byte	0
 278 00d6 08       		.uleb128 0x8
 279 00d7 1C000000 		.4byte	.LVL3
 280 00db 8A010000 		.4byte	0x18a
 281 00df 07       		.uleb128 0x7
 282 00e0 01       		.uleb128 0x1
 283 00e1 50       		.byte	0x50
 284 00e2 01       		.uleb128 0x1
 285 00e3 32       		.byte	0x32
 286 00e4 00       		.byte	0
 287 00e5 00       		.byte	0
 288 00e6 09       		.uleb128 0x9
 289 00e7 5D000000 		.4byte	.LASF25
 290 00eb 01       		.byte	0x1
 291 00ec 1B       		.byte	0x1b
 292 00ed 00000000 		.4byte	.LFB36
 293 00f1 7C000000 		.4byte	.LFE36-.LFB36
 294 00f5 01       		.uleb128 0x1
 295 00f6 9C       		.byte	0x9c
 296 00f7 59010000 		.4byte	0x159
 297 00fb 0A       		.uleb128 0xa
 298 00fc C8010000 		.4byte	.LASF26
 299 0100 01       		.byte	0x1
 300 0101 1B       		.byte	0x1b
 301 0102 25000000 		.4byte	0x25
ARM GAS  C:\Users\JamesH\AppData\Local\Temp\ccxR8ie4.s 			page 7


 302 0106 00000000 		.4byte	.LLST0
 303 010a 0B       		.uleb128 0xb
 304 010b 2C000000 		.4byte	.LBB2
 305 010f 1A000000 		.4byte	.LBE2-.LBB2
 306 0113 30010000 		.4byte	0x130
 307 0117 0C       		.uleb128 0xc
 308 0118 EE000000 		.4byte	.LASF14
 309 011c 01       		.byte	0x1
 310 011d 1E       		.byte	0x1e
 311 011e 64000000 		.4byte	0x64
 312 0122 2E000000 		.4byte	.LLST1
 313 0126 05       		.uleb128 0x5
 314 0127 46000000 		.4byte	.LVL11
 315 012b 7F010000 		.4byte	0x17f
 316 012f 00       		.byte	0
 317 0130 0D       		.uleb128 0xd
 318 0131 48000000 		.4byte	.LBB3
 319 0135 1C000000 		.4byte	.LBE3-.LBB3
 320 0139 0E       		.uleb128 0xe
 321 013a 6F000000 		.4byte	.LASF15
 322 013e 01       		.byte	0x1
 323 013f 23       		.byte	0x23
 324 0140 59010000 		.4byte	0x159
 325 0144 02       		.uleb128 0x2
 326 0145 91       		.byte	0x91
 327 0146 48       		.sleb128 -56
 328 0147 08       		.uleb128 0x8
 329 0148 64000000 		.4byte	.LVL13
 330 014c 95010000 		.4byte	0x195
 331 0150 07       		.uleb128 0x7
 332 0151 01       		.uleb128 0x1
 333 0152 50       		.byte	0x50
 334 0153 02       		.uleb128 0x2
 335 0154 7D       		.byte	0x7d
 336 0155 00       		.sleb128 0
 337 0156 00       		.byte	0
 338 0157 00       		.byte	0
 339 0158 00       		.byte	0
 340 0159 0F       		.uleb128 0xf
 341 015a 80000000 		.4byte	0x80
 342 015e 69010000 		.4byte	0x169
 343 0162 10       		.uleb128 0x10
 344 0163 79000000 		.4byte	0x79
 345 0167 27       		.byte	0x27
 346 0168 00       		.byte	0
 347 0169 11       		.uleb128 0x11
 348 016a CE010000 		.4byte	.LASF16
 349 016e CE010000 		.4byte	.LASF16
 350 0172 02       		.byte	0x2
 351 0173 92       		.byte	0x92
 352 0174 11       		.uleb128 0x11
 353 0175 29000000 		.4byte	.LASF17
 354 0179 29000000 		.4byte	.LASF17
 355 017d 02       		.byte	0x2
 356 017e BE       		.byte	0xbe
 357 017f 11       		.uleb128 0x11
 358 0180 E2010000 		.4byte	.LASF18
ARM GAS  C:\Users\JamesH\AppData\Local\Temp\ccxR8ie4.s 			page 8


 359 0184 E2010000 		.4byte	.LASF18
 360 0188 02       		.byte	0x2
 361 0189 C3       		.byte	0xc3
 362 018a 11       		.uleb128 0x11
 363 018b 76000000 		.4byte	.LASF19
 364 018f 76000000 		.4byte	.LASF19
 365 0193 02       		.byte	0x2
 366 0194 A4       		.byte	0xa4
 367 0195 11       		.uleb128 0x11
 368 0196 00010000 		.4byte	.LASF20
 369 019a 00010000 		.4byte	.LASF20
 370 019e 03       		.byte	0x3
 371 019f 26       		.byte	0x26
 372 01a0 00       		.byte	0
 373              		.section	.debug_abbrev,"",%progbits
 374              	.Ldebug_abbrev0:
 375 0000 01       		.uleb128 0x1
 376 0001 11       		.uleb128 0x11
 377 0002 01       		.byte	0x1
 378 0003 25       		.uleb128 0x25
 379 0004 0E       		.uleb128 0xe
 380 0005 13       		.uleb128 0x13
 381 0006 0B       		.uleb128 0xb
 382 0007 03       		.uleb128 0x3
 383 0008 0E       		.uleb128 0xe
 384 0009 1B       		.uleb128 0x1b
 385 000a 0E       		.uleb128 0xe
 386 000b 55       		.uleb128 0x55
 387 000c 17       		.uleb128 0x17
 388 000d 11       		.uleb128 0x11
 389 000e 01       		.uleb128 0x1
 390 000f 10       		.uleb128 0x10
 391 0010 17       		.uleb128 0x17
 392 0011 00       		.byte	0
 393 0012 00       		.byte	0
 394 0013 02       		.uleb128 0x2
 395 0014 24       		.uleb128 0x24
 396 0015 00       		.byte	0
 397 0016 0B       		.uleb128 0xb
 398 0017 0B       		.uleb128 0xb
 399 0018 3E       		.uleb128 0x3e
 400 0019 0B       		.uleb128 0xb
 401 001a 03       		.uleb128 0x3
 402 001b 0E       		.uleb128 0xe
 403 001c 00       		.byte	0
 404 001d 00       		.byte	0
 405 001e 03       		.uleb128 0x3
 406 001f 24       		.uleb128 0x24
 407 0020 00       		.byte	0
 408 0021 0B       		.uleb128 0xb
 409 0022 0B       		.uleb128 0xb
 410 0023 3E       		.uleb128 0x3e
 411 0024 0B       		.uleb128 0xb
 412 0025 03       		.uleb128 0x3
 413 0026 08       		.uleb128 0x8
 414 0027 00       		.byte	0
 415 0028 00       		.byte	0
ARM GAS  C:\Users\JamesH\AppData\Local\Temp\ccxR8ie4.s 			page 9


 416 0029 04       		.uleb128 0x4
 417 002a 2E       		.uleb128 0x2e
 418 002b 01       		.byte	0x1
 419 002c 3F       		.uleb128 0x3f
 420 002d 19       		.uleb128 0x19
 421 002e 03       		.uleb128 0x3
 422 002f 0E       		.uleb128 0xe
 423 0030 3A       		.uleb128 0x3a
 424 0031 0B       		.uleb128 0xb
 425 0032 3B       		.uleb128 0x3b
 426 0033 0B       		.uleb128 0xb
 427 0034 11       		.uleb128 0x11
 428 0035 01       		.uleb128 0x1
 429 0036 12       		.uleb128 0x12
 430 0037 06       		.uleb128 0x6
 431 0038 40       		.uleb128 0x40
 432 0039 18       		.uleb128 0x18
 433 003a 9742     		.uleb128 0x2117
 434 003c 19       		.uleb128 0x19
 435 003d 01       		.uleb128 0x1
 436 003e 13       		.uleb128 0x13
 437 003f 00       		.byte	0
 438 0040 00       		.byte	0
 439 0041 05       		.uleb128 0x5
 440 0042 898201   		.uleb128 0x4109
 441 0045 00       		.byte	0
 442 0046 11       		.uleb128 0x11
 443 0047 01       		.uleb128 0x1
 444 0048 31       		.uleb128 0x31
 445 0049 13       		.uleb128 0x13
 446 004a 00       		.byte	0
 447 004b 00       		.byte	0
 448 004c 06       		.uleb128 0x6
 449 004d 898201   		.uleb128 0x4109
 450 0050 01       		.byte	0x1
 451 0051 11       		.uleb128 0x11
 452 0052 01       		.uleb128 0x1
 453 0053 31       		.uleb128 0x31
 454 0054 13       		.uleb128 0x13
 455 0055 01       		.uleb128 0x1
 456 0056 13       		.uleb128 0x13
 457 0057 00       		.byte	0
 458 0058 00       		.byte	0
 459 0059 07       		.uleb128 0x7
 460 005a 8A8201   		.uleb128 0x410a
 461 005d 00       		.byte	0
 462 005e 02       		.uleb128 0x2
 463 005f 18       		.uleb128 0x18
 464 0060 9142     		.uleb128 0x2111
 465 0062 18       		.uleb128 0x18
 466 0063 00       		.byte	0
 467 0064 00       		.byte	0
 468 0065 08       		.uleb128 0x8
 469 0066 898201   		.uleb128 0x4109
 470 0069 01       		.byte	0x1
 471 006a 11       		.uleb128 0x11
 472 006b 01       		.uleb128 0x1
ARM GAS  C:\Users\JamesH\AppData\Local\Temp\ccxR8ie4.s 			page 10


 473 006c 31       		.uleb128 0x31
 474 006d 13       		.uleb128 0x13
 475 006e 00       		.byte	0
 476 006f 00       		.byte	0
 477 0070 09       		.uleb128 0x9
 478 0071 2E       		.uleb128 0x2e
 479 0072 01       		.byte	0x1
 480 0073 3F       		.uleb128 0x3f
 481 0074 19       		.uleb128 0x19
 482 0075 03       		.uleb128 0x3
 483 0076 0E       		.uleb128 0xe
 484 0077 3A       		.uleb128 0x3a
 485 0078 0B       		.uleb128 0xb
 486 0079 3B       		.uleb128 0x3b
 487 007a 0B       		.uleb128 0xb
 488 007b 27       		.uleb128 0x27
 489 007c 19       		.uleb128 0x19
 490 007d 11       		.uleb128 0x11
 491 007e 01       		.uleb128 0x1
 492 007f 12       		.uleb128 0x12
 493 0080 06       		.uleb128 0x6
 494 0081 40       		.uleb128 0x40
 495 0082 18       		.uleb128 0x18
 496 0083 9642     		.uleb128 0x2116
 497 0085 19       		.uleb128 0x19
 498 0086 01       		.uleb128 0x1
 499 0087 13       		.uleb128 0x13
 500 0088 00       		.byte	0
 501 0089 00       		.byte	0
 502 008a 0A       		.uleb128 0xa
 503 008b 05       		.uleb128 0x5
 504 008c 00       		.byte	0
 505 008d 03       		.uleb128 0x3
 506 008e 0E       		.uleb128 0xe
 507 008f 3A       		.uleb128 0x3a
 508 0090 0B       		.uleb128 0xb
 509 0091 3B       		.uleb128 0x3b
 510 0092 0B       		.uleb128 0xb
 511 0093 49       		.uleb128 0x49
 512 0094 13       		.uleb128 0x13
 513 0095 02       		.uleb128 0x2
 514 0096 17       		.uleb128 0x17
 515 0097 00       		.byte	0
 516 0098 00       		.byte	0
 517 0099 0B       		.uleb128 0xb
 518 009a 0B       		.uleb128 0xb
 519 009b 01       		.byte	0x1
 520 009c 11       		.uleb128 0x11
 521 009d 01       		.uleb128 0x1
 522 009e 12       		.uleb128 0x12
 523 009f 06       		.uleb128 0x6
 524 00a0 01       		.uleb128 0x1
 525 00a1 13       		.uleb128 0x13
 526 00a2 00       		.byte	0
 527 00a3 00       		.byte	0
 528 00a4 0C       		.uleb128 0xc
 529 00a5 34       		.uleb128 0x34
ARM GAS  C:\Users\JamesH\AppData\Local\Temp\ccxR8ie4.s 			page 11


 530 00a6 00       		.byte	0
 531 00a7 03       		.uleb128 0x3
 532 00a8 0E       		.uleb128 0xe
 533 00a9 3A       		.uleb128 0x3a
 534 00aa 0B       		.uleb128 0xb
 535 00ab 3B       		.uleb128 0x3b
 536 00ac 0B       		.uleb128 0xb
 537 00ad 49       		.uleb128 0x49
 538 00ae 13       		.uleb128 0x13
 539 00af 02       		.uleb128 0x2
 540 00b0 17       		.uleb128 0x17
 541 00b1 00       		.byte	0
 542 00b2 00       		.byte	0
 543 00b3 0D       		.uleb128 0xd
 544 00b4 0B       		.uleb128 0xb
 545 00b5 01       		.byte	0x1
 546 00b6 11       		.uleb128 0x11
 547 00b7 01       		.uleb128 0x1
 548 00b8 12       		.uleb128 0x12
 549 00b9 06       		.uleb128 0x6
 550 00ba 00       		.byte	0
 551 00bb 00       		.byte	0
 552 00bc 0E       		.uleb128 0xe
 553 00bd 34       		.uleb128 0x34
 554 00be 00       		.byte	0
 555 00bf 03       		.uleb128 0x3
 556 00c0 0E       		.uleb128 0xe
 557 00c1 3A       		.uleb128 0x3a
 558 00c2 0B       		.uleb128 0xb
 559 00c3 3B       		.uleb128 0x3b
 560 00c4 0B       		.uleb128 0xb
 561 00c5 49       		.uleb128 0x49
 562 00c6 13       		.uleb128 0x13
 563 00c7 02       		.uleb128 0x2
 564 00c8 18       		.uleb128 0x18
 565 00c9 00       		.byte	0
 566 00ca 00       		.byte	0
 567 00cb 0F       		.uleb128 0xf
 568 00cc 01       		.uleb128 0x1
 569 00cd 01       		.byte	0x1
 570 00ce 49       		.uleb128 0x49
 571 00cf 13       		.uleb128 0x13
 572 00d0 01       		.uleb128 0x1
 573 00d1 13       		.uleb128 0x13
 574 00d2 00       		.byte	0
 575 00d3 00       		.byte	0
 576 00d4 10       		.uleb128 0x10
 577 00d5 21       		.uleb128 0x21
 578 00d6 00       		.byte	0
 579 00d7 49       		.uleb128 0x49
 580 00d8 13       		.uleb128 0x13
 581 00d9 2F       		.uleb128 0x2f
 582 00da 0B       		.uleb128 0xb
 583 00db 00       		.byte	0
 584 00dc 00       		.byte	0
 585 00dd 11       		.uleb128 0x11
 586 00de 2E       		.uleb128 0x2e
ARM GAS  C:\Users\JamesH\AppData\Local\Temp\ccxR8ie4.s 			page 12


 587 00df 00       		.byte	0
 588 00e0 3F       		.uleb128 0x3f
 589 00e1 19       		.uleb128 0x19
 590 00e2 3C       		.uleb128 0x3c
 591 00e3 19       		.uleb128 0x19
 592 00e4 6E       		.uleb128 0x6e
 593 00e5 0E       		.uleb128 0xe
 594 00e6 03       		.uleb128 0x3
 595 00e7 0E       		.uleb128 0xe
 596 00e8 3A       		.uleb128 0x3a
 597 00e9 0B       		.uleb128 0xb
 598 00ea 3B       		.uleb128 0x3b
 599 00eb 0B       		.uleb128 0xb
 600 00ec 00       		.byte	0
 601 00ed 00       		.byte	0
 602 00ee 00       		.byte	0
 603              		.section	.debug_loc,"",%progbits
 604              	.Ldebug_loc0:
 605              	.LLST0:
 606 0000 00000000 		.4byte	.LVL4
 607 0004 0D000000 		.4byte	.LVL5-1
 608 0008 0100     		.2byte	0x1
 609 000a 50       		.byte	0x50
 610 000b 0D000000 		.4byte	.LVL5-1
 611 000f 54000000 		.4byte	.LVL12
 612 0013 0100     		.2byte	0x1
 613 0015 55       		.byte	0x55
 614 0016 54000000 		.4byte	.LVL12
 615 001a 7C000000 		.4byte	.LFE36
 616 001e 0600     		.2byte	0x6
 617 0020 F3       		.byte	0xf3
 618 0021 03       		.uleb128 0x3
 619 0022 F5       		.byte	0xf5
 620 0023 00       		.uleb128 0
 621 0024 25       		.uleb128 0x25
 622 0025 9F       		.byte	0x9f
 623 0026 00000000 		.4byte	0
 624 002a 00000000 		.4byte	0
 625              	.LLST1:
 626 002e 40000000 		.4byte	.LVL9
 627 0032 42000000 		.4byte	.LVL10
 628 0036 0100     		.2byte	0x1
 629 0038 50       		.byte	0x50
 630 0039 00000000 		.4byte	0
 631 003d 00000000 		.4byte	0
 632              		.section	.debug_aranges,"",%progbits
 633 0000 24000000 		.4byte	0x24
 634 0004 0200     		.2byte	0x2
 635 0006 00000000 		.4byte	.Ldebug_info0
 636 000a 04       		.byte	0x4
 637 000b 00       		.byte	0
 638 000c 0000     		.2byte	0
 639 000e 0000     		.2byte	0
 640 0010 00000000 		.4byte	.LFB35
 641 0014 1E000000 		.4byte	.LFE35-.LFB35
 642 0018 00000000 		.4byte	.LFB36
 643 001c 7C000000 		.4byte	.LFE36-.LFB36
ARM GAS  C:\Users\JamesH\AppData\Local\Temp\ccxR8ie4.s 			page 13


 644 0020 00000000 		.4byte	0
 645 0024 00000000 		.4byte	0
 646              		.section	.debug_ranges,"",%progbits
 647              	.Ldebug_ranges0:
 648 0000 00000000 		.4byte	.LFB35
 649 0004 1E000000 		.4byte	.LFE35
 650 0008 00000000 		.4byte	.LFB36
 651 000c 7C000000 		.4byte	.LFE36
 652 0010 00000000 		.4byte	0
 653 0014 00000000 		.4byte	0
 654              		.section	.debug_line,"",%progbits
 655              	.Ldebug_line0:
 656 0000 76000000 		.section	.debug_str,"MS",%progbits,1
 656      02004700 
 656      00000201 
 656      FB0E0D00 
 656      01010101 
 657              	.LASF7:
 658 0000 6C6F6E67 		.ascii	"long long int\000"
 658      206C6F6E 
 658      6720696E 
 658      7400
 659              	.LASF9:
 660 000e 756E7369 		.ascii	"unsigned int\000"
 660      676E6564 
 660      20696E74 
 660      00
 661              	.LASF2:
 662 001b 756E7369 		.ascii	"unsigned char\000"
 662      676E6564 
 662      20636861 
 662      7200
 663              	.LASF17:
 664 0029 50574D5F 		.ascii	"PWM_WritePeriod\000"
 664      57726974 
 664      65506572 
 664      696F6400 
 665              	.LASF22:
 666 0039 53473930 		.ascii	"SG90.c\000"
 666      2E6300
 667              	.LASF8:
 668 0040 6C6F6E67 		.ascii	"long long unsigned int\000"
 668      206C6F6E 
 668      6720756E 
 668      7369676E 
 668      65642069 
 669              	.LASF0:
 670 0057 666C6F61 		.ascii	"float\000"
 670      7400
 671              	.LASF25:
 672 005d 53473930 		.ascii	"SG90_ToAngle\000"
 672      5F546F41 
 672      6E676C65 
 672      00
 673              	.LASF12:
 674 006a 63686172 		.ascii	"char\000"
 674      00
ARM GAS  C:\Users\JamesH\AppData\Local\Temp\ccxR8ie4.s 			page 14


 675              	.LASF15:
 676 006f 73747269 		.ascii	"string\000"
 676      6E6700
 677              	.LASF19:
 678 0076 50574D5F 		.ascii	"PWM_SetCompareMode\000"
 678      53657443 
 678      6F6D7061 
 678      72654D6F 
 678      646500
 679              	.LASF11:
 680 0089 73697A65 		.ascii	"sizetype\000"
 680      74797065 
 680      00
 681              	.LASF13:
 682 0092 646F7562 		.ascii	"double\000"
 682      6C6500
 683              	.LASF23:
 684 0099 433A5C55 		.ascii	"C:\\Users\\JamesH\\Desktop\\ECE4191-Team-13-PSoC\\D"
 684      73657273 
 684      5C4A616D 
 684      6573485C 
 684      4465736B 
 685 00c7 65736967 		.ascii	"esignAttempt01.cydsn\000"
 685      6E417474 
 685      656D7074 
 685      30312E63 
 685      7964736E 
 686              	.LASF6:
 687 00dc 6C6F6E67 		.ascii	"long unsigned int\000"
 687      20756E73 
 687      69676E65 
 687      6420696E 
 687      7400
 688              	.LASF14:
 689 00ee 50574D41 		.ascii	"PWMAngle\000"
 689      6E676C65 
 689      00
 690              	.LASF5:
 691 00f7 6C6F6E67 		.ascii	"long int\000"
 691      20696E74 
 691      00
 692              	.LASF20:
 693 0100 55415254 		.ascii	"UART_PutString\000"
 693      5F507574 
 693      53747269 
 693      6E6700
 694              	.LASF21:
 695 010f 474E5520 		.ascii	"GNU C11 5.4.1 20160609 (release) [ARM/embedded-5-br"
 695      43313120 
 695      352E342E 
 695      31203230 
 695      31363036 
 696 0142 616E6368 		.ascii	"anch revision 237715] -mcpu=cortex-m0 -mthumb -g -O"
 696      20726576 
 696      6973696F 
 696      6E203233 
 696      37373135 
ARM GAS  C:\Users\JamesH\AppData\Local\Temp\ccxR8ie4.s 			page 15


 697 0175 67202D66 		.ascii	"g -ffunction-sections -ffat-lto-objects\000"
 697      66756E63 
 697      74696F6E 
 697      2D736563 
 697      74696F6E 
 698              	.LASF4:
 699 019d 73686F72 		.ascii	"short unsigned int\000"
 699      7420756E 
 699      7369676E 
 699      65642069 
 699      6E7400
 700              	.LASF1:
 701 01b0 7369676E 		.ascii	"signed char\000"
 701      65642063 
 701      68617200 
 702              	.LASF10:
 703 01bc 6C6F6E67 		.ascii	"long double\000"
 703      20646F75 
 703      626C6500 
 704              	.LASF26:
 705 01c8 616E676C 		.ascii	"angle\000"
 705      6500
 706              	.LASF16:
 707 01ce 50574D5F 		.ascii	"PWM_Start\000"
 707      53746172 
 707      7400
 708              	.LASF3:
 709 01d8 73686F72 		.ascii	"short int\000"
 709      7420696E 
 709      7400
 710              	.LASF18:
 711 01e2 50574D5F 		.ascii	"PWM_WriteCompare\000"
 711      57726974 
 711      65436F6D 
 711      70617265 
 711      00
 712              	.LASF24:
 713 01f3 53473930 		.ascii	"SG90_Begin\000"
 713      5F426567 
 713      696E00
 714              		.ident	"GCC: (GNU Tools for ARM Embedded Processors) 5.4.1 20160609 (release) [ARM/embedded-5-bran
