ARM GAS  C:\Users\JamesH\AppData\Local\Temp\cc0uF4JC.s 			page 1


   1              		.syntax unified
   2              		.cpu cortex-m0
   3              		.fpu softvfp
   4              		.eabi_attribute 20, 1
   5              		.eabi_attribute 21, 1
   6              		.eabi_attribute 23, 3
   7              		.eabi_attribute 24, 1
   8              		.eabi_attribute 25, 1
   9              		.eabi_attribute 26, 1
  10              		.eabi_attribute 30, 1
  11              		.eabi_attribute 34, 0
  12              		.eabi_attribute 18, 4
  13              		.thumb
  14              		.syntax unified
  15              		.file	"TB9051.c"
  16              		.text
  17              	.Ltext0:
  18              		.cfi_sections	.debug_frame
  19              		.section	.text.TB9051_Begin,"ax",%progbits
  20              		.align	2
  21              		.global	TB9051_Begin
  22              		.code	16
  23              		.thumb_func
  24              		.type	TB9051_Begin, %function
  25              	TB9051_Begin:
  26              	.LFB34:
  27              		.file 1 "TB9051.c"
   1:TB9051.c      **** /* ========================================
   2:TB9051.c      ****  *
   3:TB9051.c      ****  * Copyright YOUR COMPANY, THE YEAR
   4:TB9051.c      ****  * All Rights Reserved
   5:TB9051.c      ****  * UNPUBLISHED, LICENSED SOFTWARE.
   6:TB9051.c      ****  *
   7:TB9051.c      ****  * CONFIDENTIAL AND PROPRIETARY INFORMATION
   8:TB9051.c      ****  * WHICH IS THE PROPERTY OF your company.
   9:TB9051.c      ****  *
  10:TB9051.c      ****  * ========================================
  11:TB9051.c      **** */
  12:TB9051.c      **** #include "TB9051.h"
  13:TB9051.c      **** #include "project.h"
  14:TB9051.c      **** #include <math.h>
  15:TB9051.c      **** 
  16:TB9051.c      **** void TB9051_Begin()
  17:TB9051.c      **** {
  28              		.loc 1 17 0
  29              		.cfi_startproc
  30              		@ args = 0, pretend = 0, frame = 0
  31              		@ frame_needed = 0, uses_anonymous_args = 0
  32 0000 10B5     		push	{r4, lr}
  33              		.cfi_def_cfa_offset 8
  34              		.cfi_offset 4, -8
  35              		.cfi_offset 14, -4
  18:TB9051.c      ****     QuadPWM_Init();
  36              		.loc 1 18 0
  37 0002 FFF7FEFF 		bl	QuadPWM_Init
  38              	.LVL0:
  39              	.LBB2:
ARM GAS  C:\Users\JamesH\AppData\Local\Temp\cc0uF4JC.s 			page 2


  19:TB9051.c      ****     for (int i = 1; i <= 4; i++){ 
  40              		.loc 1 19 0
  41 0006 0124     		movs	r4, #1
  42 0008 04E0     		b	.L2
  43              	.LVL1:
  44              	.L3:
  20:TB9051.c      ****         QuadPWM_SetDutyCycle(i,0);
  45              		.loc 1 20 0 discriminator 3
  46 000a 0021     		movs	r1, #0
  47 000c 2000     		movs	r0, r4
  48 000e FFF7FEFF 		bl	QuadPWM_SetDutyCycle
  49              	.LVL2:
  19:TB9051.c      ****     for (int i = 1; i <= 4; i++){ 
  50              		.loc 1 19 0 discriminator 3
  51 0012 0134     		adds	r4, r4, #1
  52              	.LVL3:
  53              	.L2:
  19:TB9051.c      ****     for (int i = 1; i <= 4; i++){ 
  54              		.loc 1 19 0 is_stmt 0 discriminator 1
  55 0014 042C     		cmp	r4, #4
  56 0016 F8DD     		ble	.L3
  57              	.LBE2:
  21:TB9051.c      ****     }
  22:TB9051.c      ****     TB9051_EN_Write(0x2); // EN high ENB low
  58              		.loc 1 22 0 is_stmt 1
  59 0018 0220     		movs	r0, #2
  60 001a FFF7FEFF 		bl	TB9051_EN_Write
  61              	.LVL4:
  23:TB9051.c      **** }
  62              		.loc 1 23 0
  63              		@ sp needed
  64              	.LVL5:
  65 001e 10BD     		pop	{r4, pc}
  66              		.cfi_endproc
  67              	.LFE34:
  68              		.size	TB9051_Begin, .-TB9051_Begin
  69              		.section	.text.TB9051_Brake,"ax",%progbits
  70              		.align	2
  71              		.global	TB9051_Brake
  72              		.code	16
  73              		.thumb_func
  74              		.type	TB9051_Brake, %function
  75              	TB9051_Brake:
  76              	.LFB40:
  24:TB9051.c      **** 
  25:TB9051.c      **** void TB9051_VehForward(int speed) {
  26:TB9051.c      ****     TB9051_Forward(0,speed);
  27:TB9051.c      ****     TB9051_Forward(1,speed);
  28:TB9051.c      **** }
  29:TB9051.c      **** 
  30:TB9051.c      **** void TB9051_VehReverse(int speed) {
  31:TB9051.c      ****     TB9051_Reverse(0,speed);
  32:TB9051.c      ****     TB9051_Reverse(1,speed);
  33:TB9051.c      **** }
  34:TB9051.c      **** 
  35:TB9051.c      **** void TB9051_VehBrake() {
  36:TB9051.c      ****     TB9051_Brake(0);
ARM GAS  C:\Users\JamesH\AppData\Local\Temp\cc0uF4JC.s 			page 3


  37:TB9051.c      ****     TB9051_Brake(1);
  38:TB9051.c      **** }
  39:TB9051.c      **** 
  40:TB9051.c      **** void TB9051_Forward(int motor, int speed)
  41:TB9051.c      **** { 
  42:TB9051.c      ****     TB9051_Brake(motor);
  43:TB9051.c      ****     if (speed >= QuadPWM_MIN_DUTY_CYCLE & speed <= QuadPWM_MAX_DUTY_CYCLE) {
  44:TB9051.c      ****     //PWM1 H, PWM2 L
  45:TB9051.c      ****     if (motor == 0) {
  46:TB9051.c      ****         QuadPWM_SetDutyCycle(1,speed);
  47:TB9051.c      ****         QuadPWM_SetDutyCycle(2,0);
  48:TB9051.c      ****     }
  49:TB9051.c      ****     else {
  50:TB9051.c      ****         QuadPWM_SetDutyCycle(3,speed);
  51:TB9051.c      ****         QuadPWM_SetDutyCycle(4,0);       
  52:TB9051.c      ****     }
  53:TB9051.c      ****     }
  54:TB9051.c      **** }
  55:TB9051.c      **** 
  56:TB9051.c      **** void TB9051_Reverse(int motor, int speed)
  57:TB9051.c      **** { 
  58:TB9051.c      ****     TB9051_Brake(motor);
  59:TB9051.c      ****     if (speed >= QuadPWM_MIN_DUTY_CYCLE & speed <= QuadPWM_MAX_DUTY_CYCLE) {
  60:TB9051.c      ****         //PWM1 L, PWM2 H
  61:TB9051.c      ****         if (motor == 0) {
  62:TB9051.c      ****             QuadPWM_SetDutyCycle(1,0);
  63:TB9051.c      ****             QuadPWM_SetDutyCycle(2,speed);
  64:TB9051.c      ****         }
  65:TB9051.c      ****         else {
  66:TB9051.c      ****             QuadPWM_SetDutyCycle(3,0);
  67:TB9051.c      ****             QuadPWM_SetDutyCycle(4,speed);       
  68:TB9051.c      ****         }
  69:TB9051.c      ****     }
  70:TB9051.c      **** }
  71:TB9051.c      **** 
  72:TB9051.c      **** void TB9051_Brake(int motor)
  73:TB9051.c      **** { // To avoid damaging motors, a brake is applied between forward and reverse movements
  77              		.loc 1 73 0
  78              		.cfi_startproc
  79              		@ args = 0, pretend = 0, frame = 0
  80              		@ frame_needed = 0, uses_anonymous_args = 0
  81              	.LVL6:
  82 0000 10B5     		push	{r4, lr}
  83              		.cfi_def_cfa_offset 8
  84              		.cfi_offset 4, -8
  85              		.cfi_offset 14, -4
  74:TB9051.c      ****     if (motor == 0) { // Motor 0
  86              		.loc 1 74 0
  87 0002 0028     		cmp	r0, #0
  88 0004 29D1     		bne	.L5
  75:TB9051.c      ****         if (QuadPWM_REG_D0 != 255 & QuadPWM_REG_D1 == 255){ // motor is moving forward
  89              		.loc 1 75 0
  90 0006 2B4B     		ldr	r3, .L9
  91 0008 1B78     		ldrb	r3, [r3]
  92 000a 2B4A     		ldr	r2, .L9+4
  93 000c 1278     		ldrb	r2, [r2]
  94 000e FF3B     		subs	r3, r3, #255
ARM GAS  C:\Users\JamesH\AppData\Local\Temp\cc0uF4JC.s 			page 4


  95 0010 591E     		subs	r1, r3, #1
  96 0012 8B41     		sbcs	r3, r3, r1
  97 0014 FF3A     		subs	r2, r2, #255
  98 0016 5142     		rsbs	r1, r2, #0
  99 0018 4A41     		adcs	r2, r2, r1
 100 001a 1A42     		tst	r2, r3
 101 001c 08D0     		beq	.L6
  76:TB9051.c      ****             QuadPWM_SetDutyCycle(1,0);
 102              		.loc 1 76 0
 103 001e 0021     		movs	r1, #0
 104 0020 0130     		adds	r0, r0, #1
 105              	.LVL7:
 106 0022 FFF7FEFF 		bl	QuadPWM_SetDutyCycle
 107              	.LVL8:
  77:TB9051.c      ****             QuadPWM_SetDutyCycle(2,0);
 108              		.loc 1 77 0
 109 0026 0021     		movs	r1, #0
 110 0028 0220     		movs	r0, #2
 111 002a FFF7FEFF 		bl	QuadPWM_SetDutyCycle
 112              	.LVL9:
 113 002e 3DE0     		b	.L7
 114              	.LVL10:
 115              	.L6:
  78:TB9051.c      ****         }
  79:TB9051.c      ****         else if (QuadPWM_REG_D0 == 255 & QuadPWM_REG_D1 != 255) // motor is moving backward
 116              		.loc 1 79 0
 117 0030 204B     		ldr	r3, .L9
 118 0032 1B78     		ldrb	r3, [r3]
 119 0034 204A     		ldr	r2, .L9+4
 120 0036 1278     		ldrb	r2, [r2]
 121 0038 FF3B     		subs	r3, r3, #255
 122 003a 5942     		rsbs	r1, r3, #0
 123 003c 4B41     		adcs	r3, r3, r1
 124 003e FF3A     		subs	r2, r2, #255
 125 0040 511E     		subs	r1, r2, #1
 126 0042 8A41     		sbcs	r2, r2, r1
 127 0044 1A42     		tst	r2, r3
 128 0046 31D0     		beq	.L7
  80:TB9051.c      ****         {
  81:TB9051.c      ****             QuadPWM_SetDutyCycle(1,25);
 129              		.loc 1 81 0
 130 0048 1921     		movs	r1, #25
 131 004a 0120     		movs	r0, #1
 132              	.LVL11:
 133 004c FFF7FEFF 		bl	QuadPWM_SetDutyCycle
 134              	.LVL12:
  82:TB9051.c      ****             QuadPWM_SetDutyCycle(2,25);
 135              		.loc 1 82 0
 136 0050 1921     		movs	r1, #25
 137 0052 0220     		movs	r0, #2
 138 0054 FFF7FEFF 		bl	QuadPWM_SetDutyCycle
 139              	.LVL13:
 140 0058 28E0     		b	.L7
 141              	.LVL14:
 142              	.L5:
  83:TB9051.c      ****         }
  84:TB9051.c      ****     }
ARM GAS  C:\Users\JamesH\AppData\Local\Temp\cc0uF4JC.s 			page 5


  85:TB9051.c      ****     else // Motor 1
  86:TB9051.c      ****     {
  87:TB9051.c      ****         if (QuadPWM_REG_F0 != 255 & QuadPWM_REG_F1 == 255){ // motor is moving forward
 143              		.loc 1 87 0
 144 005a 184B     		ldr	r3, .L9+8
 145 005c 1B78     		ldrb	r3, [r3]
 146 005e 184A     		ldr	r2, .L9+12
 147 0060 1278     		ldrb	r2, [r2]
 148 0062 FF3B     		subs	r3, r3, #255
 149 0064 591E     		subs	r1, r3, #1
 150 0066 8B41     		sbcs	r3, r3, r1
 151 0068 FF3A     		subs	r2, r2, #255
 152 006a 5142     		rsbs	r1, r2, #0
 153 006c 4A41     		adcs	r2, r2, r1
 154 006e 1A42     		tst	r2, r3
 155 0070 08D0     		beq	.L8
  88:TB9051.c      ****             QuadPWM_SetDutyCycle(3,0);
 156              		.loc 1 88 0
 157 0072 0021     		movs	r1, #0
 158 0074 0320     		movs	r0, #3
 159              	.LVL15:
 160 0076 FFF7FEFF 		bl	QuadPWM_SetDutyCycle
 161              	.LVL16:
  89:TB9051.c      ****             QuadPWM_SetDutyCycle(4,0);
 162              		.loc 1 89 0
 163 007a 0021     		movs	r1, #0
 164 007c 0420     		movs	r0, #4
 165 007e FFF7FEFF 		bl	QuadPWM_SetDutyCycle
 166              	.LVL17:
 167 0082 13E0     		b	.L7
 168              	.LVL18:
 169              	.L8:
  90:TB9051.c      ****         }
  91:TB9051.c      ****         else if (QuadPWM_REG_F0 == 255 & QuadPWM_REG_F1 != 255) // motor is moving backward
 170              		.loc 1 91 0
 171 0084 0D4B     		ldr	r3, .L9+8
 172 0086 1B78     		ldrb	r3, [r3]
 173 0088 0D4A     		ldr	r2, .L9+12
 174 008a 1278     		ldrb	r2, [r2]
 175 008c FF3B     		subs	r3, r3, #255
 176 008e 5942     		rsbs	r1, r3, #0
 177 0090 4B41     		adcs	r3, r3, r1
 178 0092 FF3A     		subs	r2, r2, #255
 179 0094 511E     		subs	r1, r2, #1
 180 0096 8A41     		sbcs	r2, r2, r1
 181 0098 1A42     		tst	r2, r3
 182 009a 07D0     		beq	.L7
  92:TB9051.c      ****         {
  93:TB9051.c      ****             QuadPWM_SetDutyCycle(3,25);
 183              		.loc 1 93 0
 184 009c 1921     		movs	r1, #25
 185 009e 0320     		movs	r0, #3
 186              	.LVL19:
 187 00a0 FFF7FEFF 		bl	QuadPWM_SetDutyCycle
 188              	.LVL20:
  94:TB9051.c      ****             QuadPWM_SetDutyCycle(4,25);
 189              		.loc 1 94 0
ARM GAS  C:\Users\JamesH\AppData\Local\Temp\cc0uF4JC.s 			page 6


 190 00a4 1921     		movs	r1, #25
 191 00a6 0420     		movs	r0, #4
 192 00a8 FFF7FEFF 		bl	QuadPWM_SetDutyCycle
 193              	.LVL21:
 194              	.L7:
  95:TB9051.c      ****         }
  96:TB9051.c      ****     }    
  97:TB9051.c      ****     // TO-DO: ADD non-blocking delay here so that the short brake is applied for a suitable period 
  98:TB9051.c      ****     CyDelay(100);
 195              		.loc 1 98 0
 196 00ac 6420     		movs	r0, #100
 197 00ae FFF7FEFF 		bl	CyDelay
 198              	.LVL22:
  99:TB9051.c      **** }
 199              		.loc 1 99 0
 200              		@ sp needed
 201 00b2 10BD     		pop	{r4, pc}
 202              	.L10:
 203              		.align	2
 204              	.L9:
 205 00b4 23000F40 		.word	1074724899
 206 00b8 33000F40 		.word	1074724915
 207 00bc 43000F40 		.word	1074724931
 208 00c0 53000F40 		.word	1074724947
 209              		.cfi_endproc
 210              	.LFE40:
 211              		.size	TB9051_Brake, .-TB9051_Brake
 212              		.section	.text.TB9051_VehBrake,"ax",%progbits
 213              		.align	2
 214              		.global	TB9051_VehBrake
 215              		.code	16
 216              		.thumb_func
 217              		.type	TB9051_VehBrake, %function
 218              	TB9051_VehBrake:
 219              	.LFB37:
  35:TB9051.c      ****     TB9051_Brake(0);
 220              		.loc 1 35 0
 221              		.cfi_startproc
 222              		@ args = 0, pretend = 0, frame = 0
 223              		@ frame_needed = 0, uses_anonymous_args = 0
 224 0000 10B5     		push	{r4, lr}
 225              		.cfi_def_cfa_offset 8
 226              		.cfi_offset 4, -8
 227              		.cfi_offset 14, -4
  36:TB9051.c      ****     TB9051_Brake(1);
 228              		.loc 1 36 0
 229 0002 0020     		movs	r0, #0
 230 0004 FFF7FEFF 		bl	TB9051_Brake
 231              	.LVL23:
  37:TB9051.c      **** }
 232              		.loc 1 37 0
 233 0008 0120     		movs	r0, #1
 234 000a FFF7FEFF 		bl	TB9051_Brake
 235              	.LVL24:
  38:TB9051.c      **** 
 236              		.loc 1 38 0
 237              		@ sp needed
ARM GAS  C:\Users\JamesH\AppData\Local\Temp\cc0uF4JC.s 			page 7


 238 000e 10BD     		pop	{r4, pc}
 239              		.cfi_endproc
 240              	.LFE37:
 241              		.size	TB9051_VehBrake, .-TB9051_VehBrake
 242              		.section	.text.TB9051_Forward,"ax",%progbits
 243              		.align	2
 244              		.global	TB9051_Forward
 245              		.code	16
 246              		.thumb_func
 247              		.type	TB9051_Forward, %function
 248              	TB9051_Forward:
 249              	.LFB38:
  41:TB9051.c      ****     TB9051_Brake(motor);
 250              		.loc 1 41 0
 251              		.cfi_startproc
 252              		@ args = 0, pretend = 0, frame = 0
 253              		@ frame_needed = 0, uses_anonymous_args = 0
 254              	.LVL25:
 255 0000 70B5     		push	{r4, r5, r6, lr}
 256              		.cfi_def_cfa_offset 16
 257              		.cfi_offset 4, -16
 258              		.cfi_offset 5, -12
 259              		.cfi_offset 6, -8
 260              		.cfi_offset 14, -4
 261 0002 0400     		movs	r4, r0
 262 0004 0D00     		movs	r5, r1
  42:TB9051.c      ****     if (speed >= QuadPWM_MIN_DUTY_CYCLE & speed <= QuadPWM_MAX_DUTY_CYCLE) {
 263              		.loc 1 42 0
 264 0006 FFF7FEFF 		bl	TB9051_Brake
 265              	.LVL26:
  43:TB9051.c      ****     //PWM1 H, PWM2 L
 266              		.loc 1 43 0
 267 000a FF2D     		cmp	r5, #255
 268 000c 12D8     		bhi	.L12
  45:TB9051.c      ****         QuadPWM_SetDutyCycle(1,speed);
 269              		.loc 1 45 0
 270 000e 002C     		cmp	r4, #0
 271 0010 08D1     		bne	.L14
  46:TB9051.c      ****         QuadPWM_SetDutyCycle(2,0);
 272              		.loc 1 46 0
 273 0012 2900     		movs	r1, r5
 274 0014 0120     		movs	r0, #1
 275 0016 FFF7FEFF 		bl	QuadPWM_SetDutyCycle
 276              	.LVL27:
  47:TB9051.c      ****     }
 277              		.loc 1 47 0
 278 001a 0021     		movs	r1, #0
 279 001c 0220     		movs	r0, #2
 280 001e FFF7FEFF 		bl	QuadPWM_SetDutyCycle
 281              	.LVL28:
 282 0022 07E0     		b	.L12
 283              	.L14:
  50:TB9051.c      ****         QuadPWM_SetDutyCycle(4,0);       
 284              		.loc 1 50 0
 285 0024 2900     		movs	r1, r5
 286 0026 0320     		movs	r0, #3
 287 0028 FFF7FEFF 		bl	QuadPWM_SetDutyCycle
ARM GAS  C:\Users\JamesH\AppData\Local\Temp\cc0uF4JC.s 			page 8


 288              	.LVL29:
  51:TB9051.c      ****     }
 289              		.loc 1 51 0
 290 002c 0021     		movs	r1, #0
 291 002e 0420     		movs	r0, #4
 292 0030 FFF7FEFF 		bl	QuadPWM_SetDutyCycle
 293              	.LVL30:
 294              	.L12:
  54:TB9051.c      **** 
 295              		.loc 1 54 0
 296              		@ sp needed
 297              	.LVL31:
 298              	.LVL32:
 299 0034 70BD     		pop	{r4, r5, r6, pc}
 300              		.cfi_endproc
 301              	.LFE38:
 302              		.size	TB9051_Forward, .-TB9051_Forward
 303 0036 C046     		.section	.text.TB9051_VehForward,"ax",%progbits
 304              		.align	2
 305              		.global	TB9051_VehForward
 306              		.code	16
 307              		.thumb_func
 308              		.type	TB9051_VehForward, %function
 309              	TB9051_VehForward:
 310              	.LFB35:
  25:TB9051.c      ****     TB9051_Forward(0,speed);
 311              		.loc 1 25 0
 312              		.cfi_startproc
 313              		@ args = 0, pretend = 0, frame = 0
 314              		@ frame_needed = 0, uses_anonymous_args = 0
 315              	.LVL33:
 316 0000 10B5     		push	{r4, lr}
 317              		.cfi_def_cfa_offset 8
 318              		.cfi_offset 4, -8
 319              		.cfi_offset 14, -4
 320 0002 0400     		movs	r4, r0
  26:TB9051.c      ****     TB9051_Forward(1,speed);
 321              		.loc 1 26 0
 322 0004 0100     		movs	r1, r0
 323 0006 0020     		movs	r0, #0
 324              	.LVL34:
 325 0008 FFF7FEFF 		bl	TB9051_Forward
 326              	.LVL35:
  27:TB9051.c      **** }
 327              		.loc 1 27 0
 328 000c 2100     		movs	r1, r4
 329 000e 0120     		movs	r0, #1
 330 0010 FFF7FEFF 		bl	TB9051_Forward
 331              	.LVL36:
  28:TB9051.c      **** 
 332              		.loc 1 28 0
 333              		@ sp needed
 334              	.LVL37:
 335 0014 10BD     		pop	{r4, pc}
 336              		.cfi_endproc
 337              	.LFE35:
 338              		.size	TB9051_VehForward, .-TB9051_VehForward
ARM GAS  C:\Users\JamesH\AppData\Local\Temp\cc0uF4JC.s 			page 9


 339 0016 C046     		.section	.text.TB9051_Reverse,"ax",%progbits
 340              		.align	2
 341              		.global	TB9051_Reverse
 342              		.code	16
 343              		.thumb_func
 344              		.type	TB9051_Reverse, %function
 345              	TB9051_Reverse:
 346              	.LFB39:
  57:TB9051.c      ****     TB9051_Brake(motor);
 347              		.loc 1 57 0
 348              		.cfi_startproc
 349              		@ args = 0, pretend = 0, frame = 0
 350              		@ frame_needed = 0, uses_anonymous_args = 0
 351              	.LVL38:
 352 0000 70B5     		push	{r4, r5, r6, lr}
 353              		.cfi_def_cfa_offset 16
 354              		.cfi_offset 4, -16
 355              		.cfi_offset 5, -12
 356              		.cfi_offset 6, -8
 357              		.cfi_offset 14, -4
 358 0002 0400     		movs	r4, r0
 359 0004 0D00     		movs	r5, r1
  58:TB9051.c      ****     if (speed >= QuadPWM_MIN_DUTY_CYCLE & speed <= QuadPWM_MAX_DUTY_CYCLE) {
 360              		.loc 1 58 0
 361 0006 FFF7FEFF 		bl	TB9051_Brake
 362              	.LVL39:
  59:TB9051.c      ****         //PWM1 L, PWM2 H
 363              		.loc 1 59 0
 364 000a FF2D     		cmp	r5, #255
 365 000c 12D8     		bhi	.L16
  61:TB9051.c      ****             QuadPWM_SetDutyCycle(1,0);
 366              		.loc 1 61 0
 367 000e 002C     		cmp	r4, #0
 368 0010 08D1     		bne	.L18
  62:TB9051.c      ****             QuadPWM_SetDutyCycle(2,speed);
 369              		.loc 1 62 0
 370 0012 0021     		movs	r1, #0
 371 0014 0120     		movs	r0, #1
 372 0016 FFF7FEFF 		bl	QuadPWM_SetDutyCycle
 373              	.LVL40:
  63:TB9051.c      ****         }
 374              		.loc 1 63 0
 375 001a 2900     		movs	r1, r5
 376 001c 0220     		movs	r0, #2
 377 001e FFF7FEFF 		bl	QuadPWM_SetDutyCycle
 378              	.LVL41:
 379 0022 07E0     		b	.L16
 380              	.L18:
  66:TB9051.c      ****             QuadPWM_SetDutyCycle(4,speed);       
 381              		.loc 1 66 0
 382 0024 0021     		movs	r1, #0
 383 0026 0320     		movs	r0, #3
 384 0028 FFF7FEFF 		bl	QuadPWM_SetDutyCycle
 385              	.LVL42:
  67:TB9051.c      ****         }
 386              		.loc 1 67 0
 387 002c 2900     		movs	r1, r5
ARM GAS  C:\Users\JamesH\AppData\Local\Temp\cc0uF4JC.s 			page 10


 388 002e 0420     		movs	r0, #4
 389 0030 FFF7FEFF 		bl	QuadPWM_SetDutyCycle
 390              	.LVL43:
 391              	.L16:
  70:TB9051.c      **** 
 392              		.loc 1 70 0
 393              		@ sp needed
 394              	.LVL44:
 395              	.LVL45:
 396 0034 70BD     		pop	{r4, r5, r6, pc}
 397              		.cfi_endproc
 398              	.LFE39:
 399              		.size	TB9051_Reverse, .-TB9051_Reverse
 400 0036 C046     		.section	.text.TB9051_VehReverse,"ax",%progbits
 401              		.align	2
 402              		.global	TB9051_VehReverse
 403              		.code	16
 404              		.thumb_func
 405              		.type	TB9051_VehReverse, %function
 406              	TB9051_VehReverse:
 407              	.LFB36:
  30:TB9051.c      ****     TB9051_Reverse(0,speed);
 408              		.loc 1 30 0
 409              		.cfi_startproc
 410              		@ args = 0, pretend = 0, frame = 0
 411              		@ frame_needed = 0, uses_anonymous_args = 0
 412              	.LVL46:
 413 0000 10B5     		push	{r4, lr}
 414              		.cfi_def_cfa_offset 8
 415              		.cfi_offset 4, -8
 416              		.cfi_offset 14, -4
 417 0002 0400     		movs	r4, r0
  31:TB9051.c      ****     TB9051_Reverse(1,speed);
 418              		.loc 1 31 0
 419 0004 0100     		movs	r1, r0
 420 0006 0020     		movs	r0, #0
 421              	.LVL47:
 422 0008 FFF7FEFF 		bl	TB9051_Reverse
 423              	.LVL48:
  32:TB9051.c      **** }
 424              		.loc 1 32 0
 425 000c 2100     		movs	r1, r4
 426 000e 0120     		movs	r0, #1
 427 0010 FFF7FEFF 		bl	TB9051_Reverse
 428              	.LVL49:
  33:TB9051.c      **** 
 429              		.loc 1 33 0
 430              		@ sp needed
 431              	.LVL50:
 432 0014 10BD     		pop	{r4, pc}
 433              		.cfi_endproc
 434              	.LFE36:
 435              		.size	TB9051_VehReverse, .-TB9051_VehReverse
 436 0016 C046     		.section	.text.TB9051_VehMoveTo,"ax",%progbits
 437              		.align	2
 438              		.global	TB9051_VehMoveTo
 439              		.code	16
ARM GAS  C:\Users\JamesH\AppData\Local\Temp\cc0uF4JC.s 			page 11


 440              		.thumb_func
 441              		.type	TB9051_VehMoveTo, %function
 442              	TB9051_VehMoveTo:
 443              	.LFB41:
 100:TB9051.c      **** 
 101:TB9051.c      **** void TB9051_VehMoveTo(float x, float y){
 444              		.loc 1 101 0
 445              		.cfi_startproc
 446              		@ args = 0, pretend = 0, frame = 0
 447              		@ frame_needed = 0, uses_anonymous_args = 0
 448              		@ link register save eliminated.
 449              	.LVL51:
 102:TB9051.c      **** 
 103:TB9051.c      **** };
 450              		.loc 1 103 0
 451              		@ sp needed
 452 0000 7047     		bx	lr
 453              		.cfi_endproc
 454              	.LFE41:
 455              		.size	TB9051_VehMoveTo, .-TB9051_VehMoveTo
 456 0002 C046     		.text
 457              	.Letext0:
 458              		.file 2 "Generated_Source\\PSoC4/cytypes.h"
 459              		.file 3 "Generated_Source\\PSoC4/QuadPWM.h"
 460              		.file 4 "Generated_Source\\PSoC4/TB9051_EN.h"
 461              		.file 5 "Generated_Source\\PSoC4/CyLib.h"
 462              		.section	.debug_info,"",%progbits
 463              	.Ldebug_info0:
 464 0000 81040000 		.4byte	0x481
 465 0004 0400     		.2byte	0x4
 466 0006 00000000 		.4byte	.Ldebug_abbrev0
 467 000a 04       		.byte	0x4
 468 000b 01       		.uleb128 0x1
 469 000c 5E010000 		.4byte	.LASF30
 470 0010 0C       		.byte	0xc
 471 0011 48010000 		.4byte	.LASF31
 472 0015 20000000 		.4byte	.LASF32
 473 0019 00000000 		.4byte	.Ldebug_ranges0+0
 474 001d 00000000 		.4byte	0
 475 0021 00000000 		.4byte	.Ldebug_line0
 476 0025 02       		.uleb128 0x2
 477 0026 01       		.byte	0x1
 478 0027 06       		.byte	0x6
 479 0028 3F020000 		.4byte	.LASF0
 480 002c 02       		.uleb128 0x2
 481 002d 01       		.byte	0x1
 482 002e 08       		.byte	0x8
 483 002f A9000000 		.4byte	.LASF1
 484 0033 02       		.uleb128 0x2
 485 0034 02       		.byte	0x2
 486 0035 05       		.byte	0x5
 487 0036 1A020000 		.4byte	.LASF2
 488 003a 02       		.uleb128 0x2
 489 003b 02       		.byte	0x2
 490 003c 07       		.byte	0x7
 491 003d 63000000 		.4byte	.LASF3
 492 0041 02       		.uleb128 0x2
ARM GAS  C:\Users\JamesH\AppData\Local\Temp\cc0uF4JC.s 			page 12


 493 0042 04       		.byte	0x4
 494 0043 05       		.byte	0x5
 495 0044 2A020000 		.4byte	.LASF4
 496 0048 02       		.uleb128 0x2
 497 0049 04       		.byte	0x4
 498 004a 07       		.byte	0x7
 499 004b C4000000 		.4byte	.LASF5
 500 004f 02       		.uleb128 0x2
 501 0050 08       		.byte	0x8
 502 0051 05       		.byte	0x5
 503 0052 00000000 		.4byte	.LASF6
 504 0056 02       		.uleb128 0x2
 505 0057 08       		.byte	0x8
 506 0058 07       		.byte	0x7
 507 0059 31010000 		.4byte	.LASF7
 508 005d 03       		.uleb128 0x3
 509 005e 04       		.byte	0x4
 510 005f 05       		.byte	0x5
 511 0060 696E7400 		.ascii	"int\000"
 512 0064 02       		.uleb128 0x2
 513 0065 04       		.byte	0x4
 514 0066 07       		.byte	0x7
 515 0067 24010000 		.4byte	.LASF8
 516 006b 04       		.uleb128 0x4
 517 006c 24020000 		.4byte	.LASF12
 518 0070 02       		.byte	0x2
 519 0071 FB01     		.2byte	0x1fb
 520 0073 2C000000 		.4byte	0x2c
 521 0077 02       		.uleb128 0x2
 522 0078 04       		.byte	0x4
 523 0079 04       		.byte	0x4
 524 007a A3000000 		.4byte	.LASF9
 525 007e 02       		.uleb128 0x2
 526 007f 08       		.byte	0x8
 527 0080 04       		.byte	0x4
 528 0081 0B010000 		.4byte	.LASF10
 529 0085 02       		.uleb128 0x2
 530 0086 01       		.byte	0x1
 531 0087 08       		.byte	0x8
 532 0088 15020000 		.4byte	.LASF11
 533 008c 04       		.uleb128 0x4
 534 008d EC010000 		.4byte	.LASF13
 535 0091 02       		.byte	0x2
 536 0092 A502     		.2byte	0x2a5
 537 0094 98000000 		.4byte	0x98
 538 0098 05       		.uleb128 0x5
 539 0099 6B000000 		.4byte	0x6b
 540 009d 02       		.uleb128 0x2
 541 009e 08       		.byte	0x8
 542 009f 04       		.byte	0x4
 543 00a0 33020000 		.4byte	.LASF14
 544 00a4 02       		.uleb128 0x2
 545 00a5 04       		.byte	0x4
 546 00a6 07       		.byte	0x7
 547 00a7 06020000 		.4byte	.LASF15
 548 00ab 06       		.uleb128 0x6
 549 00ac 51010000 		.4byte	.LASF16
ARM GAS  C:\Users\JamesH\AppData\Local\Temp\cc0uF4JC.s 			page 13


 550 00b0 01       		.byte	0x1
 551 00b1 10       		.byte	0x10
 552 00b2 00000000 		.4byte	.LFB34
 553 00b6 20000000 		.4byte	.LFE34-.LFB34
 554 00ba 01       		.uleb128 0x1
 555 00bb 9C       		.byte	0x9c
 556 00bc 09010000 		.4byte	0x109
 557 00c0 07       		.uleb128 0x7
 558 00c1 06000000 		.4byte	.LBB2
 559 00c5 12000000 		.4byte	.LBE2-.LBB2
 560 00c9 F0000000 		.4byte	0xf0
 561 00cd 08       		.uleb128 0x8
 562 00ce 6900     		.ascii	"i\000"
 563 00d0 01       		.byte	0x1
 564 00d1 13       		.byte	0x13
 565 00d2 5D000000 		.4byte	0x5d
 566 00d6 00000000 		.4byte	.LLST0
 567 00da 09       		.uleb128 0x9
 568 00db 12000000 		.4byte	.LVL2
 569 00df 58040000 		.4byte	0x458
 570 00e3 0A       		.uleb128 0xa
 571 00e4 01       		.uleb128 0x1
 572 00e5 50       		.byte	0x50
 573 00e6 02       		.uleb128 0x2
 574 00e7 74       		.byte	0x74
 575 00e8 00       		.sleb128 0
 576 00e9 0A       		.uleb128 0xa
 577 00ea 01       		.uleb128 0x1
 578 00eb 51       		.byte	0x51
 579 00ec 01       		.uleb128 0x1
 580 00ed 30       		.byte	0x30
 581 00ee 00       		.byte	0
 582 00ef 00       		.byte	0
 583 00f0 0B       		.uleb128 0xb
 584 00f1 06000000 		.4byte	.LVL0
 585 00f5 63040000 		.4byte	0x463
 586 00f9 09       		.uleb128 0x9
 587 00fa 1E000000 		.4byte	.LVL4
 588 00fe 6E040000 		.4byte	0x46e
 589 0102 0A       		.uleb128 0xa
 590 0103 01       		.uleb128 0x1
 591 0104 50       		.byte	0x50
 592 0105 01       		.uleb128 0x1
 593 0106 32       		.byte	0x32
 594 0107 00       		.byte	0
 595 0108 00       		.byte	0
 596 0109 0C       		.uleb128 0xc
 597 010a B7000000 		.4byte	.LASF18
 598 010e 01       		.byte	0x1
 599 010f 48       		.byte	0x48
 600 0110 00000000 		.4byte	.LFB40
 601 0114 C4000000 		.4byte	.LFE40-.LFB40
 602 0118 01       		.uleb128 0x1
 603 0119 9C       		.byte	0x9c
 604 011a 02020000 		.4byte	0x202
 605 011e 0D       		.uleb128 0xd
 606 011f 0F020000 		.4byte	.LASF20
ARM GAS  C:\Users\JamesH\AppData\Local\Temp\cc0uF4JC.s 			page 14


 607 0123 01       		.byte	0x1
 608 0124 48       		.byte	0x48
 609 0125 5D000000 		.4byte	0x5d
 610 0129 1F000000 		.4byte	.LLST1
 611 012d 0E       		.uleb128 0xe
 612 012e 26000000 		.4byte	.LVL8
 613 0132 58040000 		.4byte	0x458
 614 0136 49010000 		.4byte	0x149
 615 013a 0A       		.uleb128 0xa
 616 013b 01       		.uleb128 0x1
 617 013c 50       		.byte	0x50
 618 013d 05       		.uleb128 0x5
 619 013e F3       		.byte	0xf3
 620 013f 01       		.uleb128 0x1
 621 0140 50       		.byte	0x50
 622 0141 23       		.byte	0x23
 623 0142 01       		.uleb128 0x1
 624 0143 0A       		.uleb128 0xa
 625 0144 01       		.uleb128 0x1
 626 0145 51       		.byte	0x51
 627 0146 01       		.uleb128 0x1
 628 0147 30       		.byte	0x30
 629 0148 00       		.byte	0
 630 0149 0E       		.uleb128 0xe
 631 014a 2E000000 		.4byte	.LVL9
 632 014e 58040000 		.4byte	0x458
 633 0152 61010000 		.4byte	0x161
 634 0156 0A       		.uleb128 0xa
 635 0157 01       		.uleb128 0x1
 636 0158 50       		.byte	0x50
 637 0159 01       		.uleb128 0x1
 638 015a 32       		.byte	0x32
 639 015b 0A       		.uleb128 0xa
 640 015c 01       		.uleb128 0x1
 641 015d 51       		.byte	0x51
 642 015e 01       		.uleb128 0x1
 643 015f 30       		.byte	0x30
 644 0160 00       		.byte	0
 645 0161 0E       		.uleb128 0xe
 646 0162 50000000 		.4byte	.LVL12
 647 0166 58040000 		.4byte	0x458
 648 016a 79010000 		.4byte	0x179
 649 016e 0A       		.uleb128 0xa
 650 016f 01       		.uleb128 0x1
 651 0170 50       		.byte	0x50
 652 0171 01       		.uleb128 0x1
 653 0172 31       		.byte	0x31
 654 0173 0A       		.uleb128 0xa
 655 0174 01       		.uleb128 0x1
 656 0175 51       		.byte	0x51
 657 0176 01       		.uleb128 0x1
 658 0177 49       		.byte	0x49
 659 0178 00       		.byte	0
 660 0179 0E       		.uleb128 0xe
 661 017a 58000000 		.4byte	.LVL13
 662 017e 58040000 		.4byte	0x458
 663 0182 91010000 		.4byte	0x191
ARM GAS  C:\Users\JamesH\AppData\Local\Temp\cc0uF4JC.s 			page 15


 664 0186 0A       		.uleb128 0xa
 665 0187 01       		.uleb128 0x1
 666 0188 50       		.byte	0x50
 667 0189 01       		.uleb128 0x1
 668 018a 32       		.byte	0x32
 669 018b 0A       		.uleb128 0xa
 670 018c 01       		.uleb128 0x1
 671 018d 51       		.byte	0x51
 672 018e 01       		.uleb128 0x1
 673 018f 49       		.byte	0x49
 674 0190 00       		.byte	0
 675 0191 0E       		.uleb128 0xe
 676 0192 7A000000 		.4byte	.LVL16
 677 0196 58040000 		.4byte	0x458
 678 019a A9010000 		.4byte	0x1a9
 679 019e 0A       		.uleb128 0xa
 680 019f 01       		.uleb128 0x1
 681 01a0 50       		.byte	0x50
 682 01a1 01       		.uleb128 0x1
 683 01a2 33       		.byte	0x33
 684 01a3 0A       		.uleb128 0xa
 685 01a4 01       		.uleb128 0x1
 686 01a5 51       		.byte	0x51
 687 01a6 01       		.uleb128 0x1
 688 01a7 30       		.byte	0x30
 689 01a8 00       		.byte	0
 690 01a9 0E       		.uleb128 0xe
 691 01aa 82000000 		.4byte	.LVL17
 692 01ae 58040000 		.4byte	0x458
 693 01b2 C1010000 		.4byte	0x1c1
 694 01b6 0A       		.uleb128 0xa
 695 01b7 01       		.uleb128 0x1
 696 01b8 50       		.byte	0x50
 697 01b9 01       		.uleb128 0x1
 698 01ba 34       		.byte	0x34
 699 01bb 0A       		.uleb128 0xa
 700 01bc 01       		.uleb128 0x1
 701 01bd 51       		.byte	0x51
 702 01be 01       		.uleb128 0x1
 703 01bf 30       		.byte	0x30
 704 01c0 00       		.byte	0
 705 01c1 0E       		.uleb128 0xe
 706 01c2 A4000000 		.4byte	.LVL20
 707 01c6 58040000 		.4byte	0x458
 708 01ca D9010000 		.4byte	0x1d9
 709 01ce 0A       		.uleb128 0xa
 710 01cf 01       		.uleb128 0x1
 711 01d0 50       		.byte	0x50
 712 01d1 01       		.uleb128 0x1
 713 01d2 33       		.byte	0x33
 714 01d3 0A       		.uleb128 0xa
 715 01d4 01       		.uleb128 0x1
 716 01d5 51       		.byte	0x51
 717 01d6 01       		.uleb128 0x1
 718 01d7 49       		.byte	0x49
 719 01d8 00       		.byte	0
 720 01d9 0E       		.uleb128 0xe
ARM GAS  C:\Users\JamesH\AppData\Local\Temp\cc0uF4JC.s 			page 16


 721 01da AC000000 		.4byte	.LVL21
 722 01de 58040000 		.4byte	0x458
 723 01e2 F1010000 		.4byte	0x1f1
 724 01e6 0A       		.uleb128 0xa
 725 01e7 01       		.uleb128 0x1
 726 01e8 50       		.byte	0x50
 727 01e9 01       		.uleb128 0x1
 728 01ea 34       		.byte	0x34
 729 01eb 0A       		.uleb128 0xa
 730 01ec 01       		.uleb128 0x1
 731 01ed 51       		.byte	0x51
 732 01ee 01       		.uleb128 0x1
 733 01ef 49       		.byte	0x49
 734 01f0 00       		.byte	0
 735 01f1 09       		.uleb128 0x9
 736 01f2 B2000000 		.4byte	.LVL22
 737 01f6 79040000 		.4byte	0x479
 738 01fa 0A       		.uleb128 0xa
 739 01fb 01       		.uleb128 0x1
 740 01fc 50       		.byte	0x50
 741 01fd 02       		.uleb128 0x2
 742 01fe 08       		.byte	0x8
 743 01ff 64       		.byte	0x64
 744 0200 00       		.byte	0
 745 0201 00       		.byte	0
 746 0202 06       		.uleb128 0x6
 747 0203 FB000000 		.4byte	.LASF17
 748 0207 01       		.byte	0x1
 749 0208 23       		.byte	0x23
 750 0209 00000000 		.4byte	.LFB37
 751 020d 10000000 		.4byte	.LFE37-.LFB37
 752 0211 01       		.uleb128 0x1
 753 0212 9C       		.byte	0x9c
 754 0213 3A020000 		.4byte	0x23a
 755 0217 0E       		.uleb128 0xe
 756 0218 08000000 		.4byte	.LVL23
 757 021c 09010000 		.4byte	0x109
 758 0220 2A020000 		.4byte	0x22a
 759 0224 0A       		.uleb128 0xa
 760 0225 01       		.uleb128 0x1
 761 0226 50       		.byte	0x50
 762 0227 01       		.uleb128 0x1
 763 0228 30       		.byte	0x30
 764 0229 00       		.byte	0
 765 022a 09       		.uleb128 0x9
 766 022b 0E000000 		.4byte	.LVL24
 767 022f 09010000 		.4byte	0x109
 768 0233 0A       		.uleb128 0xa
 769 0234 01       		.uleb128 0x1
 770 0235 50       		.byte	0x50
 771 0236 01       		.uleb128 0x1
 772 0237 31       		.byte	0x31
 773 0238 00       		.byte	0
 774 0239 00       		.byte	0
 775 023a 0C       		.uleb128 0xc
 776 023b F7010000 		.4byte	.LASF19
 777 023f 01       		.byte	0x1
ARM GAS  C:\Users\JamesH\AppData\Local\Temp\cc0uF4JC.s 			page 17


 778 0240 28       		.byte	0x28
 779 0241 00000000 		.4byte	.LFB38
 780 0245 36000000 		.4byte	.LFE38-.LFB38
 781 0249 01       		.uleb128 0x1
 782 024a 9C       		.byte	0x9c
 783 024b E0020000 		.4byte	0x2e0
 784 024f 0D       		.uleb128 0xd
 785 0250 0F020000 		.4byte	.LASF20
 786 0254 01       		.byte	0x1
 787 0255 28       		.byte	0x28
 788 0256 5D000000 		.4byte	0x5d
 789 025a 98000000 		.4byte	.LLST2
 790 025e 0D       		.uleb128 0xd
 791 025f F1010000 		.4byte	.LASF21
 792 0263 01       		.byte	0x1
 793 0264 28       		.byte	0x28
 794 0265 5D000000 		.4byte	0x5d
 795 0269 C4000000 		.4byte	.LLST3
 796 026d 0E       		.uleb128 0xe
 797 026e 0A000000 		.4byte	.LVL26
 798 0272 09010000 		.4byte	0x109
 799 0276 81020000 		.4byte	0x281
 800 027a 0A       		.uleb128 0xa
 801 027b 01       		.uleb128 0x1
 802 027c 50       		.byte	0x50
 803 027d 02       		.uleb128 0x2
 804 027e 74       		.byte	0x74
 805 027f 00       		.sleb128 0
 806 0280 00       		.byte	0
 807 0281 0E       		.uleb128 0xe
 808 0282 1A000000 		.4byte	.LVL27
 809 0286 58040000 		.4byte	0x458
 810 028a 9A020000 		.4byte	0x29a
 811 028e 0A       		.uleb128 0xa
 812 028f 01       		.uleb128 0x1
 813 0290 50       		.byte	0x50
 814 0291 01       		.uleb128 0x1
 815 0292 31       		.byte	0x31
 816 0293 0A       		.uleb128 0xa
 817 0294 01       		.uleb128 0x1
 818 0295 51       		.byte	0x51
 819 0296 02       		.uleb128 0x2
 820 0297 75       		.byte	0x75
 821 0298 00       		.sleb128 0
 822 0299 00       		.byte	0
 823 029a 0E       		.uleb128 0xe
 824 029b 22000000 		.4byte	.LVL28
 825 029f 58040000 		.4byte	0x458
 826 02a3 B2020000 		.4byte	0x2b2
 827 02a7 0A       		.uleb128 0xa
 828 02a8 01       		.uleb128 0x1
 829 02a9 50       		.byte	0x50
 830 02aa 01       		.uleb128 0x1
 831 02ab 32       		.byte	0x32
 832 02ac 0A       		.uleb128 0xa
 833 02ad 01       		.uleb128 0x1
 834 02ae 51       		.byte	0x51
ARM GAS  C:\Users\JamesH\AppData\Local\Temp\cc0uF4JC.s 			page 18


 835 02af 01       		.uleb128 0x1
 836 02b0 30       		.byte	0x30
 837 02b1 00       		.byte	0
 838 02b2 0E       		.uleb128 0xe
 839 02b3 2C000000 		.4byte	.LVL29
 840 02b7 58040000 		.4byte	0x458
 841 02bb CB020000 		.4byte	0x2cb
 842 02bf 0A       		.uleb128 0xa
 843 02c0 01       		.uleb128 0x1
 844 02c1 50       		.byte	0x50
 845 02c2 01       		.uleb128 0x1
 846 02c3 33       		.byte	0x33
 847 02c4 0A       		.uleb128 0xa
 848 02c5 01       		.uleb128 0x1
 849 02c6 51       		.byte	0x51
 850 02c7 02       		.uleb128 0x2
 851 02c8 75       		.byte	0x75
 852 02c9 00       		.sleb128 0
 853 02ca 00       		.byte	0
 854 02cb 09       		.uleb128 0x9
 855 02cc 34000000 		.4byte	.LVL30
 856 02d0 58040000 		.4byte	0x458
 857 02d4 0A       		.uleb128 0xa
 858 02d5 01       		.uleb128 0x1
 859 02d6 50       		.byte	0x50
 860 02d7 01       		.uleb128 0x1
 861 02d8 34       		.byte	0x34
 862 02d9 0A       		.uleb128 0xa
 863 02da 01       		.uleb128 0x1
 864 02db 51       		.byte	0x51
 865 02dc 01       		.uleb128 0x1
 866 02dd 30       		.byte	0x30
 867 02de 00       		.byte	0
 868 02df 00       		.byte	0
 869 02e0 0C       		.uleb128 0xc
 870 02e1 0E000000 		.4byte	.LASF22
 871 02e5 01       		.byte	0x1
 872 02e6 19       		.byte	0x19
 873 02e7 00000000 		.4byte	.LFB35
 874 02eb 16000000 		.4byte	.LFE35-.LFB35
 875 02ef 01       		.uleb128 0x1
 876 02f0 9C       		.byte	0x9c
 877 02f1 33030000 		.4byte	0x333
 878 02f5 0D       		.uleb128 0xd
 879 02f6 F1010000 		.4byte	.LASF21
 880 02fa 01       		.byte	0x1
 881 02fb 19       		.byte	0x19
 882 02fc 5D000000 		.4byte	0x5d
 883 0300 F0000000 		.4byte	.LLST4
 884 0304 0E       		.uleb128 0xe
 885 0305 0C000000 		.4byte	.LVL35
 886 0309 3A020000 		.4byte	0x23a
 887 030d 1D030000 		.4byte	0x31d
 888 0311 0A       		.uleb128 0xa
 889 0312 01       		.uleb128 0x1
 890 0313 50       		.byte	0x50
 891 0314 01       		.uleb128 0x1
ARM GAS  C:\Users\JamesH\AppData\Local\Temp\cc0uF4JC.s 			page 19


 892 0315 30       		.byte	0x30
 893 0316 0A       		.uleb128 0xa
 894 0317 01       		.uleb128 0x1
 895 0318 51       		.byte	0x51
 896 0319 02       		.uleb128 0x2
 897 031a 74       		.byte	0x74
 898 031b 00       		.sleb128 0
 899 031c 00       		.byte	0
 900 031d 09       		.uleb128 0x9
 901 031e 14000000 		.4byte	.LVL36
 902 0322 3A020000 		.4byte	0x23a
 903 0326 0A       		.uleb128 0xa
 904 0327 01       		.uleb128 0x1
 905 0328 50       		.byte	0x50
 906 0329 01       		.uleb128 0x1
 907 032a 31       		.byte	0x31
 908 032b 0A       		.uleb128 0xa
 909 032c 01       		.uleb128 0x1
 910 032d 51       		.byte	0x51
 911 032e 02       		.uleb128 0x2
 912 032f 74       		.byte	0x74
 913 0330 00       		.sleb128 0
 914 0331 00       		.byte	0
 915 0332 00       		.byte	0
 916 0333 0C       		.uleb128 0xc
 917 0334 94000000 		.4byte	.LASF23
 918 0338 01       		.byte	0x1
 919 0339 38       		.byte	0x38
 920 033a 00000000 		.4byte	.LFB39
 921 033e 36000000 		.4byte	.LFE39-.LFB39
 922 0342 01       		.uleb128 0x1
 923 0343 9C       		.byte	0x9c
 924 0344 D9030000 		.4byte	0x3d9
 925 0348 0D       		.uleb128 0xd
 926 0349 0F020000 		.4byte	.LASF20
 927 034d 01       		.byte	0x1
 928 034e 38       		.byte	0x38
 929 034f 5D000000 		.4byte	0x5d
 930 0353 27010000 		.4byte	.LLST5
 931 0357 0D       		.uleb128 0xd
 932 0358 F1010000 		.4byte	.LASF21
 933 035c 01       		.byte	0x1
 934 035d 38       		.byte	0x38
 935 035e 5D000000 		.4byte	0x5d
 936 0362 53010000 		.4byte	.LLST6
 937 0366 0E       		.uleb128 0xe
 938 0367 0A000000 		.4byte	.LVL39
 939 036b 09010000 		.4byte	0x109
 940 036f 7A030000 		.4byte	0x37a
 941 0373 0A       		.uleb128 0xa
 942 0374 01       		.uleb128 0x1
 943 0375 50       		.byte	0x50
 944 0376 02       		.uleb128 0x2
 945 0377 74       		.byte	0x74
 946 0378 00       		.sleb128 0
 947 0379 00       		.byte	0
 948 037a 0E       		.uleb128 0xe
ARM GAS  C:\Users\JamesH\AppData\Local\Temp\cc0uF4JC.s 			page 20


 949 037b 1A000000 		.4byte	.LVL40
 950 037f 58040000 		.4byte	0x458
 951 0383 92030000 		.4byte	0x392
 952 0387 0A       		.uleb128 0xa
 953 0388 01       		.uleb128 0x1
 954 0389 50       		.byte	0x50
 955 038a 01       		.uleb128 0x1
 956 038b 31       		.byte	0x31
 957 038c 0A       		.uleb128 0xa
 958 038d 01       		.uleb128 0x1
 959 038e 51       		.byte	0x51
 960 038f 01       		.uleb128 0x1
 961 0390 30       		.byte	0x30
 962 0391 00       		.byte	0
 963 0392 0E       		.uleb128 0xe
 964 0393 22000000 		.4byte	.LVL41
 965 0397 58040000 		.4byte	0x458
 966 039b AB030000 		.4byte	0x3ab
 967 039f 0A       		.uleb128 0xa
 968 03a0 01       		.uleb128 0x1
 969 03a1 50       		.byte	0x50
 970 03a2 01       		.uleb128 0x1
 971 03a3 32       		.byte	0x32
 972 03a4 0A       		.uleb128 0xa
 973 03a5 01       		.uleb128 0x1
 974 03a6 51       		.byte	0x51
 975 03a7 02       		.uleb128 0x2
 976 03a8 75       		.byte	0x75
 977 03a9 00       		.sleb128 0
 978 03aa 00       		.byte	0
 979 03ab 0E       		.uleb128 0xe
 980 03ac 2C000000 		.4byte	.LVL42
 981 03b0 58040000 		.4byte	0x458
 982 03b4 C3030000 		.4byte	0x3c3
 983 03b8 0A       		.uleb128 0xa
 984 03b9 01       		.uleb128 0x1
 985 03ba 50       		.byte	0x50
 986 03bb 01       		.uleb128 0x1
 987 03bc 33       		.byte	0x33
 988 03bd 0A       		.uleb128 0xa
 989 03be 01       		.uleb128 0x1
 990 03bf 51       		.byte	0x51
 991 03c0 01       		.uleb128 0x1
 992 03c1 30       		.byte	0x30
 993 03c2 00       		.byte	0
 994 03c3 09       		.uleb128 0x9
 995 03c4 34000000 		.4byte	.LVL43
 996 03c8 58040000 		.4byte	0x458
 997 03cc 0A       		.uleb128 0xa
 998 03cd 01       		.uleb128 0x1
 999 03ce 50       		.byte	0x50
 1000 03cf 01       		.uleb128 0x1
 1001 03d0 34       		.byte	0x34
 1002 03d1 0A       		.uleb128 0xa
 1003 03d2 01       		.uleb128 0x1
 1004 03d3 51       		.byte	0x51
 1005 03d4 02       		.uleb128 0x2
ARM GAS  C:\Users\JamesH\AppData\Local\Temp\cc0uF4JC.s 			page 21


 1006 03d5 75       		.byte	0x75
 1007 03d6 00       		.sleb128 0
 1008 03d7 00       		.byte	0
 1009 03d8 00       		.byte	0
 1010 03d9 0C       		.uleb128 0xc
 1011 03da 12010000 		.4byte	.LASF24
 1012 03de 01       		.byte	0x1
 1013 03df 1E       		.byte	0x1e
 1014 03e0 00000000 		.4byte	.LFB36
 1015 03e4 16000000 		.4byte	.LFE36-.LFB36
 1016 03e8 01       		.uleb128 0x1
 1017 03e9 9C       		.byte	0x9c
 1018 03ea 2C040000 		.4byte	0x42c
 1019 03ee 0D       		.uleb128 0xd
 1020 03ef F1010000 		.4byte	.LASF21
 1021 03f3 01       		.byte	0x1
 1022 03f4 1E       		.byte	0x1e
 1023 03f5 5D000000 		.4byte	0x5d
 1024 03f9 7F010000 		.4byte	.LLST7
 1025 03fd 0E       		.uleb128 0xe
 1026 03fe 0C000000 		.4byte	.LVL48
 1027 0402 33030000 		.4byte	0x333
 1028 0406 16040000 		.4byte	0x416
 1029 040a 0A       		.uleb128 0xa
 1030 040b 01       		.uleb128 0x1
 1031 040c 50       		.byte	0x50
 1032 040d 01       		.uleb128 0x1
 1033 040e 30       		.byte	0x30
 1034 040f 0A       		.uleb128 0xa
 1035 0410 01       		.uleb128 0x1
 1036 0411 51       		.byte	0x51
 1037 0412 02       		.uleb128 0x2
 1038 0413 74       		.byte	0x74
 1039 0414 00       		.sleb128 0
 1040 0415 00       		.byte	0
 1041 0416 09       		.uleb128 0x9
 1042 0417 14000000 		.4byte	.LVL49
 1043 041b 33030000 		.4byte	0x333
 1044 041f 0A       		.uleb128 0xa
 1045 0420 01       		.uleb128 0x1
 1046 0421 50       		.byte	0x50
 1047 0422 01       		.uleb128 0x1
 1048 0423 31       		.byte	0x31
 1049 0424 0A       		.uleb128 0xa
 1050 0425 01       		.uleb128 0x1
 1051 0426 51       		.byte	0x51
 1052 0427 02       		.uleb128 0x2
 1053 0428 74       		.byte	0x74
 1054 0429 00       		.sleb128 0
 1055 042a 00       		.byte	0
 1056 042b 00       		.byte	0
 1057 042c 0C       		.uleb128 0xc
 1058 042d 83000000 		.4byte	.LASF25
 1059 0431 01       		.byte	0x1
 1060 0432 65       		.byte	0x65
 1061 0433 00000000 		.4byte	.LFB41
 1062 0437 02000000 		.4byte	.LFE41-.LFB41
ARM GAS  C:\Users\JamesH\AppData\Local\Temp\cc0uF4JC.s 			page 22


 1063 043b 01       		.uleb128 0x1
 1064 043c 9C       		.byte	0x9c
 1065 043d 58040000 		.4byte	0x458
 1066 0441 0F       		.uleb128 0xf
 1067 0442 7800     		.ascii	"x\000"
 1068 0444 01       		.byte	0x1
 1069 0445 65       		.byte	0x65
 1070 0446 77000000 		.4byte	0x77
 1071 044a 01       		.uleb128 0x1
 1072 044b 50       		.byte	0x50
 1073 044c 0F       		.uleb128 0xf
 1074 044d 7900     		.ascii	"y\000"
 1075 044f 01       		.byte	0x1
 1076 0450 65       		.byte	0x65
 1077 0451 77000000 		.4byte	0x77
 1078 0455 01       		.uleb128 0x1
 1079 0456 51       		.byte	0x51
 1080 0457 00       		.byte	0
 1081 0458 10       		.uleb128 0x10
 1082 0459 D6000000 		.4byte	.LASF26
 1083 045d D6000000 		.4byte	.LASF26
 1084 0461 03       		.byte	0x3
 1085 0462 40       		.byte	0x40
 1086 0463 10       		.uleb128 0x10
 1087 0464 76000000 		.4byte	.LASF27
 1088 0468 76000000 		.4byte	.LASF27
 1089 046c 03       		.byte	0x3
 1090 046d 3F       		.byte	0x3f
 1091 046e 10       		.uleb128 0x10
 1092 046f EB000000 		.4byte	.LASF28
 1093 0473 EB000000 		.4byte	.LASF28
 1094 0477 04       		.byte	0x4
 1095 0478 2F       		.byte	0x2f
 1096 0479 10       		.uleb128 0x10
 1097 047a 4B020000 		.4byte	.LASF29
 1098 047e 4B020000 		.4byte	.LASF29
 1099 0482 05       		.byte	0x5
 1100 0483 EC       		.byte	0xec
 1101 0484 00       		.byte	0
 1102              		.section	.debug_abbrev,"",%progbits
 1103              	.Ldebug_abbrev0:
 1104 0000 01       		.uleb128 0x1
 1105 0001 11       		.uleb128 0x11
 1106 0002 01       		.byte	0x1
 1107 0003 25       		.uleb128 0x25
 1108 0004 0E       		.uleb128 0xe
 1109 0005 13       		.uleb128 0x13
 1110 0006 0B       		.uleb128 0xb
 1111 0007 03       		.uleb128 0x3
 1112 0008 0E       		.uleb128 0xe
 1113 0009 1B       		.uleb128 0x1b
 1114 000a 0E       		.uleb128 0xe
 1115 000b 55       		.uleb128 0x55
 1116 000c 17       		.uleb128 0x17
 1117 000d 11       		.uleb128 0x11
 1118 000e 01       		.uleb128 0x1
 1119 000f 10       		.uleb128 0x10
ARM GAS  C:\Users\JamesH\AppData\Local\Temp\cc0uF4JC.s 			page 23


 1120 0010 17       		.uleb128 0x17
 1121 0011 00       		.byte	0
 1122 0012 00       		.byte	0
 1123 0013 02       		.uleb128 0x2
 1124 0014 24       		.uleb128 0x24
 1125 0015 00       		.byte	0
 1126 0016 0B       		.uleb128 0xb
 1127 0017 0B       		.uleb128 0xb
 1128 0018 3E       		.uleb128 0x3e
 1129 0019 0B       		.uleb128 0xb
 1130 001a 03       		.uleb128 0x3
 1131 001b 0E       		.uleb128 0xe
 1132 001c 00       		.byte	0
 1133 001d 00       		.byte	0
 1134 001e 03       		.uleb128 0x3
 1135 001f 24       		.uleb128 0x24
 1136 0020 00       		.byte	0
 1137 0021 0B       		.uleb128 0xb
 1138 0022 0B       		.uleb128 0xb
 1139 0023 3E       		.uleb128 0x3e
 1140 0024 0B       		.uleb128 0xb
 1141 0025 03       		.uleb128 0x3
 1142 0026 08       		.uleb128 0x8
 1143 0027 00       		.byte	0
 1144 0028 00       		.byte	0
 1145 0029 04       		.uleb128 0x4
 1146 002a 16       		.uleb128 0x16
 1147 002b 00       		.byte	0
 1148 002c 03       		.uleb128 0x3
 1149 002d 0E       		.uleb128 0xe
 1150 002e 3A       		.uleb128 0x3a
 1151 002f 0B       		.uleb128 0xb
 1152 0030 3B       		.uleb128 0x3b
 1153 0031 05       		.uleb128 0x5
 1154 0032 49       		.uleb128 0x49
 1155 0033 13       		.uleb128 0x13
 1156 0034 00       		.byte	0
 1157 0035 00       		.byte	0
 1158 0036 05       		.uleb128 0x5
 1159 0037 35       		.uleb128 0x35
 1160 0038 00       		.byte	0
 1161 0039 49       		.uleb128 0x49
 1162 003a 13       		.uleb128 0x13
 1163 003b 00       		.byte	0
 1164 003c 00       		.byte	0
 1165 003d 06       		.uleb128 0x6
 1166 003e 2E       		.uleb128 0x2e
 1167 003f 01       		.byte	0x1
 1168 0040 3F       		.uleb128 0x3f
 1169 0041 19       		.uleb128 0x19
 1170 0042 03       		.uleb128 0x3
 1171 0043 0E       		.uleb128 0xe
 1172 0044 3A       		.uleb128 0x3a
 1173 0045 0B       		.uleb128 0xb
 1174 0046 3B       		.uleb128 0x3b
 1175 0047 0B       		.uleb128 0xb
 1176 0048 11       		.uleb128 0x11
ARM GAS  C:\Users\JamesH\AppData\Local\Temp\cc0uF4JC.s 			page 24


 1177 0049 01       		.uleb128 0x1
 1178 004a 12       		.uleb128 0x12
 1179 004b 06       		.uleb128 0x6
 1180 004c 40       		.uleb128 0x40
 1181 004d 18       		.uleb128 0x18
 1182 004e 9742     		.uleb128 0x2117
 1183 0050 19       		.uleb128 0x19
 1184 0051 01       		.uleb128 0x1
 1185 0052 13       		.uleb128 0x13
 1186 0053 00       		.byte	0
 1187 0054 00       		.byte	0
 1188 0055 07       		.uleb128 0x7
 1189 0056 0B       		.uleb128 0xb
 1190 0057 01       		.byte	0x1
 1191 0058 11       		.uleb128 0x11
 1192 0059 01       		.uleb128 0x1
 1193 005a 12       		.uleb128 0x12
 1194 005b 06       		.uleb128 0x6
 1195 005c 01       		.uleb128 0x1
 1196 005d 13       		.uleb128 0x13
 1197 005e 00       		.byte	0
 1198 005f 00       		.byte	0
 1199 0060 08       		.uleb128 0x8
 1200 0061 34       		.uleb128 0x34
 1201 0062 00       		.byte	0
 1202 0063 03       		.uleb128 0x3
 1203 0064 08       		.uleb128 0x8
 1204 0065 3A       		.uleb128 0x3a
 1205 0066 0B       		.uleb128 0xb
 1206 0067 3B       		.uleb128 0x3b
 1207 0068 0B       		.uleb128 0xb
 1208 0069 49       		.uleb128 0x49
 1209 006a 13       		.uleb128 0x13
 1210 006b 02       		.uleb128 0x2
 1211 006c 17       		.uleb128 0x17
 1212 006d 00       		.byte	0
 1213 006e 00       		.byte	0
 1214 006f 09       		.uleb128 0x9
 1215 0070 898201   		.uleb128 0x4109
 1216 0073 01       		.byte	0x1
 1217 0074 11       		.uleb128 0x11
 1218 0075 01       		.uleb128 0x1
 1219 0076 31       		.uleb128 0x31
 1220 0077 13       		.uleb128 0x13
 1221 0078 00       		.byte	0
 1222 0079 00       		.byte	0
 1223 007a 0A       		.uleb128 0xa
 1224 007b 8A8201   		.uleb128 0x410a
 1225 007e 00       		.byte	0
 1226 007f 02       		.uleb128 0x2
 1227 0080 18       		.uleb128 0x18
 1228 0081 9142     		.uleb128 0x2111
 1229 0083 18       		.uleb128 0x18
 1230 0084 00       		.byte	0
 1231 0085 00       		.byte	0
 1232 0086 0B       		.uleb128 0xb
 1233 0087 898201   		.uleb128 0x4109
ARM GAS  C:\Users\JamesH\AppData\Local\Temp\cc0uF4JC.s 			page 25


 1234 008a 00       		.byte	0
 1235 008b 11       		.uleb128 0x11
 1236 008c 01       		.uleb128 0x1
 1237 008d 31       		.uleb128 0x31
 1238 008e 13       		.uleb128 0x13
 1239 008f 00       		.byte	0
 1240 0090 00       		.byte	0
 1241 0091 0C       		.uleb128 0xc
 1242 0092 2E       		.uleb128 0x2e
 1243 0093 01       		.byte	0x1
 1244 0094 3F       		.uleb128 0x3f
 1245 0095 19       		.uleb128 0x19
 1246 0096 03       		.uleb128 0x3
 1247 0097 0E       		.uleb128 0xe
 1248 0098 3A       		.uleb128 0x3a
 1249 0099 0B       		.uleb128 0xb
 1250 009a 3B       		.uleb128 0x3b
 1251 009b 0B       		.uleb128 0xb
 1252 009c 27       		.uleb128 0x27
 1253 009d 19       		.uleb128 0x19
 1254 009e 11       		.uleb128 0x11
 1255 009f 01       		.uleb128 0x1
 1256 00a0 12       		.uleb128 0x12
 1257 00a1 06       		.uleb128 0x6
 1258 00a2 40       		.uleb128 0x40
 1259 00a3 18       		.uleb128 0x18
 1260 00a4 9742     		.uleb128 0x2117
 1261 00a6 19       		.uleb128 0x19
 1262 00a7 01       		.uleb128 0x1
 1263 00a8 13       		.uleb128 0x13
 1264 00a9 00       		.byte	0
 1265 00aa 00       		.byte	0
 1266 00ab 0D       		.uleb128 0xd
 1267 00ac 05       		.uleb128 0x5
 1268 00ad 00       		.byte	0
 1269 00ae 03       		.uleb128 0x3
 1270 00af 0E       		.uleb128 0xe
 1271 00b0 3A       		.uleb128 0x3a
 1272 00b1 0B       		.uleb128 0xb
 1273 00b2 3B       		.uleb128 0x3b
 1274 00b3 0B       		.uleb128 0xb
 1275 00b4 49       		.uleb128 0x49
 1276 00b5 13       		.uleb128 0x13
 1277 00b6 02       		.uleb128 0x2
 1278 00b7 17       		.uleb128 0x17
 1279 00b8 00       		.byte	0
 1280 00b9 00       		.byte	0
 1281 00ba 0E       		.uleb128 0xe
 1282 00bb 898201   		.uleb128 0x4109
 1283 00be 01       		.byte	0x1
 1284 00bf 11       		.uleb128 0x11
 1285 00c0 01       		.uleb128 0x1
 1286 00c1 31       		.uleb128 0x31
 1287 00c2 13       		.uleb128 0x13
 1288 00c3 01       		.uleb128 0x1
 1289 00c4 13       		.uleb128 0x13
 1290 00c5 00       		.byte	0
ARM GAS  C:\Users\JamesH\AppData\Local\Temp\cc0uF4JC.s 			page 26


 1291 00c6 00       		.byte	0
 1292 00c7 0F       		.uleb128 0xf
 1293 00c8 05       		.uleb128 0x5
 1294 00c9 00       		.byte	0
 1295 00ca 03       		.uleb128 0x3
 1296 00cb 08       		.uleb128 0x8
 1297 00cc 3A       		.uleb128 0x3a
 1298 00cd 0B       		.uleb128 0xb
 1299 00ce 3B       		.uleb128 0x3b
 1300 00cf 0B       		.uleb128 0xb
 1301 00d0 49       		.uleb128 0x49
 1302 00d1 13       		.uleb128 0x13
 1303 00d2 02       		.uleb128 0x2
 1304 00d3 18       		.uleb128 0x18
 1305 00d4 00       		.byte	0
 1306 00d5 00       		.byte	0
 1307 00d6 10       		.uleb128 0x10
 1308 00d7 2E       		.uleb128 0x2e
 1309 00d8 00       		.byte	0
 1310 00d9 3F       		.uleb128 0x3f
 1311 00da 19       		.uleb128 0x19
 1312 00db 3C       		.uleb128 0x3c
 1313 00dc 19       		.uleb128 0x19
 1314 00dd 6E       		.uleb128 0x6e
 1315 00de 0E       		.uleb128 0xe
 1316 00df 03       		.uleb128 0x3
 1317 00e0 0E       		.uleb128 0xe
 1318 00e1 3A       		.uleb128 0x3a
 1319 00e2 0B       		.uleb128 0xb
 1320 00e3 3B       		.uleb128 0x3b
 1321 00e4 0B       		.uleb128 0xb
 1322 00e5 00       		.byte	0
 1323 00e6 00       		.byte	0
 1324 00e7 00       		.byte	0
 1325              		.section	.debug_loc,"",%progbits
 1326              	.Ldebug_loc0:
 1327              	.LLST0:
 1328 0000 06000000 		.4byte	.LVL0
 1329 0004 0A000000 		.4byte	.LVL1
 1330 0008 0200     		.2byte	0x2
 1331 000a 31       		.byte	0x31
 1332 000b 9F       		.byte	0x9f
 1333 000c 0A000000 		.4byte	.LVL1
 1334 0010 1E000000 		.4byte	.LVL5
 1335 0014 0100     		.2byte	0x1
 1336 0016 54       		.byte	0x54
 1337 0017 00000000 		.4byte	0
 1338 001b 00000000 		.4byte	0
 1339              	.LLST1:
 1340 001f 00000000 		.4byte	.LVL6
 1341 0023 22000000 		.4byte	.LVL7
 1342 0027 0100     		.2byte	0x1
 1343 0029 50       		.byte	0x50
 1344 002a 22000000 		.4byte	.LVL7
 1345 002e 25000000 		.4byte	.LVL8-1
 1346 0032 0300     		.2byte	0x3
 1347 0034 70       		.byte	0x70
ARM GAS  C:\Users\JamesH\AppData\Local\Temp\cc0uF4JC.s 			page 27


 1348 0035 7F       		.sleb128 -1
 1349 0036 9F       		.byte	0x9f
 1350 0037 25000000 		.4byte	.LVL8-1
 1351 003b 30000000 		.4byte	.LVL10
 1352 003f 0400     		.2byte	0x4
 1353 0041 F3       		.byte	0xf3
 1354 0042 01       		.uleb128 0x1
 1355 0043 50       		.byte	0x50
 1356 0044 9F       		.byte	0x9f
 1357 0045 30000000 		.4byte	.LVL10
 1358 0049 4C000000 		.4byte	.LVL11
 1359 004d 0100     		.2byte	0x1
 1360 004f 50       		.byte	0x50
 1361 0050 4C000000 		.4byte	.LVL11
 1362 0054 5A000000 		.4byte	.LVL14
 1363 0058 0400     		.2byte	0x4
 1364 005a F3       		.byte	0xf3
 1365 005b 01       		.uleb128 0x1
 1366 005c 50       		.byte	0x50
 1367 005d 9F       		.byte	0x9f
 1368 005e 5A000000 		.4byte	.LVL14
 1369 0062 76000000 		.4byte	.LVL15
 1370 0066 0100     		.2byte	0x1
 1371 0068 50       		.byte	0x50
 1372 0069 76000000 		.4byte	.LVL15
 1373 006d 84000000 		.4byte	.LVL18
 1374 0071 0400     		.2byte	0x4
 1375 0073 F3       		.byte	0xf3
 1376 0074 01       		.uleb128 0x1
 1377 0075 50       		.byte	0x50
 1378 0076 9F       		.byte	0x9f
 1379 0077 84000000 		.4byte	.LVL18
 1380 007b A0000000 		.4byte	.LVL19
 1381 007f 0100     		.2byte	0x1
 1382 0081 50       		.byte	0x50
 1383 0082 A0000000 		.4byte	.LVL19
 1384 0086 C4000000 		.4byte	.LFE40
 1385 008a 0400     		.2byte	0x4
 1386 008c F3       		.byte	0xf3
 1387 008d 01       		.uleb128 0x1
 1388 008e 50       		.byte	0x50
 1389 008f 9F       		.byte	0x9f
 1390 0090 00000000 		.4byte	0
 1391 0094 00000000 		.4byte	0
 1392              	.LLST2:
 1393 0098 00000000 		.4byte	.LVL25
 1394 009c 09000000 		.4byte	.LVL26-1
 1395 00a0 0100     		.2byte	0x1
 1396 00a2 50       		.byte	0x50
 1397 00a3 09000000 		.4byte	.LVL26-1
 1398 00a7 34000000 		.4byte	.LVL31
 1399 00ab 0100     		.2byte	0x1
 1400 00ad 54       		.byte	0x54
 1401 00ae 34000000 		.4byte	.LVL31
 1402 00b2 36000000 		.4byte	.LFE38
 1403 00b6 0400     		.2byte	0x4
 1404 00b8 F3       		.byte	0xf3
ARM GAS  C:\Users\JamesH\AppData\Local\Temp\cc0uF4JC.s 			page 28


 1405 00b9 01       		.uleb128 0x1
 1406 00ba 50       		.byte	0x50
 1407 00bb 9F       		.byte	0x9f
 1408 00bc 00000000 		.4byte	0
 1409 00c0 00000000 		.4byte	0
 1410              	.LLST3:
 1411 00c4 00000000 		.4byte	.LVL25
 1412 00c8 09000000 		.4byte	.LVL26-1
 1413 00cc 0100     		.2byte	0x1
 1414 00ce 51       		.byte	0x51
 1415 00cf 09000000 		.4byte	.LVL26-1
 1416 00d3 34000000 		.4byte	.LVL32
 1417 00d7 0100     		.2byte	0x1
 1418 00d9 55       		.byte	0x55
 1419 00da 34000000 		.4byte	.LVL32
 1420 00de 36000000 		.4byte	.LFE38
 1421 00e2 0400     		.2byte	0x4
 1422 00e4 F3       		.byte	0xf3
 1423 00e5 01       		.uleb128 0x1
 1424 00e6 51       		.byte	0x51
 1425 00e7 9F       		.byte	0x9f
 1426 00e8 00000000 		.4byte	0
 1427 00ec 00000000 		.4byte	0
 1428              	.LLST4:
 1429 00f0 00000000 		.4byte	.LVL33
 1430 00f4 08000000 		.4byte	.LVL34
 1431 00f8 0100     		.2byte	0x1
 1432 00fa 50       		.byte	0x50
 1433 00fb 08000000 		.4byte	.LVL34
 1434 00ff 0B000000 		.4byte	.LVL35-1
 1435 0103 0100     		.2byte	0x1
 1436 0105 51       		.byte	0x51
 1437 0106 0B000000 		.4byte	.LVL35-1
 1438 010a 14000000 		.4byte	.LVL37
 1439 010e 0100     		.2byte	0x1
 1440 0110 54       		.byte	0x54
 1441 0111 14000000 		.4byte	.LVL37
 1442 0115 16000000 		.4byte	.LFE35
 1443 0119 0400     		.2byte	0x4
 1444 011b F3       		.byte	0xf3
 1445 011c 01       		.uleb128 0x1
 1446 011d 50       		.byte	0x50
 1447 011e 9F       		.byte	0x9f
 1448 011f 00000000 		.4byte	0
 1449 0123 00000000 		.4byte	0
 1450              	.LLST5:
 1451 0127 00000000 		.4byte	.LVL38
 1452 012b 09000000 		.4byte	.LVL39-1
 1453 012f 0100     		.2byte	0x1
 1454 0131 50       		.byte	0x50
 1455 0132 09000000 		.4byte	.LVL39-1
 1456 0136 34000000 		.4byte	.LVL44
 1457 013a 0100     		.2byte	0x1
 1458 013c 54       		.byte	0x54
 1459 013d 34000000 		.4byte	.LVL44
 1460 0141 36000000 		.4byte	.LFE39
 1461 0145 0400     		.2byte	0x4
ARM GAS  C:\Users\JamesH\AppData\Local\Temp\cc0uF4JC.s 			page 29


 1462 0147 F3       		.byte	0xf3
 1463 0148 01       		.uleb128 0x1
 1464 0149 50       		.byte	0x50
 1465 014a 9F       		.byte	0x9f
 1466 014b 00000000 		.4byte	0
 1467 014f 00000000 		.4byte	0
 1468              	.LLST6:
 1469 0153 00000000 		.4byte	.LVL38
 1470 0157 09000000 		.4byte	.LVL39-1
 1471 015b 0100     		.2byte	0x1
 1472 015d 51       		.byte	0x51
 1473 015e 09000000 		.4byte	.LVL39-1
 1474 0162 34000000 		.4byte	.LVL45
 1475 0166 0100     		.2byte	0x1
 1476 0168 55       		.byte	0x55
 1477 0169 34000000 		.4byte	.LVL45
 1478 016d 36000000 		.4byte	.LFE39
 1479 0171 0400     		.2byte	0x4
 1480 0173 F3       		.byte	0xf3
 1481 0174 01       		.uleb128 0x1
 1482 0175 51       		.byte	0x51
 1483 0176 9F       		.byte	0x9f
 1484 0177 00000000 		.4byte	0
 1485 017b 00000000 		.4byte	0
 1486              	.LLST7:
 1487 017f 00000000 		.4byte	.LVL46
 1488 0183 08000000 		.4byte	.LVL47
 1489 0187 0100     		.2byte	0x1
 1490 0189 50       		.byte	0x50
 1491 018a 08000000 		.4byte	.LVL47
 1492 018e 0B000000 		.4byte	.LVL48-1
 1493 0192 0100     		.2byte	0x1
 1494 0194 51       		.byte	0x51
 1495 0195 0B000000 		.4byte	.LVL48-1
 1496 0199 14000000 		.4byte	.LVL50
 1497 019d 0100     		.2byte	0x1
 1498 019f 54       		.byte	0x54
 1499 01a0 14000000 		.4byte	.LVL50
 1500 01a4 16000000 		.4byte	.LFE36
 1501 01a8 0400     		.2byte	0x4
 1502 01aa F3       		.byte	0xf3
 1503 01ab 01       		.uleb128 0x1
 1504 01ac 50       		.byte	0x50
 1505 01ad 9F       		.byte	0x9f
 1506 01ae 00000000 		.4byte	0
 1507 01b2 00000000 		.4byte	0
 1508              		.section	.debug_aranges,"",%progbits
 1509 0000 54000000 		.4byte	0x54
 1510 0004 0200     		.2byte	0x2
 1511 0006 00000000 		.4byte	.Ldebug_info0
 1512 000a 04       		.byte	0x4
 1513 000b 00       		.byte	0
 1514 000c 0000     		.2byte	0
 1515 000e 0000     		.2byte	0
 1516 0010 00000000 		.4byte	.LFB34
 1517 0014 20000000 		.4byte	.LFE34-.LFB34
 1518 0018 00000000 		.4byte	.LFB40
ARM GAS  C:\Users\JamesH\AppData\Local\Temp\cc0uF4JC.s 			page 30


 1519 001c C4000000 		.4byte	.LFE40-.LFB40
 1520 0020 00000000 		.4byte	.LFB37
 1521 0024 10000000 		.4byte	.LFE37-.LFB37
 1522 0028 00000000 		.4byte	.LFB38
 1523 002c 36000000 		.4byte	.LFE38-.LFB38
 1524 0030 00000000 		.4byte	.LFB35
 1525 0034 16000000 		.4byte	.LFE35-.LFB35
 1526 0038 00000000 		.4byte	.LFB39
 1527 003c 36000000 		.4byte	.LFE39-.LFB39
 1528 0040 00000000 		.4byte	.LFB36
 1529 0044 16000000 		.4byte	.LFE36-.LFB36
 1530 0048 00000000 		.4byte	.LFB41
 1531 004c 02000000 		.4byte	.LFE41-.LFB41
 1532 0050 00000000 		.4byte	0
 1533 0054 00000000 		.4byte	0
 1534              		.section	.debug_ranges,"",%progbits
 1535              	.Ldebug_ranges0:
 1536 0000 00000000 		.4byte	.LFB34
 1537 0004 20000000 		.4byte	.LFE34
 1538 0008 00000000 		.4byte	.LFB40
 1539 000c C4000000 		.4byte	.LFE40
 1540 0010 00000000 		.4byte	.LFB37
 1541 0014 10000000 		.4byte	.LFE37
 1542 0018 00000000 		.4byte	.LFB38
 1543 001c 36000000 		.4byte	.LFE38
 1544 0020 00000000 		.4byte	.LFB35
 1545 0024 16000000 		.4byte	.LFE35
 1546 0028 00000000 		.4byte	.LFB39
 1547 002c 36000000 		.4byte	.LFE39
 1548 0030 00000000 		.4byte	.LFB36
 1549 0034 16000000 		.4byte	.LFE36
 1550 0038 00000000 		.4byte	.LFB41
 1551 003c 02000000 		.4byte	.LFE41
 1552 0040 00000000 		.4byte	0
 1553 0044 00000000 		.4byte	0
 1554              		.section	.debug_line,"",%progbits
 1555              	.Ldebug_line0:
 1556 0000 28010000 		.section	.debug_str,"MS",%progbits,1
 1556      02006A00 
 1556      00000201 
 1556      FB0E0D00 
 1556      01010101 
 1557              	.LASF6:
 1558 0000 6C6F6E67 		.ascii	"long long int\000"
 1558      206C6F6E 
 1558      6720696E 
 1558      7400
 1559              	.LASF22:
 1560 000e 54423930 		.ascii	"TB9051_VehForward\000"
 1560      35315F56 
 1560      6568466F 
 1560      72776172 
 1560      6400
 1561              	.LASF32:
 1562 0020 433A5C55 		.ascii	"C:\\Users\\JamesH\\Desktop\\ECE4191-Team-13-PSoC\\D"
 1562      73657273 
 1562      5C4A616D 
ARM GAS  C:\Users\JamesH\AppData\Local\Temp\cc0uF4JC.s 			page 31


 1562      6573485C 
 1562      4465736B 
 1563 004e 65736967 		.ascii	"esignAttempt01.cydsn\000"
 1563      6E417474 
 1563      656D7074 
 1563      30312E63 
 1563      7964736E 
 1564              	.LASF3:
 1565 0063 73686F72 		.ascii	"short unsigned int\000"
 1565      7420756E 
 1565      7369676E 
 1565      65642069 
 1565      6E7400
 1566              	.LASF27:
 1567 0076 51756164 		.ascii	"QuadPWM_Init\000"
 1567      50574D5F 
 1567      496E6974 
 1567      00
 1568              	.LASF25:
 1569 0083 54423930 		.ascii	"TB9051_VehMoveTo\000"
 1569      35315F56 
 1569      65684D6F 
 1569      7665546F 
 1569      00
 1570              	.LASF23:
 1571 0094 54423930 		.ascii	"TB9051_Reverse\000"
 1571      35315F52 
 1571      65766572 
 1571      736500
 1572              	.LASF9:
 1573 00a3 666C6F61 		.ascii	"float\000"
 1573      7400
 1574              	.LASF1:
 1575 00a9 756E7369 		.ascii	"unsigned char\000"
 1575      676E6564 
 1575      20636861 
 1575      7200
 1576              	.LASF18:
 1577 00b7 54423930 		.ascii	"TB9051_Brake\000"
 1577      35315F42 
 1577      72616B65 
 1577      00
 1578              	.LASF5:
 1579 00c4 6C6F6E67 		.ascii	"long unsigned int\000"
 1579      20756E73 
 1579      69676E65 
 1579      6420696E 
 1579      7400
 1580              	.LASF26:
 1581 00d6 51756164 		.ascii	"QuadPWM_SetDutyCycle\000"
 1581      50574D5F 
 1581      53657444 
 1581      75747943 
 1581      79636C65 
 1582              	.LASF28:
 1583 00eb 54423930 		.ascii	"TB9051_EN_Write\000"
 1583      35315F45 
ARM GAS  C:\Users\JamesH\AppData\Local\Temp\cc0uF4JC.s 			page 32


 1583      4E5F5772 
 1583      69746500 
 1584              	.LASF17:
 1585 00fb 54423930 		.ascii	"TB9051_VehBrake\000"
 1585      35315F56 
 1585      65684272 
 1585      616B6500 
 1586              	.LASF10:
 1587 010b 646F7562 		.ascii	"double\000"
 1587      6C6500
 1588              	.LASF24:
 1589 0112 54423930 		.ascii	"TB9051_VehReverse\000"
 1589      35315F56 
 1589      65685265 
 1589      76657273 
 1589      6500
 1590              	.LASF8:
 1591 0124 756E7369 		.ascii	"unsigned int\000"
 1591      676E6564 
 1591      20696E74 
 1591      00
 1592              	.LASF7:
 1593 0131 6C6F6E67 		.ascii	"long long unsigned int\000"
 1593      206C6F6E 
 1593      6720756E 
 1593      7369676E 
 1593      65642069 
 1594              	.LASF31:
 1595 0148 54423930 		.ascii	"TB9051.c\000"
 1595      35312E63 
 1595      00
 1596              	.LASF16:
 1597 0151 54423930 		.ascii	"TB9051_Begin\000"
 1597      35315F42 
 1597      6567696E 
 1597      00
 1598              	.LASF30:
 1599 015e 474E5520 		.ascii	"GNU C11 5.4.1 20160609 (release) [ARM/embedded-5-br"
 1599      43313120 
 1599      352E342E 
 1599      31203230 
 1599      31363036 
 1600 0191 616E6368 		.ascii	"anch revision 237715] -mcpu=cortex-m0 -mthumb -g -O"
 1600      20726576 
 1600      6973696F 
 1600      6E203233 
 1600      37373135 
 1601 01c4 67202D66 		.ascii	"g -ffunction-sections -ffat-lto-objects\000"
 1601      66756E63 
 1601      74696F6E 
 1601      2D736563 
 1601      74696F6E 
 1602              	.LASF13:
 1603 01ec 72656738 		.ascii	"reg8\000"
 1603      00
 1604              	.LASF21:
 1605 01f1 73706565 		.ascii	"speed\000"
ARM GAS  C:\Users\JamesH\AppData\Local\Temp\cc0uF4JC.s 			page 33


 1605      6400
 1606              	.LASF19:
 1607 01f7 54423930 		.ascii	"TB9051_Forward\000"
 1607      35315F46 
 1607      6F727761 
 1607      726400
 1608              	.LASF15:
 1609 0206 73697A65 		.ascii	"sizetype\000"
 1609      74797065 
 1609      00
 1610              	.LASF20:
 1611 020f 6D6F746F 		.ascii	"motor\000"
 1611      7200
 1612              	.LASF11:
 1613 0215 63686172 		.ascii	"char\000"
 1613      00
 1614              	.LASF2:
 1615 021a 73686F72 		.ascii	"short int\000"
 1615      7420696E 
 1615      7400
 1616              	.LASF12:
 1617 0224 75696E74 		.ascii	"uint8\000"
 1617      3800
 1618              	.LASF4:
 1619 022a 6C6F6E67 		.ascii	"long int\000"
 1619      20696E74 
 1619      00
 1620              	.LASF14:
 1621 0233 6C6F6E67 		.ascii	"long double\000"
 1621      20646F75 
 1621      626C6500 
 1622              	.LASF0:
 1623 023f 7369676E 		.ascii	"signed char\000"
 1623      65642063 
 1623      68617200 
 1624              	.LASF29:
 1625 024b 43794465 		.ascii	"CyDelay\000"
 1625      6C617900 
 1626              		.ident	"GCC: (GNU Tools for ARM Embedded Processors) 5.4.1 20160609 (release) [ARM/embedded-5-bran
