ARM GAS  C:\Users\JamesH\AppData\Local\Temp\ccGKfeP1.s 			page 1


   1              		.syntax unified
   2              		.cpu cortex-m0
   3              		.fpu softvfp
   4              		.eabi_attribute 20, 1
   5              		.eabi_attribute 21, 1
   6              		.eabi_attribute 23, 3
   7              		.eabi_attribute 24, 1
   8              		.eabi_attribute 25, 1
   9              		.eabi_attribute 26, 1
  10              		.eabi_attribute 30, 1
  11              		.eabi_attribute 34, 0
  12              		.eabi_attribute 18, 4
  13              		.thumb
  14              		.syntax unified
  15              		.file	"WS2812.c"
  16              		.text
  17              	.Ltext0:
  18              		.cfi_sections	.debug_frame
  19              		.section	.text.Set_LED,"ax",%progbits
  20              		.align	2
  21              		.global	Set_LED
  22              		.code	16
  23              		.thumb_func
  24              		.type	Set_LED, %function
  25              	Set_LED:
  26              	.LFB1:
  27              		.file 1 "WS2812.c"
   1:WS2812.c      **** /* ========================================
   2:WS2812.c      ****  *
   3:WS2812.c      ****  * Copyright YOUR COMPANY, THE YEAR
   4:WS2812.c      ****  * All Rights Reserved
   5:WS2812.c      ****  * UNPUBLISHED, LICENSED SOFTWARE.
   6:WS2812.c      ****  *
   7:WS2812.c      ****  * CONFIDENTIAL AND PROPRIETARY INFORMATION
   8:WS2812.c      ****  * WHICH IS THE PROPERTY OF your company.
   9:WS2812.c      ****  *
  10:WS2812.c      ****  * ========================================
  11:WS2812.c      **** */
  12:WS2812.c      **** 
  13:WS2812.c      **** /* [] END OF FILE */
  14:WS2812.c      **** #include <stdlib.h>
  15:WS2812.c      **** #include <stdio.h>
  16:WS2812.c      **** #include "WS2812.h"
  17:WS2812.c      **** 
  18:WS2812.c      **** uint8_t LED_Data[NUM_LED][4];
  19:WS2812.c      **** uint8_t LED_Mode[NUM_LED][4];
  20:WS2812.c      **** 
  21:WS2812.c      **** void Set_LED(int LEDNum, int red, int green, int blue){
  28              		.loc 1 21 0
  29              		.cfi_startproc
  30              		@ args = 0, pretend = 0, frame = 0
  31              		@ frame_needed = 0, uses_anonymous_args = 0
  32              	.LVL0:
  33 0000 30B5     		push	{r4, r5, lr}
  34              		.cfi_def_cfa_offset 12
  35              		.cfi_offset 4, -12
  36              		.cfi_offset 5, -8
ARM GAS  C:\Users\JamesH\AppData\Local\Temp\ccGKfeP1.s 			page 2


  37              		.cfi_offset 14, -4
  22:WS2812.c      ****     LED_Data[LEDNum][0] = LEDNum;
  38              		.loc 1 22 0
  39 0002 044D     		ldr	r5, .L2
  40 0004 8400     		lsls	r4, r0, #2
  41 0006 6055     		strb	r0, [r4, r5]
  23:WS2812.c      ****     LED_Data[LEDNum][1] = green;
  42              		.loc 1 23 0
  43 0008 2819     		adds	r0, r5, r4
  44              	.LVL1:
  45 000a 4270     		strb	r2, [r0, #1]
  24:WS2812.c      ****     LED_Data[LEDNum][2] = red;
  46              		.loc 1 24 0
  47 000c 8170     		strb	r1, [r0, #2]
  25:WS2812.c      ****     LED_Data[LEDNum][3] = blue;
  48              		.loc 1 25 0
  49 000e C370     		strb	r3, [r0, #3]
  26:WS2812.c      **** }
  50              		.loc 1 26 0
  51              		@ sp needed
  52 0010 30BD     		pop	{r4, r5, pc}
  53              	.L3:
  54 0012 C046     		.align	2
  55              	.L2:
  56 0014 00000000 		.word	LED_Data
  57              		.cfi_endproc
  58              	.LFE1:
  59              		.size	Set_LED, .-Set_LED
  60              		.comm	LED_Mode,32,4
  61              		.comm	LED_Data,32,4
  62              		.text
  63              	.Letext0:
  64              		.file 2 "c:\\program files (x86)\\cypress\\psoc creator\\4.4\\psoc creator\\import\\gnu\\arm\\5.4.
  65              		.file 3 "c:\\program files (x86)\\cypress\\psoc creator\\4.4\\psoc creator\\import\\gnu\\arm\\5.4.
  66              		.section	.debug_info,"",%progbits
  67              	.Ldebug_info0:
  68 0000 17010000 		.4byte	0x117
  69 0004 0400     		.2byte	0x4
  70 0006 00000000 		.4byte	.Ldebug_abbrev0
  71 000a 04       		.byte	0x4
  72 000b 01       		.uleb128 0x1
  73 000c 12010000 		.4byte	.LASF19
  74 0010 0C       		.byte	0xc
  75 0011 D4010000 		.4byte	.LASF20
  76 0015 99000000 		.4byte	.LASF21
  77 0019 00000000 		.4byte	.Ldebug_ranges0+0
  78 001d 00000000 		.4byte	0
  79 0021 00000000 		.4byte	.Ldebug_line0
  80 0025 02       		.uleb128 0x2
  81 0026 04       		.byte	0x4
  82 0027 07       		.byte	0x7
  83 0028 0E000000 		.4byte	.LASF0
  84 002c 03       		.uleb128 0x3
  85 002d 04       		.byte	0x4
  86 002e 05       		.byte	0x5
  87 002f 696E7400 		.ascii	"int\000"
  88 0033 02       		.uleb128 0x2
ARM GAS  C:\Users\JamesH\AppData\Local\Temp\ccGKfeP1.s 			page 3


  89 0034 08       		.byte	0x8
  90 0035 05       		.byte	0x5
  91 0036 00000000 		.4byte	.LASF1
  92 003a 02       		.uleb128 0x2
  93 003b 08       		.byte	0x8
  94 003c 04       		.byte	0x4
  95 003d BF010000 		.4byte	.LASF2
  96 0041 02       		.uleb128 0x2
  97 0042 01       		.byte	0x1
  98 0043 06       		.byte	0x6
  99 0044 B3010000 		.4byte	.LASF3
 100 0048 04       		.uleb128 0x4
 101 0049 61000000 		.4byte	.LASF12
 102 004d 02       		.byte	0x2
 103 004e 1D       		.byte	0x1d
 104 004f 53000000 		.4byte	0x53
 105 0053 02       		.uleb128 0x2
 106 0054 01       		.byte	0x1
 107 0055 08       		.byte	0x8
 108 0056 73000000 		.4byte	.LASF4
 109 005a 02       		.uleb128 0x2
 110 005b 02       		.byte	0x2
 111 005c 05       		.byte	0x5
 112 005d 8F000000 		.4byte	.LASF5
 113 0061 02       		.uleb128 0x2
 114 0062 02       		.byte	0x2
 115 0063 07       		.byte	0x7
 116 0064 A0010000 		.4byte	.LASF6
 117 0068 02       		.uleb128 0x2
 118 0069 04       		.byte	0x4
 119 006a 05       		.byte	0x5
 120 006b 86000000 		.4byte	.LASF7
 121 006f 02       		.uleb128 0x2
 122 0070 04       		.byte	0x4
 123 0071 07       		.byte	0x7
 124 0072 38000000 		.4byte	.LASF8
 125 0076 02       		.uleb128 0x2
 126 0077 08       		.byte	0x8
 127 0078 07       		.byte	0x7
 128 0079 4A000000 		.4byte	.LASF9
 129 007d 02       		.uleb128 0x2
 130 007e 04       		.byte	0x4
 131 007f 07       		.byte	0x7
 132 0080 E3010000 		.4byte	.LASF10
 133 0084 02       		.uleb128 0x2
 134 0085 01       		.byte	0x1
 135 0086 08       		.byte	0x8
 136 0087 81000000 		.4byte	.LASF11
 137 008b 04       		.uleb128 0x4
 138 008c 6B000000 		.4byte	.LASF13
 139 0090 03       		.byte	0x3
 140 0091 18       		.byte	0x18
 141 0092 48000000 		.4byte	0x48
 142 0096 05       		.uleb128 0x5
 143 0097 20000000 		.4byte	.LASF22
 144 009b 01       		.byte	0x1
 145 009c 15       		.byte	0x15
ARM GAS  C:\Users\JamesH\AppData\Local\Temp\ccGKfeP1.s 			page 4


 146 009d 00000000 		.4byte	.LFB1
 147 00a1 18000000 		.4byte	.LFE1-.LFB1
 148 00a5 01       		.uleb128 0x1
 149 00a6 9C       		.byte	0x9c
 150 00a7 E2000000 		.4byte	0xe2
 151 00ab 06       		.uleb128 0x6
 152 00ac 28000000 		.4byte	.LASF14
 153 00b0 01       		.byte	0x1
 154 00b1 15       		.byte	0x15
 155 00b2 2C000000 		.4byte	0x2c
 156 00b6 00000000 		.4byte	.LLST0
 157 00ba 07       		.uleb128 0x7
 158 00bb 72656400 		.ascii	"red\000"
 159 00bf 01       		.byte	0x1
 160 00c0 15       		.byte	0x15
 161 00c1 2C000000 		.4byte	0x2c
 162 00c5 01       		.uleb128 0x1
 163 00c6 51       		.byte	0x51
 164 00c7 08       		.uleb128 0x8
 165 00c8 DD010000 		.4byte	.LASF15
 166 00cc 01       		.byte	0x1
 167 00cd 15       		.byte	0x15
 168 00ce 2C000000 		.4byte	0x2c
 169 00d2 01       		.uleb128 0x1
 170 00d3 52       		.byte	0x52
 171 00d4 08       		.uleb128 0x8
 172 00d5 1B000000 		.4byte	.LASF16
 173 00d9 01       		.byte	0x1
 174 00da 15       		.byte	0x15
 175 00db 2C000000 		.4byte	0x2c
 176 00df 01       		.uleb128 0x1
 177 00e0 53       		.byte	0x53
 178 00e1 00       		.byte	0
 179 00e2 09       		.uleb128 0x9
 180 00e3 8B000000 		.4byte	0x8b
 181 00e7 F8000000 		.4byte	0xf8
 182 00eb 0A       		.uleb128 0xa
 183 00ec 7D000000 		.4byte	0x7d
 184 00f0 07       		.byte	0x7
 185 00f1 0A       		.uleb128 0xa
 186 00f2 7D000000 		.4byte	0x7d
 187 00f6 03       		.byte	0x3
 188 00f7 00       		.byte	0
 189 00f8 0B       		.uleb128 0xb
 190 00f9 2F000000 		.4byte	.LASF17
 191 00fd 01       		.byte	0x1
 192 00fe 12       		.byte	0x12
 193 00ff E2000000 		.4byte	0xe2
 194 0103 05       		.uleb128 0x5
 195 0104 03       		.byte	0x3
 196 0105 00000000 		.4byte	LED_Data
 197 0109 0B       		.uleb128 0xb
 198 010a CB010000 		.4byte	.LASF18
 199 010e 01       		.byte	0x1
 200 010f 13       		.byte	0x13
 201 0110 E2000000 		.4byte	0xe2
 202 0114 05       		.uleb128 0x5
ARM GAS  C:\Users\JamesH\AppData\Local\Temp\ccGKfeP1.s 			page 5


 203 0115 03       		.byte	0x3
 204 0116 00000000 		.4byte	LED_Mode
 205 011a 00       		.byte	0
 206              		.section	.debug_abbrev,"",%progbits
 207              	.Ldebug_abbrev0:
 208 0000 01       		.uleb128 0x1
 209 0001 11       		.uleb128 0x11
 210 0002 01       		.byte	0x1
 211 0003 25       		.uleb128 0x25
 212 0004 0E       		.uleb128 0xe
 213 0005 13       		.uleb128 0x13
 214 0006 0B       		.uleb128 0xb
 215 0007 03       		.uleb128 0x3
 216 0008 0E       		.uleb128 0xe
 217 0009 1B       		.uleb128 0x1b
 218 000a 0E       		.uleb128 0xe
 219 000b 55       		.uleb128 0x55
 220 000c 17       		.uleb128 0x17
 221 000d 11       		.uleb128 0x11
 222 000e 01       		.uleb128 0x1
 223 000f 10       		.uleb128 0x10
 224 0010 17       		.uleb128 0x17
 225 0011 00       		.byte	0
 226 0012 00       		.byte	0
 227 0013 02       		.uleb128 0x2
 228 0014 24       		.uleb128 0x24
 229 0015 00       		.byte	0
 230 0016 0B       		.uleb128 0xb
 231 0017 0B       		.uleb128 0xb
 232 0018 3E       		.uleb128 0x3e
 233 0019 0B       		.uleb128 0xb
 234 001a 03       		.uleb128 0x3
 235 001b 0E       		.uleb128 0xe
 236 001c 00       		.byte	0
 237 001d 00       		.byte	0
 238 001e 03       		.uleb128 0x3
 239 001f 24       		.uleb128 0x24
 240 0020 00       		.byte	0
 241 0021 0B       		.uleb128 0xb
 242 0022 0B       		.uleb128 0xb
 243 0023 3E       		.uleb128 0x3e
 244 0024 0B       		.uleb128 0xb
 245 0025 03       		.uleb128 0x3
 246 0026 08       		.uleb128 0x8
 247 0027 00       		.byte	0
 248 0028 00       		.byte	0
 249 0029 04       		.uleb128 0x4
 250 002a 16       		.uleb128 0x16
 251 002b 00       		.byte	0
 252 002c 03       		.uleb128 0x3
 253 002d 0E       		.uleb128 0xe
 254 002e 3A       		.uleb128 0x3a
 255 002f 0B       		.uleb128 0xb
 256 0030 3B       		.uleb128 0x3b
 257 0031 0B       		.uleb128 0xb
 258 0032 49       		.uleb128 0x49
 259 0033 13       		.uleb128 0x13
ARM GAS  C:\Users\JamesH\AppData\Local\Temp\ccGKfeP1.s 			page 6


 260 0034 00       		.byte	0
 261 0035 00       		.byte	0
 262 0036 05       		.uleb128 0x5
 263 0037 2E       		.uleb128 0x2e
 264 0038 01       		.byte	0x1
 265 0039 3F       		.uleb128 0x3f
 266 003a 19       		.uleb128 0x19
 267 003b 03       		.uleb128 0x3
 268 003c 0E       		.uleb128 0xe
 269 003d 3A       		.uleb128 0x3a
 270 003e 0B       		.uleb128 0xb
 271 003f 3B       		.uleb128 0x3b
 272 0040 0B       		.uleb128 0xb
 273 0041 27       		.uleb128 0x27
 274 0042 19       		.uleb128 0x19
 275 0043 11       		.uleb128 0x11
 276 0044 01       		.uleb128 0x1
 277 0045 12       		.uleb128 0x12
 278 0046 06       		.uleb128 0x6
 279 0047 40       		.uleb128 0x40
 280 0048 18       		.uleb128 0x18
 281 0049 9742     		.uleb128 0x2117
 282 004b 19       		.uleb128 0x19
 283 004c 01       		.uleb128 0x1
 284 004d 13       		.uleb128 0x13
 285 004e 00       		.byte	0
 286 004f 00       		.byte	0
 287 0050 06       		.uleb128 0x6
 288 0051 05       		.uleb128 0x5
 289 0052 00       		.byte	0
 290 0053 03       		.uleb128 0x3
 291 0054 0E       		.uleb128 0xe
 292 0055 3A       		.uleb128 0x3a
 293 0056 0B       		.uleb128 0xb
 294 0057 3B       		.uleb128 0x3b
 295 0058 0B       		.uleb128 0xb
 296 0059 49       		.uleb128 0x49
 297 005a 13       		.uleb128 0x13
 298 005b 02       		.uleb128 0x2
 299 005c 17       		.uleb128 0x17
 300 005d 00       		.byte	0
 301 005e 00       		.byte	0
 302 005f 07       		.uleb128 0x7
 303 0060 05       		.uleb128 0x5
 304 0061 00       		.byte	0
 305 0062 03       		.uleb128 0x3
 306 0063 08       		.uleb128 0x8
 307 0064 3A       		.uleb128 0x3a
 308 0065 0B       		.uleb128 0xb
 309 0066 3B       		.uleb128 0x3b
 310 0067 0B       		.uleb128 0xb
 311 0068 49       		.uleb128 0x49
 312 0069 13       		.uleb128 0x13
 313 006a 02       		.uleb128 0x2
 314 006b 18       		.uleb128 0x18
 315 006c 00       		.byte	0
 316 006d 00       		.byte	0
ARM GAS  C:\Users\JamesH\AppData\Local\Temp\ccGKfeP1.s 			page 7


 317 006e 08       		.uleb128 0x8
 318 006f 05       		.uleb128 0x5
 319 0070 00       		.byte	0
 320 0071 03       		.uleb128 0x3
 321 0072 0E       		.uleb128 0xe
 322 0073 3A       		.uleb128 0x3a
 323 0074 0B       		.uleb128 0xb
 324 0075 3B       		.uleb128 0x3b
 325 0076 0B       		.uleb128 0xb
 326 0077 49       		.uleb128 0x49
 327 0078 13       		.uleb128 0x13
 328 0079 02       		.uleb128 0x2
 329 007a 18       		.uleb128 0x18
 330 007b 00       		.byte	0
 331 007c 00       		.byte	0
 332 007d 09       		.uleb128 0x9
 333 007e 01       		.uleb128 0x1
 334 007f 01       		.byte	0x1
 335 0080 49       		.uleb128 0x49
 336 0081 13       		.uleb128 0x13
 337 0082 01       		.uleb128 0x1
 338 0083 13       		.uleb128 0x13
 339 0084 00       		.byte	0
 340 0085 00       		.byte	0
 341 0086 0A       		.uleb128 0xa
 342 0087 21       		.uleb128 0x21
 343 0088 00       		.byte	0
 344 0089 49       		.uleb128 0x49
 345 008a 13       		.uleb128 0x13
 346 008b 2F       		.uleb128 0x2f
 347 008c 0B       		.uleb128 0xb
 348 008d 00       		.byte	0
 349 008e 00       		.byte	0
 350 008f 0B       		.uleb128 0xb
 351 0090 34       		.uleb128 0x34
 352 0091 00       		.byte	0
 353 0092 03       		.uleb128 0x3
 354 0093 0E       		.uleb128 0xe
 355 0094 3A       		.uleb128 0x3a
 356 0095 0B       		.uleb128 0xb
 357 0096 3B       		.uleb128 0x3b
 358 0097 0B       		.uleb128 0xb
 359 0098 49       		.uleb128 0x49
 360 0099 13       		.uleb128 0x13
 361 009a 3F       		.uleb128 0x3f
 362 009b 19       		.uleb128 0x19
 363 009c 02       		.uleb128 0x2
 364 009d 18       		.uleb128 0x18
 365 009e 00       		.byte	0
 366 009f 00       		.byte	0
 367 00a0 00       		.byte	0
 368              		.section	.debug_loc,"",%progbits
 369              	.Ldebug_loc0:
 370              	.LLST0:
 371 0000 00000000 		.4byte	.LVL0
 372 0004 0A000000 		.4byte	.LVL1
 373 0008 0100     		.2byte	0x1
ARM GAS  C:\Users\JamesH\AppData\Local\Temp\ccGKfeP1.s 			page 8


 374 000a 50       		.byte	0x50
 375 000b 0A000000 		.4byte	.LVL1
 376 000f 18000000 		.4byte	.LFE1
 377 0013 0400     		.2byte	0x4
 378 0015 F3       		.byte	0xf3
 379 0016 01       		.uleb128 0x1
 380 0017 50       		.byte	0x50
 381 0018 9F       		.byte	0x9f
 382 0019 00000000 		.4byte	0
 383 001d 00000000 		.4byte	0
 384              		.section	.debug_aranges,"",%progbits
 385 0000 1C000000 		.4byte	0x1c
 386 0004 0200     		.2byte	0x2
 387 0006 00000000 		.4byte	.Ldebug_info0
 388 000a 04       		.byte	0x4
 389 000b 00       		.byte	0
 390 000c 0000     		.2byte	0
 391 000e 0000     		.2byte	0
 392 0010 00000000 		.4byte	.LFB1
 393 0014 18000000 		.4byte	.LFE1-.LFB1
 394 0018 00000000 		.4byte	0
 395 001c 00000000 		.4byte	0
 396              		.section	.debug_ranges,"",%progbits
 397              	.Ldebug_ranges0:
 398 0000 00000000 		.4byte	.LFB1
 399 0004 18000000 		.4byte	.LFE1
 400 0008 00000000 		.4byte	0
 401 000c 00000000 		.4byte	0
 402              		.section	.debug_line,"",%progbits
 403              	.Ldebug_line0:
 404 0000 36010000 		.section	.debug_str,"MS",%progbits,1
 404      02001C01 
 404      00000201 
 404      FB0E0D00 
 404      01010101 
 405              	.LASF1:
 406 0000 6C6F6E67 		.ascii	"long long int\000"
 406      206C6F6E 
 406      6720696E 
 406      7400
 407              	.LASF0:
 408 000e 756E7369 		.ascii	"unsigned int\000"
 408      676E6564 
 408      20696E74 
 408      00
 409              	.LASF16:
 410 001b 626C7565 		.ascii	"blue\000"
 410      00
 411              	.LASF22:
 412 0020 5365745F 		.ascii	"Set_LED\000"
 412      4C454400 
 413              	.LASF14:
 414 0028 4C45444E 		.ascii	"LEDNum\000"
 414      756D00
 415              	.LASF17:
 416 002f 4C45445F 		.ascii	"LED_Data\000"
 416      44617461 
ARM GAS  C:\Users\JamesH\AppData\Local\Temp\ccGKfeP1.s 			page 9


 416      00
 417              	.LASF8:
 418 0038 6C6F6E67 		.ascii	"long unsigned int\000"
 418      20756E73 
 418      69676E65 
 418      6420696E 
 418      7400
 419              	.LASF9:
 420 004a 6C6F6E67 		.ascii	"long long unsigned int\000"
 420      206C6F6E 
 420      6720756E 
 420      7369676E 
 420      65642069 
 421              	.LASF12:
 422 0061 5F5F7569 		.ascii	"__uint8_t\000"
 422      6E74385F 
 422      7400
 423              	.LASF13:
 424 006b 75696E74 		.ascii	"uint8_t\000"
 424      385F7400 
 425              	.LASF4:
 426 0073 756E7369 		.ascii	"unsigned char\000"
 426      676E6564 
 426      20636861 
 426      7200
 427              	.LASF11:
 428 0081 63686172 		.ascii	"char\000"
 428      00
 429              	.LASF7:
 430 0086 6C6F6E67 		.ascii	"long int\000"
 430      20696E74 
 430      00
 431              	.LASF5:
 432 008f 73686F72 		.ascii	"short int\000"
 432      7420696E 
 432      7400
 433              	.LASF21:
 434 0099 433A5C55 		.ascii	"C:\\Users\\JamesH\\OneDrive - Monash University\\MO"
 434      73657273 
 434      5C4A616D 
 434      6573485C 
 434      4F6E6544 
 435 00c8 4E415348 		.ascii	"NASH\\2022\\ECE4191\\Project\\PSOC\\Project1\\Works"
 435      5C323032 
 435      325C4543 
 435      45343139 
 435      315C5072 
 436 00f5 70616365 		.ascii	"pace01\\DesignAttempt01.cydsn\000"
 436      30315C44 
 436      65736967 
 436      6E417474 
 436      656D7074 
 437              	.LASF19:
 438 0112 474E5520 		.ascii	"GNU C11 5.4.1 20160609 (release) [ARM/embedded-5-br"
 438      43313120 
 438      352E342E 
 438      31203230 
ARM GAS  C:\Users\JamesH\AppData\Local\Temp\ccGKfeP1.s 			page 10


 438      31363036 
 439 0145 616E6368 		.ascii	"anch revision 237715] -mcpu=cortex-m0 -mthumb -g -O"
 439      20726576 
 439      6973696F 
 439      6E203233 
 439      37373135 
 440 0178 67202D66 		.ascii	"g -ffunction-sections -ffat-lto-objects\000"
 440      66756E63 
 440      74696F6E 
 440      2D736563 
 440      74696F6E 
 441              	.LASF6:
 442 01a0 73686F72 		.ascii	"short unsigned int\000"
 442      7420756E 
 442      7369676E 
 442      65642069 
 442      6E7400
 443              	.LASF3:
 444 01b3 7369676E 		.ascii	"signed char\000"
 444      65642063 
 444      68617200 
 445              	.LASF2:
 446 01bf 6C6F6E67 		.ascii	"long double\000"
 446      20646F75 
 446      626C6500 
 447              	.LASF18:
 448 01cb 4C45445F 		.ascii	"LED_Mode\000"
 448      4D6F6465 
 448      00
 449              	.LASF20:
 450 01d4 57533238 		.ascii	"WS2812.c\000"
 450      31322E63 
 450      00
 451              	.LASF15:
 452 01dd 67726565 		.ascii	"green\000"
 452      6E00
 453              	.LASF10:
 454 01e3 73697A65 		.ascii	"sizetype\000"
 454      74797065 
 454      00
 455              		.ident	"GCC: (GNU Tools for ARM Embedded Processors) 5.4.1 20160609 (release) [ARM/embedded-5-bran
