--------------- Build Started: 09/01/2022 15:12:54 Project: PSoC5_Team13Project, Configuration: ARM GCC 5.4-2016-q2-update Debug ---------------
The code generation step is up to date.
arm-none-eabi-gcc.exe -mcpu=cortex-m3 -mthumb -I. -IGenerated_Source\PSoC5 -Wa,-alh=.\CortexM3\ARM_GCC_541\Debug/HCSR04.lst -g -D DEBUG -D CY_CORE_ID=0 -Wall -ffunction-sections -ffat-lto-objects -Og -c HCSR04.c -o .\CortexM3\ARM_GCC_541\Debug\HCSR04.o
HCSR04.c: In function 'distMeasure':
HCSR04.c:51:9: warning: implicit declaration of function 'fnSend' [-Wimplicit-function-declaration]
         fnSend(101, &distAvL ,&distAvR);
         ^
HCSR04.c:49:15: warning: unused variable 'f2' [-Wunused-variable]
         float f2 = 2.5;
               ^
HCSR04.c:48:15: warning: unused variable 'f1' [-Wunused-variable]
         float f1 = 100.5;
               ^
arm-none-eabi-ar.exe -rs .\CortexM3\ARM_GCC_541\Debug\PSoC5_Team13Project.a .\CortexM3\ARM_GCC_541\Debug\CyDmac.o .\CortexM3\ARM_GCC_541\Debug\CyFlash.o .\CortexM3\ARM_GCC_541\Debug\CyLib.o .\CortexM3\ARM_GCC_541\Debug\cyPm.o .\CortexM3\ARM_GCC_541\Debug\CySpc.o .\CortexM3\ARM_GCC_541\Debug\cyutils.o .\CortexM3\ARM_GCC_541\Debug\cy_em_eeprom.o .\CortexM3\ARM_GCC_541\Debug\StepperDriver.o .\CortexM3\ARM_GCC_541\Debug\StepperDriver_PM.o .\CortexM3\ARM_GCC_541\Debug\I2C_1.o .\CortexM3\ARM_GCC_541\Debug\I2C_1_BOOT.o .\CortexM3\ARM_GCC_541\Debug\I2C_1_INT.o .\CortexM3\ARM_GCC_541\Debug\I2C_1_PM.o .\CortexM3\ARM_GCC_541\Debug\I2C_1_SLAVE.o .\CortexM3\ARM_GCC_541\Debug\I2C_1_MASTER.o .\CortexM3\ARM_GCC_541\Debug\PWM.o .\CortexM3\ARM_GCC_541\Debug\PWM_PM.o .\CortexM3\ARM_GCC_541\Debug\Clock_1.o .\CortexM3\ARM_GCC_541\Debug\TB9051_EN.o .\CortexM3\ARM_GCC_541\Debug\TB9051_EN_PM.o .\CortexM3\ARM_GCC_541\Debug\QuadPWM.o .\CortexM3\ARM_GCC_541\Debug\UART.o .\CortexM3\ARM_GCC_541\Debug\UART_RPi.o .\CortexM3\ARM_GCC_541\Debug\UART_RPi_PM.o .\CortexM3\ARM_GCC_541\Debug\UART_RPi_INT.o .\CortexM3\ARM_GCC_541\Debug\UART_RPi_BOOT.o .\CortexM3\ARM_GCC_541\Debug\UART_RPi_IntClock.o .\CortexM3\ARM_GCC_541\Debug\SCL_1.o .\CortexM3\ARM_GCC_541\Debug\SDA_1.o .\CortexM3\ARM_GCC_541\Debug\STP_0.o .\CortexM3\ARM_GCC_541\Debug\STP_1.o .\CortexM3\ARM_GCC_541\Debug\STP_2.o .\CortexM3\ARM_GCC_541\Debug\STP_3.o .\CortexM3\ARM_GCC_541\Debug\SG90.o .\CortexM3\ARM_GCC_541\Debug\TB_PWM1.o .\CortexM3\ARM_GCC_541\Debug\TB_PWM2.o .\CortexM3\ARM_GCC_541\Debug\TB_EN.o .\CortexM3\ARM_GCC_541\Debug\TB_ENB.o .\CortexM3\ARM_GCC_541\Debug\TB_PWM3.o .\CortexM3\ARM_GCC_541\Debug\TB_PWM4.o .\CortexM3\ARM_GCC_541\Debug\Trig_R.o .\CortexM3\ARM_GCC_541\Debug\Trig_L.o .\CortexM3\ARM_GCC_541\Debug\Echo_R.o .\CortexM3\ARM_GCC_541\Debug\Echo_L.o .\CortexM3\ARM_GCC_541\Debug\E_L.o .\CortexM3\ARM_GCC_541\Debug\E_R.o .\CortexM3\ARM_GCC_541\Debug\US_L.o .\CortexM3\ARM_GCC_541\Debug\US_L_PM.o .\CortexM3\ARM_GCC_541\Debug\US_R.o .\CortexM3\ARM_GCC_541\Debug\US_R_PM.o .\CortexM3\ARM_GCC_541\Debug\Timer_L.o .\CortexM3\ARM_GCC_541\Debug\Timer_L_PM.o .\CortexM3\ARM_GCC_541\Debug\Timer_R.o .\CortexM3\ARM_GCC_541\Debug\Timer_R_PM.o .\CortexM3\ARM_GCC_541\Debug\RXcmplt.o .\CortexM3\ARM_GCC_541\Debug\rxDMA_dma.o .\CortexM3\ARM_GCC_541\Debug\CyBootAsmGnu.o .\CortexM3\ARM_GCC_541\Debug\UART_AsmGnu.o
arm-none-eabi-ar.exe: creating .\CortexM3\ARM_GCC_541\Debug\PSoC5_Team13Project.a
arm-none-eabi-gcc.exe -Wl,--start-group -o C:\Users\JamesH\Desktop\ECE4191-Team-13-PSoC\PSoC5_Team13Project.cydsn\CortexM3\ARM_GCC_541\Debug\PSoC5_Team13Project.elf .\CortexM3\ARM_GCC_541\Debug\main.o .\CortexM3\ARM_GCC_541\Debug\SBT0811.o .\CortexM3\ARM_GCC_541\Debug\IMU.o .\CortexM3\ARM_GCC_541\Debug\SG90.o .\CortexM3\ARM_GCC_541\Debug\TB9051.o .\CortexM3\ARM_GCC_541\Debug\fnReceive.o .\CortexM3\ARM_GCC_541\Debug\HCSR04.o .\CortexM3\ARM_GCC_541\Debug\cyfitter_cfg.o .\CortexM3\ARM_GCC_541\Debug\cymetadata.o .\CortexM3\ARM_GCC_541\Debug\Cm3Start.o .\CortexM3\ARM_GCC_541\Debug\PSoC5_Team13Project.a "C:\Program Files (x86)\Cypress\PSoC Creator\4.4\PSoC Creator\psoc\content\cycomponentlibrary\CyComponentLibrary.cylib\CortexM3\ARM_GCC_541\Debug\CyComponentLibrary.a" -mcpu=cortex-m3 -mthumb -l m -L Generated_Source\PSoC5 -Wl,-Map,.\CortexM3\ARM_GCC_541\Debug/PSoC5_Team13Project.map -T Generated_Source\PSoC5\cm3gcc.ld -specs=nano.specs -u _printf_float -Wl,--gc-sections -g -ffunction-sections -Og -ffat-lto-objects -Wl,--end-group
cyelftool.exe -C C:\Users\JamesH\Desktop\ECE4191-Team-13-PSoC\PSoC5_Team13Project.cydsn\CortexM3\ARM_GCC_541\Debug\PSoC5_Team13Project.elf --flash_row_size 256 --flash_size 262144 --flash_offset 0x00000000
No ELF section .cychecksum found, creating one
Application checksum calculated and stored in ELF section .cychecksum
Checksum calculated and stored in ELF section .cymeta
cyelftool.exe -S C:\Users\JamesH\Desktop\ECE4191-Team-13-PSoC\PSoC5_Team13Project.cydsn\CortexM3\ARM_GCC_541\Debug\PSoC5_Team13Project.elf
Flash used: 30946 of 262144 bytes (11.8%).
SRAM used: 4825 of 65536 bytes (7.4%). Stack: 2048 bytes. Heap: 2048 bytes.
--------------- Build Succeeded: 09/01/2022 15:12:55 ---------------
