--------------- Clean Started: 09/02/2022 09:57:28 Project: PSoC5_Team13Project, Configuration: ARM GCC 5.4-2016-q2-update Debug ---------------
Deleting file ".\CortexM3\ARM_GCC_541\Debug\main.o"
Deleting file ".\CortexM3\ARM_GCC_541\Debug\SBT0811.o"
Deleting file ".\CortexM3\ARM_GCC_541\Debug\IMU.o"
Deleting file ".\CortexM3\ARM_GCC_541\Debug\SG90.o"
Deleting file ".\CortexM3\ARM_GCC_541\Debug\TB9051.o"
Deleting file ".\CortexM3\ARM_GCC_541\Debug\fnReceive.o"
Deleting file ".\CortexM3\ARM_GCC_541\Debug\HCSR04.o"
Deleting file ".\CortexM3\ARM_GCC_541\Debug\cyfitter_cfg.o"
Deleting file ".\CortexM3\ARM_GCC_541\Debug\cymetadata.o"
Deleting file ".\CortexM3\ARM_GCC_541\Debug\Cm3Start.o"
Deleting file ".\CortexM3\ARM_GCC_541\Debug\CyBootAsmGnu.o"
Deleting file ".\CortexM3\ARM_GCC_541\Debug\CyDmac.o"
Deleting file ".\CortexM3\ARM_GCC_541\Debug\CyFlash.o"
Deleting file ".\CortexM3\ARM_GCC_541\Debug\CyLib.o"
Deleting file ".\CortexM3\ARM_GCC_541\Debug\cyPm.o"
Deleting file ".\CortexM3\ARM_GCC_541\Debug\CySpc.o"
Deleting file ".\CortexM3\ARM_GCC_541\Debug\cyutils.o"
Deleting file ".\CortexM3\ARM_GCC_541\Debug\cy_em_eeprom.o"
Deleting file ".\CortexM3\ARM_GCC_541\Debug\StepperDriver.o"
Deleting file ".\CortexM3\ARM_GCC_541\Debug\StepperDriver_PM.o"
Deleting file ".\CortexM3\ARM_GCC_541\Debug\I2C_1.o"
Deleting file ".\CortexM3\ARM_GCC_541\Debug\I2C_1_BOOT.o"
Deleting file ".\CortexM3\ARM_GCC_541\Debug\I2C_1_INT.o"
Deleting file ".\CortexM3\ARM_GCC_541\Debug\I2C_1_PM.o"
Deleting file ".\CortexM3\ARM_GCC_541\Debug\I2C_1_SLAVE.o"
Deleting file ".\CortexM3\ARM_GCC_541\Debug\I2C_1_MASTER.o"
Deleting file ".\CortexM3\ARM_GCC_541\Debug\PWM.o"
Deleting file ".\CortexM3\ARM_GCC_541\Debug\PWM_PM.o"
Deleting file ".\CortexM3\ARM_GCC_541\Debug\Clock_1.o"
Deleting file ".\CortexM3\ARM_GCC_541\Debug\TB9051_EN.o"
Deleting file ".\CortexM3\ARM_GCC_541\Debug\TB9051_EN_PM.o"
Deleting file ".\CortexM3\ARM_GCC_541\Debug\QuadPWM.o"
Deleting file ".\CortexM3\ARM_GCC_541\Debug\UART.o"
Deleting file ".\CortexM3\ARM_GCC_541\Debug\UART_AsmGnu.o"
Deleting file ".\CortexM3\ARM_GCC_541\Debug\UART_RPi.o"
Deleting file ".\CortexM3\ARM_GCC_541\Debug\UART_RPi_PM.o"
Deleting file ".\CortexM3\ARM_GCC_541\Debug\UART_RPi_INT.o"
Deleting file ".\CortexM3\ARM_GCC_541\Debug\UART_RPi_BOOT.o"
Deleting file ".\CortexM3\ARM_GCC_541\Debug\UART_RPi_IntClock.o"
Deleting file ".\CortexM3\ARM_GCC_541\Debug\SCL_1.o"
Deleting file ".\CortexM3\ARM_GCC_541\Debug\SDA_1.o"
Deleting file ".\CortexM3\ARM_GCC_541\Debug\STP_0.o"
Deleting file ".\CortexM3\ARM_GCC_541\Debug\STP_1.o"
Deleting file ".\CortexM3\ARM_GCC_541\Debug\STP_2.o"
Deleting file ".\CortexM3\ARM_GCC_541\Debug\STP_3.o"
Deleting file ".\CortexM3\ARM_GCC_541\Debug\TB_PWM1.o"
Deleting file ".\CortexM3\ARM_GCC_541\Debug\TB_PWM2.o"
Deleting file ".\CortexM3\ARM_GCC_541\Debug\TB_EN.o"
Deleting file ".\CortexM3\ARM_GCC_541\Debug\TB_ENB.o"
Deleting file ".\CortexM3\ARM_GCC_541\Debug\TB_PWM3.o"
Deleting file ".\CortexM3\ARM_GCC_541\Debug\TB_PWM4.o"
Deleting file ".\CortexM3\ARM_GCC_541\Debug\Trig_R.o"
Deleting file ".\CortexM3\ARM_GCC_541\Debug\Trig_L.o"
Deleting file ".\CortexM3\ARM_GCC_541\Debug\Echo_R.o"
Deleting file ".\CortexM3\ARM_GCC_541\Debug\Echo_L.o"
Deleting file ".\CortexM3\ARM_GCC_541\Debug\E_L.o"
Deleting file ".\CortexM3\ARM_GCC_541\Debug\E_R.o"
Deleting file ".\CortexM3\ARM_GCC_541\Debug\US_L.o"
Deleting file ".\CortexM3\ARM_GCC_541\Debug\US_L_PM.o"
Deleting file ".\CortexM3\ARM_GCC_541\Debug\US_R.o"
Deleting file ".\CortexM3\ARM_GCC_541\Debug\US_R_PM.o"
Deleting file ".\CortexM3\ARM_GCC_541\Debug\Timer_L.o"
Deleting file ".\CortexM3\ARM_GCC_541\Debug\Timer_L_PM.o"
Deleting file ".\CortexM3\ARM_GCC_541\Debug\Timer_R.o"
Deleting file ".\CortexM3\ARM_GCC_541\Debug\Timer_R_PM.o"
Deleting file ".\CortexM3\ARM_GCC_541\Debug\RXcmplt.o"
Deleting file ".\CortexM3\ARM_GCC_541\Debug\rxDMA_dma.o"
Deleting file ".\CortexM3\ARM_GCC_541\Debug\PSoC5_Team13Project.hex"
Deleting file ".\CortexM3\ARM_GCC_541\Debug\PSoC5_Team13Project.elf"
Deleting file ".\CortexM3\ARM_GCC_541\Debug\PSoC5_Team13Project.map"
Deleting file ".\PSoC5_Team13Project.cycdx"
Deleting file ".\PSoC5_Team13Project.svd"
Deleting file ".\PSoC5_Team13Project.rpt"
Deleting file ".\PSoC5_Team13Project_timing.html"
Deleting file ".\CortexM3\ARM_GCC_541\Debug\.deps\SOURCE_C__ARM_GCC_GENERIC.P"
Deleting file ".\CortexM3\ARM_GCC_541\Debug\.deps\SOURCE_ASM__ARM_GCC_GENERIC.P"
--------------- Clean Succeeded: 09/02/2022 09:57:28 ---------------
