--------------- Build Started: 10/06/2022 14:11:35 Project: PSoC5_Team13Project, Configuration: ARM GCC 5.4-2016-q2-update Debug ---------------
cydsfit.exe -.appdatapath "C:\Users\JamesH\AppData\Local\Cypress Semiconductor\PSoC Creator\4.4" -.fdsnotice -.fdswarpdepfile=warp_dependencies.txt -.fdselabdepfile=elab_dependencies.txt -.fdsbldfile=generated_files.txt -.fdsreffile=referenced_files.txt -p C:\Users\JamesH\Desktop\ECE4191-Team-13-PSoC\PSoC5_Team13Project.cydsn\PSoC5_Team13Project.cyprj -d CY8C5888LTI-LP097 -s C:\Users\JamesH\Desktop\ECE4191-Team-13-PSoC\PSoC5_Team13Project.cydsn\Generated_Source\PSoC5 -- -yv2 -q10 -ygs -o2 -v3 -.fftcfgtype=LE
Elaborating Design...
HDL Generation...
Synthesis...
Tech Mapping...
ADD: pft.M0040: information: The following 4 pin(s) will be assigned a location by the fitter: LED_L(0), LED_R(0), SCL_1(0), SDA_1(0)
Info: plm.M0038: The pin named TB_ENB(0) at location P12[4] prevents usage of special purposes: I2C:SCL. (App=cydsfit)
Analog Placement...
Analog Routing...
Analog Code Generation...
Digital Placement...
Digital Routing...
Bitstream Generation...
Bitstream Verification...
Static timing analysis...
API Generation...
Dependency Generation...
Cleanup...
--------------- Build Succeeded: 10/06/2022 14:11:51 ---------------
