ARM GAS  C:\Users\JamesH\AppData\Local\Temp\ccMius8R.s 			page 1


   1              		.syntax unified
   2              		.cpu cortex-m3
   3              		.fpu softvfp
   4              		.eabi_attribute 20, 1
   5              		.eabi_attribute 21, 1
   6              		.eabi_attribute 23, 3
   7              		.eabi_attribute 24, 1
   8              		.eabi_attribute 25, 1
   9              		.eabi_attribute 26, 1
  10              		.eabi_attribute 30, 1
  11              		.eabi_attribute 34, 1
  12              		.eabi_attribute 18, 4
  13              		.thumb
  14              		.syntax unified
  15              		.file	"cymetadata.c"
  16              		.text
  17              	.Ltext0:
  18              		.cfi_sections	.debug_frame
  19              		.global	cy_metadata
  20              		.global	cy_meta_flashprotect
  21              		.global	cy_meta_wonvl
  22              		.global	cy_meta_custnvl
  23              		.global	cy_meta_configecc
  24              		.section	.cyconfigecc,"a",%progbits
  25              		.align	2
  26              		.type	cy_meta_configecc, %object
  27              		.size	cy_meta_configecc, 2452
  28              	cy_meta_configecc:
  29 0000 08       		.byte	8
  30 0001 52       		.byte	82
  31 0002 00       		.byte	0
  32 0003 40       		.byte	64
  33 0004 0A       		.byte	10
  34 0005 64       		.byte	100
  35 0006 00       		.byte	0
  36 0007 40       		.byte	64
  37 0008 46       		.byte	70
  38 0009 00       		.byte	0
  39 000a 01       		.byte	1
  40 000b 40       		.byte	64
  41 000c 2E       		.byte	46
  42 000d 01       		.byte	1
  43 000e 01       		.byte	1
  44 000f 40       		.byte	64
  45 0010 41       		.byte	65
  46 0011 02       		.byte	2
  47 0012 01       		.byte	1
  48 0013 40       		.byte	64
  49 0014 2D       		.byte	45
  50 0015 03       		.byte	3
  51 0016 01       		.byte	1
  52 0017 40       		.byte	64
  53 0018 5D       		.byte	93
  54 0019 04       		.byte	4
  55 001a 01       		.byte	1
  56 001b 40       		.byte	64
  57 001c 3B       		.byte	59
ARM GAS  C:\Users\JamesH\AppData\Local\Temp\ccMius8R.s 			page 2


  58 001d 05       		.byte	5
  59 001e 01       		.byte	1
  60 001f 40       		.byte	64
  61 0020 4A       		.byte	74
  62 0021 06       		.byte	6
  63 0022 01       		.byte	1
  64 0023 40       		.byte	64
  65 0024 3E       		.byte	62
  66 0025 07       		.byte	7
  67 0026 01       		.byte	1
  68 0027 40       		.byte	64
  69 0028 0A       		.byte	10
  70 0029 09       		.byte	9
  71 002a 01       		.byte	1
  72 002b 40       		.byte	64
  73 002c 62       		.byte	98
  74 002d 0A       		.byte	10
  75 002e 01       		.byte	1
  76 002f 40       		.byte	64
  77 0030 4B       		.byte	75
  78 0031 0B       		.byte	11
  79 0032 01       		.byte	1
  80 0033 40       		.byte	64
  81 0034 4B       		.byte	75
  82 0035 0C       		.byte	12
  83 0036 01       		.byte	1
  84 0037 40       		.byte	64
  85 0038 45       		.byte	69
  86 0039 0D       		.byte	13
  87 003a 01       		.byte	1
  88 003b 40       		.byte	64
  89 003c 18       		.byte	24
  90 003d 0E       		.byte	14
  91 003e 01       		.byte	1
  92 003f 40       		.byte	64
  93 0040 35       		.byte	53
  94 0041 0F       		.byte	15
  95 0042 01       		.byte	1
  96 0043 40       		.byte	64
  97 0044 04       		.byte	4
  98 0045 15       		.byte	21
  99 0046 01       		.byte	1
 100 0047 40       		.byte	64
 101 0048 06       		.byte	6
 102 0049 17       		.byte	23
 103 004a 01       		.byte	1
 104 004b 40       		.byte	64
 105 004c 01       		.byte	1
 106 004d 1B       		.byte	27
 107 004e 01       		.byte	1
 108 004f 40       		.byte	64
 109 0050 0D       		.byte	13
 110 0051 40       		.byte	64
 111 0052 01       		.byte	1
 112 0053 40       		.byte	64
 113 0054 14       		.byte	20
 114 0055 41       		.byte	65
ARM GAS  C:\Users\JamesH\AppData\Local\Temp\ccMius8R.s 			page 3


 115 0056 01       		.byte	1
 116 0057 40       		.byte	64
 117 0058 09       		.byte	9
 118 0059 42       		.byte	66
 119 005a 01       		.byte	1
 120 005b 40       		.byte	64
 121 005c 05       		.byte	5
 122 005d 43       		.byte	67
 123 005e 01       		.byte	1
 124 005f 40       		.byte	64
 125 0060 03       		.byte	3
 126 0061 44       		.byte	68
 127 0062 01       		.byte	1
 128 0063 40       		.byte	64
 129 0064 0B       		.byte	11
 130 0065 45       		.byte	69
 131 0066 01       		.byte	1
 132 0067 40       		.byte	64
 133 0068 06       		.byte	6
 134 0069 46       		.byte	70
 135 006a 01       		.byte	1
 136 006b 40       		.byte	64
 137 006c 06       		.byte	6
 138 006d 47       		.byte	71
 139 006e 01       		.byte	1
 140 006f 40       		.byte	64
 141 0070 05       		.byte	5
 142 0071 48       		.byte	72
 143 0072 01       		.byte	1
 144 0073 40       		.byte	64
 145 0074 0C       		.byte	12
 146 0075 49       		.byte	73
 147 0076 01       		.byte	1
 148 0077 40       		.byte	64
 149 0078 0D       		.byte	13
 150 0079 4C       		.byte	76
 151 007a 01       		.byte	1
 152 007b 40       		.byte	64
 153 007c 06       		.byte	6
 154 007d 4D       		.byte	77
 155 007e 01       		.byte	1
 156 007f 40       		.byte	64
 157 0080 04       		.byte	4
 158 0081 51       		.byte	81
 159 0082 01       		.byte	1
 160 0083 40       		.byte	64
 161 0084 00       		.byte	0
 162 0085 24       		.byte	36
 163 0086 01       		.byte	1
 164 0087 60       		.byte	96
 165 0088 08       		.byte	8
 166 0089 10       		.byte	16
 167 008a 10       		.byte	16
 168 008b 01       		.byte	1
 169 008c 11       		.byte	17
 170 008d 04       		.byte	4
 171 008e 14       		.byte	20
ARM GAS  C:\Users\JamesH\AppData\Local\Temp\ccMius8R.s 			page 4


 172 008f 08       		.byte	8
 173 0090 18       		.byte	24
 174 0091 0C       		.byte	12
 175 0092 19       		.byte	25
 176 0093 0A       		.byte	10
 177 0094 07       		.byte	7
 178 0095 FF       		.byte	-1
 179 0096 17       		.byte	23
 180 0097 FF       		.byte	-1
 181 0098 27       		.byte	39
 182 0099 FF       		.byte	-1
 183 009a 37       		.byte	55
 184 009b FF       		.byte	-1
 185 009c 81       		.byte	-127
 186 009d 0F       		.byte	15
 187 009e 86       		.byte	-122
 188 009f 0F       		.byte	15
 189 00a0 8A       		.byte	-118
 190 00a1 0F       		.byte	15
 191 00a2 8B       		.byte	-117
 192 00a3 0D       		.byte	13
 193 00a4 8D       		.byte	-115
 194 00a5 71       		.byte	113
 195 00a6 8E       		.byte	-114
 196 00a7 38       		.byte	56
 197 00a8 0C       		.byte	12
 198 00a9 01       		.byte	1
 199 00aa 11       		.byte	17
 200 00ab 01       		.byte	1
 201 00ac 1E       		.byte	30
 202 00ad 01       		.byte	1
 203 00ae 2E       		.byte	46
 204 00af 01       		.byte	1
 205 00b0 33       		.byte	51
 206 00b1 01       		.byte	1
 207 00b2 34       		.byte	52
 208 00b3 01       		.byte	1
 209 00b4 3E       		.byte	62
 210 00b5 10       		.byte	16
 211 00b6 3F       		.byte	63
 212 00b7 04       		.byte	4
 213 00b8 40       		.byte	64
 214 00b9 51       		.byte	81
 215 00ba 41       		.byte	65
 216 00bb 06       		.byte	6
 217 00bc 42       		.byte	66
 218 00bd 02       		.byte	2
 219 00be 49       		.byte	73
 220 00bf FF       		.byte	-1
 221 00c0 4A       		.byte	74
 222 00c1 FF       		.byte	-1
 223 00c2 4B       		.byte	75
 224 00c3 FF       		.byte	-1
 225 00c4 4F       		.byte	79
 226 00c5 01       		.byte	1
 227 00c6 50       		.byte	80
 228 00c7 18       		.byte	24
ARM GAS  C:\Users\JamesH\AppData\Local\Temp\ccMius8R.s 			page 5


 229 00c8 52       		.byte	82
 230 00c9 80       		.byte	-128
 231 00ca 58       		.byte	88
 232 00cb 04       		.byte	4
 233 00cc 59       		.byte	89
 234 00cd 04       		.byte	4
 235 00ce 5A       		.byte	90
 236 00cf 04       		.byte	4
 237 00d0 5B       		.byte	91
 238 00d1 04       		.byte	4
 239 00d2 5D       		.byte	93
 240 00d3 99       		.byte	-103
 241 00d4 5F       		.byte	95
 242 00d5 01       		.byte	1
 243 00d6 60       		.byte	96
 244 00d7 40       		.byte	64
 245 00d8 62       		.byte	98
 246 00d9 40       		.byte	64
 247 00da 64       		.byte	100
 248 00db 40       		.byte	64
 249 00dc 65       		.byte	101
 250 00dd 40       		.byte	64
 251 00de 66       		.byte	102
 252 00df 80       		.byte	-128
 253 00e0 68       		.byte	104
 254 00e1 80       		.byte	-128
 255 00e2 6A       		.byte	106
 256 00e3 80       		.byte	-128
 257 00e4 6C       		.byte	108
 258 00e5 80       		.byte	-128
 259 00e6 6E       		.byte	110
 260 00e7 80       		.byte	-128
 261 00e8 83       		.byte	-125
 262 00e9 01       		.byte	1
 263 00ea 8E       		.byte	-114
 264 00eb 01       		.byte	1
 265 00ec 8F       		.byte	-113
 266 00ed 01       		.byte	1
 267 00ee 91       		.byte	-111
 268 00ef 01       		.byte	1
 269 00f0 92       		.byte	-110
 270 00f1 01       		.byte	1
 271 00f2 A2       		.byte	-94
 272 00f3 02       		.byte	2
 273 00f4 B0       		.byte	-80
 274 00f5 01       		.byte	1
 275 00f6 B3       		.byte	-77
 276 00f7 01       		.byte	1
 277 00f8 B6       		.byte	-74
 278 00f9 02       		.byte	2
 279 00fa BE       		.byte	-66
 280 00fb 01       		.byte	1
 281 00fc C0       		.byte	-64
 282 00fd 51       		.byte	81
 283 00fe C1       		.byte	-63
 284 00ff 03       		.byte	3
 285 0100 C2       		.byte	-62
ARM GAS  C:\Users\JamesH\AppData\Local\Temp\ccMius8R.s 			page 6


 286 0101 06       		.byte	6
 287 0102 C9       		.byte	-55
 288 0103 FF       		.byte	-1
 289 0104 CA       		.byte	-54
 290 0105 FF       		.byte	-1
 291 0106 CB       		.byte	-53
 292 0107 FF       		.byte	-1
 293 0108 CD       		.byte	-51
 294 0109 83       		.byte	-125
 295 010a CE       		.byte	-50
 296 010b 03       		.byte	3
 297 010c CF       		.byte	-49
 298 010d 01       		.byte	1
 299 010e D0       		.byte	-48
 300 010f 18       		.byte	24
 301 0110 D4       		.byte	-44
 302 0111 03       		.byte	3
 303 0112 D8       		.byte	-40
 304 0113 04       		.byte	4
 305 0114 D9       		.byte	-39
 306 0115 04       		.byte	4
 307 0116 DA       		.byte	-38
 308 0117 04       		.byte	4
 309 0118 DB       		.byte	-37
 310 0119 04       		.byte	4
 311 011a DC       		.byte	-36
 312 011b 99       		.byte	-103
 313 011c DD       		.byte	-35
 314 011d 99       		.byte	-103
 315 011e DE       		.byte	-34
 316 011f 80       		.byte	-128
 317 0120 DF       		.byte	-33
 318 0121 05       		.byte	5
 319 0122 E0       		.byte	-32
 320 0123 40       		.byte	64
 321 0124 E2       		.byte	-30
 322 0125 40       		.byte	64
 323 0126 E4       		.byte	-28
 324 0127 40       		.byte	64
 325 0128 E5       		.byte	-27
 326 0129 40       		.byte	64
 327 012a E6       		.byte	-26
 328 012b 80       		.byte	-128
 329 012c E8       		.byte	-24
 330 012d 80       		.byte	-128
 331 012e EA       		.byte	-22
 332 012f 80       		.byte	-128
 333 0130 EC       		.byte	-20
 334 0131 80       		.byte	-128
 335 0132 EE       		.byte	-18
 336 0133 80       		.byte	-128
 337 0134 03       		.byte	3
 338 0135 01       		.byte	1
 339 0136 06       		.byte	6
 340 0137 02       		.byte	2
 341 0138 0A       		.byte	10
 342 0139 01       		.byte	1
ARM GAS  C:\Users\JamesH\AppData\Local\Temp\ccMius8R.s 			page 7


 343 013a 0F       		.byte	15
 344 013b 40       		.byte	64
 345 013c 10       		.byte	16
 346 013d 02       		.byte	2
 347 013e 17       		.byte	23
 348 013f 01       		.byte	1
 349 0140 18       		.byte	24
 350 0141 04       		.byte	4
 351 0142 19       		.byte	25
 352 0143 20       		.byte	32
 353 0144 1B       		.byte	27
 354 0145 10       		.byte	16
 355 0146 1E       		.byte	30
 356 0147 81       		.byte	-127
 357 0148 21       		.byte	33
 358 0149 08       		.byte	8
 359 014a 22       		.byte	34
 360 014b 08       		.byte	8
 361 014c 27       		.byte	39
 362 014d 20       		.byte	32
 363 014e 32       		.byte	50
 364 014f 01       		.byte	1
 365 0150 33       		.byte	51
 366 0151 01       		.byte	1
 367 0152 37       		.byte	55
 368 0153 01       		.byte	1
 369 0154 3E       		.byte	62
 370 0155 01       		.byte	1
 371 0156 3F       		.byte	63
 372 0157 40       		.byte	64
 373 0158 40       		.byte	64
 374 0159 04       		.byte	4
 375 015a 42       		.byte	66
 376 015b 02       		.byte	2
 377 015c 45       		.byte	69
 378 015d 08       		.byte	8
 379 015e 46       		.byte	70
 380 015f 02       		.byte	2
 381 0160 48       		.byte	72
 382 0161 02       		.byte	2
 383 0162 4A       		.byte	74
 384 0163 08       		.byte	8
 385 0164 4C       		.byte	76
 386 0165 02       		.byte	2
 387 0166 4F       		.byte	79
 388 0167 20       		.byte	32
 389 0168 5D       		.byte	93
 390 0169 20       		.byte	32
 391 016a 5E       		.byte	94
 392 016b 80       		.byte	-128
 393 016c 5F       		.byte	95
 394 016d 05       		.byte	5
 395 016e 6F       		.byte	111
 396 016f 02       		.byte	2
 397 0170 70       		.byte	112
 398 0171 02       		.byte	2
 399 0172 73       		.byte	115
ARM GAS  C:\Users\JamesH\AppData\Local\Temp\ccMius8R.s 			page 8


 400 0173 40       		.byte	64
 401 0174 7E       		.byte	126
 402 0175 01       		.byte	1
 403 0176 87       		.byte	-121
 404 0177 02       		.byte	2
 405 0178 8B       		.byte	-117
 406 0179 01       		.byte	1
 407 017a C0       		.byte	-64
 408 017b 81       		.byte	-127
 409 017c C2       		.byte	-62
 410 017d 11       		.byte	17
 411 017e C4       		.byte	-60
 412 017f 11       		.byte	17
 413 0180 CC       		.byte	-52
 414 0181 81       		.byte	-127
 415 0182 CE       		.byte	-50
 416 0183 90       		.byte	-112
 417 0184 D0       		.byte	-48
 418 0185 5C       		.byte	92
 419 0186 D2       		.byte	-46
 420 0187 3C       		.byte	60
 421 0188 D6       		.byte	-42
 422 0189 F0       		.byte	-16
 423 018a DE       		.byte	-34
 424 018b 10       		.byte	16
 425 018c E2       		.byte	-30
 426 018d 04       		.byte	4
 427 018e E4       		.byte	-28
 428 018f 20       		.byte	32
 429 0190 40       		.byte	64
 430 0191 51       		.byte	81
 431 0192 41       		.byte	65
 432 0193 03       		.byte	3
 433 0194 42       		.byte	66
 434 0195 06       		.byte	6
 435 0196 45       		.byte	69
 436 0197 EC       		.byte	-20
 437 0198 47       		.byte	71
 438 0199 20       		.byte	32
 439 019a 48       		.byte	72
 440 019b 23       		.byte	35
 441 019c 49       		.byte	73
 442 019d FF       		.byte	-1
 443 019e 4A       		.byte	74
 444 019f FF       		.byte	-1
 445 01a0 4B       		.byte	75
 446 01a1 FF       		.byte	-1
 447 01a2 4D       		.byte	77
 448 01a3 83       		.byte	-125
 449 01a4 4E       		.byte	78
 450 01a5 03       		.byte	3
 451 01a6 4F       		.byte	79
 452 01a7 01       		.byte	1
 453 01a8 50       		.byte	80
 454 01a9 18       		.byte	24
 455 01aa 5A       		.byte	90
 456 01ab 04       		.byte	4
ARM GAS  C:\Users\JamesH\AppData\Local\Temp\ccMius8R.s 			page 9


 457 01ac 5B       		.byte	91
 458 01ad 04       		.byte	4
 459 01ae 5D       		.byte	93
 460 01af 09       		.byte	9
 461 01b0 5F       		.byte	95
 462 01b1 01       		.byte	1
 463 01b2 60       		.byte	96
 464 01b3 40       		.byte	64
 465 01b4 62       		.byte	98
 466 01b5 40       		.byte	64
 467 01b6 64       		.byte	100
 468 01b7 40       		.byte	64
 469 01b8 65       		.byte	101
 470 01b9 40       		.byte	64
 471 01ba 66       		.byte	102
 472 01bb 80       		.byte	-128
 473 01bc 68       		.byte	104
 474 01bd 80       		.byte	-128
 475 01be 6A       		.byte	106
 476 01bf 80       		.byte	-128
 477 01c0 6C       		.byte	108
 478 01c1 80       		.byte	-128
 479 01c2 6E       		.byte	110
 480 01c3 80       		.byte	-128
 481 01c4 81       		.byte	-127
 482 01c5 18       		.byte	24
 483 01c6 83       		.byte	-125
 484 01c7 03       		.byte	3
 485 01c8 85       		.byte	-123
 486 01c9 07       		.byte	7
 487 01ca 86       		.byte	-122
 488 01cb 06       		.byte	6
 489 01cc 87       		.byte	-121
 490 01cd 08       		.byte	8
 491 01ce 88       		.byte	-120
 492 01cf 02       		.byte	2
 493 01d0 89       		.byte	-119
 494 01d1 20       		.byte	32
 495 01d2 8A       		.byte	-118
 496 01d3 04       		.byte	4
 497 01d4 8B       		.byte	-117
 498 01d5 40       		.byte	64
 499 01d6 8D       		.byte	-115
 500 01d7 06       		.byte	6
 501 01d8 8F       		.byte	-113
 502 01d9 11       		.byte	17
 503 01da 92       		.byte	-110
 504 01db 01       		.byte	1
 505 01dc 93       		.byte	-109
 506 01dd 1F       		.byte	31
 507 01de 95       		.byte	-107
 508 01df 01       		.byte	1
 509 01e0 96       		.byte	-106
 510 01e1 02       		.byte	2
 511 01e2 97       		.byte	-105
 512 01e3 12       		.byte	18
 513 01e4 98       		.byte	-104
ARM GAS  C:\Users\JamesH\AppData\Local\Temp\ccMius8R.s 			page 10


 514 01e5 02       		.byte	2
 515 01e6 99       		.byte	-103
 516 01e7 60       		.byte	96
 517 01e8 9A       		.byte	-102
 518 01e9 04       		.byte	4
 519 01ea 9F       		.byte	-97
 520 01eb 20       		.byte	32
 521 01ec A4       		.byte	-92
 522 01ed 06       		.byte	6
 523 01ee A5       		.byte	-91
 524 01ef 20       		.byte	32
 525 01f0 A7       		.byte	-89
 526 01f1 40       		.byte	64
 527 01f2 A9       		.byte	-87
 528 01f3 60       		.byte	96
 529 01f4 AD       		.byte	-83
 530 01f5 10       		.byte	16
 531 01f6 AF       		.byte	-81
 532 01f7 04       		.byte	4
 533 01f8 B0       		.byte	-80
 534 01f9 01       		.byte	1
 535 01fa B1       		.byte	-79
 536 01fb 1F       		.byte	31
 537 01fc B3       		.byte	-77
 538 01fd 60       		.byte	96
 539 01fe B4       		.byte	-76
 540 01ff 06       		.byte	6
 541 0200 BA       		.byte	-70
 542 0201 20       		.byte	32
 543 0202 BB       		.byte	-69
 544 0203 38       		.byte	56
 545 0204 D2       		.byte	-46
 546 0205 87       		.byte	-121
 547 0206 D8       		.byte	-40
 548 0207 04       		.byte	4
 549 0208 D9       		.byte	-39
 550 0209 04       		.byte	4
 551 020a DB       		.byte	-37
 552 020b 04       		.byte	4
 553 020c DC       		.byte	-36
 554 020d 11       		.byte	17
 555 020e DD       		.byte	-35
 556 020f 10       		.byte	16
 557 0210 DF       		.byte	-33
 558 0211 01       		.byte	1
 559 0212 00       		.byte	0
 560 0213 08       		.byte	8
 561 0214 01       		.byte	1
 562 0215 20       		.byte	32
 563 0216 08       		.byte	8
 564 0217 10       		.byte	16
 565 0218 0A       		.byte	10
 566 0219 40       		.byte	64
 567 021a 0B       		.byte	11
 568 021b 28       		.byte	40
 569 021c 11       		.byte	17
 570 021d 08       		.byte	8
ARM GAS  C:\Users\JamesH\AppData\Local\Temp\ccMius8R.s 			page 11


 571 021e 12       		.byte	18
 572 021f 10       		.byte	16
 573 0220 19       		.byte	25
 574 0221 20       		.byte	32
 575 0222 1B       		.byte	27
 576 0223 02       		.byte	2
 577 0224 20       		.byte	32
 578 0225 88       		.byte	-120
 579 0226 21       		.byte	33
 580 0227 20       		.byte	32
 581 0228 23       		.byte	35
 582 0229 10       		.byte	16
 583 022a 28       		.byte	40
 584 022b 12       		.byte	18
 585 022c 2A       		.byte	42
 586 022d 10       		.byte	16
 587 022e 30       		.byte	48
 588 022f 80       		.byte	-128
 589 0230 31       		.byte	49
 590 0231 20       		.byte	32
 591 0232 33       		.byte	51
 592 0233 06       		.byte	6
 593 0234 39       		.byte	57
 594 0235 44       		.byte	68
 595 0236 3B       		.byte	59
 596 0237 12       		.byte	18
 597 0238 45       		.byte	69
 598 0239 08       		.byte	8
 599 023a 46       		.byte	70
 600 023b 02       		.byte	2
 601 023c 4F       		.byte	79
 602 023d 65       		.byte	101
 603 023e 56       		.byte	86
 604 023f 02       		.byte	2
 605 0240 69       		.byte	105
 606 0241 44       		.byte	68
 607 0242 6B       		.byte	107
 608 0243 04       		.byte	4
 609 0244 6F       		.byte	111
 610 0245 01       		.byte	1
 611 0246 72       		.byte	114
 612 0247 40       		.byte	64
 613 0248 81       		.byte	-127
 614 0249 28       		.byte	40
 615 024a 87       		.byte	-121
 616 024b 09       		.byte	9
 617 024c 8B       		.byte	-117
 618 024d 10       		.byte	16
 619 024e 93       		.byte	-109
 620 024f 40       		.byte	64
 621 0250 97       		.byte	-105
 622 0251 05       		.byte	5
 623 0252 9E       		.byte	-98
 624 0253 02       		.byte	2
 625 0254 A1       		.byte	-95
 626 0255 08       		.byte	8
 627 0256 A3       		.byte	-93
ARM GAS  C:\Users\JamesH\AppData\Local\Temp\ccMius8R.s 			page 12


 628 0257 10       		.byte	16
 629 0258 AF       		.byte	-81
 630 0259 20       		.byte	32
 631 025a C0       		.byte	-64
 632 025b 06       		.byte	6
 633 025c C2       		.byte	-62
 634 025d 0E       		.byte	14
 635 025e C4       		.byte	-60
 636 025f 04       		.byte	4
 637 0260 CA       		.byte	-54
 638 0261 0E       		.byte	14
 639 0262 CC       		.byte	-52
 640 0263 0F       		.byte	15
 641 0264 CE       		.byte	-50
 642 0265 0F       		.byte	15
 643 0266 D0       		.byte	-48
 644 0267 50       		.byte	80
 645 0268 D2       		.byte	-46
 646 0269 30       		.byte	48
 647 026a E4       		.byte	-28
 648 026b 01       		.byte	1
 649 026c 01       		.byte	1
 650 026d 30       		.byte	48
 651 026e 03       		.byte	3
 652 026f 06       		.byte	6
 653 0270 04       		.byte	4
 654 0271 03       		.byte	3
 655 0272 05       		.byte	5
 656 0273 0E       		.byte	14
 657 0274 07       		.byte	7
 658 0275 10       		.byte	16
 659 0276 08       		.byte	8
 660 0277 01       		.byte	1
 661 0278 0A       		.byte	10
 662 0279 02       		.byte	2
 663 027a 0C       		.byte	12
 664 027b 7C       		.byte	124
 665 027c 0D       		.byte	13
 666 027d 0C       		.byte	12
 667 027e 0F       		.byte	15
 668 027f 22       		.byte	34
 669 0280 10       		.byte	16
 670 0281 40       		.byte	64
 671 0282 12       		.byte	18
 672 0283 10       		.byte	16
 673 0284 14       		.byte	20
 674 0285 60       		.byte	96
 675 0286 15       		.byte	21
 676 0287 02       		.byte	2
 677 0288 16       		.byte	22
 678 0289 0C       		.byte	12
 679 028a 17       		.byte	23
 680 028b 24       		.byte	36
 681 028c 18       		.byte	24
 682 028d 01       		.byte	1
 683 028e 1A       		.byte	26
 684 028f 02       		.byte	2
ARM GAS  C:\Users\JamesH\AppData\Local\Temp\ccMius8R.s 			page 13


 685 0290 1E       		.byte	30
 686 0291 03       		.byte	3
 687 0292 22       		.byte	34
 688 0293 01       		.byte	1
 689 0294 24       		.byte	36
 690 0295 1C       		.byte	28
 691 0296 25       		.byte	37
 692 0297 01       		.byte	1
 693 0298 26       		.byte	38
 694 0299 20       		.byte	32
 695 029a 28       		.byte	40
 696 029b 04       		.byte	4
 697 029c 2A       		.byte	42
 698 029d 48       		.byte	72
 699 029e 2C       		.byte	44
 700 029f 18       		.byte	24
 701 02a0 2D       		.byte	45
 702 02a1 20       		.byte	32
 703 02a2 2E       		.byte	46
 704 02a3 44       		.byte	68
 705 02a4 2F       		.byte	47
 706 02a5 08       		.byte	8
 707 02a6 31       		.byte	49
 708 02a7 3E       		.byte	62
 709 02a8 32       		.byte	50
 710 02a9 03       		.byte	3
 711 02aa 34       		.byte	52
 712 02ab 7C       		.byte	124
 713 02ac 35       		.byte	53
 714 02ad 01       		.byte	1
 715 02ae 3A       		.byte	58
 716 02af 08       		.byte	8
 717 02b0 3F       		.byte	63
 718 02b1 10       		.byte	16
 719 02b2 40       		.byte	64
 720 02b3 51       		.byte	81
 721 02b4 41       		.byte	65
 722 02b5 02       		.byte	2
 723 02b6 42       		.byte	66
 724 02b7 03       		.byte	3
 725 02b8 49       		.byte	73
 726 02b9 FF       		.byte	-1
 727 02ba 4A       		.byte	74
 728 02bb FF       		.byte	-1
 729 02bc 4B       		.byte	75
 730 02bd FF       		.byte	-1
 731 02be 4F       		.byte	79
 732 02bf 01       		.byte	1
 733 02c0 50       		.byte	80
 734 02c1 18       		.byte	24
 735 02c2 52       		.byte	82
 736 02c3 80       		.byte	-128
 737 02c4 58       		.byte	88
 738 02c5 04       		.byte	4
 739 02c6 59       		.byte	89
 740 02c7 04       		.byte	4
 741 02c8 5A       		.byte	90
ARM GAS  C:\Users\JamesH\AppData\Local\Temp\ccMius8R.s 			page 14


 742 02c9 04       		.byte	4
 743 02ca 5B       		.byte	91
 744 02cb 04       		.byte	4
 745 02cc 5C       		.byte	92
 746 02cd 11       		.byte	17
 747 02ce 5D       		.byte	93
 748 02cf 99       		.byte	-103
 749 02d0 5F       		.byte	95
 750 02d1 01       		.byte	1
 751 02d2 60       		.byte	96
 752 02d3 40       		.byte	64
 753 02d4 62       		.byte	98
 754 02d5 40       		.byte	64
 755 02d6 64       		.byte	100
 756 02d7 40       		.byte	64
 757 02d8 65       		.byte	101
 758 02d9 40       		.byte	64
 759 02da 66       		.byte	102
 760 02db 80       		.byte	-128
 761 02dc 68       		.byte	104
 762 02dd 80       		.byte	-128
 763 02de 6A       		.byte	106
 764 02df 80       		.byte	-128
 765 02e0 6C       		.byte	108
 766 02e1 80       		.byte	-128
 767 02e2 6E       		.byte	110
 768 02e3 80       		.byte	-128
 769 02e4 84       		.byte	-124
 770 02e5 01       		.byte	1
 771 02e6 92       		.byte	-110
 772 02e7 01       		.byte	1
 773 02e8 97       		.byte	-105
 774 02e9 01       		.byte	1
 775 02ea AA       		.byte	-86
 776 02eb 01       		.byte	1
 777 02ec B2       		.byte	-78
 778 02ed 01       		.byte	1
 779 02ee B3       		.byte	-77
 780 02ef 01       		.byte	1
 781 02f0 BE       		.byte	-66
 782 02f1 04       		.byte	4
 783 02f2 C0       		.byte	-64
 784 02f3 54       		.byte	84
 785 02f4 C1       		.byte	-63
 786 02f5 02       		.byte	2
 787 02f6 C2       		.byte	-62
 788 02f7 03       		.byte	3
 789 02f8 C9       		.byte	-55
 790 02f9 FF       		.byte	-1
 791 02fa CA       		.byte	-54
 792 02fb FF       		.byte	-1
 793 02fc CB       		.byte	-53
 794 02fd FF       		.byte	-1
 795 02fe CD       		.byte	-51
 796 02ff 83       		.byte	-125
 797 0300 CE       		.byte	-50
 798 0301 03       		.byte	3
ARM GAS  C:\Users\JamesH\AppData\Local\Temp\ccMius8R.s 			page 15


 799 0302 CF       		.byte	-49
 800 0303 01       		.byte	1
 801 0304 D0       		.byte	-48
 802 0305 18       		.byte	24
 803 0306 D8       		.byte	-40
 804 0307 04       		.byte	4
 805 0308 D9       		.byte	-39
 806 0309 04       		.byte	4
 807 030a DA       		.byte	-38
 808 030b 04       		.byte	4
 809 030c DB       		.byte	-37
 810 030d 04       		.byte	4
 811 030e DC       		.byte	-36
 812 030f 90       		.byte	-112
 813 0310 DD       		.byte	-35
 814 0311 09       		.byte	9
 815 0312 DF       		.byte	-33
 816 0313 01       		.byte	1
 817 0314 E0       		.byte	-32
 818 0315 40       		.byte	64
 819 0316 E2       		.byte	-30
 820 0317 40       		.byte	64
 821 0318 E4       		.byte	-28
 822 0319 40       		.byte	64
 823 031a E5       		.byte	-27
 824 031b 40       		.byte	64
 825 031c E6       		.byte	-26
 826 031d 80       		.byte	-128
 827 031e E8       		.byte	-24
 828 031f 80       		.byte	-128
 829 0320 EA       		.byte	-22
 830 0321 80       		.byte	-128
 831 0322 EC       		.byte	-20
 832 0323 80       		.byte	-128
 833 0324 EE       		.byte	-18
 834 0325 80       		.byte	-128
 835 0326 00       		.byte	0
 836 0327 50       		.byte	80
 837 0328 02       		.byte	2
 838 0329 10       		.byte	16
 839 032a 05       		.byte	5
 840 032b 08       		.byte	8
 841 032c 08       		.byte	8
 842 032d 8A       		.byte	-118
 843 032e 0B       		.byte	11
 844 032f 08       		.byte	8
 845 0330 0F       		.byte	15
 846 0331 40       		.byte	64
 847 0332 10       		.byte	16
 848 0333 84       		.byte	-124
 849 0334 11       		.byte	17
 850 0335 44       		.byte	68
 851 0336 17       		.byte	23
 852 0337 20       		.byte	32
 853 0338 18       		.byte	24
 854 0339 10       		.byte	16
 855 033a 19       		.byte	25
ARM GAS  C:\Users\JamesH\AppData\Local\Temp\ccMius8R.s 			page 16


 856 033b 20       		.byte	32
 857 033c 1D       		.byte	29
 858 033d 08       		.byte	8
 859 033e 1E       		.byte	30
 860 033f 20       		.byte	32
 861 0340 20       		.byte	32
 862 0341 40       		.byte	64
 863 0342 21       		.byte	33
 864 0343 30       		.byte	48
 865 0344 27       		.byte	39
 866 0345 20       		.byte	32
 867 0346 28       		.byte	40
 868 0347 02       		.byte	2
 869 0348 29       		.byte	41
 870 0349 08       		.byte	8
 871 034a 2B       		.byte	43
 872 034b 20       		.byte	32
 873 034c 30       		.byte	48
 874 034d 04       		.byte	4
 875 034e 33       		.byte	51
 876 034f 04       		.byte	4
 877 0350 35       		.byte	53
 878 0351 08       		.byte	8
 879 0352 39       		.byte	57
 880 0353 44       		.byte	68
 881 0354 3B       		.byte	59
 882 0355 02       		.byte	2
 883 0356 41       		.byte	65
 884 0357 18       		.byte	24
 885 0358 42       		.byte	66
 886 0359 02       		.byte	2
 887 035a 45       		.byte	69
 888 035b 29       		.byte	41
 889 035c 4B       		.byte	75
 890 035d 40       		.byte	64
 891 035e 4F       		.byte	79
 892 035f 40       		.byte	64
 893 0360 6F       		.byte	111
 894 0361 09       		.byte	9
 895 0362 73       		.byte	115
 896 0363 40       		.byte	64
 897 0364 80       		.byte	-128
 898 0365 18       		.byte	24
 899 0366 83       		.byte	-125
 900 0367 01       		.byte	1
 901 0368 87       		.byte	-121
 902 0369 08       		.byte	8
 903 036a 89       		.byte	-119
 904 036b 20       		.byte	32
 905 036c 91       		.byte	-111
 906 036d 44       		.byte	68
 907 036e 97       		.byte	-105
 908 036f 2A       		.byte	42
 909 0370 99       		.byte	-103
 910 0371 08       		.byte	8
 911 0372 9A       		.byte	-102
 912 0373 10       		.byte	16
ARM GAS  C:\Users\JamesH\AppData\Local\Temp\ccMius8R.s 			page 17


 913 0374 9B       		.byte	-101
 914 0375 04       		.byte	4
 915 0376 9C       		.byte	-100
 916 0377 02       		.byte	2
 917 0378 9F       		.byte	-97
 918 0379 08       		.byte	8
 919 037a A0       		.byte	-96
 920 037b 04       		.byte	4
 921 037c A4       		.byte	-92
 922 037d 80       		.byte	-128
 923 037e A5       		.byte	-91
 924 037f 04       		.byte	4
 925 0380 AF       		.byte	-81
 926 0381 02       		.byte	2
 927 0382 B0       		.byte	-80
 928 0383 40       		.byte	64
 929 0384 C0       		.byte	-64
 930 0385 27       		.byte	39
 931 0386 C2       		.byte	-62
 932 0387 1F       		.byte	31
 933 0388 C4       		.byte	-60
 934 0389 4F       		.byte	79
 935 038a CA       		.byte	-54
 936 038b 0A       		.byte	10
 937 038c CC       		.byte	-52
 938 038d 42       		.byte	66
 939 038e CE       		.byte	-50
 940 038f 0B       		.byte	11
 941 0390 D0       		.byte	-48
 942 0391 EE       		.byte	-18
 943 0392 D2       		.byte	-46
 944 0393 18       		.byte	24
 945 0394 E4       		.byte	-28
 946 0395 01       		.byte	1
 947 0396 E6       		.byte	-26
 948 0397 04       		.byte	4
 949 0398 E8       		.byte	-24
 950 0399 08       		.byte	8
 951 039a EE       		.byte	-18
 952 039b 20       		.byte	32
 953 039c 0E       		.byte	14
 954 039d 01       		.byte	1
 955 039e 0F       		.byte	15
 956 039f 01       		.byte	1
 957 03a0 12       		.byte	18
 958 03a1 01       		.byte	1
 959 03a2 1B       		.byte	27
 960 03a3 01       		.byte	1
 961 03a4 25       		.byte	37
 962 03a5 01       		.byte	1
 963 03a6 30       		.byte	48
 964 03a7 01       		.byte	1
 965 03a8 35       		.byte	53
 966 03a9 01       		.byte	1
 967 03aa 3E       		.byte	62
 968 03ab 01       		.byte	1
 969 03ac 40       		.byte	64
ARM GAS  C:\Users\JamesH\AppData\Local\Temp\ccMius8R.s 			page 18


 970 03ad 54       		.byte	84
 971 03ae 41       		.byte	65
 972 03af 02       		.byte	2
 973 03b0 42       		.byte	66
 974 03b1 03       		.byte	3
 975 03b2 45       		.byte	69
 976 03b3 EC       		.byte	-20
 977 03b4 47       		.byte	71
 978 03b5 20       		.byte	32
 979 03b6 48       		.byte	72
 980 03b7 23       		.byte	35
 981 03b8 49       		.byte	73
 982 03b9 FF       		.byte	-1
 983 03ba 4A       		.byte	74
 984 03bb FF       		.byte	-1
 985 03bc 4B       		.byte	75
 986 03bd FF       		.byte	-1
 987 03be 4D       		.byte	77
 988 03bf 83       		.byte	-125
 989 03c0 4E       		.byte	78
 990 03c1 03       		.byte	3
 991 03c2 4F       		.byte	79
 992 03c3 01       		.byte	1
 993 03c4 50       		.byte	80
 994 03c5 18       		.byte	24
 995 03c6 54       		.byte	84
 996 03c7 03       		.byte	3
 997 03c8 58       		.byte	88
 998 03c9 04       		.byte	4
 999 03ca 59       		.byte	89
 1000 03cb 04       		.byte	4
 1001 03cc 5A       		.byte	90
 1002 03cd 04       		.byte	4
 1003 03ce 5B       		.byte	91
 1004 03cf 04       		.byte	4
 1005 03d0 5C       		.byte	92
 1006 03d1 90       		.byte	-112
 1007 03d2 5D       		.byte	93
 1008 03d3 99       		.byte	-103
 1009 03d4 5E       		.byte	94
 1010 03d5 80       		.byte	-128
 1011 03d6 5F       		.byte	95
 1012 03d7 05       		.byte	5
 1013 03d8 60       		.byte	96
 1014 03d9 40       		.byte	64
 1015 03da 62       		.byte	98
 1016 03db 40       		.byte	64
 1017 03dc 64       		.byte	100
 1018 03dd 40       		.byte	64
 1019 03de 65       		.byte	101
 1020 03df 40       		.byte	64
 1021 03e0 66       		.byte	102
 1022 03e1 80       		.byte	-128
 1023 03e2 68       		.byte	104
 1024 03e3 80       		.byte	-128
 1025 03e4 6A       		.byte	106
 1026 03e5 80       		.byte	-128
ARM GAS  C:\Users\JamesH\AppData\Local\Temp\ccMius8R.s 			page 19


 1027 03e6 6C       		.byte	108
 1028 03e7 80       		.byte	-128
 1029 03e8 6E       		.byte	110
 1030 03e9 80       		.byte	-128
 1031 03ea 85       		.byte	-123
 1032 03eb 01       		.byte	1
 1033 03ec 86       		.byte	-122
 1034 03ed 01       		.byte	1
 1035 03ee 87       		.byte	-121
 1036 03ef 02       		.byte	2
 1037 03f0 89       		.byte	-119
 1038 03f1 01       		.byte	1
 1039 03f2 8B       		.byte	-117
 1040 03f3 02       		.byte	2
 1041 03f4 97       		.byte	-105
 1042 03f5 03       		.byte	3
 1043 03f6 9F       		.byte	-97
 1044 03f7 01       		.byte	1
 1045 03f8 AB       		.byte	-85
 1046 03f9 03       		.byte	3
 1047 03fa B3       		.byte	-77
 1048 03fb 03       		.byte	3
 1049 03fc B4       		.byte	-76
 1050 03fd 01       		.byte	1
 1051 03fe BA       		.byte	-70
 1052 03ff 20       		.byte	32
 1053 0400 BB       		.byte	-69
 1054 0401 08       		.byte	8
 1055 0402 C0       		.byte	-64
 1056 0403 26       		.byte	38
 1057 0404 C5       		.byte	-59
 1058 0405 03       		.byte	3
 1059 0406 C6       		.byte	-58
 1060 0407 04       		.byte	4
 1061 0408 C7       		.byte	-57
 1062 0409 07       		.byte	7
 1063 040a C8       		.byte	-56
 1064 040b 1D       		.byte	29
 1065 040c C9       		.byte	-55
 1066 040d FF       		.byte	-1
 1067 040e CA       		.byte	-54
 1068 040f FF       		.byte	-1
 1069 0410 CB       		.byte	-53
 1070 0411 FF       		.byte	-1
 1071 0412 CD       		.byte	-51
 1072 0413 60       		.byte	96
 1073 0414 D8       		.byte	-40
 1074 0415 04       		.byte	4
 1075 0416 D9       		.byte	-39
 1076 0417 04       		.byte	4
 1077 0418 DA       		.byte	-38
 1078 0419 04       		.byte	4
 1079 041a DC       		.byte	-36
 1080 041b 11       		.byte	17
 1081 041c DD       		.byte	-35
 1082 041d 01       		.byte	1
 1083 041e DF       		.byte	-33
ARM GAS  C:\Users\JamesH\AppData\Local\Temp\ccMius8R.s 			page 20


 1084 041f 01       		.byte	1
 1085 0420 E0       		.byte	-32
 1086 0421 70       		.byte	112
 1087 0422 E1       		.byte	-31
 1088 0423 20       		.byte	32
 1089 0424 E2       		.byte	-30
 1090 0425 51       		.byte	81
 1091 0426 E3       		.byte	-29
 1092 0427 C8       		.byte	-56
 1093 0428 E4       		.byte	-28
 1094 0429 D1       		.byte	-47
 1095 042a E5       		.byte	-27
 1096 042b DC       		.byte	-36
 1097 042c E6       		.byte	-26
 1098 042d 51       		.byte	81
 1099 042e E7       		.byte	-25
 1100 042f DC       		.byte	-36
 1101 0430 00       		.byte	0
 1102 0431 08       		.byte	8
 1103 0432 06       		.byte	6
 1104 0433 02       		.byte	2
 1105 0434 0F       		.byte	15
 1106 0435 40       		.byte	64
 1107 0436 18       		.byte	24
 1108 0437 04       		.byte	4
 1109 0438 19       		.byte	25
 1110 0439 20       		.byte	32
 1111 043a 1E       		.byte	30
 1112 043b 80       		.byte	-128
 1113 043c 20       		.byte	32
 1114 043d 10       		.byte	16
 1115 043e 27       		.byte	39
 1116 043f 08       		.byte	8
 1117 0440 29       		.byte	41
 1118 0441 20       		.byte	32
 1119 0442 2F       		.byte	47
 1120 0443 20       		.byte	32
 1121 0444 30       		.byte	48
 1122 0445 80       		.byte	-128
 1123 0446 32       		.byte	50
 1124 0447 08       		.byte	8
 1125 0448 37       		.byte	55
 1126 0449 20       		.byte	32
 1127 044a 38       		.byte	56
 1128 044b 18       		.byte	24
 1129 044c 3C       		.byte	60
 1130 044d 04       		.byte	4
 1131 044e 3D       		.byte	61
 1132 044f 08       		.byte	8
 1133 0450 3F       		.byte	63
 1134 0451 40       		.byte	64
 1135 0452 40       		.byte	64
 1136 0453 04       		.byte	4
 1137 0454 45       		.byte	69
 1138 0455 29       		.byte	41
 1139 0456 48       		.byte	72
 1140 0457 04       		.byte	4
ARM GAS  C:\Users\JamesH\AppData\Local\Temp\ccMius8R.s 			page 21


 1141 0458 4A       		.byte	74
 1142 0459 08       		.byte	8
 1143 045a 4B       		.byte	75
 1144 045b 08       		.byte	8
 1145 045c 4D       		.byte	77
 1146 045d 04       		.byte	4
 1147 045e 4F       		.byte	79
 1148 045f 41       		.byte	65
 1149 0460 50       		.byte	80
 1150 0461 84       		.byte	-124
 1151 0462 53       		.byte	83
 1152 0463 10       		.byte	16
 1153 0464 55       		.byte	85
 1154 0465 01       		.byte	1
 1155 0466 56       		.byte	86
 1156 0467 02       		.byte	2
 1157 0468 5D       		.byte	93
 1158 0469 04       		.byte	4
 1159 046a 5E       		.byte	94
 1160 046b A0       		.byte	-96
 1161 046c 5F       		.byte	95
 1162 046d 01       		.byte	1
 1163 046e 6D       		.byte	109
 1164 046f 81       		.byte	-127
 1165 0470 6E       		.byte	110
 1166 0471 04       		.byte	4
 1167 0472 6F       		.byte	111
 1168 0473 08       		.byte	8
 1169 0474 7F       		.byte	127
 1170 0475 20       		.byte	32
 1171 0476 8B       		.byte	-117
 1172 0477 08       		.byte	8
 1173 0478 8C       		.byte	-116
 1174 0479 10       		.byte	16
 1175 047a 93       		.byte	-109
 1176 047b 40       		.byte	64
 1177 047c 97       		.byte	-105
 1178 047d 28       		.byte	40
 1179 047e 9B       		.byte	-101
 1180 047f 20       		.byte	32
 1181 0480 9E       		.byte	-98
 1182 0481 02       		.byte	2
 1183 0482 9F       		.byte	-97
 1184 0483 08       		.byte	8
 1185 0484 A0       		.byte	-96
 1186 0485 04       		.byte	4
 1187 0486 A1       		.byte	-95
 1188 0487 28       		.byte	40
 1189 0488 A2       		.byte	-94
 1190 0489 10       		.byte	16
 1191 048a A3       		.byte	-93
 1192 048b 20       		.byte	32
 1193 048c A4       		.byte	-92
 1194 048d 80       		.byte	-128
 1195 048e A5       		.byte	-91
 1196 048f 05       		.byte	5
 1197 0490 AC       		.byte	-84
ARM GAS  C:\Users\JamesH\AppData\Local\Temp\ccMius8R.s 			page 22


 1198 0491 84       		.byte	-124
 1199 0492 AF       		.byte	-81
 1200 0493 01       		.byte	1
 1201 0494 B4       		.byte	-76
 1202 0495 02       		.byte	2
 1203 0496 C0       		.byte	-64
 1204 0497 84       		.byte	-124
 1205 0498 C2       		.byte	-62
 1206 0499 10       		.byte	16
 1207 049a CA       		.byte	-54
 1208 049b 44       		.byte	68
 1209 049c CC       		.byte	-52
 1210 049d 2A       		.byte	42
 1211 049e CE       		.byte	-50
 1212 049f 16       		.byte	22
 1213 04a0 D0       		.byte	-48
 1214 04a1 E4       		.byte	-28
 1215 04a2 D2       		.byte	-46
 1216 04a3 14       		.byte	20
 1217 04a4 D6       		.byte	-42
 1218 04a5 F0       		.byte	-16
 1219 04a6 DE       		.byte	-34
 1220 04a7 40       		.byte	64
 1221 04a8 E2       		.byte	-30
 1222 04a9 20       		.byte	32
 1223 04aa EE       		.byte	-18
 1224 04ab 10       		.byte	16
 1225 04ac A8       		.byte	-88
 1226 04ad 02       		.byte	2
 1227 04ae A9       		.byte	-87
 1228 04af 04       		.byte	4
 1229 04b0 B0       		.byte	-80
 1230 04b1 20       		.byte	32
 1231 04b2 B3       		.byte	-77
 1232 04b3 80       		.byte	-128
 1233 04b4 B4       		.byte	-76
 1234 04b5 10       		.byte	16
 1235 04b6 B5       		.byte	-75
 1236 04b7 02       		.byte	2
 1237 04b8 B7       		.byte	-73
 1238 04b9 10       		.byte	16
 1239 04ba E0       		.byte	-32
 1240 04bb 10       		.byte	16
 1241 04bc EA       		.byte	-22
 1242 04bd 10       		.byte	16
 1243 04be EE       		.byte	-18
 1244 04bf 10       		.byte	16
 1245 04c0 01       		.byte	1
 1246 04c1 02       		.byte	2
 1247 04c2 08       		.byte	8
 1248 04c3 02       		.byte	2
 1249 04c4 0C       		.byte	12
 1250 04c5 01       		.byte	1
 1251 04c6 10       		.byte	16
 1252 04c7 02       		.byte	2
 1253 04c8 13       		.byte	19
 1254 04c9 02       		.byte	2
ARM GAS  C:\Users\JamesH\AppData\Local\Temp\ccMius8R.s 			page 23


 1255 04ca 15       		.byte	21
 1256 04cb 02       		.byte	2
 1257 04cc 1F       		.byte	31
 1258 04cd 02       		.byte	2
 1259 04ce 20       		.byte	32
 1260 04cf 04       		.byte	4
 1261 04d0 23       		.byte	35
 1262 04d1 02       		.byte	2
 1263 04d2 25       		.byte	37
 1264 04d3 01       		.byte	1
 1265 04d4 2E       		.byte	46
 1266 04d5 02       		.byte	2
 1267 04d6 30       		.byte	48
 1268 04d7 06       		.byte	6
 1269 04d8 32       		.byte	50
 1270 04d9 01       		.byte	1
 1271 04da 33       		.byte	51
 1272 04db 01       		.byte	1
 1273 04dc 37       		.byte	55
 1274 04dd 02       		.byte	2
 1275 04de 38       		.byte	56
 1276 04df 02       		.byte	2
 1277 04e0 3E       		.byte	62
 1278 04e1 04       		.byte	4
 1279 04e2 3F       		.byte	63
 1280 04e3 44       		.byte	68
 1281 04e4 40       		.byte	64
 1282 04e5 30       		.byte	48
 1283 04e6 41       		.byte	65
 1284 04e7 06       		.byte	6
 1285 04e8 49       		.byte	73
 1286 04e9 FF       		.byte	-1
 1287 04ea 4A       		.byte	74
 1288 04eb FF       		.byte	-1
 1289 04ec 4B       		.byte	75
 1290 04ed FF       		.byte	-1
 1291 04ee 4D       		.byte	77
 1292 04ef A0       		.byte	-96
 1293 04f0 4F       		.byte	79
 1294 04f1 04       		.byte	4
 1295 04f2 50       		.byte	80
 1296 04f3 18       		.byte	24
 1297 04f4 54       		.byte	84
 1298 04f5 01       		.byte	1
 1299 04f6 56       		.byte	86
 1300 04f7 04       		.byte	4
 1301 04f8 58       		.byte	88
 1302 04f9 04       		.byte	4
 1303 04fa 59       		.byte	89
 1304 04fb 04       		.byte	4
 1305 04fc 5A       		.byte	90
 1306 04fd 04       		.byte	4
 1307 04fe 5B       		.byte	91
 1308 04ff 04       		.byte	4
 1309 0500 5D       		.byte	93
 1310 0501 01       		.byte	1
 1311 0502 5F       		.byte	95
ARM GAS  C:\Users\JamesH\AppData\Local\Temp\ccMius8R.s 			page 24


 1312 0503 01       		.byte	1
 1313 0504 60       		.byte	96
 1314 0505 40       		.byte	64
 1315 0506 62       		.byte	98
 1316 0507 C0       		.byte	-64
 1317 0508 64       		.byte	100
 1318 0509 40       		.byte	64
 1319 050a 65       		.byte	101
 1320 050b 40       		.byte	64
 1321 050c 66       		.byte	102
 1322 050d C0       		.byte	-64
 1323 050e 68       		.byte	104
 1324 050f C0       		.byte	-64
 1325 0510 6A       		.byte	106
 1326 0511 C0       		.byte	-64
 1327 0512 6C       		.byte	108
 1328 0513 C0       		.byte	-64
 1329 0514 6E       		.byte	110
 1330 0515 C0       		.byte	-64
 1331 0516 81       		.byte	-127
 1332 0517 01       		.byte	1
 1333 0518 82       		.byte	-126
 1334 0519 06       		.byte	6
 1335 051a 83       		.byte	-125
 1336 051b 0E       		.byte	14
 1337 051c 84       		.byte	-124
 1338 051d 20       		.byte	32
 1339 051e 8A       		.byte	-118
 1340 051f 01       		.byte	1
 1341 0520 8B       		.byte	-117
 1342 0521 08       		.byte	8
 1343 0522 8C       		.byte	-116
 1344 0523 12       		.byte	18
 1345 0524 8E       		.byte	-114
 1346 0525 20       		.byte	32
 1347 0526 94       		.byte	-108
 1348 0527 20       		.byte	32
 1349 0528 95       		.byte	-107
 1350 0529 01       		.byte	1
 1351 052a 96       		.byte	-106
 1352 052b 18       		.byte	24
 1353 052c 97       		.byte	-105
 1354 052d 06       		.byte	6
 1355 052e 9D       		.byte	-99
 1356 052f 0C       		.byte	12
 1357 0530 9F       		.byte	-97
 1358 0531 03       		.byte	3
 1359 0532 A0       		.byte	-96
 1360 0533 18       		.byte	24
 1361 0534 A2       		.byte	-94
 1362 0535 22       		.byte	34
 1363 0536 A3       		.byte	-93
 1364 0537 03       		.byte	3
 1365 0538 A6       		.byte	-90
 1366 0539 01       		.byte	1
 1367 053a A8       		.byte	-88
 1368 053b 28       		.byte	40
ARM GAS  C:\Users\JamesH\AppData\Local\Temp\ccMius8R.s 			page 25


 1369 053c AC       		.byte	-84
 1370 053d 38       		.byte	56
 1371 053e AE       		.byte	-82
 1372 053f 04       		.byte	4
 1373 0540 AF       		.byte	-81
 1374 0541 0C       		.byte	12
 1375 0542 B0       		.byte	-80
 1376 0543 3E       		.byte	62
 1377 0544 B1       		.byte	-79
 1378 0545 0F       		.byte	15
 1379 0546 B4       		.byte	-76
 1380 0547 01       		.byte	1
 1381 0548 BB       		.byte	-69
 1382 0549 02       		.byte	2
 1383 054a BE       		.byte	-66
 1384 054b 10       		.byte	16
 1385 054c C0       		.byte	-64
 1386 054d 30       		.byte	48
 1387 054e C1       		.byte	-63
 1388 054f 06       		.byte	6
 1389 0550 C5       		.byte	-59
 1390 0551 D1       		.byte	-47
 1391 0552 C7       		.byte	-57
 1392 0553 02       		.byte	2
 1393 0554 C8       		.byte	-56
 1394 0555 1B       		.byte	27
 1395 0556 C9       		.byte	-55
 1396 0557 FF       		.byte	-1
 1397 0558 CA       		.byte	-54
 1398 0559 FF       		.byte	-1
 1399 055a CB       		.byte	-53
 1400 055b FF       		.byte	-1
 1401 055c CD       		.byte	-51
 1402 055d AF       		.byte	-81
 1403 055e CE       		.byte	-50
 1404 055f 0F       		.byte	15
 1405 0560 CF       		.byte	-49
 1406 0561 04       		.byte	4
 1407 0562 D0       		.byte	-48
 1408 0563 18       		.byte	24
 1409 0564 D4       		.byte	-44
 1410 0565 05       		.byte	5
 1411 0566 D8       		.byte	-40
 1412 0567 04       		.byte	4
 1413 0568 D9       		.byte	-39
 1414 0569 04       		.byte	4
 1415 056a DA       		.byte	-38
 1416 056b 04       		.byte	4
 1417 056c DB       		.byte	-37
 1418 056d 04       		.byte	4
 1419 056e DD       		.byte	-35
 1420 056f 11       		.byte	17
 1421 0570 DF       		.byte	-33
 1422 0571 01       		.byte	1
 1423 0572 E0       		.byte	-32
 1424 0573 40       		.byte	64
 1425 0574 E2       		.byte	-30
ARM GAS  C:\Users\JamesH\AppData\Local\Temp\ccMius8R.s 			page 26


 1426 0575 C0       		.byte	-64
 1427 0576 E4       		.byte	-28
 1428 0577 40       		.byte	64
 1429 0578 E5       		.byte	-27
 1430 0579 40       		.byte	64
 1431 057a E6       		.byte	-26
 1432 057b C0       		.byte	-64
 1433 057c E8       		.byte	-24
 1434 057d C0       		.byte	-64
 1435 057e EA       		.byte	-22
 1436 057f C0       		.byte	-64
 1437 0580 EC       		.byte	-20
 1438 0581 C0       		.byte	-64
 1439 0582 EE       		.byte	-18
 1440 0583 C0       		.byte	-64
 1441 0584 00       		.byte	0
 1442 0585 80       		.byte	-128
 1443 0586 03       		.byte	3
 1444 0587 04       		.byte	4
 1445 0588 04       		.byte	4
 1446 0589 80       		.byte	-128
 1447 058a 05       		.byte	5
 1448 058b 01       		.byte	1
 1449 058c 06       		.byte	6
 1450 058d 28       		.byte	40
 1451 058e 0A       		.byte	10
 1452 058f 40       		.byte	64
 1453 0590 0E       		.byte	14
 1454 0591 20       		.byte	32
 1455 0592 10       		.byte	16
 1456 0593 80       		.byte	-128
 1457 0594 12       		.byte	18
 1458 0595 02       		.byte	2
 1459 0596 15       		.byte	21
 1460 0597 0A       		.byte	10
 1461 0598 16       		.byte	22
 1462 0599 04       		.byte	4
 1463 059a 17       		.byte	23
 1464 059b 40       		.byte	64
 1465 059c 18       		.byte	24
 1466 059d A0       		.byte	-96
 1467 059e 1B       		.byte	27
 1468 059f 02       		.byte	2
 1469 05a0 1C       		.byte	28
 1470 05a1 80       		.byte	-128
 1471 05a2 1D       		.byte	29
 1472 05a3 01       		.byte	1
 1473 05a4 1E       		.byte	30
 1474 05a5 08       		.byte	8
 1475 05a6 22       		.byte	34
 1476 05a7 44       		.byte	68
 1477 05a8 26       		.byte	38
 1478 05a9 02       		.byte	2
 1479 05aa 27       		.byte	39
 1480 05ab 40       		.byte	64
 1481 05ac 29       		.byte	41
 1482 05ad 0C       		.byte	12
ARM GAS  C:\Users\JamesH\AppData\Local\Temp\ccMius8R.s 			page 27


 1483 05ae 2B       		.byte	43
 1484 05af 80       		.byte	-128
 1485 05b0 2C       		.byte	44
 1486 05b1 80       		.byte	-128
 1487 05b2 2F       		.byte	47
 1488 05b3 02       		.byte	2
 1489 05b4 30       		.byte	48
 1490 05b5 80       		.byte	-128
 1491 05b6 32       		.byte	50
 1492 05b7 02       		.byte	2
 1493 05b8 33       		.byte	51
 1494 05b9 04       		.byte	4
 1495 05ba 37       		.byte	55
 1496 05bb 44       		.byte	68
 1497 05bc 39       		.byte	57
 1498 05bd 02       		.byte	2
 1499 05be 3A       		.byte	58
 1500 05bf 02       		.byte	2
 1501 05c0 3B       		.byte	59
 1502 05c1 02       		.byte	2
 1503 05c2 3E       		.byte	62
 1504 05c3 22       		.byte	34
 1505 05c4 41       		.byte	65
 1506 05c5 0C       		.byte	12
 1507 05c6 45       		.byte	69
 1508 05c7 08       		.byte	8
 1509 05c8 48       		.byte	72
 1510 05c9 08       		.byte	8
 1511 05ca 4C       		.byte	76
 1512 05cb 08       		.byte	8
 1513 05cc 4E       		.byte	78
 1514 05cd 10       		.byte	16
 1515 05ce 4F       		.byte	79
 1516 05cf 01       		.byte	1
 1517 05d0 54       		.byte	84
 1518 05d1 08       		.byte	8
 1519 05d2 56       		.byte	86
 1520 05d3 08       		.byte	8
 1521 05d4 57       		.byte	87
 1522 05d5 10       		.byte	16
 1523 05d6 58       		.byte	88
 1524 05d7 22       		.byte	34
 1525 05d8 5A       		.byte	90
 1526 05d9 88       		.byte	-120
 1527 05da 5E       		.byte	94
 1528 05db 08       		.byte	8
 1529 05dc 5F       		.byte	95
 1530 05dd 41       		.byte	65
 1531 05de 61       		.byte	97
 1532 05df 02       		.byte	2
 1533 05e0 82       		.byte	-126
 1534 05e1 10       		.byte	16
 1535 05e2 8B       		.byte	-117
 1536 05e3 40       		.byte	64
 1537 05e4 91       		.byte	-111
 1538 05e5 08       		.byte	8
 1539 05e6 92       		.byte	-110
ARM GAS  C:\Users\JamesH\AppData\Local\Temp\ccMius8R.s 			page 28


 1540 05e7 40       		.byte	64
 1541 05e8 93       		.byte	-109
 1542 05e9 02       		.byte	2
 1543 05ea 99       		.byte	-103
 1544 05eb 08       		.byte	8
 1545 05ec 9A       		.byte	-102
 1546 05ed 24       		.byte	36
 1547 05ee 9B       		.byte	-101
 1548 05ef 04       		.byte	4
 1549 05f0 9F       		.byte	-97
 1550 05f1 40       		.byte	64
 1551 05f2 A0       		.byte	-96
 1552 05f3 80       		.byte	-128
 1553 05f4 A2       		.byte	-94
 1554 05f5 10       		.byte	16
 1555 05f6 A3       		.byte	-93
 1556 05f7 80       		.byte	-128
 1557 05f8 A7       		.byte	-89
 1558 05f9 02       		.byte	2
 1559 05fa AD       		.byte	-83
 1560 05fb 04       		.byte	4
 1561 05fc B0       		.byte	-80
 1562 05fd 84       		.byte	-124
 1563 05fe B5       		.byte	-75
 1564 05ff 40       		.byte	64
 1565 0600 B6       		.byte	-74
 1566 0601 02       		.byte	2
 1567 0602 C0       		.byte	-64
 1568 0603 F3       		.byte	-13
 1569 0604 C2       		.byte	-62
 1570 0605 28       		.byte	40
 1571 0606 C4       		.byte	-60
 1572 0607 F9       		.byte	-7
 1573 0608 CA       		.byte	-54
 1574 0609 93       		.byte	-109
 1575 060a CC       		.byte	-52
 1576 060b 5B       		.byte	91
 1577 060c CE       		.byte	-50
 1578 060d A1       		.byte	-95
 1579 060e D0       		.byte	-48
 1580 060f 42       		.byte	66
 1581 0610 D2       		.byte	-46
 1582 0611 24       		.byte	36
 1583 0612 D6       		.byte	-42
 1584 0613 DF       		.byte	-33
 1585 0614 D8       		.byte	-40
 1586 0615 01       		.byte	1
 1587 0616 E0       		.byte	-32
 1588 0617 20       		.byte	32
 1589 0618 E4       		.byte	-28
 1590 0619 01       		.byte	1
 1591 061a 00       		.byte	0
 1592 061b 06       		.byte	6
 1593 061c 02       		.byte	2
 1594 061d 01       		.byte	1
 1595 061e 0D       		.byte	13
 1596 061f 03       		.byte	3
ARM GAS  C:\Users\JamesH\AppData\Local\Temp\ccMius8R.s 			page 29


 1597 0620 0F       		.byte	15
 1598 0621 04       		.byte	4
 1599 0622 11       		.byte	17
 1600 0623 03       		.byte	3
 1601 0624 12       		.byte	18
 1602 0625 03       		.byte	3
 1603 0626 13       		.byte	19
 1604 0627 04       		.byte	4
 1605 0628 15       		.byte	21
 1606 0629 03       		.byte	3
 1607 062a 16       		.byte	22
 1608 062b 02       		.byte	2
 1609 062c 17       		.byte	23
 1610 062d 0C       		.byte	12
 1611 062e 1D       		.byte	29
 1612 062f 0A       		.byte	10
 1613 0630 1F       		.byte	31
 1614 0631 04       		.byte	4
 1615 0632 23       		.byte	35
 1616 0633 05       		.byte	5
 1617 0634 26       		.byte	38
 1618 0635 05       		.byte	5
 1619 0636 2A       		.byte	42
 1620 0637 01       		.byte	1
 1621 0638 2E       		.byte	46
 1622 0639 06       		.byte	6
 1623 063a 2F       		.byte	47
 1624 063b 08       		.byte	8
 1625 063c 30       		.byte	48
 1626 063d 07       		.byte	7
 1627 063e 35       		.byte	53
 1628 063f 0F       		.byte	15
 1629 0640 3A       		.byte	58
 1630 0641 02       		.byte	2
 1631 0642 3B       		.byte	59
 1632 0643 20       		.byte	32
 1633 0644 40       		.byte	64
 1634 0645 32       		.byte	50
 1635 0646 41       		.byte	65
 1636 0647 04       		.byte	4
 1637 0648 45       		.byte	69
 1638 0649 0E       		.byte	14
 1639 064a 46       		.byte	70
 1640 064b 0C       		.byte	12
 1641 064c 47       		.byte	71
 1642 064d 0B       		.byte	11
 1643 064e 48       		.byte	72
 1644 064f 15       		.byte	21
 1645 0650 49       		.byte	73
 1646 0651 FF       		.byte	-1
 1647 0652 4A       		.byte	74
 1648 0653 FF       		.byte	-1
 1649 0654 4B       		.byte	75
 1650 0655 FF       		.byte	-1
 1651 0656 4E       		.byte	78
 1652 0657 F0       		.byte	-16
 1653 0658 4F       		.byte	79
ARM GAS  C:\Users\JamesH\AppData\Local\Temp\ccMius8R.s 			page 30


 1654 0659 44       		.byte	68
 1655 065a 50       		.byte	80
 1656 065b 0C       		.byte	12
 1657 065c 58       		.byte	88
 1658 065d 04       		.byte	4
 1659 065e 59       		.byte	89
 1660 065f 04       		.byte	4
 1661 0660 5A       		.byte	90
 1662 0661 04       		.byte	4
 1663 0662 5F       		.byte	95
 1664 0663 01       		.byte	1
 1665 0664 66       		.byte	102
 1666 0665 C0       		.byte	-64
 1667 0666 6A       		.byte	106
 1668 0667 40       		.byte	64
 1669 0668 6B       		.byte	107
 1670 0669 02       		.byte	2
 1671 066a 84       		.byte	-124
 1672 066b 01       		.byte	1
 1673 066c 85       		.byte	-123
 1674 066d 18       		.byte	24
 1675 066e 88       		.byte	-120
 1676 066f 01       		.byte	1
 1677 0670 89       		.byte	-119
 1678 0671 08       		.byte	8
 1679 0672 8C       		.byte	-116
 1680 0673 01       		.byte	1
 1681 0674 8D       		.byte	-115
 1682 0675 A4       		.byte	-92
 1683 0676 8F       		.byte	-113
 1684 0677 40       		.byte	64
 1685 0678 94       		.byte	-108
 1686 0679 01       		.byte	1
 1687 067a 95       		.byte	-107
 1688 067b A7       		.byte	-89
 1689 067c 97       		.byte	-105
 1690 067d 18       		.byte	24
 1691 067e 99       		.byte	-103
 1692 067f 1C       		.byte	28
 1693 0680 9B       		.byte	-101
 1694 0681 A2       		.byte	-94
 1695 0682 9F       		.byte	-97
 1696 0683 04       		.byte	4
 1697 0684 A1       		.byte	-95
 1698 0685 9C       		.byte	-100
 1699 0686 A3       		.byte	-93
 1700 0687 21       		.byte	33
 1701 0688 A4       		.byte	-92
 1702 0689 02       		.byte	2
 1703 068a A7       		.byte	-89
 1704 068b A3       		.byte	-93
 1705 068c A8       		.byte	-88
 1706 068d 02       		.byte	2
 1707 068e A9       		.byte	-87
 1708 068f BF       		.byte	-65
 1709 0690 AC       		.byte	-84
 1710 0691 02       		.byte	2
ARM GAS  C:\Users\JamesH\AppData\Local\Temp\ccMius8R.s 			page 31


 1711 0692 AD       		.byte	-83
 1712 0693 10       		.byte	16
 1713 0694 B0       		.byte	-80
 1714 0695 01       		.byte	1
 1715 0696 B1       		.byte	-79
 1716 0697 20       		.byte	32
 1717 0698 B3       		.byte	-77
 1718 0699 98       		.byte	-104
 1719 069a B4       		.byte	-76
 1720 069b 02       		.byte	2
 1721 069c B5       		.byte	-75
 1722 069d 1F       		.byte	31
 1723 069e B7       		.byte	-73
 1724 069f 40       		.byte	64
 1725 06a0 BB       		.byte	-69
 1726 06a1 28       		.byte	40
 1727 06a2 BE       		.byte	-66
 1728 06a3 01       		.byte	1
 1729 06a4 D6       		.byte	-42
 1730 06a5 02       		.byte	2
 1731 06a6 D7       		.byte	-41
 1732 06a7 13       		.byte	19
 1733 06a8 D8       		.byte	-40
 1734 06a9 04       		.byte	4
 1735 06aa D9       		.byte	-39
 1736 06ab 04       		.byte	4
 1737 06ac DB       		.byte	-37
 1738 06ad 04       		.byte	4
 1739 06ae DF       		.byte	-33
 1740 06af 01       		.byte	1
 1741 06b0 00       		.byte	0
 1742 06b1 A4       		.byte	-92
 1743 06b2 01       		.byte	1
 1744 06b3 20       		.byte	32
 1745 06b4 02       		.byte	2
 1746 06b5 01       		.byte	1
 1747 06b6 07       		.byte	7
 1748 06b7 40       		.byte	64
 1749 06b8 09       		.byte	9
 1750 06b9 08       		.byte	8
 1751 06ba 0E       		.byte	14
 1752 06bb 40       		.byte	64
 1753 06bc 0F       		.byte	15
 1754 06bd 20       		.byte	32
 1755 06be 10       		.byte	16
 1756 06bf 02       		.byte	2
 1757 06c0 11       		.byte	17
 1758 06c1 14       		.byte	20
 1759 06c2 14       		.byte	20
 1760 06c3 04       		.byte	4
 1761 06c4 15       		.byte	21
 1762 06c5 40       		.byte	64
 1763 06c6 17       		.byte	23
 1764 06c7 04       		.byte	4
 1765 06c8 19       		.byte	25
 1766 06c9 01       		.byte	1
 1767 06ca 1A       		.byte	26
ARM GAS  C:\Users\JamesH\AppData\Local\Temp\ccMius8R.s 			page 32


 1768 06cb 04       		.byte	4
 1769 06cc 1B       		.byte	27
 1770 06cd 20       		.byte	32
 1771 06ce 1E       		.byte	30
 1772 06cf 40       		.byte	64
 1773 06d0 1F       		.byte	31
 1774 06d1 01       		.byte	1
 1775 06d2 20       		.byte	32
 1776 06d3 04       		.byte	4
 1777 06d4 21       		.byte	33
 1778 06d5 08       		.byte	8
 1779 06d6 22       		.byte	34
 1780 06d7 59       		.byte	89
 1781 06d8 26       		.byte	38
 1782 06d9 10       		.byte	16
 1783 06da 27       		.byte	39
 1784 06db 04       		.byte	4
 1785 06dc 29       		.byte	41
 1786 06dd 60       		.byte	96
 1787 06de 2A       		.byte	42
 1788 06df 01       		.byte	1
 1789 06e0 2B       		.byte	43
 1790 06e1 20       		.byte	32
 1791 06e2 2C       		.byte	44
 1792 06e3 80       		.byte	-128
 1793 06e4 2D       		.byte	45
 1794 06e5 40       		.byte	64
 1795 06e6 2F       		.byte	47
 1796 06e7 02       		.byte	2
 1797 06e8 31       		.byte	49
 1798 06e9 08       		.byte	8
 1799 06ea 32       		.byte	50
 1800 06eb 50       		.byte	80
 1801 06ec 37       		.byte	55
 1802 06ed 45       		.byte	69
 1803 06ee 38       		.byte	56
 1804 06ef 28       		.byte	40
 1805 06f0 39       		.byte	57
 1806 06f1 80       		.byte	-128
 1807 06f2 3D       		.byte	61
 1808 06f3 80       		.byte	-128
 1809 06f4 42       		.byte	66
 1810 06f5 C0       		.byte	-64
 1811 06f6 43       		.byte	67
 1812 06f7 01       		.byte	1
 1813 06f8 44       		.byte	68
 1814 06f9 04       		.byte	4
 1815 06fa 46       		.byte	70
 1816 06fb 80       		.byte	-128
 1817 06fc 47       		.byte	71
 1818 06fd 04       		.byte	4
 1819 06fe 4D       		.byte	77
 1820 06ff 08       		.byte	8
 1821 0700 55       		.byte	85
 1822 0701 40       		.byte	64
 1823 0702 56       		.byte	86
 1824 0703 04       		.byte	4
ARM GAS  C:\Users\JamesH\AppData\Local\Temp\ccMius8R.s 			page 33


 1825 0704 57       		.byte	87
 1826 0705 80       		.byte	-128
 1827 0706 59       		.byte	89
 1828 0707 01       		.byte	1
 1829 0708 68       		.byte	104
 1830 0709 02       		.byte	2
 1831 070a 69       		.byte	105
 1832 070b 14       		.byte	20
 1833 070c 70       		.byte	112
 1834 070d 14       		.byte	20
 1835 070e 71       		.byte	113
 1836 070f 44       		.byte	68
 1837 0710 72       		.byte	114
 1838 0711 08       		.byte	8
 1839 0712 94       		.byte	-108
 1840 0713 04       		.byte	4
 1841 0714 96       		.byte	-106
 1842 0715 46       		.byte	70
 1843 0716 9A       		.byte	-102
 1844 0717 20       		.byte	32
 1845 0718 9D       		.byte	-99
 1846 0719 44       		.byte	68
 1847 071a 9E       		.byte	-98
 1848 071b 08       		.byte	8
 1849 071c 9F       		.byte	-97
 1850 071d 40       		.byte	64
 1851 071e A0       		.byte	-96
 1852 071f D0       		.byte	-48
 1853 0720 A3       		.byte	-93
 1854 0721 10       		.byte	16
 1855 0722 A6       		.byte	-90
 1856 0723 1A       		.byte	26
 1857 0724 B4       		.byte	-76
 1858 0725 80       		.byte	-128
 1859 0726 B6       		.byte	-74
 1860 0727 08       		.byte	8
 1861 0728 C0       		.byte	-64
 1862 0729 17       		.byte	23
 1863 072a C2       		.byte	-62
 1864 072b 34       		.byte	52
 1865 072c C4       		.byte	-60
 1866 072d E7       		.byte	-25
 1867 072e CA       		.byte	-54
 1868 072f 9F       		.byte	-97
 1869 0730 CC       		.byte	-52
 1870 0731 DE       		.byte	-34
 1871 0732 CE       		.byte	-50
 1872 0733 1E       		.byte	30
 1873 0734 D0       		.byte	-48
 1874 0735 E0       		.byte	-32
 1875 0736 D6       		.byte	-42
 1876 0737 01       		.byte	1
 1877 0738 E4       		.byte	-28
 1878 0739 81       		.byte	-127
 1879 073a 90       		.byte	-112
 1880 073b 03       		.byte	3
 1881 073c 94       		.byte	-108
ARM GAS  C:\Users\JamesH\AppData\Local\Temp\ccMius8R.s 			page 34


 1882 073d 03       		.byte	3
 1883 073e 9E       		.byte	-98
 1884 073f 01       		.byte	1
 1885 0740 AC       		.byte	-84
 1886 0741 02       		.byte	2
 1887 0742 B2       		.byte	-78
 1888 0743 03       		.byte	3
 1889 0744 B8       		.byte	-72
 1890 0745 08       		.byte	8
 1891 0746 BE       		.byte	-66
 1892 0747 04       		.byte	4
 1893 0748 C0       		.byte	-64
 1894 0749 03       		.byte	3
 1895 074a C6       		.byte	-58
 1896 074b 40       		.byte	64
 1897 074c C9       		.byte	-55
 1898 074d FF       		.byte	-1
 1899 074e CA       		.byte	-54
 1900 074f 07       		.byte	7
 1901 0750 CB       		.byte	-53
 1902 0751 FF       		.byte	-1
 1903 0752 CC       		.byte	-52
 1904 0753 40       		.byte	64
 1905 0754 CD       		.byte	-51
 1906 0755 20       		.byte	32
 1907 0756 CE       		.byte	-50
 1908 0757 F0       		.byte	-16
 1909 0758 CF       		.byte	-49
 1910 0759 05       		.byte	5
 1911 075a D0       		.byte	-48
 1912 075b 08       		.byte	8
 1913 075c D8       		.byte	-40
 1914 075d 04       		.byte	4
 1915 075e DA       		.byte	-38
 1916 075f 04       		.byte	4
 1917 0760 DF       		.byte	-33
 1918 0761 01       		.byte	1
 1919 0762 E0       		.byte	-32
 1920 0763 40       		.byte	64
 1921 0764 E1       		.byte	-31
 1922 0765 A8       		.byte	-88
 1923 0766 E2       		.byte	-30
 1924 0767 40       		.byte	64
 1925 0768 E3       		.byte	-29
 1926 0769 20       		.byte	32
 1927 076a 00       		.byte	0
 1928 076b 94       		.byte	-108
 1929 076c 08       		.byte	8
 1930 076d 85       		.byte	-123
 1931 076e 0B       		.byte	11
 1932 076f 04       		.byte	4
 1933 0770 0C       		.byte	12
 1934 0771 10       		.byte	16
 1935 0772 0E       		.byte	14
 1936 0773 64       		.byte	100
 1937 0774 0F       		.byte	15
 1938 0775 01       		.byte	1
ARM GAS  C:\Users\JamesH\AppData\Local\Temp\ccMius8R.s 			page 35


 1939 0776 10       		.byte	16
 1940 0777 10       		.byte	16
 1941 0778 12       		.byte	18
 1942 0779 48       		.byte	72
 1943 077a 17       		.byte	23
 1944 077b 40       		.byte	64
 1945 077c 19       		.byte	25
 1946 077d 01       		.byte	1
 1947 077e 1B       		.byte	27
 1948 077f 06       		.byte	6
 1949 0780 1D       		.byte	29
 1950 0781 08       		.byte	8
 1951 0782 20       		.byte	32
 1952 0783 F0       		.byte	-16
 1953 0784 22       		.byte	34
 1954 0785 80       		.byte	-128
 1955 0786 23       		.byte	35
 1956 0787 04       		.byte	4
 1957 0788 28       		.byte	40
 1958 0789 01       		.byte	1
 1959 078a 29       		.byte	41
 1960 078b 51       		.byte	81
 1961 078c 2A       		.byte	42
 1962 078d 08       		.byte	8
 1963 078e 30       		.byte	48
 1964 078f 04       		.byte	4
 1965 0790 31       		.byte	49
 1966 0791 04       		.byte	4
 1967 0792 32       		.byte	50
 1968 0793 20       		.byte	32
 1969 0794 38       		.byte	56
 1970 0795 44       		.byte	68
 1971 0796 39       		.byte	57
 1972 0797 20       		.byte	32
 1973 0798 3B       		.byte	59
 1974 0799 02       		.byte	2
 1975 079a 40       		.byte	64
 1976 079b 10       		.byte	16
 1977 079c 41       		.byte	65
 1978 079d 10       		.byte	16
 1979 079e 42       		.byte	66
 1980 079f 04       		.byte	4
 1981 07a0 43       		.byte	67
 1982 07a1 02       		.byte	2
 1983 07a2 45       		.byte	69
 1984 07a3 08       		.byte	8
 1985 07a4 49       		.byte	73
 1986 07a5 10       		.byte	16
 1987 07a6 4A       		.byte	74
 1988 07a7 0A       		.byte	10
 1989 07a8 4B       		.byte	75
 1990 07a9 02       		.byte	2
 1991 07aa 4C       		.byte	76
 1992 07ab 80       		.byte	-128
 1993 07ac 4F       		.byte	79
 1994 07ad 01       		.byte	1
 1995 07ae 52       		.byte	82
ARM GAS  C:\Users\JamesH\AppData\Local\Temp\ccMius8R.s 			page 36


 1996 07af 40       		.byte	64
 1997 07b0 56       		.byte	86
 1998 07b1 20       		.byte	32
 1999 07b2 57       		.byte	87
 2000 07b3 10       		.byte	16
 2001 07b4 5A       		.byte	90
 2002 07b5 02       		.byte	2
 2003 07b6 62       		.byte	98
 2004 07b7 81       		.byte	-127
 2005 07b8 63       		.byte	99
 2006 07b9 08       		.byte	8
 2007 07ba 82       		.byte	-126
 2008 07bb 01       		.byte	1
 2009 07bc 8C       		.byte	-116
 2010 07bd 10       		.byte	16
 2011 07be 8E       		.byte	-114
 2012 07bf 20       		.byte	32
 2013 07c0 C0       		.byte	-64
 2014 07c1 07       		.byte	7
 2015 07c2 C2       		.byte	-62
 2016 07c3 BF       		.byte	-65
 2017 07c4 C4       		.byte	-60
 2018 07c5 8E       		.byte	-114
 2019 07c6 CA       		.byte	-54
 2020 07c7 0F       		.byte	15
 2021 07c8 CC       		.byte	-52
 2022 07c9 06       		.byte	6
 2023 07ca CE       		.byte	-50
 2024 07cb 0F       		.byte	15
 2025 07cc D0       		.byte	-48
 2026 07cd 47       		.byte	71
 2027 07ce D2       		.byte	-46
 2028 07cf 0C       		.byte	12
 2029 07d0 D6       		.byte	-42
 2030 07d1 01       		.byte	1
 2031 07d2 D8       		.byte	-40
 2032 07d3 0D       		.byte	13
 2033 07d4 89       		.byte	-119
 2034 07d5 01       		.byte	1
 2035 07d6 91       		.byte	-111
 2036 07d7 01       		.byte	1
 2037 07d8 E6       		.byte	-26
 2038 07d9 80       		.byte	-128
 2039 07da EA       		.byte	-22
 2040 07db 01       		.byte	1
 2041 07dc 85       		.byte	-123
 2042 07dd 40       		.byte	64
 2043 07de 8A       		.byte	-118
 2044 07df 04       		.byte	4
 2045 07e0 91       		.byte	-111
 2046 07e1 01       		.byte	1
 2047 07e2 92       		.byte	-110
 2048 07e3 04       		.byte	4
 2049 07e4 A1       		.byte	-95
 2050 07e5 40       		.byte	64
 2051 07e6 E6       		.byte	-26
 2052 07e7 20       		.byte	32
ARM GAS  C:\Users\JamesH\AppData\Local\Temp\ccMius8R.s 			page 37


 2053 07e8 EA       		.byte	-22
 2054 07e9 01       		.byte	1
 2055 07ea 12       		.byte	18
 2056 07eb 80       		.byte	-128
 2057 07ec 31       		.byte	49
 2058 07ed 20       		.byte	32
 2059 07ee 32       		.byte	50
 2060 07ef 04       		.byte	4
 2061 07f0 37       		.byte	55
 2062 07f1 88       		.byte	-120
 2063 07f2 38       		.byte	56
 2064 07f3 80       		.byte	-128
 2065 07f4 3F       		.byte	63
 2066 07f5 80       		.byte	-128
 2067 07f6 83       		.byte	-125
 2068 07f7 48       		.byte	72
 2069 07f8 87       		.byte	-121
 2070 07f9 40       		.byte	64
 2071 07fa 8A       		.byte	-118
 2072 07fb 10       		.byte	16
 2073 07fc C4       		.byte	-60
 2074 07fd 10       		.byte	16
 2075 07fe CC       		.byte	-52
 2076 07ff F0       		.byte	-16
 2077 0800 CE       		.byte	-50
 2078 0801 30       		.byte	48
 2079 0802 E2       		.byte	-30
 2080 0803 30       		.byte	48
 2081 0804 01       		.byte	1
 2082 0805 02       		.byte	2
 2083 0806 06       		.byte	6
 2084 0807 10       		.byte	16
 2085 0808 55       		.byte	85
 2086 0809 08       		.byte	8
 2087 080a 63       		.byte	99
 2088 080b 04       		.byte	4
 2089 080c 67       		.byte	103
 2090 080d 80       		.byte	-128
 2091 080e 81       		.byte	-127
 2092 080f 02       		.byte	2
 2093 0810 85       		.byte	-123
 2094 0811 20       		.byte	32
 2095 0812 87       		.byte	-121
 2096 0813 04       		.byte	4
 2097 0814 93       		.byte	-109
 2098 0815 80       		.byte	-128
 2099 0816 94       		.byte	-108
 2100 0817 80       		.byte	-128
 2101 0818 9E       		.byte	-98
 2102 0819 10       		.byte	16
 2103 081a A5       		.byte	-91
 2104 081b 20       		.byte	32
 2105 081c AE       		.byte	-82
 2106 081d 84       		.byte	-124
 2107 081e AF       		.byte	-81
 2108 081f 80       		.byte	-128
 2109 0820 C0       		.byte	-64
ARM GAS  C:\Users\JamesH\AppData\Local\Temp\ccMius8R.s 			page 38


 2110 0821 30       		.byte	48
 2111 0822 D4       		.byte	-44
 2112 0823 40       		.byte	64
 2113 0824 D8       		.byte	-40
 2114 0825 C0       		.byte	-64
 2115 0826 E2       		.byte	-30
 2116 0827 50       		.byte	80
 2117 0828 E4       		.byte	-28
 2118 0829 20       		.byte	32
 2119 082a EA       		.byte	-22
 2120 082b 40       		.byte	64
 2121 082c 3E       		.byte	62
 2122 082d 10       		.byte	16
 2123 082e 53       		.byte	83
 2124 082f 10       		.byte	16
 2125 0830 55       		.byte	85
 2126 0831 40       		.byte	64
 2127 0832 87       		.byte	-121
 2128 0833 10       		.byte	16
 2129 0834 94       		.byte	-108
 2130 0835 80       		.byte	-128
 2131 0836 B1       		.byte	-79
 2132 0837 08       		.byte	8
 2133 0838 CE       		.byte	-50
 2134 0839 20       		.byte	32
 2135 083a D4       		.byte	-44
 2136 083b 60       		.byte	96
 2137 083c E6       		.byte	-26
 2138 083d 40       		.byte	64
 2139 083e 88       		.byte	-120
 2140 083f 80       		.byte	-128
 2141 0840 96       		.byte	-106
 2142 0841 10       		.byte	16
 2143 0842 AD       		.byte	-83
 2144 0843 40       		.byte	64
 2145 0844 B4       		.byte	-76
 2146 0845 40       		.byte	64
 2147 0846 EA       		.byte	-22
 2148 0847 40       		.byte	64
 2149 0848 10       		.byte	16
 2150 0849 10       		.byte	16
 2151 084a 15       		.byte	21
 2152 084b 01       		.byte	1
 2153 084c C4       		.byte	-60
 2154 084d 0C       		.byte	12
 2155 084e 04       		.byte	4
 2156 084f 80       		.byte	-128
 2157 0850 52       		.byte	82
 2158 0851 40       		.byte	64
 2159 0852 53       		.byte	83
 2160 0853 02       		.byte	2
 2161 0854 57       		.byte	87
 2162 0855 10       		.byte	16
 2163 0856 83       		.byte	-125
 2164 0857 10       		.byte	16
 2165 0858 8A       		.byte	-118
 2166 0859 40       		.byte	64
ARM GAS  C:\Users\JamesH\AppData\Local\Temp\ccMius8R.s 			page 39


 2167 085a 91       		.byte	-111
 2168 085b 01       		.byte	1
 2169 085c 98       		.byte	-104
 2170 085d 10       		.byte	16
 2171 085e C0       		.byte	-64
 2172 085f 01       		.byte	1
 2173 0860 D4       		.byte	-44
 2174 0861 07       		.byte	7
 2175 0862 E4       		.byte	-28
 2176 0863 01       		.byte	1
 2177 0864 80       		.byte	-128
 2178 0865 02       		.byte	2
 2179 0866 91       		.byte	-111
 2180 0867 01       		.byte	1
 2181 0868 98       		.byte	-104
 2182 0869 10       		.byte	16
 2183 086a A7       		.byte	-89
 2184 086b 02       		.byte	2
 2185 086c B4       		.byte	-76
 2186 086d 40       		.byte	64
 2187 086e EE       		.byte	-18
 2188 086f 08       		.byte	8
 2189 0870 8E       		.byte	-114
 2190 0871 01       		.byte	1
 2191 0872 91       		.byte	-111
 2192 0873 01       		.byte	1
 2193 0874 98       		.byte	-104
 2194 0875 12       		.byte	18
 2195 0876 B7       		.byte	-73
 2196 0877 02       		.byte	2
 2197 0878 E0       		.byte	-32
 2198 0879 08       		.byte	8
 2199 087a EC       		.byte	-20
 2200 087b 02       		.byte	2
 2201 087c 85       		.byte	-123
 2202 087d 10       		.byte	16
 2203 087e 8A       		.byte	-118
 2204 087f 10       		.byte	16
 2205 0880 96       		.byte	-106
 2206 0881 10       		.byte	16
 2207 0882 98       		.byte	-104
 2208 0883 80       		.byte	-128
 2209 0884 E2       		.byte	-30
 2210 0885 40       		.byte	64
 2211 0886 51       		.byte	81
 2212 0887 10       		.byte	16
 2213 0888 54       		.byte	84
 2214 0889 02       		.byte	2
 2215 088a 56       		.byte	86
 2216 088b 10       		.byte	16
 2217 088c 58       		.byte	88
 2218 088d 80       		.byte	-128
 2219 088e 88       		.byte	-120
 2220 088f 02       		.byte	2
 2221 0890 91       		.byte	-111
 2222 0891 20       		.byte	32
 2223 0892 98       		.byte	-104
ARM GAS  C:\Users\JamesH\AppData\Local\Temp\ccMius8R.s 			page 40


 2224 0893 80       		.byte	-128
 2225 0894 9A       		.byte	-102
 2226 0895 10       		.byte	16
 2227 0896 AA       		.byte	-86
 2228 0897 10       		.byte	16
 2229 0898 D4       		.byte	-44
 2230 0899 E0       		.byte	-32
 2231 089a D6       		.byte	-42
 2232 089b 20       		.byte	32
 2233 089c EA       		.byte	-22
 2234 089d 80       		.byte	-128
 2235 089e 10       		.byte	16
 2236 089f 40       		.byte	64
 2237 08a0 13       		.byte	19
 2238 08a1 20       		.byte	32
 2239 08a2 14       		.byte	20
 2240 08a3 80       		.byte	-128
 2241 08a4 58       		.byte	88
 2242 08a5 02       		.byte	2
 2243 08a6 5E       		.byte	94
 2244 08a7 02       		.byte	2
 2245 08a8 78       		.byte	120
 2246 08a9 10       		.byte	16
 2247 08aa 7D       		.byte	125
 2248 08ab 01       		.byte	1
 2249 08ac 91       		.byte	-111
 2250 08ad 01       		.byte	1
 2251 08ae 98       		.byte	-104
 2252 08af 12       		.byte	18
 2253 08b0 A2       		.byte	-94
 2254 08b1 01       		.byte	1
 2255 08b2 C4       		.byte	-60
 2256 08b3 0E       		.byte	14
 2257 08b4 D6       		.byte	-42
 2258 08b5 03       		.byte	3
 2259 08b6 DE       		.byte	-34
 2260 08b7 03       		.byte	3
 2261 08b8 78       		.byte	120
 2262 08b9 40       		.byte	64
 2263 08ba 7C       		.byte	124
 2264 08bb 80       		.byte	-128
 2265 08bc 98       		.byte	-104
 2266 08bd C0       		.byte	-64
 2267 08be AB       		.byte	-85
 2268 08bf 20       		.byte	32
 2269 08c0 DC       		.byte	-36
 2270 08c1 01       		.byte	1
 2271 08c2 DE       		.byte	-34
 2272 08c3 04       		.byte	4
 2273 08c4 00       		.byte	0
 2274 08c5 FF       		.byte	-1
 2275 08c6 01       		.byte	1
 2276 08c7 03       		.byte	3
 2277 08c8 03       		.byte	3
 2278 08c9 C0       		.byte	-64
 2279 08ca 10       		.byte	16
 2280 08cb 01       		.byte	1
ARM GAS  C:\Users\JamesH\AppData\Local\Temp\ccMius8R.s 			page 41


 2281 08cc 24       		.byte	36
 2282 08cd 3C       		.byte	60
 2283 08ce 00       		.byte	0
 2284 08cf 00       		.byte	0
 2285 08d0 30       		.byte	48
 2286 08d1 00       		.byte	0
 2287 08d2 00       		.byte	0
 2288 08d3 00       		.byte	0
 2289 08d4 00       		.byte	0
 2290 08d5 00       		.byte	0
 2291 08d6 00       		.byte	0
 2292 08d7 10       		.byte	16
 2293 08d8 0E       		.byte	14
 2294 08d9 06       		.byte	6
 2295 08da 00       		.byte	0
 2296 08db 09       		.byte	9
 2297 08dc 0E       		.byte	14
 2298 08dd 00       		.byte	0
 2299 08de 00       		.byte	0
 2300 08df 01       		.byte	1
 2301 08e0 0C       		.byte	12
 2302 08e1 06       		.byte	6
 2303 08e2 02       		.byte	2
 2304 08e3 09       		.byte	9
 2305 08e4 08       		.byte	8
 2306 08e5 00       		.byte	0
 2307 08e6 00       		.byte	0
 2308 08e7 00       		.byte	0
 2309 08e8 0C       		.byte	12
 2310 08e9 06       		.byte	6
 2311 08ea 00       		.byte	0
 2312 08eb 00       		.byte	0
 2313 08ec 00       		.byte	0
 2314 08ed 0F       		.byte	15
 2315 08ee 01       		.byte	1
 2316 08ef 00       		.byte	0
 2317 08f0 04       		.byte	4
 2318 08f1 00       		.byte	0
 2319 08f2 00       		.byte	0
 2320 08f3 00       		.byte	0
 2321 08f4 00       		.byte	0
 2322 08f5 00       		.byte	0
 2323 08f6 01       		.byte	1
 2324 08f7 10       		.byte	16
 2325 08f8 00       		.byte	0
 2326 08f9 02       		.byte	2
 2327 08fa 02       		.byte	2
 2328 08fb 00       		.byte	0
 2329 08fc 02       		.byte	2
 2330 08fd 09       		.byte	9
 2331 08fe 0C       		.byte	12
 2332 08ff 06       		.byte	6
 2333 0900 00       		.byte	0
 2334 0901 04       		.byte	4
 2335 0902 00       		.byte	0
 2336 0903 00       		.byte	0
 2337 0904 0E       		.byte	14
ARM GAS  C:\Users\JamesH\AppData\Local\Temp\ccMius8R.s 			page 42


 2338 0905 07       		.byte	7
 2339 0906 01       		.byte	1
 2340 0907 00       		.byte	0
 2341 0908 00       		.byte	0
 2342 0909 08       		.byte	8
 2343 090a 00       		.byte	0
 2344 090b 10       		.byte	16
 2345 090c 00       		.byte	0
 2346 090d 20       		.byte	32
 2347 090e 00       		.byte	0
 2348 090f 0A       		.byte	10
 2349 0910 00       		.byte	0
 2350 0911 00       		.byte	0
 2351 0912 04       		.byte	4
 2352 0913 40       		.byte	64
 2353 0914 62       		.byte	98
 2354 0915 03       		.byte	3
 2355 0916 04       		.byte	4
 2356 0917 00       		.byte	0
 2357 0918 05       		.byte	5
 2358 0919 C0       		.byte	-64
 2359 091a 0E       		.byte	14
 2360 091b 00       		.byte	0
 2361 091c 06       		.byte	6
 2362 091d FF       		.byte	-1
 2363 091e FF       		.byte	-1
 2364 091f FF       		.byte	-1
 2365 0920 62       		.byte	98
 2366 0921 A0       		.byte	-96
 2367 0922 F0       		.byte	-16
 2368 0923 41       		.byte	65
 2369 0924 0C       		.byte	12
 2370 0925 00       		.byte	0
 2371 0926 00       		.byte	0
 2372 0927 00       		.byte	0
 2373 0928 18       		.byte	24
 2374 0929 00       		.byte	0
 2375 092a 04       		.byte	4
 2376 092b 00       		.byte	0
 2377 092c 04       		.byte	4
 2378 092d 04       		.byte	4
 2379 092e 04       		.byte	4
 2380 092f 04       		.byte	4
 2381 0930 00       		.byte	0
 2382 0931 00       		.byte	0
 2383 0932 00       		.byte	0
 2384 0933 01       		.byte	1
 2385 0934 00       		.byte	0
 2386 0935 00       		.byte	0
 2387 0936 00       		.byte	0
 2388 0937 00       		.byte	0
 2389 0938 00       		.byte	0
 2390 0939 00       		.byte	0
 2391 093a 40       		.byte	64
 2392 093b 02       		.byte	2
 2393 093c 00       		.byte	0
 2394 093d 10       		.byte	16
ARM GAS  C:\Users\JamesH\AppData\Local\Temp\ccMius8R.s 			page 43


 2395 093e 30       		.byte	48
 2396 093f 10       		.byte	16
 2397 0940 00       		.byte	0
 2398 0941 10       		.byte	16
 2399 0942 10       		.byte	16
 2400 0943 12       		.byte	18
 2401 0944 00       		.byte	0
 2402 0945 00       		.byte	0
 2403 0946 00       		.byte	0
 2404 0947 00       		.byte	0
 2405 0948 00       		.byte	0
 2406 0949 00       		.byte	0
 2407 094a 00       		.byte	0
 2408 094b 00       		.byte	0
 2409 094c 00       		.byte	0
 2410 094d 00       		.byte	0
 2411 094e 00       		.byte	0
 2412 094f 00       		.byte	0
 2413 0950 00       		.byte	0
 2414 0951 00       		.byte	0
 2415 0952 00       		.byte	0
 2416 0953 00       		.byte	0
 2417 0954 03       		.byte	3
 2418 0955 01       		.byte	1
 2419 0956 00       		.byte	0
 2420 0957 00       		.byte	0
 2421 0958 00       		.byte	0
 2422 0959 00       		.byte	0
 2423 095a 00       		.byte	0
 2424 095b 00       		.byte	0
 2425 095c 02       		.byte	2
 2426 095d 01       		.byte	1
 2427 095e 02       		.byte	2
 2428 095f 01       		.byte	1
 2429 0960 03       		.byte	3
 2430 0961 00       		.byte	0
 2431 0962 01       		.byte	1
 2432 0963 00       		.byte	0
 2433 0964 03       		.byte	3
 2434 0965 64       		.byte	100
 2435 0966 64       		.byte	100
 2436 0967 00       		.byte	0
 2437 0968 64       		.byte	100
 2438 0969 00       		.byte	0
 2439 096a 00       		.byte	0
 2440 096b 00       		.byte	0
 2441 096c B0       		.byte	-80
 2442 096d 00       		.byte	0
 2443 096e 00       		.byte	0
 2444 096f 8C       		.byte	-116
 2445 0970 BC       		.byte	-68
 2446 0971 00       		.byte	0
 2447 0972 3C       		.byte	60
 2448 0973 00       		.byte	0
 2449 0974 00       		.byte	0
 2450 0975 00       		.byte	0
 2451 0976 00       		.byte	0
ARM GAS  C:\Users\JamesH\AppData\Local\Temp\ccMius8R.s 			page 44


 2452 0977 00       		.byte	0
 2453 0978 00       		.byte	0
 2454 0979 3B       		.byte	59
 2455 097a 3B       		.byte	59
 2456 097b 00       		.byte	0
 2457 097c 30       		.byte	48
 2458 097d 00       		.byte	0
 2459 097e 00       		.byte	0
 2460 097f 00       		.byte	0
 2461 0980 04       		.byte	4
 2462 0981 00       		.byte	0
 2463 0982 08       		.byte	8
 2464 0983 07       		.byte	7
 2465 0984 07       		.byte	7
 2466 0985 00       		.byte	0
 2467 0986 07       		.byte	7
 2468 0987 00       		.byte	0
 2469 0988 00       		.byte	0
 2470 0989 00       		.byte	0
 2471 098a 00       		.byte	0
 2472 098b 00       		.byte	0
 2473 098c 00       		.byte	0
 2474 098d 0F       		.byte	15
 2475 098e 0F       		.byte	15
 2476 098f 00       		.byte	0
 2477 0990 0F       		.byte	15
 2478 0991 00       		.byte	0
 2479 0992 00       		.byte	0
 2480 0993 00       		.byte	0
 2481              		.section	.cywolatch,"a",%progbits
 2482              		.align	2
 2483              		.type	cy_meta_wonvl, %object
 2484              		.size	cy_meta_wonvl, 4
 2485              	cy_meta_wonvl:
 2486 0000 BC       		.byte	-68
 2487 0001 90       		.byte	-112
 2488 0002 AC       		.byte	-84
 2489 0003 AF       		.byte	-81
 2490              		.section	.cycustnvl,"a",%progbits
 2491              		.align	2
 2492              		.type	cy_meta_custnvl, %object
 2493              		.size	cy_meta_custnvl, 4
 2494              	cy_meta_custnvl:
 2495 0000 00       		.byte	0
 2496 0001 00       		.byte	0
 2497 0002 40       		.byte	64
 2498 0003 05       		.byte	5
 2499              		.section	.cymeta,"a",%progbits
 2500              		.align	2
 2501              		.type	cy_metadata, %object
 2502              		.size	cy_metadata, 12
 2503              	cy_metadata:
 2504 0000 00       		.byte	0
 2505 0001 01       		.byte	1
 2506 0002 2E       		.byte	46
 2507 0003 16       		.byte	22
 2508 0004 10       		.byte	16
ARM GAS  C:\Users\JamesH\AppData\Local\Temp\ccMius8R.s 			page 45


 2509 0005 69       		.byte	105
 2510 0006 00       		.byte	0
 2511 0007 01       		.byte	1
 2512 0008 00       		.byte	0
 2513 0009 00       		.byte	0
 2514 000a 00       		.byte	0
 2515 000b 00       		.byte	0
 2516              		.section	.cyflashprotect,"a",%progbits
 2517              		.align	2
 2518              		.type	cy_meta_flashprotect, %object
 2519              		.size	cy_meta_flashprotect, 256
 2520              	cy_meta_flashprotect:
 2521 0000 00000000 		.space	256
 2521      00000000 
 2521      00000000 
 2521      00000000 
 2521      00000000 
 2522              		.text
 2523              	.Letext0:
 2524              		.file 1 "c:\\program files (x86)\\cypress\\psoc creator\\4.4\\psoc creator\\import\\gnu\\arm\\5.4.
 2525              		.file 2 "c:\\program files (x86)\\cypress\\psoc creator\\4.4\\psoc creator\\import\\gnu\\arm\\5.4.
 2526              		.file 3 "Generated_Source\\PSoC5\\cymetadata.c"
 2527              		.section	.debug_info,"",%progbits
 2528              	.Ldebug_info0:
 2529 0000 35010000 		.4byte	0x135
 2530 0004 0400     		.2byte	0x4
 2531 0006 00000000 		.4byte	.Ldebug_abbrev0
 2532 000a 04       		.byte	0x4
 2533 000b 01       		.uleb128 0x1
 2534 000c 24000000 		.4byte	.LASF17
 2535 0010 0C       		.byte	0xc
 2536 0011 C5010000 		.4byte	.LASF18
 2537 0015 5F010000 		.4byte	.LASF19
 2538 0019 00000000 		.4byte	.Ldebug_line0
 2539 001d 02       		.uleb128 0x2
 2540 001e 01       		.byte	0x1
 2541 001f 06       		.byte	0x6
 2542 0020 B9010000 		.4byte	.LASF0
 2543 0024 03       		.uleb128 0x3
 2544 0025 00000000 		.4byte	.LASF9
 2545 0029 01       		.byte	0x1
 2546 002a 1D       		.byte	0x1d
 2547 002b 2F000000 		.4byte	0x2f
 2548 002f 02       		.uleb128 0x2
 2549 0030 01       		.byte	0x1
 2550 0031 08       		.byte	0x8
 2551 0032 16000000 		.4byte	.LASF1
 2552 0036 02       		.uleb128 0x2
 2553 0037 02       		.byte	0x2
 2554 0038 05       		.byte	0x5
 2555 0039 A6010000 		.4byte	.LASF2
 2556 003d 02       		.uleb128 0x2
 2557 003e 02       		.byte	0x2
 2558 003f 07       		.byte	0x7
 2559 0040 C4000000 		.4byte	.LASF3
 2560 0044 02       		.uleb128 0x2
 2561 0045 04       		.byte	0x4
ARM GAS  C:\Users\JamesH\AppData\Local\Temp\ccMius8R.s 			page 46


 2562 0046 05       		.byte	0x5
 2563 0047 B0010000 		.4byte	.LASF4
 2564 004b 02       		.uleb128 0x2
 2565 004c 04       		.byte	0x4
 2566 004d 07       		.byte	0x7
 2567 004e B2000000 		.4byte	.LASF5
 2568 0052 02       		.uleb128 0x2
 2569 0053 08       		.byte	0x8
 2570 0054 05       		.byte	0x5
 2571 0055 51010000 		.4byte	.LASF6
 2572 0059 02       		.uleb128 0x2
 2573 005a 08       		.byte	0x8
 2574 005b 07       		.byte	0x7
 2575 005c 06010000 		.4byte	.LASF7
 2576 0060 04       		.uleb128 0x4
 2577 0061 04       		.byte	0x4
 2578 0062 05       		.byte	0x5
 2579 0063 696E7400 		.ascii	"int\000"
 2580 0067 02       		.uleb128 0x2
 2581 0068 04       		.byte	0x4
 2582 0069 07       		.byte	0x7
 2583 006a F9000000 		.4byte	.LASF8
 2584 006e 03       		.uleb128 0x3
 2585 006f 1D010000 		.4byte	.LASF10
 2586 0073 02       		.byte	0x2
 2587 0074 18       		.byte	0x18
 2588 0075 24000000 		.4byte	0x24
 2589 0079 05       		.uleb128 0x5
 2590 007a 91000000 		.4byte	0x91
 2591 007e 8A000000 		.4byte	0x8a
 2592 0082 06       		.uleb128 0x6
 2593 0083 8A000000 		.4byte	0x8a
 2594 0087 9309     		.2byte	0x993
 2595 0089 00       		.byte	0
 2596 008a 02       		.uleb128 0x2
 2597 008b 04       		.byte	0x4
 2598 008c 07       		.byte	0x7
 2599 008d 48010000 		.4byte	.LASF11
 2600 0091 07       		.uleb128 0x7
 2601 0092 6E000000 		.4byte	0x6e
 2602 0096 08       		.uleb128 0x8
 2603 0097 E7000000 		.4byte	.LASF12
 2604 009b 03       		.byte	0x3
 2605 009c 1F       		.byte	0x1f
 2606 009d A7000000 		.4byte	0xa7
 2607 00a1 05       		.uleb128 0x5
 2608 00a2 03       		.byte	0x3
 2609 00a3 00000000 		.4byte	cy_meta_configecc
 2610 00a7 07       		.uleb128 0x7
 2611 00a8 79000000 		.4byte	0x79
 2612 00ac 05       		.uleb128 0x5
 2613 00ad 91000000 		.4byte	0x91
 2614 00b1 BC000000 		.4byte	0xbc
 2615 00b5 09       		.uleb128 0x9
 2616 00b6 8A000000 		.4byte	0x8a
 2617 00ba 03       		.byte	0x3
 2618 00bb 00       		.byte	0
ARM GAS  C:\Users\JamesH\AppData\Local\Temp\ccMius8R.s 			page 47


 2619 00bc 0A       		.uleb128 0xa
 2620 00bd D7000000 		.4byte	.LASF13
 2621 00c1 03       		.byte	0x3
 2622 00c2 5F01     		.2byte	0x15f
 2623 00c4 CE000000 		.4byte	0xce
 2624 00c8 05       		.uleb128 0x5
 2625 00c9 03       		.byte	0x3
 2626 00ca 00000000 		.4byte	cy_meta_custnvl
 2627 00ce 07       		.uleb128 0x7
 2628 00cf AC000000 		.4byte	0xac
 2629 00d3 0A       		.uleb128 0xa
 2630 00d4 3A010000 		.4byte	.LASF14
 2631 00d8 03       		.byte	0x3
 2632 00d9 6D01     		.2byte	0x16d
 2633 00db E5000000 		.4byte	0xe5
 2634 00df 05       		.uleb128 0x5
 2635 00e0 03       		.byte	0x3
 2636 00e1 00000000 		.4byte	cy_meta_wonvl
 2637 00e5 07       		.uleb128 0x7
 2638 00e6 AC000000 		.4byte	0xac
 2639 00ea 05       		.uleb128 0x5
 2640 00eb 91000000 		.4byte	0x91
 2641 00ef FA000000 		.4byte	0xfa
 2642 00f3 09       		.uleb128 0x9
 2643 00f4 8A000000 		.4byte	0x8a
 2644 00f8 FF       		.byte	0xff
 2645 00f9 00       		.byte	0
 2646 00fa 0A       		.uleb128 0xa
 2647 00fb 25010000 		.4byte	.LASF15
 2648 00ff 03       		.byte	0x3
 2649 0100 7B01     		.2byte	0x17b
 2650 0102 0C010000 		.4byte	0x10c
 2651 0106 05       		.uleb128 0x5
 2652 0107 03       		.byte	0x3
 2653 0108 00000000 		.4byte	cy_meta_flashprotect
 2654 010c 07       		.uleb128 0x7
 2655 010d EA000000 		.4byte	0xea
 2656 0111 05       		.uleb128 0x5
 2657 0112 91000000 		.4byte	0x91
 2658 0116 21010000 		.4byte	0x121
 2659 011a 09       		.uleb128 0x9
 2660 011b 8A000000 		.4byte	0x8a
 2661 011f 0B       		.byte	0xb
 2662 0120 00       		.byte	0
 2663 0121 0A       		.uleb128 0xa
 2664 0122 0A000000 		.4byte	.LASF16
 2665 0126 03       		.byte	0x3
 2666 0127 A801     		.2byte	0x1a8
 2667 0129 33010000 		.4byte	0x133
 2668 012d 05       		.uleb128 0x5
 2669 012e 03       		.byte	0x3
 2670 012f 00000000 		.4byte	cy_metadata
 2671 0133 07       		.uleb128 0x7
 2672 0134 11010000 		.4byte	0x111
 2673 0138 00       		.byte	0
 2674              		.section	.debug_abbrev,"",%progbits
 2675              	.Ldebug_abbrev0:
ARM GAS  C:\Users\JamesH\AppData\Local\Temp\ccMius8R.s 			page 48


 2676 0000 01       		.uleb128 0x1
 2677 0001 11       		.uleb128 0x11
 2678 0002 01       		.byte	0x1
 2679 0003 25       		.uleb128 0x25
 2680 0004 0E       		.uleb128 0xe
 2681 0005 13       		.uleb128 0x13
 2682 0006 0B       		.uleb128 0xb
 2683 0007 03       		.uleb128 0x3
 2684 0008 0E       		.uleb128 0xe
 2685 0009 1B       		.uleb128 0x1b
 2686 000a 0E       		.uleb128 0xe
 2687 000b 10       		.uleb128 0x10
 2688 000c 17       		.uleb128 0x17
 2689 000d 00       		.byte	0
 2690 000e 00       		.byte	0
 2691 000f 02       		.uleb128 0x2
 2692 0010 24       		.uleb128 0x24
 2693 0011 00       		.byte	0
 2694 0012 0B       		.uleb128 0xb
 2695 0013 0B       		.uleb128 0xb
 2696 0014 3E       		.uleb128 0x3e
 2697 0015 0B       		.uleb128 0xb
 2698 0016 03       		.uleb128 0x3
 2699 0017 0E       		.uleb128 0xe
 2700 0018 00       		.byte	0
 2701 0019 00       		.byte	0
 2702 001a 03       		.uleb128 0x3
 2703 001b 16       		.uleb128 0x16
 2704 001c 00       		.byte	0
 2705 001d 03       		.uleb128 0x3
 2706 001e 0E       		.uleb128 0xe
 2707 001f 3A       		.uleb128 0x3a
 2708 0020 0B       		.uleb128 0xb
 2709 0021 3B       		.uleb128 0x3b
 2710 0022 0B       		.uleb128 0xb
 2711 0023 49       		.uleb128 0x49
 2712 0024 13       		.uleb128 0x13
 2713 0025 00       		.byte	0
 2714 0026 00       		.byte	0
 2715 0027 04       		.uleb128 0x4
 2716 0028 24       		.uleb128 0x24
 2717 0029 00       		.byte	0
 2718 002a 0B       		.uleb128 0xb
 2719 002b 0B       		.uleb128 0xb
 2720 002c 3E       		.uleb128 0x3e
 2721 002d 0B       		.uleb128 0xb
 2722 002e 03       		.uleb128 0x3
 2723 002f 08       		.uleb128 0x8
 2724 0030 00       		.byte	0
 2725 0031 00       		.byte	0
 2726 0032 05       		.uleb128 0x5
 2727 0033 01       		.uleb128 0x1
 2728 0034 01       		.byte	0x1
 2729 0035 49       		.uleb128 0x49
 2730 0036 13       		.uleb128 0x13
 2731 0037 01       		.uleb128 0x1
 2732 0038 13       		.uleb128 0x13
ARM GAS  C:\Users\JamesH\AppData\Local\Temp\ccMius8R.s 			page 49


 2733 0039 00       		.byte	0
 2734 003a 00       		.byte	0
 2735 003b 06       		.uleb128 0x6
 2736 003c 21       		.uleb128 0x21
 2737 003d 00       		.byte	0
 2738 003e 49       		.uleb128 0x49
 2739 003f 13       		.uleb128 0x13
 2740 0040 2F       		.uleb128 0x2f
 2741 0041 05       		.uleb128 0x5
 2742 0042 00       		.byte	0
 2743 0043 00       		.byte	0
 2744 0044 07       		.uleb128 0x7
 2745 0045 26       		.uleb128 0x26
 2746 0046 00       		.byte	0
 2747 0047 49       		.uleb128 0x49
 2748 0048 13       		.uleb128 0x13
 2749 0049 00       		.byte	0
 2750 004a 00       		.byte	0
 2751 004b 08       		.uleb128 0x8
 2752 004c 34       		.uleb128 0x34
 2753 004d 00       		.byte	0
 2754 004e 03       		.uleb128 0x3
 2755 004f 0E       		.uleb128 0xe
 2756 0050 3A       		.uleb128 0x3a
 2757 0051 0B       		.uleb128 0xb
 2758 0052 3B       		.uleb128 0x3b
 2759 0053 0B       		.uleb128 0xb
 2760 0054 49       		.uleb128 0x49
 2761 0055 13       		.uleb128 0x13
 2762 0056 3F       		.uleb128 0x3f
 2763 0057 19       		.uleb128 0x19
 2764 0058 02       		.uleb128 0x2
 2765 0059 18       		.uleb128 0x18
 2766 005a 00       		.byte	0
 2767 005b 00       		.byte	0
 2768 005c 09       		.uleb128 0x9
 2769 005d 21       		.uleb128 0x21
 2770 005e 00       		.byte	0
 2771 005f 49       		.uleb128 0x49
 2772 0060 13       		.uleb128 0x13
 2773 0061 2F       		.uleb128 0x2f
 2774 0062 0B       		.uleb128 0xb
 2775 0063 00       		.byte	0
 2776 0064 00       		.byte	0
 2777 0065 0A       		.uleb128 0xa
 2778 0066 34       		.uleb128 0x34
 2779 0067 00       		.byte	0
 2780 0068 03       		.uleb128 0x3
 2781 0069 0E       		.uleb128 0xe
 2782 006a 3A       		.uleb128 0x3a
 2783 006b 0B       		.uleb128 0xb
 2784 006c 3B       		.uleb128 0x3b
 2785 006d 05       		.uleb128 0x5
 2786 006e 49       		.uleb128 0x49
 2787 006f 13       		.uleb128 0x13
 2788 0070 3F       		.uleb128 0x3f
 2789 0071 19       		.uleb128 0x19
ARM GAS  C:\Users\JamesH\AppData\Local\Temp\ccMius8R.s 			page 50


 2790 0072 02       		.uleb128 0x2
 2791 0073 18       		.uleb128 0x18
 2792 0074 00       		.byte	0
 2793 0075 00       		.byte	0
 2794 0076 00       		.byte	0
 2795              		.section	.debug_aranges,"",%progbits
 2796 0000 14000000 		.4byte	0x14
 2797 0004 0200     		.2byte	0x2
 2798 0006 00000000 		.4byte	.Ldebug_info0
 2799 000a 04       		.byte	0x4
 2800 000b 00       		.byte	0
 2801 000c 0000     		.2byte	0
 2802 000e 0000     		.2byte	0
 2803 0010 00000000 		.4byte	0
 2804 0014 00000000 		.4byte	0
 2805              		.section	.debug_line,"",%progbits
 2806              	.Ldebug_line0:
 2807 0000 3D010000 		.section	.debug_str,"MS",%progbits,1
 2807      02003701 
 2807      00000201 
 2807      FB0E0D00 
 2807      01010101 
 2808              	.LASF9:
 2809 0000 5F5F7569 		.ascii	"__uint8_t\000"
 2809      6E74385F 
 2809      7400
 2810              	.LASF16:
 2811 000a 63795F6D 		.ascii	"cy_metadata\000"
 2811      65746164 
 2811      61746100 
 2812              	.LASF1:
 2813 0016 756E7369 		.ascii	"unsigned char\000"
 2813      676E6564 
 2813      20636861 
 2813      7200
 2814              	.LASF17:
 2815 0024 474E5520 		.ascii	"GNU C11 5.4.1 20160609 (release) [ARM/embedded-5-br"
 2815      43313120 
 2815      352E342E 
 2815      31203230 
 2815      31363036 
 2816 0057 616E6368 		.ascii	"anch revision 237715] -mcpu=cortex-m3 -mthumb -g -O"
 2816      20726576 
 2816      6973696F 
 2816      6E203233 
 2816      37373135 
 2817 008a 67202D66 		.ascii	"g -ffunction-sections -ffat-lto-objects\000"
 2817      66756E63 
 2817      74696F6E 
 2817      2D736563 
 2817      74696F6E 
 2818              	.LASF5:
 2819 00b2 6C6F6E67 		.ascii	"long unsigned int\000"
 2819      20756E73 
 2819      69676E65 
 2819      6420696E 
 2819      7400
ARM GAS  C:\Users\JamesH\AppData\Local\Temp\ccMius8R.s 			page 51


 2820              	.LASF3:
 2821 00c4 73686F72 		.ascii	"short unsigned int\000"
 2821      7420756E 
 2821      7369676E 
 2821      65642069 
 2821      6E7400
 2822              	.LASF13:
 2823 00d7 63795F6D 		.ascii	"cy_meta_custnvl\000"
 2823      6574615F 
 2823      63757374 
 2823      6E766C00 
 2824              	.LASF12:
 2825 00e7 63795F6D 		.ascii	"cy_meta_configecc\000"
 2825      6574615F 
 2825      636F6E66 
 2825      69676563 
 2825      6300
 2826              	.LASF8:
 2827 00f9 756E7369 		.ascii	"unsigned int\000"
 2827      676E6564 
 2827      20696E74 
 2827      00
 2828              	.LASF7:
 2829 0106 6C6F6E67 		.ascii	"long long unsigned int\000"
 2829      206C6F6E 
 2829      6720756E 
 2829      7369676E 
 2829      65642069 
 2830              	.LASF10:
 2831 011d 75696E74 		.ascii	"uint8_t\000"
 2831      385F7400 
 2832              	.LASF15:
 2833 0125 63795F6D 		.ascii	"cy_meta_flashprotect\000"
 2833      6574615F 
 2833      666C6173 
 2833      6870726F 
 2833      74656374 
 2834              	.LASF14:
 2835 013a 63795F6D 		.ascii	"cy_meta_wonvl\000"
 2835      6574615F 
 2835      776F6E76 
 2835      6C00
 2836              	.LASF11:
 2837 0148 73697A65 		.ascii	"sizetype\000"
 2837      74797065 
 2837      00
 2838              	.LASF6:
 2839 0151 6C6F6E67 		.ascii	"long long int\000"
 2839      206C6F6E 
 2839      6720696E 
 2839      7400
 2840              	.LASF19:
 2841 015f 433A5C55 		.ascii	"C:\\Users\\JamesH\\Desktop\\ECE4191-Team-13-PSoC\\P"
 2841      73657273 
 2841      5C4A616D 
 2841      6573485C 
 2841      4465736B 
ARM GAS  C:\Users\JamesH\AppData\Local\Temp\ccMius8R.s 			page 52


 2842 018d 536F4335 		.ascii	"SoC5_Team13Project.cydsn\000"
 2842      5F546561 
 2842      6D313350 
 2842      726F6A65 
 2842      63742E63 
 2843              	.LASF2:
 2844 01a6 73686F72 		.ascii	"short int\000"
 2844      7420696E 
 2844      7400
 2845              	.LASF4:
 2846 01b0 6C6F6E67 		.ascii	"long int\000"
 2846      20696E74 
 2846      00
 2847              	.LASF0:
 2848 01b9 7369676E 		.ascii	"signed char\000"
 2848      65642063 
 2848      68617200 
 2849              	.LASF18:
 2850 01c5 47656E65 		.ascii	"Generated_Source\\PSoC5\\cymetadata.c\000"
 2850      72617465 
 2850      645F536F 
 2850      75726365 
 2850      5C50536F 
 2851              		.ident	"GCC: (GNU Tools for ARM Embedded Processors) 5.4.1 20160609 (release) [ARM/embedded-5-bran
