ARM GAS  C:\Users\JamesH\AppData\Local\Temp\ccet48pV.s 			page 1


   1              		.syntax unified
   2              		.cpu cortex-m3
   3              		.fpu softvfp
   4              		.eabi_attribute 20, 1
   5              		.eabi_attribute 21, 1
   6              		.eabi_attribute 23, 3
   7              		.eabi_attribute 24, 1
   8              		.eabi_attribute 25, 1
   9              		.eabi_attribute 26, 1
  10              		.eabi_attribute 30, 1
  11              		.eabi_attribute 34, 1
  12              		.eabi_attribute 18, 4
  13              		.thumb
  14              		.syntax unified
  15              		.file	"fnReceive.c"
  16              		.text
  17              	.Ltext0:
  18              		.cfi_sections	.debug_frame
  19              		.section	.text.fnSend,"ax",%progbits
  20              		.align	2
  21              		.global	fnSend
  22              		.thumb
  23              		.thumb_func
  24              		.type	fnSend, %function
  25              	fnSend:
  26              	.LFB65:
  27              		.file 1 "fnReceive.c"
   1:fnReceive.c   **** /* ========================================
   2:fnReceive.c   ****  *
   3:fnReceive.c   ****  * Copyright YOUR COMPANY, THE YEAR
   4:fnReceive.c   ****  * All Rights Reserved
   5:fnReceive.c   ****  * UNPUBLISHED, LICENSED SOFTWARE.
   6:fnReceive.c   ****  *
   7:fnReceive.c   ****  * CONFIDENTIAL AND PROPRIETARY INFORMATION
   8:fnReceive.c   ****  * WHICH IS THE PROPERTY OF your company.
   9:fnReceive.c   ****  *
  10:fnReceive.c   ****  * ========================================
  11:fnReceive.c   **** */
  12:fnReceive.c   **** // This file will interpret function calls that come over serial
  13:fnReceive.c   **** 
  14:fnReceive.c   **** #include "project.h"
  15:fnReceive.c   **** #include "string.h"
  16:fnReceive.c   **** #include <stdio.h>
  17:fnReceive.c   **** #include <stdlib.h>
  18:fnReceive.c   **** #include "SBT0811.h"
  19:fnReceive.c   **** #include "IMU.h"
  20:fnReceive.c   **** #include "SG90.h"
  21:fnReceive.c   **** #include "TB9051.h"
  22:fnReceive.c   **** #include "HCSR04.h"
  23:fnReceive.c   **** 
  24:fnReceive.c   **** void fnCall(int fn, float * para2, float * para3);
  25:fnReceive.c   **** void fnSend(int fn, float * para2, float * para3);
  26:fnReceive.c   **** void Uart_Resync(int n);
  27:fnReceive.c   **** 
  28:fnReceive.c   **** void fnCall(int fn, float * pPrm1, float * pPrm2) {             // run the function called by the R
  29:fnReceive.c   ****     float para2 = *pPrm1;
  30:fnReceive.c   ****     float para3 = *pPrm2;
ARM GAS  C:\Users\JamesH\AppData\Local\Temp\ccet48pV.s 			page 2


  31:fnReceive.c   ****     switch (fn) { 
  32:fnReceive.c   ****         case 0: TB9051_VehMoveTo(pPrm1,pPrm2);          break;  // Motor Commands
  33:fnReceive.c   ****         case 1: TB9051_Begin();                         break;
  34:fnReceive.c   ****         //case 2: TB9051_Forward((int)para2,0,(int)para3);break;
  35:fnReceive.c   ****         case 3: TB9051_Reverse((int)para2,(int)para3);  break;
  36:fnReceive.c   ****         case 4: TB9051_Brake((int)para2);               break;
  37:fnReceive.c   ****         //case 5: TB9051_VehForward(0,pPrm1);           break;
  38:fnReceive.c   ****         //case 6: TB9051_VehReverse((int)para2);        break;
  39:fnReceive.c   ****         case 7: TB9051_VehBrake();                      break;
  40:fnReceive.c   ****         case 8: linAngToVel(&para2, &para3);            break;
  41:fnReceive.c   ****         case 9: TB9051_VehMoveTo(&para2, &para3);       break;
  42:fnReceive.c   ****         case 11: TB9051_VehForward_PID(&para2);         break;
  43:fnReceive.c   ****         case 12: TB9051_VehReverse_PID(&para3);         break;
  44:fnReceive.c   ****         case 13: linAngToVel_PID(&para2, &para3);       break;
  45:fnReceive.c   ****         case 50: Stepper_On();                          break;  // Stepper Commands
  46:fnReceive.c   ****         case 51: Stepper_Off();                         break;
  47:fnReceive.c   ****         case 52: Stepper_OneRot();                      break;
  48:fnReceive.c   ****         case 53: moveAngle(para2);                      break;
  49:fnReceive.c   ****         //case 60: SG90_Begin();                        break;  // Servo Commands
  50:fnReceive.c   ****         //case 61: SG90_ToAngle(para2);                 break;
  51:fnReceive.c   ****         case 90: Uart_Resync((int)para2);               break;  // UART Commands
  52:fnReceive.c   ****         case 100: HCSR04_Begin();                       break;  // US Commands
  53:fnReceive.c   ****         case 101: distMeasure();                        break; 
  54:fnReceive.c   ****         case 102: distMeasureL();                       break;
  55:fnReceive.c   ****         case 103: distMeasureR();                       break;
  56:fnReceive.c   ****         case 200: LIS3MDL_Begin();                      break; // Accelerometer Commands
  57:fnReceive.c   ****         case 201: LIS3MDL_MasterStatus();               break;
  58:fnReceive.c   ****         case 202: LIS3MDL_TransferByte();               break;
  59:fnReceive.c   ****         case 203: LIS3MDL_TransferMultipleBytes();      break;
  60:fnReceive.c   ****         //case 204: LIS3MDL_ReadAxisRaw(uint8 * (&para2))); TO-DO; break;
  61:fnReceive.c   ****         //case 205: LIS3MDL_ReadAxisDeg(uint16_t * (&para2))); TO-DO; break;
  62:fnReceive.c   ****         //case 206: LIS3MDL_ReadMultipleBytes();          break;
  63:fnReceive.c   ****         //case 207: LIS3MDL_ReadWhoAmIReg(uint8 * rdPtr) TO-DO; break; 
  64:fnReceive.c   ****         case 208: LSM6DS3_Begin();                        break;
  65:fnReceive.c   ****         //case 211: LSM6DS3_ReadAxisRaw TO-DO
  66:fnReceive.c   ****         //case 212 LSM6DS3_ReadAxisDeg TO-DO
  67:fnReceive.c   ****         //case 213: LSM6DS3_ReadMultipleBytes();          break;
  68:fnReceive.c   ****         //case 214: LSM6DS3_ReadWhoAmIReg() TO-DO;      break;
  69:fnReceive.c   ****         //case 215: LSM6DS3_ReadCtrlReg(); TO-DO:       break; 
  70:fnReceive.c   ****     }
  71:fnReceive.c   **** }
  72:fnReceive.c   **** 
  73:fnReceive.c   **** void fnSend(int fn, float * para2, float * para3){      // Send data PSoC -> RPi 
  28              		.loc 1 73 0
  29              		.cfi_startproc
  30              		@ args = 0, pretend = 0, frame = 24
  31              		@ frame_needed = 0, uses_anonymous_args = 0
  32              	.LVL0:
  33 0000 10B5     		push	{r4, lr}
  34              		.cfi_def_cfa_offset 8
  35              		.cfi_offset 4, -8
  36              		.cfi_offset 14, -4
  37 0002 86B0     		sub	sp, sp, #24
  38              		.cfi_def_cfa_offset 32
  74:fnReceive.c   ****     uint8 txBuffer[15];
  75:fnReceive.c   ****     
  76:fnReceive.c   ****     union {                                             // Save the float and 4 bytes in the same m
ARM GAS  C:\Users\JamesH\AppData\Local\Temp\ccet48pV.s 			page 3


  77:fnReceive.c   ****         float a;
  78:fnReceive.c   ****         unsigned char Ba[4];
  79:fnReceive.c   ****     } BtoFa;
  80:fnReceive.c   ****     
  81:fnReceive.c   ****     union {
  82:fnReceive.c   ****         float b;
  83:fnReceive.c   ****         unsigned char Bb[4];
  84:fnReceive.c   ****     } BtoFb;
  85:fnReceive.c   ****     
  86:fnReceive.c   ****     BtoFa.a = *para2;
  39              		.loc 1 86 0
  40 0004 0B68     		ldr	r3, [r1]	@ float
  41 0006 0193     		str	r3, [sp, #4]	@ float
  87:fnReceive.c   ****     BtoFb.b = *para3;
  42              		.loc 1 87 0
  43 0008 1368     		ldr	r3, [r2]	@ float
  44 000a 0093     		str	r3, [sp]	@ float
  45              	.LVL1:
  46              	.LBB2:
  88:fnReceive.c   ****     
  89:fnReceive.c   ****     for (int i = 0; i < 3; i++){                        // Assign the 4 bytes of the union to an ar
  47              		.loc 1 89 0
  48 000c 0023     		movs	r3, #0
  49 000e 14E0     		b	.L2
  50              	.LVL2:
  51              	.L3:
  90:fnReceive.c   ****         txBuffer[i+4] = BtoFa.Ba[3-i];
  52              		.loc 1 90 0 discriminator 3
  53 0010 191D     		adds	r1, r3, #4
  54 0012 C3F10302 		rsb	r2, r3, #3
  55 0016 06AC     		add	r4, sp, #24
  56 0018 2244     		add	r2, r2, r4
  57 001a 12F8144C 		ldrb	r4, [r2, #-20]	@ zero_extendqisi2
  58 001e 0DF1180E 		add	lr, sp, #24
  59 0022 7144     		add	r1, r1, lr
  60 0024 01F8104C 		strb	r4, [r1, #-16]
  91:fnReceive.c   ****         txBuffer[i+8] = BtoFb.Bb[3-i];
  61              		.loc 1 91 0 discriminator 3
  62 0028 03F10801 		add	r1, r3, #8
  63 002c 12F8184C 		ldrb	r4, [r2, #-24]	@ zero_extendqisi2
  64 0030 7246     		mov	r2, lr
  65 0032 0A44     		add	r2, r2, r1
  66 0034 02F8104C 		strb	r4, [r2, #-16]
  89:fnReceive.c   ****         txBuffer[i+4] = BtoFa.Ba[3-i];
  67              		.loc 1 89 0 discriminator 3
  68 0038 0133     		adds	r3, r3, #1
  69              	.LVL3:
  70              	.L2:
  89:fnReceive.c   ****         txBuffer[i+4] = BtoFa.Ba[3-i];
  71              		.loc 1 89 0 is_stmt 0 discriminator 1
  72 003a 022B     		cmp	r3, #2
  73 003c E8DD     		ble	.L3
  74              	.LBE2:
  92:fnReceive.c   ****     }
  93:fnReceive.c   ****     
  94:fnReceive.c   ****     txBuffer[0] = 0xff;                                 // Pad with start bytes
  75              		.loc 1 94 0 is_stmt 1
ARM GAS  C:\Users\JamesH\AppData\Local\Temp\ccet48pV.s 			page 4


  76 003e FF23     		movs	r3, #255
  77              	.LVL4:
  78 0040 8DF80830 		strb	r3, [sp, #8]
  95:fnReceive.c   ****     txBuffer[1] = 0xff;
  79              		.loc 1 95 0
  80 0044 8DF80930 		strb	r3, [sp, #9]
  96:fnReceive.c   ****     txBuffer[2] = 0xff;
  81              		.loc 1 96 0
  82 0048 8DF80A30 		strb	r3, [sp, #10]
  97:fnReceive.c   ****     txBuffer[3] = (unsigned char)fn;                    // 1st byte is the function
  83              		.loc 1 97 0
  84 004c 8DF80B00 		strb	r0, [sp, #11]
  98:fnReceive.c   ****     txBuffer[12] = 0x55;                                // Pad with finish bytes
  85              		.loc 1 98 0
  86 0050 5523     		movs	r3, #85
  87 0052 8DF81430 		strb	r3, [sp, #20]
  99:fnReceive.c   ****     txBuffer[13] = 0x55;
  88              		.loc 1 99 0
  89 0056 8DF81530 		strb	r3, [sp, #21]
 100:fnReceive.c   ****     txBuffer[14] = 0x55;
  90              		.loc 1 100 0
  91 005a 8DF81630 		strb	r3, [sp, #22]
 101:fnReceive.c   ****     
 102:fnReceive.c   ****     /* //// DEBUG /////
 103:fnReceive.c   ****     UART_PutString("Send: ");
 104:fnReceive.c   ****     for (int i = 0; i < 15; i++) {
 105:fnReceive.c   ****         char string[10]; sprintf(string, "%x ", txBuffer[i]); UART_PutString(string);
 106:fnReceive.c   ****     } */
 107:fnReceive.c   ****     //char string[20]; sprintf(string, "T:%i,%0.4f,%0.4f\n", fn, *para2, *para3); UART_PutString(st
 108:fnReceive.c   ****     UART_RPi_PutArray(txBuffer,15);                     // Send the array to the software buffer
  92              		.loc 1 108 0
  93 005e 0F21     		movs	r1, #15
  94 0060 02A8     		add	r0, sp, #8
  95              	.LVL5:
  96 0062 FFF7FEFF 		bl	UART_RPi_PutArray
  97              	.LVL6:
 109:fnReceive.c   **** }
  98              		.loc 1 109 0
  99 0066 06B0     		add	sp, sp, #24
 100              		.cfi_def_cfa_offset 8
 101              		@ sp needed
 102 0068 10BD     		pop	{r4, pc}
 103              		.cfi_endproc
 104              	.LFE65:
 105              		.size	fnSend, .-fnSend
 106 006a 00BF     		.section	.text.Uart_Resync,"ax",%progbits
 107              		.align	2
 108              		.global	Uart_Resync
 109              		.thumb
 110              		.thumb_func
 111              		.type	Uart_Resync, %function
 112              	Uart_Resync:
 113              	.LFB66:
 110:fnReceive.c   **** 
 111:fnReceive.c   **** void Uart_Resync(int n){                        // If out of sync, send dummy characters to resync.
 114              		.loc 1 111 0
 115              		.cfi_startproc
ARM GAS  C:\Users\JamesH\AppData\Local\Temp\ccet48pV.s 			page 5


 116              		@ args = 0, pretend = 0, frame = 16
 117              		@ frame_needed = 0, uses_anonymous_args = 0
 118              	.LVL7:
 119 0000 10B5     		push	{r4, lr}
 120              		.cfi_def_cfa_offset 8
 121              		.cfi_offset 4, -8
 122              		.cfi_offset 14, -4
 123 0002 84B0     		sub	sp, sp, #16
 124              		.cfi_def_cfa_offset 24
 125 0004 0446     		mov	r4, r0
 112:fnReceive.c   ****     UART_PutString("resync");
 126              		.loc 1 112 0
 127 0006 0948     		ldr	r0, .L8
 128              	.LVL8:
 129 0008 FFF7FEFF 		bl	UART_PutString
 130              	.LVL9:
 113:fnReceive.c   ****     uint8 resyncBuff[15] = {0};
 131              		.loc 1 113 0
 132 000c 0023     		movs	r3, #0
 133 000e 0093     		str	r3, [sp]
 134 0010 0193     		str	r3, [sp, #4]
 135 0012 0293     		str	r3, [sp, #8]
 136 0014 CDF80B30 		str	r3, [sp, #11]	@ unaligned
 114:fnReceive.c   ****     if (UART_RPi_GetTxBufferSize() == 0) {
 137              		.loc 1 114 0
 138 0018 FFF7FEFF 		bl	UART_RPi_GetTxBufferSize
 139              	.LVL10:
 140 001c 18B9     		cbnz	r0, .L5
 115:fnReceive.c   ****         UART_RPi_PutArray(resyncBuff,n);
 141              		.loc 1 115 0
 142 001e E1B2     		uxtb	r1, r4
 143 0020 6846     		mov	r0, sp
 144 0022 FFF7FEFF 		bl	UART_RPi_PutArray
 145              	.LVL11:
 146              	.L5:
 116:fnReceive.c   ****     }
 117:fnReceive.c   **** }
 147              		.loc 1 117 0
 148 0026 04B0     		add	sp, sp, #16
 149              		.cfi_def_cfa_offset 8
 150              		@ sp needed
 151 0028 10BD     		pop	{r4, pc}
 152              	.LVL12:
 153              	.L9:
 154 002a 00BF     		.align	2
 155              	.L8:
 156 002c 00000000 		.word	.LC0
 157              		.cfi_endproc
 158              	.LFE66:
 159              		.size	Uart_Resync, .-Uart_Resync
 160              		.global	__aeabi_f2iz
 161              		.section	.text.fnCall,"ax",%progbits
 162              		.align	2
 163              		.global	fnCall
 164              		.thumb
 165              		.thumb_func
 166              		.type	fnCall, %function
ARM GAS  C:\Users\JamesH\AppData\Local\Temp\ccet48pV.s 			page 6


 167              	fnCall:
 168              	.LFB64:
  28:fnReceive.c   ****     float para2 = *pPrm1;
 169              		.loc 1 28 0
 170              		.cfi_startproc
 171              		@ args = 0, pretend = 0, frame = 8
 172              		@ frame_needed = 0, uses_anonymous_args = 0
 173              	.LVL13:
 174 0000 30B5     		push	{r4, r5, lr}
 175              		.cfi_def_cfa_offset 12
 176              		.cfi_offset 4, -12
 177              		.cfi_offset 5, -8
 178              		.cfi_offset 14, -4
 179 0002 83B0     		sub	sp, sp, #12
 180              		.cfi_def_cfa_offset 24
 181 0004 0D46     		mov	r5, r1
  29:fnReceive.c   ****     float para3 = *pPrm2;
 182              		.loc 1 29 0
 183 0006 0C68     		ldr	r4, [r1]	@ float
 184 0008 0194     		str	r4, [sp, #4]	@ float
  30:fnReceive.c   ****     switch (fn) { 
 185              		.loc 1 30 0
 186 000a 1368     		ldr	r3, [r2]	@ float
 187 000c 0093     		str	r3, [sp]	@ float
  31:fnReceive.c   ****         case 0: TB9051_VehMoveTo(pPrm1,pPrm2);          break;  // Motor Commands
 188              		.loc 1 31 0
 189 000e D028     		cmp	r0, #208
 190 0010 00F2CB80 		bhi	.L10
 191 0014 DFE800F0 		tbb	[pc, r0]
 192              	.LVL14:
 193              	.L13:
 194 0018 69       		.byte	(.L12-.L13)/2
 195 0019 6E       		.byte	(.L14-.L13)/2
 196 001a C9       		.byte	(.L10-.L13)/2
 197 001b 71       		.byte	(.L15-.L13)/2
 198 001c 7C       		.byte	(.L16-.L13)/2
 199 001d C9       		.byte	(.L10-.L13)/2
 200 001e C9       		.byte	(.L10-.L13)/2
 201 001f 82       		.byte	(.L17-.L13)/2
 202 0020 85       		.byte	(.L18-.L13)/2
 203 0021 8A       		.byte	(.L19-.L13)/2
 204 0022 C9       		.byte	(.L10-.L13)/2
 205 0023 8F       		.byte	(.L20-.L13)/2
 206 0024 93       		.byte	(.L21-.L13)/2
 207 0025 97       		.byte	(.L22-.L13)/2
 208 0026 C9       		.byte	(.L10-.L13)/2
 209 0027 C9       		.byte	(.L10-.L13)/2
 210 0028 C9       		.byte	(.L10-.L13)/2
 211 0029 C9       		.byte	(.L10-.L13)/2
 212 002a C9       		.byte	(.L10-.L13)/2
 213 002b C9       		.byte	(.L10-.L13)/2
 214 002c C9       		.byte	(.L10-.L13)/2
 215 002d C9       		.byte	(.L10-.L13)/2
 216 002e C9       		.byte	(.L10-.L13)/2
 217 002f C9       		.byte	(.L10-.L13)/2
 218 0030 C9       		.byte	(.L10-.L13)/2
 219 0031 C9       		.byte	(.L10-.L13)/2
ARM GAS  C:\Users\JamesH\AppData\Local\Temp\ccet48pV.s 			page 7


 220 0032 C9       		.byte	(.L10-.L13)/2
 221 0033 C9       		.byte	(.L10-.L13)/2
 222 0034 C9       		.byte	(.L10-.L13)/2
 223 0035 C9       		.byte	(.L10-.L13)/2
 224 0036 C9       		.byte	(.L10-.L13)/2
 225 0037 C9       		.byte	(.L10-.L13)/2
 226 0038 C9       		.byte	(.L10-.L13)/2
 227 0039 C9       		.byte	(.L10-.L13)/2
 228 003a C9       		.byte	(.L10-.L13)/2
 229 003b C9       		.byte	(.L10-.L13)/2
 230 003c C9       		.byte	(.L10-.L13)/2
 231 003d C9       		.byte	(.L10-.L13)/2
 232 003e C9       		.byte	(.L10-.L13)/2
 233 003f C9       		.byte	(.L10-.L13)/2
 234 0040 C9       		.byte	(.L10-.L13)/2
 235 0041 C9       		.byte	(.L10-.L13)/2
 236 0042 C9       		.byte	(.L10-.L13)/2
 237 0043 C9       		.byte	(.L10-.L13)/2
 238 0044 C9       		.byte	(.L10-.L13)/2
 239 0045 C9       		.byte	(.L10-.L13)/2
 240 0046 C9       		.byte	(.L10-.L13)/2
 241 0047 C9       		.byte	(.L10-.L13)/2
 242 0048 C9       		.byte	(.L10-.L13)/2
 243 0049 C9       		.byte	(.L10-.L13)/2
 244 004a 9C       		.byte	(.L23-.L13)/2
 245 004b 9F       		.byte	(.L24-.L13)/2
 246 004c A2       		.byte	(.L25-.L13)/2
 247 004d A5       		.byte	(.L26-.L13)/2
 248 004e C9       		.byte	(.L10-.L13)/2
 249 004f C9       		.byte	(.L10-.L13)/2
 250 0050 C9       		.byte	(.L10-.L13)/2
 251 0051 C9       		.byte	(.L10-.L13)/2
 252 0052 C9       		.byte	(.L10-.L13)/2
 253 0053 C9       		.byte	(.L10-.L13)/2
 254 0054 C9       		.byte	(.L10-.L13)/2
 255 0055 C9       		.byte	(.L10-.L13)/2
 256 0056 C9       		.byte	(.L10-.L13)/2
 257 0057 C9       		.byte	(.L10-.L13)/2
 258 0058 C9       		.byte	(.L10-.L13)/2
 259 0059 C9       		.byte	(.L10-.L13)/2
 260 005a C9       		.byte	(.L10-.L13)/2
 261 005b C9       		.byte	(.L10-.L13)/2
 262 005c C9       		.byte	(.L10-.L13)/2
 263 005d C9       		.byte	(.L10-.L13)/2
 264 005e C9       		.byte	(.L10-.L13)/2
 265 005f C9       		.byte	(.L10-.L13)/2
 266 0060 C9       		.byte	(.L10-.L13)/2
 267 0061 C9       		.byte	(.L10-.L13)/2
 268 0062 C9       		.byte	(.L10-.L13)/2
 269 0063 C9       		.byte	(.L10-.L13)/2
 270 0064 C9       		.byte	(.L10-.L13)/2
 271 0065 C9       		.byte	(.L10-.L13)/2
 272 0066 C9       		.byte	(.L10-.L13)/2
 273 0067 C9       		.byte	(.L10-.L13)/2
 274 0068 C9       		.byte	(.L10-.L13)/2
 275 0069 C9       		.byte	(.L10-.L13)/2
 276 006a C9       		.byte	(.L10-.L13)/2
ARM GAS  C:\Users\JamesH\AppData\Local\Temp\ccet48pV.s 			page 8


 277 006b C9       		.byte	(.L10-.L13)/2
 278 006c C9       		.byte	(.L10-.L13)/2
 279 006d C9       		.byte	(.L10-.L13)/2
 280 006e C9       		.byte	(.L10-.L13)/2
 281 006f C9       		.byte	(.L10-.L13)/2
 282 0070 C9       		.byte	(.L10-.L13)/2
 283 0071 C9       		.byte	(.L10-.L13)/2
 284 0072 A9       		.byte	(.L27-.L13)/2
 285 0073 C9       		.byte	(.L10-.L13)/2
 286 0074 C9       		.byte	(.L10-.L13)/2
 287 0075 C9       		.byte	(.L10-.L13)/2
 288 0076 C9       		.byte	(.L10-.L13)/2
 289 0077 C9       		.byte	(.L10-.L13)/2
 290 0078 C9       		.byte	(.L10-.L13)/2
 291 0079 C9       		.byte	(.L10-.L13)/2
 292 007a C9       		.byte	(.L10-.L13)/2
 293 007b C9       		.byte	(.L10-.L13)/2
 294 007c AF       		.byte	(.L28-.L13)/2
 295 007d B2       		.byte	(.L29-.L13)/2
 296 007e B5       		.byte	(.L30-.L13)/2
 297 007f B8       		.byte	(.L31-.L13)/2
 298 0080 C9       		.byte	(.L10-.L13)/2
 299 0081 C9       		.byte	(.L10-.L13)/2
 300 0082 C9       		.byte	(.L10-.L13)/2
 301 0083 C9       		.byte	(.L10-.L13)/2
 302 0084 C9       		.byte	(.L10-.L13)/2
 303 0085 C9       		.byte	(.L10-.L13)/2
 304 0086 C9       		.byte	(.L10-.L13)/2
 305 0087 C9       		.byte	(.L10-.L13)/2
 306 0088 C9       		.byte	(.L10-.L13)/2
 307 0089 C9       		.byte	(.L10-.L13)/2
 308 008a C9       		.byte	(.L10-.L13)/2
 309 008b C9       		.byte	(.L10-.L13)/2
 310 008c C9       		.byte	(.L10-.L13)/2
 311 008d C9       		.byte	(.L10-.L13)/2
 312 008e C9       		.byte	(.L10-.L13)/2
 313 008f C9       		.byte	(.L10-.L13)/2
 314 0090 C9       		.byte	(.L10-.L13)/2
 315 0091 C9       		.byte	(.L10-.L13)/2
 316 0092 C9       		.byte	(.L10-.L13)/2
 317 0093 C9       		.byte	(.L10-.L13)/2
 318 0094 C9       		.byte	(.L10-.L13)/2
 319 0095 C9       		.byte	(.L10-.L13)/2
 320 0096 C9       		.byte	(.L10-.L13)/2
 321 0097 C9       		.byte	(.L10-.L13)/2
 322 0098 C9       		.byte	(.L10-.L13)/2
 323 0099 C9       		.byte	(.L10-.L13)/2
 324 009a C9       		.byte	(.L10-.L13)/2
 325 009b C9       		.byte	(.L10-.L13)/2
 326 009c C9       		.byte	(.L10-.L13)/2
 327 009d C9       		.byte	(.L10-.L13)/2
 328 009e C9       		.byte	(.L10-.L13)/2
 329 009f C9       		.byte	(.L10-.L13)/2
 330 00a0 C9       		.byte	(.L10-.L13)/2
 331 00a1 C9       		.byte	(.L10-.L13)/2
 332 00a2 C9       		.byte	(.L10-.L13)/2
 333 00a3 C9       		.byte	(.L10-.L13)/2
ARM GAS  C:\Users\JamesH\AppData\Local\Temp\ccet48pV.s 			page 9


 334 00a4 C9       		.byte	(.L10-.L13)/2
 335 00a5 C9       		.byte	(.L10-.L13)/2
 336 00a6 C9       		.byte	(.L10-.L13)/2
 337 00a7 C9       		.byte	(.L10-.L13)/2
 338 00a8 C9       		.byte	(.L10-.L13)/2
 339 00a9 C9       		.byte	(.L10-.L13)/2
 340 00aa C9       		.byte	(.L10-.L13)/2
 341 00ab C9       		.byte	(.L10-.L13)/2
 342 00ac C9       		.byte	(.L10-.L13)/2
 343 00ad C9       		.byte	(.L10-.L13)/2
 344 00ae C9       		.byte	(.L10-.L13)/2
 345 00af C9       		.byte	(.L10-.L13)/2
 346 00b0 C9       		.byte	(.L10-.L13)/2
 347 00b1 C9       		.byte	(.L10-.L13)/2
 348 00b2 C9       		.byte	(.L10-.L13)/2
 349 00b3 C9       		.byte	(.L10-.L13)/2
 350 00b4 C9       		.byte	(.L10-.L13)/2
 351 00b5 C9       		.byte	(.L10-.L13)/2
 352 00b6 C9       		.byte	(.L10-.L13)/2
 353 00b7 C9       		.byte	(.L10-.L13)/2
 354 00b8 C9       		.byte	(.L10-.L13)/2
 355 00b9 C9       		.byte	(.L10-.L13)/2
 356 00ba C9       		.byte	(.L10-.L13)/2
 357 00bb C9       		.byte	(.L10-.L13)/2
 358 00bc C9       		.byte	(.L10-.L13)/2
 359 00bd C9       		.byte	(.L10-.L13)/2
 360 00be C9       		.byte	(.L10-.L13)/2
 361 00bf C9       		.byte	(.L10-.L13)/2
 362 00c0 C9       		.byte	(.L10-.L13)/2
 363 00c1 C9       		.byte	(.L10-.L13)/2
 364 00c2 C9       		.byte	(.L10-.L13)/2
 365 00c3 C9       		.byte	(.L10-.L13)/2
 366 00c4 C9       		.byte	(.L10-.L13)/2
 367 00c5 C9       		.byte	(.L10-.L13)/2
 368 00c6 C9       		.byte	(.L10-.L13)/2
 369 00c7 C9       		.byte	(.L10-.L13)/2
 370 00c8 C9       		.byte	(.L10-.L13)/2
 371 00c9 C9       		.byte	(.L10-.L13)/2
 372 00ca C9       		.byte	(.L10-.L13)/2
 373 00cb C9       		.byte	(.L10-.L13)/2
 374 00cc C9       		.byte	(.L10-.L13)/2
 375 00cd C9       		.byte	(.L10-.L13)/2
 376 00ce C9       		.byte	(.L10-.L13)/2
 377 00cf C9       		.byte	(.L10-.L13)/2
 378 00d0 C9       		.byte	(.L10-.L13)/2
 379 00d1 C9       		.byte	(.L10-.L13)/2
 380 00d2 C9       		.byte	(.L10-.L13)/2
 381 00d3 C9       		.byte	(.L10-.L13)/2
 382 00d4 C9       		.byte	(.L10-.L13)/2
 383 00d5 C9       		.byte	(.L10-.L13)/2
 384 00d6 C9       		.byte	(.L10-.L13)/2
 385 00d7 C9       		.byte	(.L10-.L13)/2
 386 00d8 C9       		.byte	(.L10-.L13)/2
 387 00d9 C9       		.byte	(.L10-.L13)/2
 388 00da C9       		.byte	(.L10-.L13)/2
 389 00db C9       		.byte	(.L10-.L13)/2
 390 00dc C9       		.byte	(.L10-.L13)/2
ARM GAS  C:\Users\JamesH\AppData\Local\Temp\ccet48pV.s 			page 10


 391 00dd C9       		.byte	(.L10-.L13)/2
 392 00de C9       		.byte	(.L10-.L13)/2
 393 00df C9       		.byte	(.L10-.L13)/2
 394 00e0 BB       		.byte	(.L32-.L13)/2
 395 00e1 BE       		.byte	(.L33-.L13)/2
 396 00e2 C1       		.byte	(.L34-.L13)/2
 397 00e3 C4       		.byte	(.L35-.L13)/2
 398 00e4 C9       		.byte	(.L10-.L13)/2
 399 00e5 C9       		.byte	(.L10-.L13)/2
 400 00e6 C9       		.byte	(.L10-.L13)/2
 401 00e7 C9       		.byte	(.L10-.L13)/2
 402 00e8 C7       		.byte	(.L36-.L13)/2
 403 00e9 00       		.p2align 1
 404              	.L12:
  32:fnReceive.c   ****         case 1: TB9051_Begin();                         break;
 405              		.loc 1 32 0
 406 00ea 1146     		mov	r1, r2
 407 00ec 2846     		mov	r0, r5
 408              	.LVL15:
 409 00ee FFF7FEFF 		bl	TB9051_VehMoveTo
 410              	.LVL16:
 411 00f2 5AE0     		b	.L10
 412              	.LVL17:
 413              	.L14:
  33:fnReceive.c   ****         //case 2: TB9051_Forward((int)para2,0,(int)para3);break;
 414              		.loc 1 33 0
 415 00f4 FFF7FEFF 		bl	TB9051_Begin
 416              	.LVL18:
 417 00f8 57E0     		b	.L10
 418              	.LVL19:
 419              	.L15:
  35:fnReceive.c   ****         case 4: TB9051_Brake((int)para2);               break;
 420              		.loc 1 35 0
 421 00fa 1846     		mov	r0, r3
 422              	.LVL20:
 423 00fc FFF7FEFF 		bl	__aeabi_f2iz
 424              	.LVL21:
 425 0100 0546     		mov	r5, r0
 426              	.LVL22:
 427 0102 2046     		mov	r0, r4
 428 0104 FFF7FEFF 		bl	__aeabi_f2iz
 429              	.LVL23:
 430 0108 2946     		mov	r1, r5
 431 010a FFF7FEFF 		bl	TB9051_Reverse
 432              	.LVL24:
 433 010e 4CE0     		b	.L10
 434              	.LVL25:
 435              	.L16:
  36:fnReceive.c   ****         //case 5: TB9051_VehForward(0,pPrm1);           break;
 436              		.loc 1 36 0
 437 0110 2046     		mov	r0, r4
 438              	.LVL26:
 439 0112 FFF7FEFF 		bl	__aeabi_f2iz
 440              	.LVL27:
 441 0116 FFF7FEFF 		bl	TB9051_Brake
 442              	.LVL28:
 443 011a 46E0     		b	.L10
ARM GAS  C:\Users\JamesH\AppData\Local\Temp\ccet48pV.s 			page 11


 444              	.LVL29:
 445              	.L17:
  39:fnReceive.c   ****         case 8: linAngToVel(&para2, &para3);            break;
 446              		.loc 1 39 0
 447 011c FFF7FEFF 		bl	TB9051_VehBrake
 448              	.LVL30:
 449 0120 43E0     		b	.L10
 450              	.LVL31:
 451              	.L18:
  40:fnReceive.c   ****         case 9: TB9051_VehMoveTo(&para2, &para3);       break;
 452              		.loc 1 40 0
 453 0122 6946     		mov	r1, sp
 454 0124 01A8     		add	r0, sp, #4
 455              	.LVL32:
 456 0126 FFF7FEFF 		bl	linAngToVel
 457              	.LVL33:
 458 012a 3EE0     		b	.L10
 459              	.LVL34:
 460              	.L19:
  41:fnReceive.c   ****         case 11: TB9051_VehForward_PID(&para2);         break;
 461              		.loc 1 41 0
 462 012c 6946     		mov	r1, sp
 463 012e 01A8     		add	r0, sp, #4
 464              	.LVL35:
 465 0130 FFF7FEFF 		bl	TB9051_VehMoveTo
 466              	.LVL36:
 467 0134 39E0     		b	.L10
 468              	.LVL37:
 469              	.L20:
  42:fnReceive.c   ****         case 12: TB9051_VehReverse_PID(&para3);         break;
 470              		.loc 1 42 0
 471 0136 01A8     		add	r0, sp, #4
 472              	.LVL38:
 473 0138 FFF7FEFF 		bl	TB9051_VehForward_PID
 474              	.LVL39:
 475 013c 35E0     		b	.L10
 476              	.LVL40:
 477              	.L21:
  43:fnReceive.c   ****         case 13: linAngToVel_PID(&para2, &para3);       break;
 478              		.loc 1 43 0
 479 013e 6846     		mov	r0, sp
 480              	.LVL41:
 481 0140 FFF7FEFF 		bl	TB9051_VehReverse_PID
 482              	.LVL42:
 483 0144 31E0     		b	.L10
 484              	.LVL43:
 485              	.L22:
  44:fnReceive.c   ****         case 50: Stepper_On();                          break;  // Stepper Commands
 486              		.loc 1 44 0
 487 0146 6946     		mov	r1, sp
 488 0148 01A8     		add	r0, sp, #4
 489              	.LVL44:
 490 014a FFF7FEFF 		bl	linAngToVel_PID
 491              	.LVL45:
 492 014e 2CE0     		b	.L10
 493              	.LVL46:
 494              	.L23:
ARM GAS  C:\Users\JamesH\AppData\Local\Temp\ccet48pV.s 			page 12


  45:fnReceive.c   ****         case 51: Stepper_Off();                         break;
 495              		.loc 1 45 0
 496 0150 FFF7FEFF 		bl	Stepper_On
 497              	.LVL47:
 498 0154 29E0     		b	.L10
 499              	.LVL48:
 500              	.L24:
  46:fnReceive.c   ****         case 52: Stepper_OneRot();                      break;
 501              		.loc 1 46 0
 502 0156 FFF7FEFF 		bl	Stepper_Off
 503              	.LVL49:
 504 015a 26E0     		b	.L10
 505              	.LVL50:
 506              	.L25:
  47:fnReceive.c   ****         case 53: moveAngle(para2);                      break;
 507              		.loc 1 47 0
 508 015c FFF7FEFF 		bl	Stepper_OneRot
 509              	.LVL51:
 510 0160 23E0     		b	.L10
 511              	.LVL52:
 512              	.L26:
  48:fnReceive.c   ****         //case 60: SG90_Begin();                        break;  // Servo Commands
 513              		.loc 1 48 0
 514 0162 2046     		mov	r0, r4
 515              	.LVL53:
 516 0164 FFF7FEFF 		bl	moveAngle
 517              	.LVL54:
 518 0168 1FE0     		b	.L10
 519              	.LVL55:
 520              	.L27:
  51:fnReceive.c   ****         case 100: HCSR04_Begin();                       break;  // US Commands
 521              		.loc 1 51 0
 522 016a 2046     		mov	r0, r4
 523              	.LVL56:
 524 016c FFF7FEFF 		bl	__aeabi_f2iz
 525              	.LVL57:
 526 0170 FFF7FEFF 		bl	Uart_Resync
 527              	.LVL58:
 528 0174 19E0     		b	.L10
 529              	.LVL59:
 530              	.L28:
  52:fnReceive.c   ****         case 101: distMeasure();                        break; 
 531              		.loc 1 52 0
 532 0176 FFF7FEFF 		bl	HCSR04_Begin
 533              	.LVL60:
 534 017a 16E0     		b	.L10
 535              	.LVL61:
 536              	.L29:
  53:fnReceive.c   ****         case 102: distMeasureL();                       break;
 537              		.loc 1 53 0
 538 017c FFF7FEFF 		bl	distMeasure
 539              	.LVL62:
 540 0180 13E0     		b	.L10
 541              	.LVL63:
 542              	.L30:
  54:fnReceive.c   ****         case 103: distMeasureR();                       break;
 543              		.loc 1 54 0
ARM GAS  C:\Users\JamesH\AppData\Local\Temp\ccet48pV.s 			page 13


 544 0182 FFF7FEFF 		bl	distMeasureL
 545              	.LVL64:
 546 0186 10E0     		b	.L10
 547              	.LVL65:
 548              	.L31:
  55:fnReceive.c   ****         case 200: LIS3MDL_Begin();                      break; // Accelerometer Commands
 549              		.loc 1 55 0
 550 0188 FFF7FEFF 		bl	distMeasureR
 551              	.LVL66:
 552 018c 0DE0     		b	.L10
 553              	.LVL67:
 554              	.L32:
  56:fnReceive.c   ****         case 201: LIS3MDL_MasterStatus();               break;
 555              		.loc 1 56 0
 556 018e FFF7FEFF 		bl	LIS3MDL_Begin
 557              	.LVL68:
 558 0192 0AE0     		b	.L10
 559              	.LVL69:
 560              	.L33:
  57:fnReceive.c   ****         case 202: LIS3MDL_TransferByte();               break;
 561              		.loc 1 57 0
 562 0194 FFF7FEFF 		bl	LIS3MDL_MasterStatus
 563              	.LVL70:
 564 0198 07E0     		b	.L10
 565              	.LVL71:
 566              	.L34:
  58:fnReceive.c   ****         case 203: LIS3MDL_TransferMultipleBytes();      break;
 567              		.loc 1 58 0
 568 019a FFF7FEFF 		bl	LIS3MDL_TransferByte
 569              	.LVL72:
 570 019e 04E0     		b	.L10
 571              	.LVL73:
 572              	.L35:
  59:fnReceive.c   ****         //case 204: LIS3MDL_ReadAxisRaw(uint8 * (&para2))); TO-DO; break;
 573              		.loc 1 59 0
 574 01a0 FFF7FEFF 		bl	LIS3MDL_TransferMultipleBytes
 575              	.LVL74:
 576 01a4 01E0     		b	.L10
 577              	.LVL75:
 578              	.L36:
  64:fnReceive.c   ****         //case 211: LSM6DS3_ReadAxisRaw TO-DO
 579              		.loc 1 64 0
 580 01a6 FFF7FEFF 		bl	LSM6DS3_Begin
 581              	.LVL76:
 582              	.L10:
  71:fnReceive.c   **** 
 583              		.loc 1 71 0
 584 01aa 03B0     		add	sp, sp, #12
 585              		.cfi_def_cfa_offset 12
 586              		@ sp needed
 587 01ac 30BD     		pop	{r4, r5, pc}
 588              		.cfi_endproc
 589              	.LFE64:
 590              		.size	fnCall, .-fnCall
 591 01ae 00BF     		.section	.rodata.str1.4,"aMS",%progbits,1
 592              		.align	2
 593              	.LC0:
ARM GAS  C:\Users\JamesH\AppData\Local\Temp\ccet48pV.s 			page 14


 594 0000 72657379 		.ascii	"resync\000"
 594      6E6300
 595              		.text
 596              	.Letext0:
 597              		.file 2 "c:\\program files (x86)\\cypress\\psoc creator\\4.4\\psoc creator\\import\\gnu\\arm\\5.4.
 598              		.file 3 "c:\\program files (x86)\\cypress\\psoc creator\\4.4\\psoc creator\\import\\gnu\\arm\\5.4.
 599              		.file 4 "Generated_Source\\PSoC5/cytypes.h"
 600              		.file 5 "Generated_Source\\PSoC5/UART_RPi.h"
 601              		.file 6 "Generated_Source\\PSoC5/UART.h"
 602              		.file 7 "TB9051.h"
 603              		.file 8 "SBT0811.h"
 604              		.file 9 "HCSR04.h"
 605              		.file 10 "IMU.h"
 606              		.file 11 "Generated_Source\\PSoC5/core_cm3.h"
 607              		.section	.debug_info,"",%progbits
 608              	.Ldebug_info0:
 609 0000 DA040000 		.4byte	0x4da
 610 0004 0400     		.2byte	0x4
 611 0006 00000000 		.4byte	.Ldebug_abbrev0
 612 000a 04       		.byte	0x4
 613 000b 01       		.uleb128 0x1
 614 000c 99020000 		.4byte	.LASF53
 615 0010 0C       		.byte	0xc
 616 0011 0E000000 		.4byte	.LASF54
 617 0015 32030000 		.4byte	.LASF55
 618 0019 00000000 		.4byte	.Ldebug_ranges0+0
 619 001d 00000000 		.4byte	0
 620 0021 00000000 		.4byte	.Ldebug_line0
 621 0025 02       		.uleb128 0x2
 622 0026 04       		.byte	0x4
 623 0027 04       		.byte	0x4
 624 0028 CA000000 		.4byte	.LASF0
 625 002c 02       		.uleb128 0x2
 626 002d 01       		.byte	0x1
 627 002e 06       		.byte	0x6
 628 002f 77010000 		.4byte	.LASF1
 629 0033 02       		.uleb128 0x2
 630 0034 01       		.byte	0x1
 631 0035 08       		.byte	0x8
 632 0036 1A010000 		.4byte	.LASF2
 633 003a 02       		.uleb128 0x2
 634 003b 02       		.byte	0x2
 635 003c 05       		.byte	0x5
 636 003d 1A000000 		.4byte	.LASF3
 637 0041 02       		.uleb128 0x2
 638 0042 02       		.byte	0x2
 639 0043 07       		.byte	0x7
 640 0044 C5010000 		.4byte	.LASF4
 641 0048 03       		.uleb128 0x3
 642 0049 61020000 		.4byte	.LASF10
 643 004d 02       		.byte	0x2
 644 004e 3F       		.byte	0x3f
 645 004f 53000000 		.4byte	0x53
 646 0053 02       		.uleb128 0x2
 647 0054 04       		.byte	0x4
 648 0055 05       		.byte	0x5
 649 0056 F6000000 		.4byte	.LASF5
ARM GAS  C:\Users\JamesH\AppData\Local\Temp\ccet48pV.s 			page 15


 650 005a 02       		.uleb128 0x2
 651 005b 04       		.byte	0x4
 652 005c 07       		.byte	0x7
 653 005d 01020000 		.4byte	.LASF6
 654 0061 02       		.uleb128 0x2
 655 0062 08       		.byte	0x8
 656 0063 05       		.byte	0x5
 657 0064 D0000000 		.4byte	.LASF7
 658 0068 02       		.uleb128 0x2
 659 0069 08       		.byte	0x8
 660 006a 07       		.byte	0x7
 661 006b 83010000 		.4byte	.LASF8
 662 006f 04       		.uleb128 0x4
 663 0070 04       		.byte	0x4
 664 0071 05       		.byte	0x5
 665 0072 696E7400 		.ascii	"int\000"
 666 0076 02       		.uleb128 0x2
 667 0077 04       		.byte	0x4
 668 0078 07       		.byte	0x7
 669 0079 9A010000 		.4byte	.LASF9
 670 007d 03       		.uleb128 0x3
 671 007e F3010000 		.4byte	.LASF11
 672 0082 03       		.byte	0x3
 673 0083 2C       		.byte	0x2c
 674 0084 48000000 		.4byte	0x48
 675 0088 05       		.uleb128 0x5
 676 0089 FB010000 		.4byte	.LASF12
 677 008d 04       		.byte	0x4
 678 008e E801     		.2byte	0x1e8
 679 0090 33000000 		.4byte	0x33
 680 0094 02       		.uleb128 0x2
 681 0095 08       		.byte	0x8
 682 0096 04       		.byte	0x4
 683 0097 13020000 		.4byte	.LASF13
 684 009b 02       		.uleb128 0x2
 685 009c 01       		.byte	0x1
 686 009d 08       		.byte	0x8
 687 009e EE010000 		.4byte	.LASF14
 688 00a2 02       		.uleb128 0x2
 689 00a3 08       		.byte	0x8
 690 00a4 04       		.byte	0x4
 691 00a5 28010000 		.4byte	.LASF15
 692 00a9 06       		.uleb128 0x6
 693 00aa 33000000 		.4byte	0x33
 694 00ae B9000000 		.4byte	0xb9
 695 00b2 07       		.uleb128 0x7
 696 00b3 B9000000 		.4byte	0xb9
 697 00b7 03       		.byte	0x3
 698 00b8 00       		.byte	0
 699 00b9 02       		.uleb128 0x2
 700 00ba 04       		.byte	0x4
 701 00bb 07       		.byte	0x7
 702 00bc 3D000000 		.4byte	.LASF16
 703 00c0 08       		.uleb128 0x8
 704 00c1 C3000000 		.4byte	.LASF22
 705 00c5 01       		.byte	0x1
 706 00c6 49       		.byte	0x49
ARM GAS  C:\Users\JamesH\AppData\Local\Temp\ccet48pV.s 			page 16


 707 00c7 00000000 		.4byte	.LFB65
 708 00cb 6A000000 		.4byte	.LFE65-.LFB65
 709 00cf 01       		.uleb128 0x1
 710 00d0 9C       		.byte	0x9c
 711 00d1 94010000 		.4byte	0x194
 712 00d5 09       		.uleb128 0x9
 713 00d6 666E00   		.ascii	"fn\000"
 714 00d9 01       		.byte	0x1
 715 00da 49       		.byte	0x49
 716 00db 6F000000 		.4byte	0x6f
 717 00df 00000000 		.4byte	.LLST0
 718 00e3 0A       		.uleb128 0xa
 719 00e4 EA000000 		.4byte	.LASF17
 720 00e8 01       		.byte	0x1
 721 00e9 49       		.byte	0x49
 722 00ea 94010000 		.4byte	0x194
 723 00ee 21000000 		.4byte	.LLST1
 724 00f2 0A       		.uleb128 0xa
 725 00f3 F0000000 		.4byte	.LASF18
 726 00f7 01       		.byte	0x1
 727 00f8 49       		.byte	0x49
 728 00f9 94010000 		.4byte	0x194
 729 00fd 42000000 		.4byte	.LLST2
 730 0101 0B       		.uleb128 0xb
 731 0102 BA000000 		.4byte	.LASF19
 732 0106 01       		.byte	0x1
 733 0107 4A       		.byte	0x4a
 734 0108 9A010000 		.4byte	0x19a
 735 010c 02       		.uleb128 0x2
 736 010d 91       		.byte	0x91
 737 010e 68       		.sleb128 -24
 738 010f 0C       		.uleb128 0xc
 739 0110 04       		.byte	0x4
 740 0111 01       		.byte	0x1
 741 0112 4C       		.byte	0x4c
 742 0113 2B010000 		.4byte	0x12b
 743 0117 0D       		.uleb128 0xd
 744 0118 6100     		.ascii	"a\000"
 745 011a 01       		.byte	0x1
 746 011b 4D       		.byte	0x4d
 747 011c 25000000 		.4byte	0x25
 748 0120 0D       		.uleb128 0xd
 749 0121 426100   		.ascii	"Ba\000"
 750 0124 01       		.byte	0x1
 751 0125 4E       		.byte	0x4e
 752 0126 A9000000 		.4byte	0xa9
 753 012a 00       		.byte	0
 754 012b 0B       		.uleb128 0xb
 755 012c 6B020000 		.4byte	.LASF20
 756 0130 01       		.byte	0x1
 757 0131 4F       		.byte	0x4f
 758 0132 0F010000 		.4byte	0x10f
 759 0136 02       		.uleb128 0x2
 760 0137 91       		.byte	0x91
 761 0138 64       		.sleb128 -28
 762 0139 0C       		.uleb128 0xc
 763 013a 04       		.byte	0x4
ARM GAS  C:\Users\JamesH\AppData\Local\Temp\ccet48pV.s 			page 17


 764 013b 01       		.byte	0x1
 765 013c 51       		.byte	0x51
 766 013d 55010000 		.4byte	0x155
 767 0141 0D       		.uleb128 0xd
 768 0142 6200     		.ascii	"b\000"
 769 0144 01       		.byte	0x1
 770 0145 52       		.byte	0x52
 771 0146 25000000 		.4byte	0x25
 772 014a 0D       		.uleb128 0xd
 773 014b 426200   		.ascii	"Bb\000"
 774 014e 01       		.byte	0x1
 775 014f 53       		.byte	0x53
 776 0150 A9000000 		.4byte	0xa9
 777 0154 00       		.byte	0
 778 0155 0B       		.uleb128 0xb
 779 0156 34010000 		.4byte	.LASF21
 780 015a 01       		.byte	0x1
 781 015b 54       		.byte	0x54
 782 015c 39010000 		.4byte	0x139
 783 0160 02       		.uleb128 0x2
 784 0161 91       		.byte	0x91
 785 0162 60       		.sleb128 -32
 786 0163 0E       		.uleb128 0xe
 787 0164 0C000000 		.4byte	.LBB2
 788 0168 32000000 		.4byte	.LBE2-.LBB2
 789 016c 7E010000 		.4byte	0x17e
 790 0170 0F       		.uleb128 0xf
 791 0171 6900     		.ascii	"i\000"
 792 0173 01       		.byte	0x1
 793 0174 59       		.byte	0x59
 794 0175 6F000000 		.4byte	0x6f
 795 0179 63000000 		.4byte	.LLST3
 796 017d 00       		.byte	0
 797 017e 10       		.uleb128 0x10
 798 017f 66000000 		.4byte	.LVL6
 799 0183 CA030000 		.4byte	0x3ca
 800 0187 11       		.uleb128 0x11
 801 0188 01       		.uleb128 0x1
 802 0189 50       		.byte	0x50
 803 018a 02       		.uleb128 0x2
 804 018b 91       		.byte	0x91
 805 018c 68       		.sleb128 -24
 806 018d 11       		.uleb128 0x11
 807 018e 01       		.uleb128 0x1
 808 018f 51       		.byte	0x51
 809 0190 01       		.uleb128 0x1
 810 0191 3F       		.byte	0x3f
 811 0192 00       		.byte	0
 812 0193 00       		.byte	0
 813 0194 12       		.uleb128 0x12
 814 0195 04       		.byte	0x4
 815 0196 25000000 		.4byte	0x25
 816 019a 06       		.uleb128 0x6
 817 019b 88000000 		.4byte	0x88
 818 019f AA010000 		.4byte	0x1aa
 819 01a3 07       		.uleb128 0x7
 820 01a4 B9000000 		.4byte	0xb9
ARM GAS  C:\Users\JamesH\AppData\Local\Temp\ccet48pV.s 			page 18


 821 01a8 0E       		.byte	0xe
 822 01a9 00       		.byte	0
 823 01aa 08       		.uleb128 0x8
 824 01ab 55020000 		.4byte	.LASF23
 825 01af 01       		.byte	0x1
 826 01b0 6F       		.byte	0x6f
 827 01b1 00000000 		.4byte	.LFB66
 828 01b5 30000000 		.4byte	.LFE66-.LFB66
 829 01b9 01       		.uleb128 0x1
 830 01ba 9C       		.byte	0x9c
 831 01bb 11020000 		.4byte	0x211
 832 01bf 09       		.uleb128 0x9
 833 01c0 6E00     		.ascii	"n\000"
 834 01c2 01       		.byte	0x1
 835 01c3 6F       		.byte	0x6f
 836 01c4 6F000000 		.4byte	0x6f
 837 01c8 82000000 		.4byte	.LLST4
 838 01cc 0B       		.uleb128 0xb
 839 01cd 4F010000 		.4byte	.LASF24
 840 01d1 01       		.byte	0x1
 841 01d2 71       		.byte	0x71
 842 01d3 9A010000 		.4byte	0x19a
 843 01d7 02       		.uleb128 0x2
 844 01d8 91       		.byte	0x91
 845 01d9 68       		.sleb128 -24
 846 01da 13       		.uleb128 0x13
 847 01db 0C000000 		.4byte	.LVL9
 848 01df D5030000 		.4byte	0x3d5
 849 01e3 F1010000 		.4byte	0x1f1
 850 01e7 11       		.uleb128 0x11
 851 01e8 01       		.uleb128 0x1
 852 01e9 50       		.byte	0x50
 853 01ea 05       		.uleb128 0x5
 854 01eb 03       		.byte	0x3
 855 01ec 00000000 		.4byte	.LC0
 856 01f0 00       		.byte	0
 857 01f1 14       		.uleb128 0x14
 858 01f2 1C000000 		.4byte	.LVL10
 859 01f6 E0030000 		.4byte	0x3e0
 860 01fa 10       		.uleb128 0x10
 861 01fb 26000000 		.4byte	.LVL11
 862 01ff CA030000 		.4byte	0x3ca
 863 0203 11       		.uleb128 0x11
 864 0204 01       		.uleb128 0x1
 865 0205 50       		.byte	0x50
 866 0206 02       		.uleb128 0x2
 867 0207 7D       		.byte	0x7d
 868 0208 00       		.sleb128 0
 869 0209 11       		.uleb128 0x11
 870 020a 01       		.uleb128 0x1
 871 020b 51       		.byte	0x51
 872 020c 02       		.uleb128 0x2
 873 020d 74       		.byte	0x74
 874 020e 00       		.sleb128 0
 875 020f 00       		.byte	0
 876 0210 00       		.byte	0
 877 0211 15       		.uleb128 0x15
ARM GAS  C:\Users\JamesH\AppData\Local\Temp\ccet48pV.s 			page 19


 878 0212 24000000 		.4byte	.LASF25
 879 0216 01       		.byte	0x1
 880 0217 1C       		.byte	0x1c
 881 0218 00000000 		.4byte	.LFB64
 882 021c AE010000 		.4byte	.LFE64-.LFB64
 883 0220 01       		.uleb128 0x1
 884 0221 9C       		.byte	0x9c
 885 0222 B9030000 		.4byte	0x3b9
 886 0226 09       		.uleb128 0x9
 887 0227 666E00   		.ascii	"fn\000"
 888 022a 01       		.byte	0x1
 889 022b 1C       		.byte	0x1c
 890 022c 6F000000 		.4byte	0x6f
 891 0230 AE000000 		.4byte	.LLST5
 892 0234 0A       		.uleb128 0xa
 893 0235 61000000 		.4byte	.LASF26
 894 0239 01       		.byte	0x1
 895 023a 1C       		.byte	0x1c
 896 023b 94010000 		.4byte	0x194
 897 023f 0E030000 		.4byte	.LLST6
 898 0243 0A       		.uleb128 0xa
 899 0244 67000000 		.4byte	.LASF27
 900 0248 01       		.byte	0x1
 901 0249 1C       		.byte	0x1c
 902 024a 94010000 		.4byte	0x194
 903 024e 53030000 		.4byte	.LLST7
 904 0252 0B       		.uleb128 0xb
 905 0253 EA000000 		.4byte	.LASF17
 906 0257 01       		.byte	0x1
 907 0258 1D       		.byte	0x1d
 908 0259 25000000 		.4byte	0x25
 909 025d 02       		.uleb128 0x2
 910 025e 91       		.byte	0x91
 911 025f 6C       		.sleb128 -20
 912 0260 0B       		.uleb128 0xb
 913 0261 F0000000 		.4byte	.LASF18
 914 0265 01       		.byte	0x1
 915 0266 1E       		.byte	0x1e
 916 0267 25000000 		.4byte	0x25
 917 026b 02       		.uleb128 0x2
 918 026c 91       		.byte	0x91
 919 026d 68       		.sleb128 -24
 920 026e 13       		.uleb128 0x13
 921 026f F2000000 		.4byte	.LVL16
 922 0273 EB030000 		.4byte	0x3eb
 923 0277 89020000 		.4byte	0x289
 924 027b 11       		.uleb128 0x11
 925 027c 01       		.uleb128 0x1
 926 027d 50       		.byte	0x50
 927 027e 02       		.uleb128 0x2
 928 027f 75       		.byte	0x75
 929 0280 00       		.sleb128 0
 930 0281 11       		.uleb128 0x11
 931 0282 01       		.uleb128 0x1
 932 0283 51       		.byte	0x51
 933 0284 03       		.uleb128 0x3
 934 0285 F3       		.byte	0xf3
ARM GAS  C:\Users\JamesH\AppData\Local\Temp\ccet48pV.s 			page 20


 935 0286 01       		.uleb128 0x1
 936 0287 52       		.byte	0x52
 937 0288 00       		.byte	0
 938 0289 14       		.uleb128 0x14
 939 028a F8000000 		.4byte	.LVL18
 940 028e F6030000 		.4byte	0x3f6
 941 0292 13       		.uleb128 0x13
 942 0293 0E010000 		.4byte	.LVL24
 943 0297 01040000 		.4byte	0x401
 944 029b A6020000 		.4byte	0x2a6
 945 029f 11       		.uleb128 0x11
 946 02a0 01       		.uleb128 0x1
 947 02a1 51       		.byte	0x51
 948 02a2 02       		.uleb128 0x2
 949 02a3 75       		.byte	0x75
 950 02a4 00       		.sleb128 0
 951 02a5 00       		.byte	0
 952 02a6 14       		.uleb128 0x14
 953 02a7 1A010000 		.4byte	.LVL28
 954 02ab 0C040000 		.4byte	0x40c
 955 02af 14       		.uleb128 0x14
 956 02b0 20010000 		.4byte	.LVL30
 957 02b4 17040000 		.4byte	0x417
 958 02b8 13       		.uleb128 0x13
 959 02b9 2A010000 		.4byte	.LVL33
 960 02bd 22040000 		.4byte	0x422
 961 02c1 D2020000 		.4byte	0x2d2
 962 02c5 11       		.uleb128 0x11
 963 02c6 01       		.uleb128 0x1
 964 02c7 50       		.byte	0x50
 965 02c8 02       		.uleb128 0x2
 966 02c9 91       		.byte	0x91
 967 02ca 6C       		.sleb128 -20
 968 02cb 11       		.uleb128 0x11
 969 02cc 01       		.uleb128 0x1
 970 02cd 51       		.byte	0x51
 971 02ce 02       		.uleb128 0x2
 972 02cf 7D       		.byte	0x7d
 973 02d0 00       		.sleb128 0
 974 02d1 00       		.byte	0
 975 02d2 13       		.uleb128 0x13
 976 02d3 34010000 		.4byte	.LVL36
 977 02d7 EB030000 		.4byte	0x3eb
 978 02db EC020000 		.4byte	0x2ec
 979 02df 11       		.uleb128 0x11
 980 02e0 01       		.uleb128 0x1
 981 02e1 50       		.byte	0x50
 982 02e2 02       		.uleb128 0x2
 983 02e3 91       		.byte	0x91
 984 02e4 6C       		.sleb128 -20
 985 02e5 11       		.uleb128 0x11
 986 02e6 01       		.uleb128 0x1
 987 02e7 51       		.byte	0x51
 988 02e8 02       		.uleb128 0x2
 989 02e9 7D       		.byte	0x7d
 990 02ea 00       		.sleb128 0
 991 02eb 00       		.byte	0
ARM GAS  C:\Users\JamesH\AppData\Local\Temp\ccet48pV.s 			page 21


 992 02ec 13       		.uleb128 0x13
 993 02ed 3C010000 		.4byte	.LVL39
 994 02f1 2D040000 		.4byte	0x42d
 995 02f5 00030000 		.4byte	0x300
 996 02f9 11       		.uleb128 0x11
 997 02fa 01       		.uleb128 0x1
 998 02fb 50       		.byte	0x50
 999 02fc 02       		.uleb128 0x2
 1000 02fd 91       		.byte	0x91
 1001 02fe 6C       		.sleb128 -20
 1002 02ff 00       		.byte	0
 1003 0300 13       		.uleb128 0x13
 1004 0301 44010000 		.4byte	.LVL42
 1005 0305 38040000 		.4byte	0x438
 1006 0309 14030000 		.4byte	0x314
 1007 030d 11       		.uleb128 0x11
 1008 030e 01       		.uleb128 0x1
 1009 030f 50       		.byte	0x50
 1010 0310 02       		.uleb128 0x2
 1011 0311 7D       		.byte	0x7d
 1012 0312 00       		.sleb128 0
 1013 0313 00       		.byte	0
 1014 0314 13       		.uleb128 0x13
 1015 0315 4E010000 		.4byte	.LVL45
 1016 0319 43040000 		.4byte	0x443
 1017 031d 2E030000 		.4byte	0x32e
 1018 0321 11       		.uleb128 0x11
 1019 0322 01       		.uleb128 0x1
 1020 0323 50       		.byte	0x50
 1021 0324 02       		.uleb128 0x2
 1022 0325 91       		.byte	0x91
 1023 0326 6C       		.sleb128 -20
 1024 0327 11       		.uleb128 0x11
 1025 0328 01       		.uleb128 0x1
 1026 0329 51       		.byte	0x51
 1027 032a 02       		.uleb128 0x2
 1028 032b 7D       		.byte	0x7d
 1029 032c 00       		.sleb128 0
 1030 032d 00       		.byte	0
 1031 032e 14       		.uleb128 0x14
 1032 032f 54010000 		.4byte	.LVL47
 1033 0333 4E040000 		.4byte	0x44e
 1034 0337 14       		.uleb128 0x14
 1035 0338 5A010000 		.4byte	.LVL49
 1036 033c 59040000 		.4byte	0x459
 1037 0340 14       		.uleb128 0x14
 1038 0341 60010000 		.4byte	.LVL51
 1039 0345 64040000 		.4byte	0x464
 1040 0349 13       		.uleb128 0x13
 1041 034a 68010000 		.4byte	.LVL54
 1042 034e 6F040000 		.4byte	0x46f
 1043 0352 5E030000 		.4byte	0x35e
 1044 0356 11       		.uleb128 0x11
 1045 0357 01       		.uleb128 0x1
 1046 0358 50       		.byte	0x50
 1047 0359 03       		.uleb128 0x3
 1048 035a F5       		.byte	0xf5
ARM GAS  C:\Users\JamesH\AppData\Local\Temp\ccet48pV.s 			page 22


 1049 035b 04       		.uleb128 0x4
 1050 035c 25       		.uleb128 0x25
 1051 035d 00       		.byte	0
 1052 035e 14       		.uleb128 0x14
 1053 035f 74010000 		.4byte	.LVL58
 1054 0363 AA010000 		.4byte	0x1aa
 1055 0367 14       		.uleb128 0x14
 1056 0368 7A010000 		.4byte	.LVL60
 1057 036c 7A040000 		.4byte	0x47a
 1058 0370 14       		.uleb128 0x14
 1059 0371 80010000 		.4byte	.LVL62
 1060 0375 85040000 		.4byte	0x485
 1061 0379 14       		.uleb128 0x14
 1062 037a 86010000 		.4byte	.LVL64
 1063 037e 90040000 		.4byte	0x490
 1064 0382 14       		.uleb128 0x14
 1065 0383 8C010000 		.4byte	.LVL66
 1066 0387 9B040000 		.4byte	0x49b
 1067 038b 14       		.uleb128 0x14
 1068 038c 92010000 		.4byte	.LVL68
 1069 0390 A6040000 		.4byte	0x4a6
 1070 0394 14       		.uleb128 0x14
 1071 0395 98010000 		.4byte	.LVL70
 1072 0399 B1040000 		.4byte	0x4b1
 1073 039d 14       		.uleb128 0x14
 1074 039e 9E010000 		.4byte	.LVL72
 1075 03a2 BC040000 		.4byte	0x4bc
 1076 03a6 14       		.uleb128 0x14
 1077 03a7 A4010000 		.4byte	.LVL74
 1078 03ab C7040000 		.4byte	0x4c7
 1079 03af 14       		.uleb128 0x14
 1080 03b0 AA010000 		.4byte	.LVL76
 1081 03b4 D2040000 		.4byte	0x4d2
 1082 03b8 00       		.byte	0
 1083 03b9 16       		.uleb128 0x16
 1084 03ba 8C020000 		.4byte	.LASF56
 1085 03be 0B       		.byte	0xb
 1086 03bf 1207     		.2byte	0x712
 1087 03c1 C5030000 		.4byte	0x3c5
 1088 03c5 17       		.uleb128 0x17
 1089 03c6 7D000000 		.4byte	0x7d
 1090 03ca 18       		.uleb128 0x18
 1091 03cb 2B000000 		.4byte	.LASF28
 1092 03cf 2B000000 		.4byte	.LASF28
 1093 03d3 05       		.byte	0x5
 1094 03d4 8C       		.byte	0x8c
 1095 03d5 18       		.uleb128 0x18
 1096 03d6 82000000 		.4byte	.LASF29
 1097 03da 82000000 		.4byte	.LASF29
 1098 03de 06       		.byte	0x6
 1099 03df 26       		.byte	0x26
 1100 03e0 18       		.uleb128 0x18
 1101 03e1 1A020000 		.4byte	.LASF30
 1102 03e5 1A020000 		.4byte	.LASF30
 1103 03e9 05       		.byte	0x5
 1104 03ea 92       		.byte	0x92
 1105 03eb 18       		.uleb128 0x18
ARM GAS  C:\Users\JamesH\AppData\Local\Temp\ccet48pV.s 			page 23


 1106 03ec 50000000 		.4byte	.LASF31
 1107 03f0 50000000 		.4byte	.LASF31
 1108 03f4 07       		.byte	0x7
 1109 03f5 16       		.byte	0x16
 1110 03f6 18       		.uleb128 0x18
 1111 03f7 0D010000 		.4byte	.LASF32
 1112 03fb 0D010000 		.4byte	.LASF32
 1113 03ff 07       		.byte	0x7
 1114 0400 0F       		.byte	0xf
 1115 0401 18       		.uleb128 0x18
 1116 0402 AB000000 		.4byte	.LASF33
 1117 0406 AB000000 		.4byte	.LASF33
 1118 040a 07       		.byte	0x7
 1119 040b 14       		.byte	0x14
 1120 040c 18       		.uleb128 0x18
 1121 040d 89030000 		.4byte	.LASF34
 1122 0411 89030000 		.4byte	.LASF34
 1123 0415 07       		.byte	0x7
 1124 0416 15       		.byte	0x15
 1125 0417 18       		.uleb128 0x18
 1126 0418 67010000 		.4byte	.LASF35
 1127 041c 67010000 		.4byte	.LASF35
 1128 0420 07       		.byte	0x7
 1129 0421 12       		.byte	0x12
 1130 0422 18       		.uleb128 0x18
 1131 0423 49020000 		.4byte	.LASF36
 1132 0427 49020000 		.4byte	.LASF36
 1133 042b 07       		.byte	0x7
 1134 042c 17       		.byte	0x17
 1135 042d 18       		.uleb128 0x18
 1136 042e 33020000 		.4byte	.LASF37
 1137 0432 33020000 		.4byte	.LASF37
 1138 0436 07       		.byte	0x7
 1139 0437 10       		.byte	0x10
 1140 0438 18       		.uleb128 0x18
 1141 0439 D8010000 		.4byte	.LASF38
 1142 043d D8010000 		.4byte	.LASF38
 1143 0441 07       		.byte	0x7
 1144 0442 11       		.byte	0x11
 1145 0443 18       		.uleb128 0x18
 1146 0444 79030000 		.4byte	.LASF39
 1147 0448 79030000 		.4byte	.LASF39
 1148 044c 07       		.byte	0x7
 1149 044d 18       		.byte	0x18
 1150 044e 18       		.uleb128 0x18
 1151 044f 27030000 		.4byte	.LASF40
 1152 0453 27030000 		.4byte	.LASF40
 1153 0457 08       		.byte	0x8
 1154 0458 11       		.byte	0x11
 1155 0459 18       		.uleb128 0x18
 1156 045a 80020000 		.4byte	.LASF41
 1157 045e 80020000 		.4byte	.LASF41
 1158 0462 08       		.byte	0x8
 1159 0463 12       		.byte	0x12
 1160 0464 18       		.uleb128 0x18
 1161 0465 71020000 		.4byte	.LASF42
 1162 0469 71020000 		.4byte	.LASF42
ARM GAS  C:\Users\JamesH\AppData\Local\Temp\ccet48pV.s 			page 24


 1163 046d 08       		.byte	0x8
 1164 046e 13       		.byte	0x13
 1165 046f 18       		.uleb128 0x18
 1166 0470 46000000 		.4byte	.LASF43
 1167 0474 46000000 		.4byte	.LASF43
 1168 0478 08       		.byte	0x8
 1169 0479 14       		.byte	0x14
 1170 047a 18       		.uleb128 0x18
 1171 047b 5A010000 		.4byte	.LASF44
 1172 047f 5A010000 		.4byte	.LASF44
 1173 0483 09       		.byte	0x9
 1174 0484 0F       		.byte	0xf
 1175 0485 18       		.uleb128 0x18
 1176 0486 DE000000 		.4byte	.LASF45
 1177 048a DE000000 		.4byte	.LASF45
 1178 048e 09       		.byte	0x9
 1179 048f 10       		.byte	0x10
 1180 0490 18       		.uleb128 0x18
 1181 0491 91000000 		.4byte	.LASF46
 1182 0495 91000000 		.4byte	.LASF46
 1183 0499 09       		.byte	0x9
 1184 049a 11       		.byte	0x11
 1185 049b 18       		.uleb128 0x18
 1186 049c 9E000000 		.4byte	.LASF47
 1187 04a0 9E000000 		.4byte	.LASF47
 1188 04a4 09       		.byte	0x9
 1189 04a5 12       		.byte	0x12
 1190 04a6 18       		.uleb128 0x18
 1191 04a7 00000000 		.4byte	.LASF48
 1192 04ab 00000000 		.4byte	.LASF48
 1193 04af 0A       		.byte	0xa
 1194 04b0 3F       		.byte	0x3f
 1195 04b1 18       		.uleb128 0x18
 1196 04b2 3A010000 		.4byte	.LASF49
 1197 04b6 3A010000 		.4byte	.LASF49
 1198 04ba 0A       		.byte	0xa
 1199 04bb 40       		.byte	0x40
 1200 04bc 18       		.uleb128 0x18
 1201 04bd 6D000000 		.4byte	.LASF50
 1202 04c1 6D000000 		.4byte	.LASF50
 1203 04c5 0A       		.byte	0xa
 1204 04c6 41       		.byte	0x41
 1205 04c7 18       		.uleb128 0x18
 1206 04c8 A7010000 		.4byte	.LASF51
 1207 04cc A7010000 		.4byte	.LASF51
 1208 04d0 0A       		.byte	0xa
 1209 04d1 42       		.byte	0x42
 1210 04d2 18       		.uleb128 0x18
 1211 04d3 FF000000 		.4byte	.LASF52
 1212 04d7 FF000000 		.4byte	.LASF52
 1213 04db 0A       		.byte	0xa
 1214 04dc 49       		.byte	0x49
 1215 04dd 00       		.byte	0
 1216              		.section	.debug_abbrev,"",%progbits
 1217              	.Ldebug_abbrev0:
 1218 0000 01       		.uleb128 0x1
 1219 0001 11       		.uleb128 0x11
ARM GAS  C:\Users\JamesH\AppData\Local\Temp\ccet48pV.s 			page 25


 1220 0002 01       		.byte	0x1
 1221 0003 25       		.uleb128 0x25
 1222 0004 0E       		.uleb128 0xe
 1223 0005 13       		.uleb128 0x13
 1224 0006 0B       		.uleb128 0xb
 1225 0007 03       		.uleb128 0x3
 1226 0008 0E       		.uleb128 0xe
 1227 0009 1B       		.uleb128 0x1b
 1228 000a 0E       		.uleb128 0xe
 1229 000b 55       		.uleb128 0x55
 1230 000c 17       		.uleb128 0x17
 1231 000d 11       		.uleb128 0x11
 1232 000e 01       		.uleb128 0x1
 1233 000f 10       		.uleb128 0x10
 1234 0010 17       		.uleb128 0x17
 1235 0011 00       		.byte	0
 1236 0012 00       		.byte	0
 1237 0013 02       		.uleb128 0x2
 1238 0014 24       		.uleb128 0x24
 1239 0015 00       		.byte	0
 1240 0016 0B       		.uleb128 0xb
 1241 0017 0B       		.uleb128 0xb
 1242 0018 3E       		.uleb128 0x3e
 1243 0019 0B       		.uleb128 0xb
 1244 001a 03       		.uleb128 0x3
 1245 001b 0E       		.uleb128 0xe
 1246 001c 00       		.byte	0
 1247 001d 00       		.byte	0
 1248 001e 03       		.uleb128 0x3
 1249 001f 16       		.uleb128 0x16
 1250 0020 00       		.byte	0
 1251 0021 03       		.uleb128 0x3
 1252 0022 0E       		.uleb128 0xe
 1253 0023 3A       		.uleb128 0x3a
 1254 0024 0B       		.uleb128 0xb
 1255 0025 3B       		.uleb128 0x3b
 1256 0026 0B       		.uleb128 0xb
 1257 0027 49       		.uleb128 0x49
 1258 0028 13       		.uleb128 0x13
 1259 0029 00       		.byte	0
 1260 002a 00       		.byte	0
 1261 002b 04       		.uleb128 0x4
 1262 002c 24       		.uleb128 0x24
 1263 002d 00       		.byte	0
 1264 002e 0B       		.uleb128 0xb
 1265 002f 0B       		.uleb128 0xb
 1266 0030 3E       		.uleb128 0x3e
 1267 0031 0B       		.uleb128 0xb
 1268 0032 03       		.uleb128 0x3
 1269 0033 08       		.uleb128 0x8
 1270 0034 00       		.byte	0
 1271 0035 00       		.byte	0
 1272 0036 05       		.uleb128 0x5
 1273 0037 16       		.uleb128 0x16
 1274 0038 00       		.byte	0
 1275 0039 03       		.uleb128 0x3
 1276 003a 0E       		.uleb128 0xe
ARM GAS  C:\Users\JamesH\AppData\Local\Temp\ccet48pV.s 			page 26


 1277 003b 3A       		.uleb128 0x3a
 1278 003c 0B       		.uleb128 0xb
 1279 003d 3B       		.uleb128 0x3b
 1280 003e 05       		.uleb128 0x5
 1281 003f 49       		.uleb128 0x49
 1282 0040 13       		.uleb128 0x13
 1283 0041 00       		.byte	0
 1284 0042 00       		.byte	0
 1285 0043 06       		.uleb128 0x6
 1286 0044 01       		.uleb128 0x1
 1287 0045 01       		.byte	0x1
 1288 0046 49       		.uleb128 0x49
 1289 0047 13       		.uleb128 0x13
 1290 0048 01       		.uleb128 0x1
 1291 0049 13       		.uleb128 0x13
 1292 004a 00       		.byte	0
 1293 004b 00       		.byte	0
 1294 004c 07       		.uleb128 0x7
 1295 004d 21       		.uleb128 0x21
 1296 004e 00       		.byte	0
 1297 004f 49       		.uleb128 0x49
 1298 0050 13       		.uleb128 0x13
 1299 0051 2F       		.uleb128 0x2f
 1300 0052 0B       		.uleb128 0xb
 1301 0053 00       		.byte	0
 1302 0054 00       		.byte	0
 1303 0055 08       		.uleb128 0x8
 1304 0056 2E       		.uleb128 0x2e
 1305 0057 01       		.byte	0x1
 1306 0058 3F       		.uleb128 0x3f
 1307 0059 19       		.uleb128 0x19
 1308 005a 03       		.uleb128 0x3
 1309 005b 0E       		.uleb128 0xe
 1310 005c 3A       		.uleb128 0x3a
 1311 005d 0B       		.uleb128 0xb
 1312 005e 3B       		.uleb128 0x3b
 1313 005f 0B       		.uleb128 0xb
 1314 0060 27       		.uleb128 0x27
 1315 0061 19       		.uleb128 0x19
 1316 0062 11       		.uleb128 0x11
 1317 0063 01       		.uleb128 0x1
 1318 0064 12       		.uleb128 0x12
 1319 0065 06       		.uleb128 0x6
 1320 0066 40       		.uleb128 0x40
 1321 0067 18       		.uleb128 0x18
 1322 0068 9742     		.uleb128 0x2117
 1323 006a 19       		.uleb128 0x19
 1324 006b 01       		.uleb128 0x1
 1325 006c 13       		.uleb128 0x13
 1326 006d 00       		.byte	0
 1327 006e 00       		.byte	0
 1328 006f 09       		.uleb128 0x9
 1329 0070 05       		.uleb128 0x5
 1330 0071 00       		.byte	0
 1331 0072 03       		.uleb128 0x3
 1332 0073 08       		.uleb128 0x8
 1333 0074 3A       		.uleb128 0x3a
ARM GAS  C:\Users\JamesH\AppData\Local\Temp\ccet48pV.s 			page 27


 1334 0075 0B       		.uleb128 0xb
 1335 0076 3B       		.uleb128 0x3b
 1336 0077 0B       		.uleb128 0xb
 1337 0078 49       		.uleb128 0x49
 1338 0079 13       		.uleb128 0x13
 1339 007a 02       		.uleb128 0x2
 1340 007b 17       		.uleb128 0x17
 1341 007c 00       		.byte	0
 1342 007d 00       		.byte	0
 1343 007e 0A       		.uleb128 0xa
 1344 007f 05       		.uleb128 0x5
 1345 0080 00       		.byte	0
 1346 0081 03       		.uleb128 0x3
 1347 0082 0E       		.uleb128 0xe
 1348 0083 3A       		.uleb128 0x3a
 1349 0084 0B       		.uleb128 0xb
 1350 0085 3B       		.uleb128 0x3b
 1351 0086 0B       		.uleb128 0xb
 1352 0087 49       		.uleb128 0x49
 1353 0088 13       		.uleb128 0x13
 1354 0089 02       		.uleb128 0x2
 1355 008a 17       		.uleb128 0x17
 1356 008b 00       		.byte	0
 1357 008c 00       		.byte	0
 1358 008d 0B       		.uleb128 0xb
 1359 008e 34       		.uleb128 0x34
 1360 008f 00       		.byte	0
 1361 0090 03       		.uleb128 0x3
 1362 0091 0E       		.uleb128 0xe
 1363 0092 3A       		.uleb128 0x3a
 1364 0093 0B       		.uleb128 0xb
 1365 0094 3B       		.uleb128 0x3b
 1366 0095 0B       		.uleb128 0xb
 1367 0096 49       		.uleb128 0x49
 1368 0097 13       		.uleb128 0x13
 1369 0098 02       		.uleb128 0x2
 1370 0099 18       		.uleb128 0x18
 1371 009a 00       		.byte	0
 1372 009b 00       		.byte	0
 1373 009c 0C       		.uleb128 0xc
 1374 009d 17       		.uleb128 0x17
 1375 009e 01       		.byte	0x1
 1376 009f 0B       		.uleb128 0xb
 1377 00a0 0B       		.uleb128 0xb
 1378 00a1 3A       		.uleb128 0x3a
 1379 00a2 0B       		.uleb128 0xb
 1380 00a3 3B       		.uleb128 0x3b
 1381 00a4 0B       		.uleb128 0xb
 1382 00a5 01       		.uleb128 0x1
 1383 00a6 13       		.uleb128 0x13
 1384 00a7 00       		.byte	0
 1385 00a8 00       		.byte	0
 1386 00a9 0D       		.uleb128 0xd
 1387 00aa 0D       		.uleb128 0xd
 1388 00ab 00       		.byte	0
 1389 00ac 03       		.uleb128 0x3
 1390 00ad 08       		.uleb128 0x8
ARM GAS  C:\Users\JamesH\AppData\Local\Temp\ccet48pV.s 			page 28


 1391 00ae 3A       		.uleb128 0x3a
 1392 00af 0B       		.uleb128 0xb
 1393 00b0 3B       		.uleb128 0x3b
 1394 00b1 0B       		.uleb128 0xb
 1395 00b2 49       		.uleb128 0x49
 1396 00b3 13       		.uleb128 0x13
 1397 00b4 00       		.byte	0
 1398 00b5 00       		.byte	0
 1399 00b6 0E       		.uleb128 0xe
 1400 00b7 0B       		.uleb128 0xb
 1401 00b8 01       		.byte	0x1
 1402 00b9 11       		.uleb128 0x11
 1403 00ba 01       		.uleb128 0x1
 1404 00bb 12       		.uleb128 0x12
 1405 00bc 06       		.uleb128 0x6
 1406 00bd 01       		.uleb128 0x1
 1407 00be 13       		.uleb128 0x13
 1408 00bf 00       		.byte	0
 1409 00c0 00       		.byte	0
 1410 00c1 0F       		.uleb128 0xf
 1411 00c2 34       		.uleb128 0x34
 1412 00c3 00       		.byte	0
 1413 00c4 03       		.uleb128 0x3
 1414 00c5 08       		.uleb128 0x8
 1415 00c6 3A       		.uleb128 0x3a
 1416 00c7 0B       		.uleb128 0xb
 1417 00c8 3B       		.uleb128 0x3b
 1418 00c9 0B       		.uleb128 0xb
 1419 00ca 49       		.uleb128 0x49
 1420 00cb 13       		.uleb128 0x13
 1421 00cc 02       		.uleb128 0x2
 1422 00cd 17       		.uleb128 0x17
 1423 00ce 00       		.byte	0
 1424 00cf 00       		.byte	0
 1425 00d0 10       		.uleb128 0x10
 1426 00d1 898201   		.uleb128 0x4109
 1427 00d4 01       		.byte	0x1
 1428 00d5 11       		.uleb128 0x11
 1429 00d6 01       		.uleb128 0x1
 1430 00d7 31       		.uleb128 0x31
 1431 00d8 13       		.uleb128 0x13
 1432 00d9 00       		.byte	0
 1433 00da 00       		.byte	0
 1434 00db 11       		.uleb128 0x11
 1435 00dc 8A8201   		.uleb128 0x410a
 1436 00df 00       		.byte	0
 1437 00e0 02       		.uleb128 0x2
 1438 00e1 18       		.uleb128 0x18
 1439 00e2 9142     		.uleb128 0x2111
 1440 00e4 18       		.uleb128 0x18
 1441 00e5 00       		.byte	0
 1442 00e6 00       		.byte	0
 1443 00e7 12       		.uleb128 0x12
 1444 00e8 0F       		.uleb128 0xf
 1445 00e9 00       		.byte	0
 1446 00ea 0B       		.uleb128 0xb
 1447 00eb 0B       		.uleb128 0xb
ARM GAS  C:\Users\JamesH\AppData\Local\Temp\ccet48pV.s 			page 29


 1448 00ec 49       		.uleb128 0x49
 1449 00ed 13       		.uleb128 0x13
 1450 00ee 00       		.byte	0
 1451 00ef 00       		.byte	0
 1452 00f0 13       		.uleb128 0x13
 1453 00f1 898201   		.uleb128 0x4109
 1454 00f4 01       		.byte	0x1
 1455 00f5 11       		.uleb128 0x11
 1456 00f6 01       		.uleb128 0x1
 1457 00f7 31       		.uleb128 0x31
 1458 00f8 13       		.uleb128 0x13
 1459 00f9 01       		.uleb128 0x1
 1460 00fa 13       		.uleb128 0x13
 1461 00fb 00       		.byte	0
 1462 00fc 00       		.byte	0
 1463 00fd 14       		.uleb128 0x14
 1464 00fe 898201   		.uleb128 0x4109
 1465 0101 00       		.byte	0
 1466 0102 11       		.uleb128 0x11
 1467 0103 01       		.uleb128 0x1
 1468 0104 31       		.uleb128 0x31
 1469 0105 13       		.uleb128 0x13
 1470 0106 00       		.byte	0
 1471 0107 00       		.byte	0
 1472 0108 15       		.uleb128 0x15
 1473 0109 2E       		.uleb128 0x2e
 1474 010a 01       		.byte	0x1
 1475 010b 3F       		.uleb128 0x3f
 1476 010c 19       		.uleb128 0x19
 1477 010d 03       		.uleb128 0x3
 1478 010e 0E       		.uleb128 0xe
 1479 010f 3A       		.uleb128 0x3a
 1480 0110 0B       		.uleb128 0xb
 1481 0111 3B       		.uleb128 0x3b
 1482 0112 0B       		.uleb128 0xb
 1483 0113 27       		.uleb128 0x27
 1484 0114 19       		.uleb128 0x19
 1485 0115 11       		.uleb128 0x11
 1486 0116 01       		.uleb128 0x1
 1487 0117 12       		.uleb128 0x12
 1488 0118 06       		.uleb128 0x6
 1489 0119 40       		.uleb128 0x40
 1490 011a 18       		.uleb128 0x18
 1491 011b 9642     		.uleb128 0x2116
 1492 011d 19       		.uleb128 0x19
 1493 011e 01       		.uleb128 0x1
 1494 011f 13       		.uleb128 0x13
 1495 0120 00       		.byte	0
 1496 0121 00       		.byte	0
 1497 0122 16       		.uleb128 0x16
 1498 0123 34       		.uleb128 0x34
 1499 0124 00       		.byte	0
 1500 0125 03       		.uleb128 0x3
 1501 0126 0E       		.uleb128 0xe
 1502 0127 3A       		.uleb128 0x3a
 1503 0128 0B       		.uleb128 0xb
 1504 0129 3B       		.uleb128 0x3b
ARM GAS  C:\Users\JamesH\AppData\Local\Temp\ccet48pV.s 			page 30


 1505 012a 05       		.uleb128 0x5
 1506 012b 49       		.uleb128 0x49
 1507 012c 13       		.uleb128 0x13
 1508 012d 3F       		.uleb128 0x3f
 1509 012e 19       		.uleb128 0x19
 1510 012f 3C       		.uleb128 0x3c
 1511 0130 19       		.uleb128 0x19
 1512 0131 00       		.byte	0
 1513 0132 00       		.byte	0
 1514 0133 17       		.uleb128 0x17
 1515 0134 35       		.uleb128 0x35
 1516 0135 00       		.byte	0
 1517 0136 49       		.uleb128 0x49
 1518 0137 13       		.uleb128 0x13
 1519 0138 00       		.byte	0
 1520 0139 00       		.byte	0
 1521 013a 18       		.uleb128 0x18
 1522 013b 2E       		.uleb128 0x2e
 1523 013c 00       		.byte	0
 1524 013d 3F       		.uleb128 0x3f
 1525 013e 19       		.uleb128 0x19
 1526 013f 3C       		.uleb128 0x3c
 1527 0140 19       		.uleb128 0x19
 1528 0141 6E       		.uleb128 0x6e
 1529 0142 0E       		.uleb128 0xe
 1530 0143 03       		.uleb128 0x3
 1531 0144 0E       		.uleb128 0xe
 1532 0145 3A       		.uleb128 0x3a
 1533 0146 0B       		.uleb128 0xb
 1534 0147 3B       		.uleb128 0x3b
 1535 0148 0B       		.uleb128 0xb
 1536 0149 00       		.byte	0
 1537 014a 00       		.byte	0
 1538 014b 00       		.byte	0
 1539              		.section	.debug_loc,"",%progbits
 1540              	.Ldebug_loc0:
 1541              	.LLST0:
 1542 0000 00000000 		.4byte	.LVL0
 1543 0004 62000000 		.4byte	.LVL5
 1544 0008 0100     		.2byte	0x1
 1545 000a 50       		.byte	0x50
 1546 000b 62000000 		.4byte	.LVL5
 1547 000f 6A000000 		.4byte	.LFE65
 1548 0013 0400     		.2byte	0x4
 1549 0015 F3       		.byte	0xf3
 1550 0016 01       		.uleb128 0x1
 1551 0017 50       		.byte	0x50
 1552 0018 9F       		.byte	0x9f
 1553 0019 00000000 		.4byte	0
 1554 001d 00000000 		.4byte	0
 1555              	.LLST1:
 1556 0021 00000000 		.4byte	.LVL0
 1557 0025 10000000 		.4byte	.LVL2
 1558 0029 0100     		.2byte	0x1
 1559 002b 51       		.byte	0x51
 1560 002c 10000000 		.4byte	.LVL2
 1561 0030 6A000000 		.4byte	.LFE65
ARM GAS  C:\Users\JamesH\AppData\Local\Temp\ccet48pV.s 			page 31


 1562 0034 0400     		.2byte	0x4
 1563 0036 F3       		.byte	0xf3
 1564 0037 01       		.uleb128 0x1
 1565 0038 51       		.byte	0x51
 1566 0039 9F       		.byte	0x9f
 1567 003a 00000000 		.4byte	0
 1568 003e 00000000 		.4byte	0
 1569              	.LLST2:
 1570 0042 00000000 		.4byte	.LVL0
 1571 0046 10000000 		.4byte	.LVL2
 1572 004a 0100     		.2byte	0x1
 1573 004c 52       		.byte	0x52
 1574 004d 10000000 		.4byte	.LVL2
 1575 0051 6A000000 		.4byte	.LFE65
 1576 0055 0400     		.2byte	0x4
 1577 0057 F3       		.byte	0xf3
 1578 0058 01       		.uleb128 0x1
 1579 0059 52       		.byte	0x52
 1580 005a 9F       		.byte	0x9f
 1581 005b 00000000 		.4byte	0
 1582 005f 00000000 		.4byte	0
 1583              	.LLST3:
 1584 0063 0C000000 		.4byte	.LVL1
 1585 0067 10000000 		.4byte	.LVL2
 1586 006b 0200     		.2byte	0x2
 1587 006d 30       		.byte	0x30
 1588 006e 9F       		.byte	0x9f
 1589 006f 10000000 		.4byte	.LVL2
 1590 0073 40000000 		.4byte	.LVL4
 1591 0077 0100     		.2byte	0x1
 1592 0079 53       		.byte	0x53
 1593 007a 00000000 		.4byte	0
 1594 007e 00000000 		.4byte	0
 1595              	.LLST4:
 1596 0082 00000000 		.4byte	.LVL7
 1597 0086 08000000 		.4byte	.LVL8
 1598 008a 0100     		.2byte	0x1
 1599 008c 50       		.byte	0x50
 1600 008d 08000000 		.4byte	.LVL8
 1601 0091 2A000000 		.4byte	.LVL12
 1602 0095 0100     		.2byte	0x1
 1603 0097 54       		.byte	0x54
 1604 0098 2A000000 		.4byte	.LVL12
 1605 009c 30000000 		.4byte	.LFE66
 1606 00a0 0400     		.2byte	0x4
 1607 00a2 F3       		.byte	0xf3
 1608 00a3 01       		.uleb128 0x1
 1609 00a4 50       		.byte	0x50
 1610 00a5 9F       		.byte	0x9f
 1611 00a6 00000000 		.4byte	0
 1612 00aa 00000000 		.4byte	0
 1613              	.LLST5:
 1614 00ae 00000000 		.4byte	.LVL13
 1615 00b2 EE000000 		.4byte	.LVL15
 1616 00b6 0100     		.2byte	0x1
 1617 00b8 50       		.byte	0x50
 1618 00b9 EE000000 		.4byte	.LVL15
ARM GAS  C:\Users\JamesH\AppData\Local\Temp\ccet48pV.s 			page 32


 1619 00bd F4000000 		.4byte	.LVL17
 1620 00c1 0400     		.2byte	0x4
 1621 00c3 F3       		.byte	0xf3
 1622 00c4 01       		.uleb128 0x1
 1623 00c5 50       		.byte	0x50
 1624 00c6 9F       		.byte	0x9f
 1625 00c7 F4000000 		.4byte	.LVL17
 1626 00cb F7000000 		.4byte	.LVL18-1
 1627 00cf 0100     		.2byte	0x1
 1628 00d1 50       		.byte	0x50
 1629 00d2 F7000000 		.4byte	.LVL18-1
 1630 00d6 FA000000 		.4byte	.LVL19
 1631 00da 0400     		.2byte	0x4
 1632 00dc F3       		.byte	0xf3
 1633 00dd 01       		.uleb128 0x1
 1634 00de 50       		.byte	0x50
 1635 00df 9F       		.byte	0x9f
 1636 00e0 FA000000 		.4byte	.LVL19
 1637 00e4 FC000000 		.4byte	.LVL20
 1638 00e8 0100     		.2byte	0x1
 1639 00ea 50       		.byte	0x50
 1640 00eb FC000000 		.4byte	.LVL20
 1641 00ef 10010000 		.4byte	.LVL25
 1642 00f3 0400     		.2byte	0x4
 1643 00f5 F3       		.byte	0xf3
 1644 00f6 01       		.uleb128 0x1
 1645 00f7 50       		.byte	0x50
 1646 00f8 9F       		.byte	0x9f
 1647 00f9 10010000 		.4byte	.LVL25
 1648 00fd 12010000 		.4byte	.LVL26
 1649 0101 0100     		.2byte	0x1
 1650 0103 50       		.byte	0x50
 1651 0104 12010000 		.4byte	.LVL26
 1652 0108 1C010000 		.4byte	.LVL29
 1653 010c 0400     		.2byte	0x4
 1654 010e F3       		.byte	0xf3
 1655 010f 01       		.uleb128 0x1
 1656 0110 50       		.byte	0x50
 1657 0111 9F       		.byte	0x9f
 1658 0112 1C010000 		.4byte	.LVL29
 1659 0116 1F010000 		.4byte	.LVL30-1
 1660 011a 0100     		.2byte	0x1
 1661 011c 50       		.byte	0x50
 1662 011d 1F010000 		.4byte	.LVL30-1
 1663 0121 22010000 		.4byte	.LVL31
 1664 0125 0400     		.2byte	0x4
 1665 0127 F3       		.byte	0xf3
 1666 0128 01       		.uleb128 0x1
 1667 0129 50       		.byte	0x50
 1668 012a 9F       		.byte	0x9f
 1669 012b 22010000 		.4byte	.LVL31
 1670 012f 26010000 		.4byte	.LVL32
 1671 0133 0100     		.2byte	0x1
 1672 0135 50       		.byte	0x50
 1673 0136 26010000 		.4byte	.LVL32
 1674 013a 2C010000 		.4byte	.LVL34
 1675 013e 0400     		.2byte	0x4
ARM GAS  C:\Users\JamesH\AppData\Local\Temp\ccet48pV.s 			page 33


 1676 0140 F3       		.byte	0xf3
 1677 0141 01       		.uleb128 0x1
 1678 0142 50       		.byte	0x50
 1679 0143 9F       		.byte	0x9f
 1680 0144 2C010000 		.4byte	.LVL34
 1681 0148 30010000 		.4byte	.LVL35
 1682 014c 0100     		.2byte	0x1
 1683 014e 50       		.byte	0x50
 1684 014f 30010000 		.4byte	.LVL35
 1685 0153 36010000 		.4byte	.LVL37
 1686 0157 0400     		.2byte	0x4
 1687 0159 F3       		.byte	0xf3
 1688 015a 01       		.uleb128 0x1
 1689 015b 50       		.byte	0x50
 1690 015c 9F       		.byte	0x9f
 1691 015d 36010000 		.4byte	.LVL37
 1692 0161 38010000 		.4byte	.LVL38
 1693 0165 0100     		.2byte	0x1
 1694 0167 50       		.byte	0x50
 1695 0168 38010000 		.4byte	.LVL38
 1696 016c 3E010000 		.4byte	.LVL40
 1697 0170 0400     		.2byte	0x4
 1698 0172 F3       		.byte	0xf3
 1699 0173 01       		.uleb128 0x1
 1700 0174 50       		.byte	0x50
 1701 0175 9F       		.byte	0x9f
 1702 0176 3E010000 		.4byte	.LVL40
 1703 017a 40010000 		.4byte	.LVL41
 1704 017e 0100     		.2byte	0x1
 1705 0180 50       		.byte	0x50
 1706 0181 40010000 		.4byte	.LVL41
 1707 0185 46010000 		.4byte	.LVL43
 1708 0189 0400     		.2byte	0x4
 1709 018b F3       		.byte	0xf3
 1710 018c 01       		.uleb128 0x1
 1711 018d 50       		.byte	0x50
 1712 018e 9F       		.byte	0x9f
 1713 018f 46010000 		.4byte	.LVL43
 1714 0193 4A010000 		.4byte	.LVL44
 1715 0197 0100     		.2byte	0x1
 1716 0199 50       		.byte	0x50
 1717 019a 4A010000 		.4byte	.LVL44
 1718 019e 50010000 		.4byte	.LVL46
 1719 01a2 0400     		.2byte	0x4
 1720 01a4 F3       		.byte	0xf3
 1721 01a5 01       		.uleb128 0x1
 1722 01a6 50       		.byte	0x50
 1723 01a7 9F       		.byte	0x9f
 1724 01a8 50010000 		.4byte	.LVL46
 1725 01ac 53010000 		.4byte	.LVL47-1
 1726 01b0 0100     		.2byte	0x1
 1727 01b2 50       		.byte	0x50
 1728 01b3 53010000 		.4byte	.LVL47-1
 1729 01b7 56010000 		.4byte	.LVL48
 1730 01bb 0400     		.2byte	0x4
 1731 01bd F3       		.byte	0xf3
 1732 01be 01       		.uleb128 0x1
ARM GAS  C:\Users\JamesH\AppData\Local\Temp\ccet48pV.s 			page 34


 1733 01bf 50       		.byte	0x50
 1734 01c0 9F       		.byte	0x9f
 1735 01c1 56010000 		.4byte	.LVL48
 1736 01c5 59010000 		.4byte	.LVL49-1
 1737 01c9 0100     		.2byte	0x1
 1738 01cb 50       		.byte	0x50
 1739 01cc 59010000 		.4byte	.LVL49-1
 1740 01d0 5C010000 		.4byte	.LVL50
 1741 01d4 0400     		.2byte	0x4
 1742 01d6 F3       		.byte	0xf3
 1743 01d7 01       		.uleb128 0x1
 1744 01d8 50       		.byte	0x50
 1745 01d9 9F       		.byte	0x9f
 1746 01da 5C010000 		.4byte	.LVL50
 1747 01de 5F010000 		.4byte	.LVL51-1
 1748 01e2 0100     		.2byte	0x1
 1749 01e4 50       		.byte	0x50
 1750 01e5 5F010000 		.4byte	.LVL51-1
 1751 01e9 62010000 		.4byte	.LVL52
 1752 01ed 0400     		.2byte	0x4
 1753 01ef F3       		.byte	0xf3
 1754 01f0 01       		.uleb128 0x1
 1755 01f1 50       		.byte	0x50
 1756 01f2 9F       		.byte	0x9f
 1757 01f3 62010000 		.4byte	.LVL52
 1758 01f7 64010000 		.4byte	.LVL53
 1759 01fb 0100     		.2byte	0x1
 1760 01fd 50       		.byte	0x50
 1761 01fe 64010000 		.4byte	.LVL53
 1762 0202 6A010000 		.4byte	.LVL55
 1763 0206 0400     		.2byte	0x4
 1764 0208 F3       		.byte	0xf3
 1765 0209 01       		.uleb128 0x1
 1766 020a 50       		.byte	0x50
 1767 020b 9F       		.byte	0x9f
 1768 020c 6A010000 		.4byte	.LVL55
 1769 0210 6C010000 		.4byte	.LVL56
 1770 0214 0100     		.2byte	0x1
 1771 0216 50       		.byte	0x50
 1772 0217 6C010000 		.4byte	.LVL56
 1773 021b 76010000 		.4byte	.LVL59
 1774 021f 0400     		.2byte	0x4
 1775 0221 F3       		.byte	0xf3
 1776 0222 01       		.uleb128 0x1
 1777 0223 50       		.byte	0x50
 1778 0224 9F       		.byte	0x9f
 1779 0225 76010000 		.4byte	.LVL59
 1780 0229 79010000 		.4byte	.LVL60-1
 1781 022d 0100     		.2byte	0x1
 1782 022f 50       		.byte	0x50
 1783 0230 79010000 		.4byte	.LVL60-1
 1784 0234 7C010000 		.4byte	.LVL61
 1785 0238 0400     		.2byte	0x4
 1786 023a F3       		.byte	0xf3
 1787 023b 01       		.uleb128 0x1
 1788 023c 50       		.byte	0x50
 1789 023d 9F       		.byte	0x9f
ARM GAS  C:\Users\JamesH\AppData\Local\Temp\ccet48pV.s 			page 35


 1790 023e 7C010000 		.4byte	.LVL61
 1791 0242 7F010000 		.4byte	.LVL62-1
 1792 0246 0100     		.2byte	0x1
 1793 0248 50       		.byte	0x50
 1794 0249 7F010000 		.4byte	.LVL62-1
 1795 024d 82010000 		.4byte	.LVL63
 1796 0251 0400     		.2byte	0x4
 1797 0253 F3       		.byte	0xf3
 1798 0254 01       		.uleb128 0x1
 1799 0255 50       		.byte	0x50
 1800 0256 9F       		.byte	0x9f
 1801 0257 82010000 		.4byte	.LVL63
 1802 025b 85010000 		.4byte	.LVL64-1
 1803 025f 0100     		.2byte	0x1
 1804 0261 50       		.byte	0x50
 1805 0262 85010000 		.4byte	.LVL64-1
 1806 0266 88010000 		.4byte	.LVL65
 1807 026a 0400     		.2byte	0x4
 1808 026c F3       		.byte	0xf3
 1809 026d 01       		.uleb128 0x1
 1810 026e 50       		.byte	0x50
 1811 026f 9F       		.byte	0x9f
 1812 0270 88010000 		.4byte	.LVL65
 1813 0274 8B010000 		.4byte	.LVL66-1
 1814 0278 0100     		.2byte	0x1
 1815 027a 50       		.byte	0x50
 1816 027b 8B010000 		.4byte	.LVL66-1
 1817 027f 8E010000 		.4byte	.LVL67
 1818 0283 0400     		.2byte	0x4
 1819 0285 F3       		.byte	0xf3
 1820 0286 01       		.uleb128 0x1
 1821 0287 50       		.byte	0x50
 1822 0288 9F       		.byte	0x9f
 1823 0289 8E010000 		.4byte	.LVL67
 1824 028d 91010000 		.4byte	.LVL68-1
 1825 0291 0100     		.2byte	0x1
 1826 0293 50       		.byte	0x50
 1827 0294 91010000 		.4byte	.LVL68-1
 1828 0298 94010000 		.4byte	.LVL69
 1829 029c 0400     		.2byte	0x4
 1830 029e F3       		.byte	0xf3
 1831 029f 01       		.uleb128 0x1
 1832 02a0 50       		.byte	0x50
 1833 02a1 9F       		.byte	0x9f
 1834 02a2 94010000 		.4byte	.LVL69
 1835 02a6 97010000 		.4byte	.LVL70-1
 1836 02aa 0100     		.2byte	0x1
 1837 02ac 50       		.byte	0x50
 1838 02ad 97010000 		.4byte	.LVL70-1
 1839 02b1 9A010000 		.4byte	.LVL71
 1840 02b5 0400     		.2byte	0x4
 1841 02b7 F3       		.byte	0xf3
 1842 02b8 01       		.uleb128 0x1
 1843 02b9 50       		.byte	0x50
 1844 02ba 9F       		.byte	0x9f
 1845 02bb 9A010000 		.4byte	.LVL71
 1846 02bf 9D010000 		.4byte	.LVL72-1
ARM GAS  C:\Users\JamesH\AppData\Local\Temp\ccet48pV.s 			page 36


 1847 02c3 0100     		.2byte	0x1
 1848 02c5 50       		.byte	0x50
 1849 02c6 9D010000 		.4byte	.LVL72-1
 1850 02ca A0010000 		.4byte	.LVL73
 1851 02ce 0400     		.2byte	0x4
 1852 02d0 F3       		.byte	0xf3
 1853 02d1 01       		.uleb128 0x1
 1854 02d2 50       		.byte	0x50
 1855 02d3 9F       		.byte	0x9f
 1856 02d4 A0010000 		.4byte	.LVL73
 1857 02d8 A3010000 		.4byte	.LVL74-1
 1858 02dc 0100     		.2byte	0x1
 1859 02de 50       		.byte	0x50
 1860 02df A3010000 		.4byte	.LVL74-1
 1861 02e3 A6010000 		.4byte	.LVL75
 1862 02e7 0400     		.2byte	0x4
 1863 02e9 F3       		.byte	0xf3
 1864 02ea 01       		.uleb128 0x1
 1865 02eb 50       		.byte	0x50
 1866 02ec 9F       		.byte	0x9f
 1867 02ed A6010000 		.4byte	.LVL75
 1868 02f1 A9010000 		.4byte	.LVL76-1
 1869 02f5 0100     		.2byte	0x1
 1870 02f7 50       		.byte	0x50
 1871 02f8 A9010000 		.4byte	.LVL76-1
 1872 02fc AE010000 		.4byte	.LFE64
 1873 0300 0400     		.2byte	0x4
 1874 0302 F3       		.byte	0xf3
 1875 0303 01       		.uleb128 0x1
 1876 0304 50       		.byte	0x50
 1877 0305 9F       		.byte	0x9f
 1878 0306 00000000 		.4byte	0
 1879 030a 00000000 		.4byte	0
 1880              	.LLST6:
 1881 030e 00000000 		.4byte	.LVL13
 1882 0312 18000000 		.4byte	.LVL14
 1883 0316 0100     		.2byte	0x1
 1884 0318 51       		.byte	0x51
 1885 0319 18000000 		.4byte	.LVL14
 1886 031d 02010000 		.4byte	.LVL22
 1887 0321 0100     		.2byte	0x1
 1888 0323 55       		.byte	0x55
 1889 0324 02010000 		.4byte	.LVL22
 1890 0328 10010000 		.4byte	.LVL25
 1891 032c 0400     		.2byte	0x4
 1892 032e F3       		.byte	0xf3
 1893 032f 01       		.uleb128 0x1
 1894 0330 51       		.byte	0x51
 1895 0331 9F       		.byte	0x9f
 1896 0332 10010000 		.4byte	.LVL25
 1897 0336 AA010000 		.4byte	.LVL76
 1898 033a 0100     		.2byte	0x1
 1899 033c 55       		.byte	0x55
 1900 033d AA010000 		.4byte	.LVL76
 1901 0341 AE010000 		.4byte	.LFE64
 1902 0345 0400     		.2byte	0x4
 1903 0347 F3       		.byte	0xf3
ARM GAS  C:\Users\JamesH\AppData\Local\Temp\ccet48pV.s 			page 37


 1904 0348 01       		.uleb128 0x1
 1905 0349 51       		.byte	0x51
 1906 034a 9F       		.byte	0x9f
 1907 034b 00000000 		.4byte	0
 1908 034f 00000000 		.4byte	0
 1909              	.LLST7:
 1910 0353 00000000 		.4byte	.LVL13
 1911 0357 F1000000 		.4byte	.LVL16-1
 1912 035b 0100     		.2byte	0x1
 1913 035d 52       		.byte	0x52
 1914 035e F1000000 		.4byte	.LVL16-1
 1915 0362 F4000000 		.4byte	.LVL17
 1916 0366 0400     		.2byte	0x4
 1917 0368 F3       		.byte	0xf3
 1918 0369 01       		.uleb128 0x1
 1919 036a 52       		.byte	0x52
 1920 036b 9F       		.byte	0x9f
 1921 036c F4000000 		.4byte	.LVL17
 1922 0370 F7000000 		.4byte	.LVL18-1
 1923 0374 0100     		.2byte	0x1
 1924 0376 52       		.byte	0x52
 1925 0377 F7000000 		.4byte	.LVL18-1
 1926 037b FA000000 		.4byte	.LVL19
 1927 037f 0400     		.2byte	0x4
 1928 0381 F3       		.byte	0xf3
 1929 0382 01       		.uleb128 0x1
 1930 0383 52       		.byte	0x52
 1931 0384 9F       		.byte	0x9f
 1932 0385 FA000000 		.4byte	.LVL19
 1933 0389 FF000000 		.4byte	.LVL21-1
 1934 038d 0100     		.2byte	0x1
 1935 038f 52       		.byte	0x52
 1936 0390 FF000000 		.4byte	.LVL21-1
 1937 0394 10010000 		.4byte	.LVL25
 1938 0398 0400     		.2byte	0x4
 1939 039a F3       		.byte	0xf3
 1940 039b 01       		.uleb128 0x1
 1941 039c 52       		.byte	0x52
 1942 039d 9F       		.byte	0x9f
 1943 039e 10010000 		.4byte	.LVL25
 1944 03a2 15010000 		.4byte	.LVL27-1
 1945 03a6 0100     		.2byte	0x1
 1946 03a8 52       		.byte	0x52
 1947 03a9 15010000 		.4byte	.LVL27-1
 1948 03ad 1C010000 		.4byte	.LVL29
 1949 03b1 0400     		.2byte	0x4
 1950 03b3 F3       		.byte	0xf3
 1951 03b4 01       		.uleb128 0x1
 1952 03b5 52       		.byte	0x52
 1953 03b6 9F       		.byte	0x9f
 1954 03b7 1C010000 		.4byte	.LVL29
 1955 03bb 1F010000 		.4byte	.LVL30-1
 1956 03bf 0100     		.2byte	0x1
 1957 03c1 52       		.byte	0x52
 1958 03c2 1F010000 		.4byte	.LVL30-1
 1959 03c6 22010000 		.4byte	.LVL31
 1960 03ca 0400     		.2byte	0x4
ARM GAS  C:\Users\JamesH\AppData\Local\Temp\ccet48pV.s 			page 38


 1961 03cc F3       		.byte	0xf3
 1962 03cd 01       		.uleb128 0x1
 1963 03ce 52       		.byte	0x52
 1964 03cf 9F       		.byte	0x9f
 1965 03d0 22010000 		.4byte	.LVL31
 1966 03d4 29010000 		.4byte	.LVL33-1
 1967 03d8 0100     		.2byte	0x1
 1968 03da 52       		.byte	0x52
 1969 03db 29010000 		.4byte	.LVL33-1
 1970 03df 2C010000 		.4byte	.LVL34
 1971 03e3 0400     		.2byte	0x4
 1972 03e5 F3       		.byte	0xf3
 1973 03e6 01       		.uleb128 0x1
 1974 03e7 52       		.byte	0x52
 1975 03e8 9F       		.byte	0x9f
 1976 03e9 2C010000 		.4byte	.LVL34
 1977 03ed 33010000 		.4byte	.LVL36-1
 1978 03f1 0100     		.2byte	0x1
 1979 03f3 52       		.byte	0x52
 1980 03f4 33010000 		.4byte	.LVL36-1
 1981 03f8 36010000 		.4byte	.LVL37
 1982 03fc 0400     		.2byte	0x4
 1983 03fe F3       		.byte	0xf3
 1984 03ff 01       		.uleb128 0x1
 1985 0400 52       		.byte	0x52
 1986 0401 9F       		.byte	0x9f
 1987 0402 36010000 		.4byte	.LVL37
 1988 0406 3B010000 		.4byte	.LVL39-1
 1989 040a 0100     		.2byte	0x1
 1990 040c 52       		.byte	0x52
 1991 040d 3B010000 		.4byte	.LVL39-1
 1992 0411 3E010000 		.4byte	.LVL40
 1993 0415 0400     		.2byte	0x4
 1994 0417 F3       		.byte	0xf3
 1995 0418 01       		.uleb128 0x1
 1996 0419 52       		.byte	0x52
 1997 041a 9F       		.byte	0x9f
 1998 041b 3E010000 		.4byte	.LVL40
 1999 041f 43010000 		.4byte	.LVL42-1
 2000 0423 0100     		.2byte	0x1
 2001 0425 52       		.byte	0x52
 2002 0426 43010000 		.4byte	.LVL42-1
 2003 042a 46010000 		.4byte	.LVL43
 2004 042e 0400     		.2byte	0x4
 2005 0430 F3       		.byte	0xf3
 2006 0431 01       		.uleb128 0x1
 2007 0432 52       		.byte	0x52
 2008 0433 9F       		.byte	0x9f
 2009 0434 46010000 		.4byte	.LVL43
 2010 0438 4D010000 		.4byte	.LVL45-1
 2011 043c 0100     		.2byte	0x1
 2012 043e 52       		.byte	0x52
 2013 043f 4D010000 		.4byte	.LVL45-1
 2014 0443 50010000 		.4byte	.LVL46
 2015 0447 0400     		.2byte	0x4
 2016 0449 F3       		.byte	0xf3
 2017 044a 01       		.uleb128 0x1
ARM GAS  C:\Users\JamesH\AppData\Local\Temp\ccet48pV.s 			page 39


 2018 044b 52       		.byte	0x52
 2019 044c 9F       		.byte	0x9f
 2020 044d 50010000 		.4byte	.LVL46
 2021 0451 53010000 		.4byte	.LVL47-1
 2022 0455 0100     		.2byte	0x1
 2023 0457 52       		.byte	0x52
 2024 0458 53010000 		.4byte	.LVL47-1
 2025 045c 56010000 		.4byte	.LVL48
 2026 0460 0400     		.2byte	0x4
 2027 0462 F3       		.byte	0xf3
 2028 0463 01       		.uleb128 0x1
 2029 0464 52       		.byte	0x52
 2030 0465 9F       		.byte	0x9f
 2031 0466 56010000 		.4byte	.LVL48
 2032 046a 59010000 		.4byte	.LVL49-1
 2033 046e 0100     		.2byte	0x1
 2034 0470 52       		.byte	0x52
 2035 0471 59010000 		.4byte	.LVL49-1
 2036 0475 5C010000 		.4byte	.LVL50
 2037 0479 0400     		.2byte	0x4
 2038 047b F3       		.byte	0xf3
 2039 047c 01       		.uleb128 0x1
 2040 047d 52       		.byte	0x52
 2041 047e 9F       		.byte	0x9f
 2042 047f 5C010000 		.4byte	.LVL50
 2043 0483 5F010000 		.4byte	.LVL51-1
 2044 0487 0100     		.2byte	0x1
 2045 0489 52       		.byte	0x52
 2046 048a 5F010000 		.4byte	.LVL51-1
 2047 048e 62010000 		.4byte	.LVL52
 2048 0492 0400     		.2byte	0x4
 2049 0494 F3       		.byte	0xf3
 2050 0495 01       		.uleb128 0x1
 2051 0496 52       		.byte	0x52
 2052 0497 9F       		.byte	0x9f
 2053 0498 62010000 		.4byte	.LVL52
 2054 049c 67010000 		.4byte	.LVL54-1
 2055 04a0 0100     		.2byte	0x1
 2056 04a2 52       		.byte	0x52
 2057 04a3 67010000 		.4byte	.LVL54-1
 2058 04a7 6A010000 		.4byte	.LVL55
 2059 04ab 0400     		.2byte	0x4
 2060 04ad F3       		.byte	0xf3
 2061 04ae 01       		.uleb128 0x1
 2062 04af 52       		.byte	0x52
 2063 04b0 9F       		.byte	0x9f
 2064 04b1 6A010000 		.4byte	.LVL55
 2065 04b5 6F010000 		.4byte	.LVL57-1
 2066 04b9 0100     		.2byte	0x1
 2067 04bb 52       		.byte	0x52
 2068 04bc 6F010000 		.4byte	.LVL57-1
 2069 04c0 76010000 		.4byte	.LVL59
 2070 04c4 0400     		.2byte	0x4
 2071 04c6 F3       		.byte	0xf3
 2072 04c7 01       		.uleb128 0x1
 2073 04c8 52       		.byte	0x52
 2074 04c9 9F       		.byte	0x9f
ARM GAS  C:\Users\JamesH\AppData\Local\Temp\ccet48pV.s 			page 40


 2075 04ca 76010000 		.4byte	.LVL59
 2076 04ce 79010000 		.4byte	.LVL60-1
 2077 04d2 0100     		.2byte	0x1
 2078 04d4 52       		.byte	0x52
 2079 04d5 79010000 		.4byte	.LVL60-1
 2080 04d9 7C010000 		.4byte	.LVL61
 2081 04dd 0400     		.2byte	0x4
 2082 04df F3       		.byte	0xf3
 2083 04e0 01       		.uleb128 0x1
 2084 04e1 52       		.byte	0x52
 2085 04e2 9F       		.byte	0x9f
 2086 04e3 7C010000 		.4byte	.LVL61
 2087 04e7 7F010000 		.4byte	.LVL62-1
 2088 04eb 0100     		.2byte	0x1
 2089 04ed 52       		.byte	0x52
 2090 04ee 7F010000 		.4byte	.LVL62-1
 2091 04f2 82010000 		.4byte	.LVL63
 2092 04f6 0400     		.2byte	0x4
 2093 04f8 F3       		.byte	0xf3
 2094 04f9 01       		.uleb128 0x1
 2095 04fa 52       		.byte	0x52
 2096 04fb 9F       		.byte	0x9f
 2097 04fc 82010000 		.4byte	.LVL63
 2098 0500 85010000 		.4byte	.LVL64-1
 2099 0504 0100     		.2byte	0x1
 2100 0506 52       		.byte	0x52
 2101 0507 85010000 		.4byte	.LVL64-1
 2102 050b 88010000 		.4byte	.LVL65
 2103 050f 0400     		.2byte	0x4
 2104 0511 F3       		.byte	0xf3
 2105 0512 01       		.uleb128 0x1
 2106 0513 52       		.byte	0x52
 2107 0514 9F       		.byte	0x9f
 2108 0515 88010000 		.4byte	.LVL65
 2109 0519 8B010000 		.4byte	.LVL66-1
 2110 051d 0100     		.2byte	0x1
 2111 051f 52       		.byte	0x52
 2112 0520 8B010000 		.4byte	.LVL66-1
 2113 0524 8E010000 		.4byte	.LVL67
 2114 0528 0400     		.2byte	0x4
 2115 052a F3       		.byte	0xf3
 2116 052b 01       		.uleb128 0x1
 2117 052c 52       		.byte	0x52
 2118 052d 9F       		.byte	0x9f
 2119 052e 8E010000 		.4byte	.LVL67
 2120 0532 91010000 		.4byte	.LVL68-1
 2121 0536 0100     		.2byte	0x1
 2122 0538 52       		.byte	0x52
 2123 0539 91010000 		.4byte	.LVL68-1
 2124 053d 94010000 		.4byte	.LVL69
 2125 0541 0400     		.2byte	0x4
 2126 0543 F3       		.byte	0xf3
 2127 0544 01       		.uleb128 0x1
 2128 0545 52       		.byte	0x52
 2129 0546 9F       		.byte	0x9f
 2130 0547 94010000 		.4byte	.LVL69
 2131 054b 97010000 		.4byte	.LVL70-1
ARM GAS  C:\Users\JamesH\AppData\Local\Temp\ccet48pV.s 			page 41


 2132 054f 0100     		.2byte	0x1
 2133 0551 52       		.byte	0x52
 2134 0552 97010000 		.4byte	.LVL70-1
 2135 0556 9A010000 		.4byte	.LVL71
 2136 055a 0400     		.2byte	0x4
 2137 055c F3       		.byte	0xf3
 2138 055d 01       		.uleb128 0x1
 2139 055e 52       		.byte	0x52
 2140 055f 9F       		.byte	0x9f
 2141 0560 9A010000 		.4byte	.LVL71
 2142 0564 9D010000 		.4byte	.LVL72-1
 2143 0568 0100     		.2byte	0x1
 2144 056a 52       		.byte	0x52
 2145 056b 9D010000 		.4byte	.LVL72-1
 2146 056f A0010000 		.4byte	.LVL73
 2147 0573 0400     		.2byte	0x4
 2148 0575 F3       		.byte	0xf3
 2149 0576 01       		.uleb128 0x1
 2150 0577 52       		.byte	0x52
 2151 0578 9F       		.byte	0x9f
 2152 0579 A0010000 		.4byte	.LVL73
 2153 057d A3010000 		.4byte	.LVL74-1
 2154 0581 0100     		.2byte	0x1
 2155 0583 52       		.byte	0x52
 2156 0584 A3010000 		.4byte	.LVL74-1
 2157 0588 A6010000 		.4byte	.LVL75
 2158 058c 0400     		.2byte	0x4
 2159 058e F3       		.byte	0xf3
 2160 058f 01       		.uleb128 0x1
 2161 0590 52       		.byte	0x52
 2162 0591 9F       		.byte	0x9f
 2163 0592 A6010000 		.4byte	.LVL75
 2164 0596 A9010000 		.4byte	.LVL76-1
 2165 059a 0100     		.2byte	0x1
 2166 059c 52       		.byte	0x52
 2167 059d A9010000 		.4byte	.LVL76-1
 2168 05a1 AE010000 		.4byte	.LFE64
 2169 05a5 0400     		.2byte	0x4
 2170 05a7 F3       		.byte	0xf3
 2171 05a8 01       		.uleb128 0x1
 2172 05a9 52       		.byte	0x52
 2173 05aa 9F       		.byte	0x9f
 2174 05ab 00000000 		.4byte	0
 2175 05af 00000000 		.4byte	0
 2176              		.section	.debug_aranges,"",%progbits
 2177 0000 2C000000 		.4byte	0x2c
 2178 0004 0200     		.2byte	0x2
 2179 0006 00000000 		.4byte	.Ldebug_info0
 2180 000a 04       		.byte	0x4
 2181 000b 00       		.byte	0
 2182 000c 0000     		.2byte	0
 2183 000e 0000     		.2byte	0
 2184 0010 00000000 		.4byte	.LFB65
 2185 0014 6A000000 		.4byte	.LFE65-.LFB65
 2186 0018 00000000 		.4byte	.LFB66
 2187 001c 30000000 		.4byte	.LFE66-.LFB66
 2188 0020 00000000 		.4byte	.LFB64
ARM GAS  C:\Users\JamesH\AppData\Local\Temp\ccet48pV.s 			page 42


 2189 0024 AE010000 		.4byte	.LFE64-.LFB64
 2190 0028 00000000 		.4byte	0
 2191 002c 00000000 		.4byte	0
 2192              		.section	.debug_ranges,"",%progbits
 2193              	.Ldebug_ranges0:
 2194 0000 00000000 		.4byte	.LFB65
 2195 0004 6A000000 		.4byte	.LFE65
 2196 0008 00000000 		.4byte	.LFB66
 2197 000c 30000000 		.4byte	.LFE66
 2198 0010 00000000 		.4byte	.LFB64
 2199 0014 AE010000 		.4byte	.LFE64
 2200 0018 00000000 		.4byte	0
 2201 001c 00000000 		.4byte	0
 2202              		.section	.debug_line,"",%progbits
 2203              	.Ldebug_line0:
 2204 0000 13020000 		.section	.debug_str,"MS",%progbits,1
 2204      02009701 
 2204      00000201 
 2204      FB0E0D00 
 2204      01010101 
 2205              	.LASF48:
 2206 0000 4C495333 		.ascii	"LIS3MDL_Begin\000"
 2206      4D444C5F 
 2206      42656769 
 2206      6E00
 2207              	.LASF54:
 2208 000e 666E5265 		.ascii	"fnReceive.c\000"
 2208      63656976 
 2208      652E6300 
 2209              	.LASF3:
 2210 001a 73686F72 		.ascii	"short int\000"
 2210      7420696E 
 2210      7400
 2211              	.LASF25:
 2212 0024 666E4361 		.ascii	"fnCall\000"
 2212      6C6C00
 2213              	.LASF28:
 2214 002b 55415254 		.ascii	"UART_RPi_PutArray\000"
 2214      5F525069 
 2214      5F507574 
 2214      41727261 
 2214      7900
 2215              	.LASF16:
 2216 003d 73697A65 		.ascii	"sizetype\000"
 2216      74797065 
 2216      00
 2217              	.LASF43:
 2218 0046 6D6F7665 		.ascii	"moveAngle\000"
 2218      416E676C 
 2218      6500
 2219              	.LASF31:
 2220 0050 54423930 		.ascii	"TB9051_VehMoveTo\000"
 2220      35315F56 
 2220      65684D6F 
 2220      7665546F 
 2220      00
 2221              	.LASF26:
ARM GAS  C:\Users\JamesH\AppData\Local\Temp\ccet48pV.s 			page 43


 2222 0061 7050726D 		.ascii	"pPrm1\000"
 2222      3100
 2223              	.LASF27:
 2224 0067 7050726D 		.ascii	"pPrm2\000"
 2224      3200
 2225              	.LASF50:
 2226 006d 4C495333 		.ascii	"LIS3MDL_TransferByte\000"
 2226      4D444C5F 
 2226      5472616E 
 2226      73666572 
 2226      42797465 
 2227              	.LASF29:
 2228 0082 55415254 		.ascii	"UART_PutString\000"
 2228      5F507574 
 2228      53747269 
 2228      6E6700
 2229              	.LASF46:
 2230 0091 64697374 		.ascii	"distMeasureL\000"
 2230      4D656173 
 2230      7572654C 
 2230      00
 2231              	.LASF47:
 2232 009e 64697374 		.ascii	"distMeasureR\000"
 2232      4D656173 
 2232      75726552 
 2232      00
 2233              	.LASF33:
 2234 00ab 54423930 		.ascii	"TB9051_Reverse\000"
 2234      35315F52 
 2234      65766572 
 2234      736500
 2235              	.LASF19:
 2236 00ba 74784275 		.ascii	"txBuffer\000"
 2236      66666572 
 2236      00
 2237              	.LASF22:
 2238 00c3 666E5365 		.ascii	"fnSend\000"
 2238      6E6400
 2239              	.LASF0:
 2240 00ca 666C6F61 		.ascii	"float\000"
 2240      7400
 2241              	.LASF7:
 2242 00d0 6C6F6E67 		.ascii	"long long int\000"
 2242      206C6F6E 
 2242      6720696E 
 2242      7400
 2243              	.LASF45:
 2244 00de 64697374 		.ascii	"distMeasure\000"
 2244      4D656173 
 2244      75726500 
 2245              	.LASF17:
 2246 00ea 70617261 		.ascii	"para2\000"
 2246      3200
 2247              	.LASF18:
 2248 00f0 70617261 		.ascii	"para3\000"
 2248      3300
 2249              	.LASF5:
ARM GAS  C:\Users\JamesH\AppData\Local\Temp\ccet48pV.s 			page 44


 2250 00f6 6C6F6E67 		.ascii	"long int\000"
 2250      20696E74 
 2250      00
 2251              	.LASF52:
 2252 00ff 4C534D36 		.ascii	"LSM6DS3_Begin\000"
 2252      4453335F 
 2252      42656769 
 2252      6E00
 2253              	.LASF32:
 2254 010d 54423930 		.ascii	"TB9051_Begin\000"
 2254      35315F42 
 2254      6567696E 
 2254      00
 2255              	.LASF2:
 2256 011a 756E7369 		.ascii	"unsigned char\000"
 2256      676E6564 
 2256      20636861 
 2256      7200
 2257              	.LASF15:
 2258 0128 6C6F6E67 		.ascii	"long double\000"
 2258      20646F75 
 2258      626C6500 
 2259              	.LASF21:
 2260 0134 42746F46 		.ascii	"BtoFb\000"
 2260      6200
 2261              	.LASF49:
 2262 013a 4C495333 		.ascii	"LIS3MDL_MasterStatus\000"
 2262      4D444C5F 
 2262      4D617374 
 2262      65725374 
 2262      61747573 
 2263              	.LASF24:
 2264 014f 72657379 		.ascii	"resyncBuff\000"
 2264      6E634275 
 2264      666600
 2265              	.LASF44:
 2266 015a 48435352 		.ascii	"HCSR04_Begin\000"
 2266      30345F42 
 2266      6567696E 
 2266      00
 2267              	.LASF35:
 2268 0167 54423930 		.ascii	"TB9051_VehBrake\000"
 2268      35315F56 
 2268      65684272 
 2268      616B6500 
 2269              	.LASF1:
 2270 0177 7369676E 		.ascii	"signed char\000"
 2270      65642063 
 2270      68617200 
 2271              	.LASF8:
 2272 0183 6C6F6E67 		.ascii	"long long unsigned int\000"
 2272      206C6F6E 
 2272      6720756E 
 2272      7369676E 
 2272      65642069 
 2273              	.LASF9:
 2274 019a 756E7369 		.ascii	"unsigned int\000"
ARM GAS  C:\Users\JamesH\AppData\Local\Temp\ccet48pV.s 			page 45


 2274      676E6564 
 2274      20696E74 
 2274      00
 2275              	.LASF51:
 2276 01a7 4C495333 		.ascii	"LIS3MDL_TransferMultipleBytes\000"
 2276      4D444C5F 
 2276      5472616E 
 2276      73666572 
 2276      4D756C74 
 2277              	.LASF4:
 2278 01c5 73686F72 		.ascii	"short unsigned int\000"
 2278      7420756E 
 2278      7369676E 
 2278      65642069 
 2278      6E7400
 2279              	.LASF38:
 2280 01d8 54423930 		.ascii	"TB9051_VehReverse_PID\000"
 2280      35315F56 
 2280      65685265 
 2280      76657273 
 2280      655F5049 
 2281              	.LASF14:
 2282 01ee 63686172 		.ascii	"char\000"
 2282      00
 2283              	.LASF11:
 2284 01f3 696E7433 		.ascii	"int32_t\000"
 2284      325F7400 
 2285              	.LASF12:
 2286 01fb 75696E74 		.ascii	"uint8\000"
 2286      3800
 2287              	.LASF6:
 2288 0201 6C6F6E67 		.ascii	"long unsigned int\000"
 2288      20756E73 
 2288      69676E65 
 2288      6420696E 
 2288      7400
 2289              	.LASF13:
 2290 0213 646F7562 		.ascii	"double\000"
 2290      6C6500
 2291              	.LASF30:
 2292 021a 55415254 		.ascii	"UART_RPi_GetTxBufferSize\000"
 2292      5F525069 
 2292      5F476574 
 2292      54784275 
 2292      66666572 
 2293              	.LASF37:
 2294 0233 54423930 		.ascii	"TB9051_VehForward_PID\000"
 2294      35315F56 
 2294      6568466F 
 2294      72776172 
 2294      645F5049 
 2295              	.LASF36:
 2296 0249 6C696E41 		.ascii	"linAngToVel\000"
 2296      6E67546F 
 2296      56656C00 
 2297              	.LASF23:
 2298 0255 55617274 		.ascii	"Uart_Resync\000"
ARM GAS  C:\Users\JamesH\AppData\Local\Temp\ccet48pV.s 			page 46


 2298      5F526573 
 2298      796E6300 
 2299              	.LASF10:
 2300 0261 5F5F696E 		.ascii	"__int32_t\000"
 2300      7433325F 
 2300      7400
 2301              	.LASF20:
 2302 026b 42746F46 		.ascii	"BtoFa\000"
 2302      6100
 2303              	.LASF42:
 2304 0271 53746570 		.ascii	"Stepper_OneRot\000"
 2304      7065725F 
 2304      4F6E6552 
 2304      6F7400
 2305              	.LASF41:
 2306 0280 53746570 		.ascii	"Stepper_Off\000"
 2306      7065725F 
 2306      4F666600 
 2307              	.LASF56:
 2308 028c 49544D5F 		.ascii	"ITM_RxBuffer\000"
 2308      52784275 
 2308      66666572 
 2308      00
 2309              	.LASF53:
 2310 0299 474E5520 		.ascii	"GNU C11 5.4.1 20160609 (release) [ARM/embedded-5-br"
 2310      43313120 
 2310      352E342E 
 2310      31203230 
 2310      31363036 
 2311 02cc 616E6368 		.ascii	"anch revision 237715] -mcpu=cortex-m3 -mthumb -g -O"
 2311      20726576 
 2311      6973696F 
 2311      6E203233 
 2311      37373135 
 2312 02ff 67202D66 		.ascii	"g -ffunction-sections -ffat-lto-objects\000"
 2312      66756E63 
 2312      74696F6E 
 2312      2D736563 
 2312      74696F6E 
 2313              	.LASF40:
 2314 0327 53746570 		.ascii	"Stepper_On\000"
 2314      7065725F 
 2314      4F6E00
 2315              	.LASF55:
 2316 0332 433A5C55 		.ascii	"C:\\Users\\JamesH\\Desktop\\ECE4191-Team-13-PSoC\\P"
 2316      73657273 
 2316      5C4A616D 
 2316      6573485C 
 2316      4465736B 
 2317 0360 536F4335 		.ascii	"SoC5_Team13Project.cydsn\000"
 2317      5F546561 
 2317      6D313350 
 2317      726F6A65 
 2317      63742E63 
 2318              	.LASF39:
 2319 0379 6C696E41 		.ascii	"linAngToVel_PID\000"
 2319      6E67546F 
ARM GAS  C:\Users\JamesH\AppData\Local\Temp\ccet48pV.s 			page 47


 2319      56656C5F 
 2319      50494400 
 2320              	.LASF34:
 2321 0389 54423930 		.ascii	"TB9051_Brake\000"
 2321      35315F42 
 2321      72616B65 
 2321      00
 2322              		.ident	"GCC: (GNU Tools for ARM Embedded Processors) 5.4.1 20160609 (release) [ARM/embedded-5-bran
