ARM GAS  C:\Users\JamesH\AppData\Local\Temp\cccgTYo2.s 			page 1


   1              		.syntax unified
   2              		.cpu cortex-m3
   3              		.fpu softvfp
   4              		.eabi_attribute 20, 1
   5              		.eabi_attribute 21, 1
   6              		.eabi_attribute 23, 3
   7              		.eabi_attribute 24, 1
   8              		.eabi_attribute 25, 1
   9              		.eabi_attribute 26, 1
  10              		.eabi_attribute 30, 1
  11              		.eabi_attribute 34, 1
  12              		.eabi_attribute 18, 4
  13              		.thumb
  14              		.syntax unified
  15              		.file	"HCSR04.c"
  16              		.text
  17              	.Ltext0:
  18              		.cfi_sections	.debug_frame
  19              		.section	.text.HCSR04_Begin,"ax",%progbits
  20              		.align	2
  21              		.global	HCSR04_Begin
  22              		.thumb
  23              		.thumb_func
  24              		.type	HCSR04_Begin, %function
  25              	HCSR04_Begin:
  26              	.LFB64:
  27              		.file 1 "HCSR04.c"
   1:HCSR04.c      **** /* ========================================
   2:HCSR04.c      ****  *
   3:HCSR04.c      ****  * Copyright YOUR COMPANY, THE YEAR
   4:HCSR04.c      ****  * All Rights Reserved
   5:HCSR04.c      ****  * UNPUBLISHED, LICENSED SOFTWARE.
   6:HCSR04.c      ****  *
   7:HCSR04.c      ****  * CONFIDENTIAL AND PROPRIETARY INFORMATION
   8:HCSR04.c      ****  * WHICH IS THE PROPERTY OF your company.
   9:HCSR04.c      ****  *
  10:HCSR04.c      ****  * ========================================
  11:HCSR04.c      **** */
  12:HCSR04.c      **** #include "project.h"
  13:HCSR04.c      **** #include "HCSR04.h"
  14:HCSR04.c      **** #include "stdio.h"
  15:HCSR04.c      **** #include <stdlib.h>
  16:HCSR04.c      **** #include "HCSR04.h"
  17:HCSR04.c      **** #define AV_Ln 5
  18:HCSR04.c      **** 
  19:HCSR04.c      **** float spSound = 331.5;
  20:HCSR04.c      **** CY_ISR(Capture2);
  21:HCSR04.c      **** CY_ISR(Trigger);
  22:HCSR04.c      **** int mCounterR = 0;
  23:HCSR04.c      **** int mCounterL = 0;
  24:HCSR04.c      **** int initFlag = 0;
  25:HCSR04.c      **** int compLFlag = 0;
  26:HCSR04.c      **** int compRFlag = 0;
  27:HCSR04.c      **** float distL[AV_Ln] = {0};
  28:HCSR04.c      **** float distAvL = 0;
  29:HCSR04.c      **** float distAvR = 0;
  30:HCSR04.c      **** float distR[AV_Ln] = {0};
ARM GAS  C:\Users\JamesH\AppData\Local\Temp\cccgTYo2.s 			page 2


  31:HCSR04.c      **** extern float US_L, US_R;
  32:HCSR04.c      **** int lockoutCount = 0;
  33:HCSR04.c      **** 
  34:HCSR04.c      **** void HCSR04_Begin(){
  28              		.loc 1 34 0
  29              		.cfi_startproc
  30              		@ args = 0, pretend = 0, frame = 0
  31              		@ frame_needed = 0, uses_anonymous_args = 0
  32 0000 08B5     		push	{r3, lr}
  33              		.cfi_def_cfa_offset 8
  34              		.cfi_offset 3, -8
  35              		.cfi_offset 14, -4
  35:HCSR04.c      ****     E_R_Start();                // Begin interrupts
  36              		.loc 1 35 0
  37 0002 FFF7FEFF 		bl	E_R_Start
  38              	.LVL0:
  36:HCSR04.c      ****     E_L_Start();
  39              		.loc 1 36 0
  40 0006 FFF7FEFF 		bl	E_L_Start
  41              	.LVL1:
  37:HCSR04.c      ****     E_R_ClearPending();
  42              		.loc 1 37 0
  43 000a FFF7FEFF 		bl	E_R_ClearPending
  44              	.LVL2:
  38:HCSR04.c      ****     E_R_StartEx(CaptureR);
  45              		.loc 1 38 0
  46 000e 0C48     		ldr	r0, .L3
  47 0010 FFF7FEFF 		bl	E_R_StartEx
  48              	.LVL3:
  39:HCSR04.c      ****     E_L_ClearPending();
  49              		.loc 1 39 0
  50 0014 FFF7FEFF 		bl	E_L_ClearPending
  51              	.LVL4:
  40:HCSR04.c      ****     E_L_StartEx(CaptureL);
  52              		.loc 1 40 0
  53 0018 0A48     		ldr	r0, .L3+4
  54 001a FFF7FEFF 		bl	E_L_StartEx
  55              	.LVL5:
  41:HCSR04.c      ****     US_Trig_Start();
  56              		.loc 1 41 0
  57 001e FFF7FEFF 		bl	US_Trig_Start
  58              	.LVL6:
  42:HCSR04.c      ****     US_Trig_ClearPending();
  59              		.loc 1 42 0
  60 0022 FFF7FEFF 		bl	US_Trig_ClearPending
  61              	.LVL7:
  43:HCSR04.c      ****     US_Trig_StartEx(Trigger);
  62              		.loc 1 43 0
  63 0026 0848     		ldr	r0, .L3+8
  64 0028 FFF7FEFF 		bl	US_Trig_StartEx
  65              	.LVL8:
  44:HCSR04.c      ****     Timer_R_Start();            //Begin Timers
  66              		.loc 1 44 0
  67 002c FFF7FEFF 		bl	Timer_R_Start
  68              	.LVL9:
  45:HCSR04.c      ****     Timer_L_Start();
  69              		.loc 1 45 0
ARM GAS  C:\Users\JamesH\AppData\Local\Temp\cccgTYo2.s 			page 3


  70 0030 FFF7FEFF 		bl	Timer_L_Start
  71              	.LVL10:
  46:HCSR04.c      ****     US_Timer_Start();
  72              		.loc 1 46 0
  73 0034 FFF7FEFF 		bl	US_Timer_Start
  74              	.LVL11:
  47:HCSR04.c      ****     initFlag = 1;
  75              		.loc 1 47 0
  76 0038 0122     		movs	r2, #1
  77 003a 044B     		ldr	r3, .L3+12
  78 003c 1A60     		str	r2, [r3]
  79 003e 08BD     		pop	{r3, pc}
  80              	.L4:
  81              		.align	2
  82              	.L3:
  83 0040 00000000 		.word	CaptureR
  84 0044 00000000 		.word	CaptureL
  85 0048 00000000 		.word	Trigger
  86 004c 00000000 		.word	.LANCHOR0
  87              		.cfi_endproc
  88              	.LFE64:
  89              		.size	HCSR04_Begin, .-HCSR04_Begin
  90              		.section	.text.distMeasureL,"ax",%progbits
  91              		.align	2
  92              		.global	distMeasureL
  93              		.thumb
  94              		.thumb_func
  95              		.type	distMeasureL, %function
  96              	distMeasureL:
  97              	.LFB66:
  48:HCSR04.c      **** }
  49:HCSR04.c      **** 
  50:HCSR04.c      **** void distMeasure(){
  51:HCSR04.c      ****     if (initFlag){
  52:HCSR04.c      ****         compLFlag = 0; compRFlag = 0;
  53:HCSR04.c      ****         distMeasureL();
  54:HCSR04.c      ****         distMeasureR();
  55:HCSR04.c      ****         //CyDelay(5);            // TO-DO: Replace this with something more efficient
  56:HCSR04.c      ****         int i = 0;
  57:HCSR04.c      ****         do {
  58:HCSR04.c      ****             CyDelayUs(10);
  59:HCSR04.c      ****             i++;
  60:HCSR04.c      ****         } while((i < 500) & (compLFlag == 0 & compRFlag == 0));
  61:HCSR04.c      ****         
  62:HCSR04.c      ****         if (distAvL < 0.04 | distAvR < 0.04) {
  63:HCSR04.c      ****             lockoutCount++;
  64:HCSR04.c      ****             if (lockoutCount == 3) {
  65:HCSR04.c      ****                 MotorStop();
  66:HCSR04.c      ****             }
  67:HCSR04.c      ****         }
  68:HCSR04.c      ****             
  69:HCSR04.c      ****             
  70:HCSR04.c      ****         if (distAvL < 0.5 | distAvR < 0.5)
  71:HCSR04.c      ****             fnSend(101, &distAvL ,&distAvR);
  72:HCSR04.c      ****             
  73:HCSR04.c      ****             
  74:HCSR04.c      ****     }
ARM GAS  C:\Users\JamesH\AppData\Local\Temp\cccgTYo2.s 			page 4


  75:HCSR04.c      ****     else HCSR04_Begin();
  76:HCSR04.c      **** }
  77:HCSR04.c      **** 
  78:HCSR04.c      **** void distMeasureL(){
  98              		.loc 1 78 0
  99              		.cfi_startproc
 100              		@ args = 0, pretend = 0, frame = 0
 101              		@ frame_needed = 0, uses_anonymous_args = 0
 102 0000 08B5     		push	{r3, lr}
 103              		.cfi_def_cfa_offset 8
 104              		.cfi_offset 3, -8
 105              		.cfi_offset 14, -4
  79:HCSR04.c      ****     US_L_Write(1); //write the trigger pin high for greater than 10microseconds
 106              		.loc 1 79 0
 107 0002 0120     		movs	r0, #1
 108 0004 FFF7FEFF 		bl	US_L_Write
 109              	.LVL12:
  80:HCSR04.c      ****     CyDelayUs(15);
 110              		.loc 1 80 0
 111 0008 0F20     		movs	r0, #15
 112 000a FFF7FEFF 		bl	CyDelayUs
 113              	.LVL13:
  81:HCSR04.c      ****     US_L_Write(0);
 114              		.loc 1 81 0
 115 000e 0020     		movs	r0, #0
 116 0010 FFF7FEFF 		bl	US_L_Write
 117              	.LVL14:
 118 0014 08BD     		pop	{r3, pc}
 119              		.cfi_endproc
 120              	.LFE66:
 121              		.size	distMeasureL, .-distMeasureL
 122              		.global	__aeabi_ui2d
 123              		.global	__aeabi_ddiv
 124              		.global	__aeabi_d2f
 125              		.global	__aeabi_fmul
 126              		.global	__aeabi_fadd
 127              		.global	__aeabi_fdiv
 128 0016 00BF     		.section	.text.CaptureL,"ax",%progbits
 129              		.align	2
 130              		.global	CaptureL
 131              		.thumb
 132              		.thumb_func
 133              		.type	CaptureL, %function
 134              	CaptureL:
 135              	.LFB69:
  82:HCSR04.c      **** }
  83:HCSR04.c      **** 
  84:HCSR04.c      **** void distMeasureR(){
  85:HCSR04.c      ****     US_R_Write(1); //write the trigger pin high for greater than 10microseconds
  86:HCSR04.c      ****     CyDelayUs(15);
  87:HCSR04.c      ****     US_R_Write(0);   
  88:HCSR04.c      **** }
  89:HCSR04.c      ****      
  90:HCSR04.c      **** CY_ISR(CaptureR) //ISR3
  91:HCSR04.c      **** {
  92:HCSR04.c      ****     uint32 clicks = Timer_R_ReadPeriod() - Timer_R_ReadCapture();
  93:HCSR04.c      ****     float pulseLength = clicks / (24E6);            // Frequency  
ARM GAS  C:\Users\JamesH\AppData\Local\Temp\cccgTYo2.s 			page 5


  94:HCSR04.c      ****     distR[mCounterR] =  spSound * pulseLength / 2;  // distance to an object = ((speed of sound in 
  95:HCSR04.c      ****     mCounterR++;
  96:HCSR04.c      ****     
  97:HCSR04.c      ****     if (mCounterR == 3) {                           
  98:HCSR04.c      ****         distAvR = (distR[0] + distR[1] + distR[2]) / AV_Ln;
  99:HCSR04.c      ****         mCounterR = 0;
 100:HCSR04.c      ****     }
 101:HCSR04.c      ****     else distMeasureR();                           // Want to take the average of three measurement
 102:HCSR04.c      ****     compRFlag = 1;  
 103:HCSR04.c      **** }
 104:HCSR04.c      **** 
 105:HCSR04.c      **** 
 106:HCSR04.c      **** CY_ISR(CaptureL) //ISR3
 107:HCSR04.c      **** {
 136              		.loc 1 107 0
 137              		.cfi_startproc
 138              		@ args = 0, pretend = 0, frame = 0
 139              		@ frame_needed = 0, uses_anonymous_args = 0
 140 0000 38B5     		push	{r3, r4, r5, lr}
 141              		.cfi_def_cfa_offset 16
 142              		.cfi_offset 3, -16
 143              		.cfi_offset 4, -12
 144              		.cfi_offset 5, -8
 145              		.cfi_offset 14, -4
 108:HCSR04.c      ****     uint32 clicks = Timer_L_ReadPeriod() - Timer_L_ReadCapture();
 146              		.loc 1 108 0
 147 0002 FFF7FEFF 		bl	Timer_L_ReadPeriod
 148              	.LVL15:
 149 0006 0446     		mov	r4, r0
 150 0008 FFF7FEFF 		bl	Timer_L_ReadCapture
 151              	.LVL16:
 109:HCSR04.c      ****     float pulseLength = clicks / (24E6);
 152              		.loc 1 109 0
 153 000c 201A     		subs	r0, r4, r0
 154              	.LVL17:
 155 000e FFF7FEFF 		bl	__aeabi_ui2d
 156              	.LVL18:
 157 0012 19A3     		adr	r3, .L11
 158 0014 D3E90023 		ldrd	r2, [r3]
 159 0018 FFF7FEFF 		bl	__aeabi_ddiv
 160              	.LVL19:
 161 001c FFF7FEFF 		bl	__aeabi_d2f
 162              	.LVL20:
 110:HCSR04.c      ****     distL[mCounterL] =  spSound * pulseLength / 2;//distance to an object = ((speed of sound in the
 163              		.loc 1 110 0
 164 0020 174D     		ldr	r5, .L11+8
 165 0022 6C68     		ldr	r4, [r5, #4]
 166 0024 174B     		ldr	r3, .L11+12
 167 0026 1968     		ldr	r1, [r3]	@ float
 168 0028 FFF7FEFF 		bl	__aeabi_fmul
 169              	.LVL21:
 170 002c 4FF07C51 		mov	r1, #1056964608
 171 0030 FFF7FEFF 		bl	__aeabi_fmul
 172              	.LVL22:
 173 0034 05EB8403 		add	r3, r5, r4, lsl #2
 174 0038 9860     		str	r0, [r3, #8]	@ float
 111:HCSR04.c      ****     mCounterL++;
ARM GAS  C:\Users\JamesH\AppData\Local\Temp\cccgTYo2.s 			page 6


 175              		.loc 1 111 0
 176 003a 0134     		adds	r4, r4, #1
 177 003c 6C60     		str	r4, [r5, #4]
 112:HCSR04.c      ****     
 113:HCSR04.c      ****     if (mCounterL == 3) {
 178              		.loc 1 113 0
 179 003e 032C     		cmp	r4, #3
 180 0040 12D1     		bne	.L8
 114:HCSR04.c      ****         distAvL = (distL[0] + distL[1] + distL[2]) / AV_Ln;
 181              		.loc 1 114 0
 182 0042 E968     		ldr	r1, [r5, #12]	@ float
 183 0044 A868     		ldr	r0, [r5, #8]	@ float
 184 0046 FFF7FEFF 		bl	__aeabi_fadd
 185              	.LVL23:
 186 004a 2969     		ldr	r1, [r5, #16]	@ float
 187 004c FFF7FEFF 		bl	__aeabi_fadd
 188              	.LVL24:
 189 0050 0D49     		ldr	r1, .L11+16
 190 0052 FFF7FEFF 		bl	__aeabi_fdiv
 191              	.LVL25:
 192 0056 E861     		str	r0, [r5, #28]	@ float
 115:HCSR04.c      ****         US_L = distAvL;
 193              		.loc 1 115 0
 194 0058 0C4B     		ldr	r3, .L11+20
 195 005a 1860     		str	r0, [r3]	@ float
 116:HCSR04.c      ****         US_R = distAvR;
 196              		.loc 1 116 0
 197 005c 2A6A     		ldr	r2, [r5, #32]	@ float
 198 005e 0C4B     		ldr	r3, .L11+24
 199 0060 1A60     		str	r2, [r3]	@ float
 117:HCSR04.c      ****         mCounterL = 0;
 200              		.loc 1 117 0
 201 0062 0023     		movs	r3, #0
 202 0064 6B60     		str	r3, [r5, #4]
 203 0066 01E0     		b	.L9
 204              	.L8:
 118:HCSR04.c      ****     }
 119:HCSR04.c      ****     else distMeasureL();
 205              		.loc 1 119 0
 206 0068 FFF7FEFF 		bl	distMeasureL
 207              	.LVL26:
 208              	.L9:
 120:HCSR04.c      ****     compLFlag = 1;
 209              		.loc 1 120 0
 210 006c 0122     		movs	r2, #1
 211 006e 044B     		ldr	r3, .L11+8
 212 0070 5A62     		str	r2, [r3, #36]
 213 0072 38BD     		pop	{r3, r4, r5, pc}
 214              	.L12:
 215 0074 AFF30080 		.align	3
 216              	.L11:
 217 0078 00000000 		.word	0
 218 007c 60E37641 		.word	1098310496
 219 0080 00000000 		.word	.LANCHOR0
 220 0084 00000000 		.word	.LANCHOR1
 221 0088 0000A040 		.word	1084227584
 222 008c 00000000 		.word	US_L
ARM GAS  C:\Users\JamesH\AppData\Local\Temp\cccgTYo2.s 			page 7


 223 0090 00000000 		.word	US_R
 224              		.cfi_endproc
 225              	.LFE69:
 226              		.size	CaptureL, .-CaptureL
 227              		.section	.text.distMeasureR,"ax",%progbits
 228              		.align	2
 229              		.global	distMeasureR
 230              		.thumb
 231              		.thumb_func
 232              		.type	distMeasureR, %function
 233              	distMeasureR:
 234              	.LFB67:
  84:HCSR04.c      ****     US_R_Write(1); //write the trigger pin high for greater than 10microseconds
 235              		.loc 1 84 0
 236              		.cfi_startproc
 237              		@ args = 0, pretend = 0, frame = 0
 238              		@ frame_needed = 0, uses_anonymous_args = 0
 239 0000 08B5     		push	{r3, lr}
 240              		.cfi_def_cfa_offset 8
 241              		.cfi_offset 3, -8
 242              		.cfi_offset 14, -4
  85:HCSR04.c      ****     CyDelayUs(15);
 243              		.loc 1 85 0
 244 0002 0120     		movs	r0, #1
 245 0004 FFF7FEFF 		bl	US_R_Write
 246              	.LVL27:
  86:HCSR04.c      ****     US_R_Write(0);   
 247              		.loc 1 86 0
 248 0008 0F20     		movs	r0, #15
 249 000a FFF7FEFF 		bl	CyDelayUs
 250              	.LVL28:
  87:HCSR04.c      **** }
 251              		.loc 1 87 0
 252 000e 0020     		movs	r0, #0
 253 0010 FFF7FEFF 		bl	US_R_Write
 254              	.LVL29:
 255 0014 08BD     		pop	{r3, pc}
 256              		.cfi_endproc
 257              	.LFE67:
 258              		.size	distMeasureR, .-distMeasureR
 259 0016 00BF     		.section	.text.CaptureR,"ax",%progbits
 260              		.align	2
 261              		.global	CaptureR
 262              		.thumb
 263              		.thumb_func
 264              		.type	CaptureR, %function
 265              	CaptureR:
 266              	.LFB68:
  91:HCSR04.c      ****     uint32 clicks = Timer_R_ReadPeriod() - Timer_R_ReadCapture();
 267              		.loc 1 91 0
 268              		.cfi_startproc
 269              		@ args = 0, pretend = 0, frame = 0
 270              		@ frame_needed = 0, uses_anonymous_args = 0
 271 0000 38B5     		push	{r3, r4, r5, lr}
 272              		.cfi_def_cfa_offset 16
 273              		.cfi_offset 3, -16
 274              		.cfi_offset 4, -12
ARM GAS  C:\Users\JamesH\AppData\Local\Temp\cccgTYo2.s 			page 8


 275              		.cfi_offset 5, -8
 276              		.cfi_offset 14, -4
  92:HCSR04.c      ****     float pulseLength = clicks / (24E6);            // Frequency  
 277              		.loc 1 92 0
 278 0002 FFF7FEFF 		bl	Timer_R_ReadPeriod
 279              	.LVL30:
 280 0006 0446     		mov	r4, r0
 281 0008 FFF7FEFF 		bl	Timer_R_ReadCapture
 282              	.LVL31:
  93:HCSR04.c      ****     distR[mCounterR] =  spSound * pulseLength / 2;  // distance to an object = ((speed of sound in 
 283              		.loc 1 93 0
 284 000c 201A     		subs	r0, r4, r0
 285              	.LVL32:
 286 000e FFF7FEFF 		bl	__aeabi_ui2d
 287              	.LVL33:
 288 0012 17A3     		adr	r3, .L19
 289 0014 D3E90023 		ldrd	r2, [r3]
 290 0018 FFF7FEFF 		bl	__aeabi_ddiv
 291              	.LVL34:
 292 001c FFF7FEFF 		bl	__aeabi_d2f
 293              	.LVL35:
  94:HCSR04.c      ****     mCounterR++;
 294              		.loc 1 94 0
 295 0020 154D     		ldr	r5, .L19+8
 296 0022 AC6A     		ldr	r4, [r5, #40]
 297 0024 154B     		ldr	r3, .L19+12
 298 0026 1968     		ldr	r1, [r3]	@ float
 299 0028 FFF7FEFF 		bl	__aeabi_fmul
 300              	.LVL36:
 301 002c 4FF07C51 		mov	r1, #1056964608
 302 0030 FFF7FEFF 		bl	__aeabi_fmul
 303              	.LVL37:
 304 0034 05EB8403 		add	r3, r5, r4, lsl #2
 305 0038 D862     		str	r0, [r3, #44]	@ float
  95:HCSR04.c      ****     
 306              		.loc 1 95 0
 307 003a 0134     		adds	r4, r4, #1
 308 003c AC62     		str	r4, [r5, #40]
  97:HCSR04.c      ****         distAvR = (distR[0] + distR[1] + distR[2]) / AV_Ln;
 309              		.loc 1 97 0
 310 003e 032C     		cmp	r4, #3
 311 0040 0DD1     		bne	.L16
  98:HCSR04.c      ****         mCounterR = 0;
 312              		.loc 1 98 0
 313 0042 296B     		ldr	r1, [r5, #48]	@ float
 314 0044 E86A     		ldr	r0, [r5, #44]	@ float
 315 0046 FFF7FEFF 		bl	__aeabi_fadd
 316              	.LVL38:
 317 004a 696B     		ldr	r1, [r5, #52]	@ float
 318 004c FFF7FEFF 		bl	__aeabi_fadd
 319              	.LVL39:
 320 0050 0B49     		ldr	r1, .L19+16
 321 0052 FFF7FEFF 		bl	__aeabi_fdiv
 322              	.LVL40:
 323 0056 2862     		str	r0, [r5, #32]	@ float
  99:HCSR04.c      ****     }
 324              		.loc 1 99 0
ARM GAS  C:\Users\JamesH\AppData\Local\Temp\cccgTYo2.s 			page 9


 325 0058 0023     		movs	r3, #0
 326 005a AB62     		str	r3, [r5, #40]
 327 005c 01E0     		b	.L17
 328              	.L16:
 101:HCSR04.c      ****     compRFlag = 1;  
 329              		.loc 1 101 0
 330 005e FFF7FEFF 		bl	distMeasureR
 331              	.LVL41:
 332              	.L17:
 102:HCSR04.c      **** }
 333              		.loc 1 102 0
 334 0062 0122     		movs	r2, #1
 335 0064 044B     		ldr	r3, .L19+8
 336 0066 1A64     		str	r2, [r3, #64]
 337 0068 38BD     		pop	{r3, r4, r5, pc}
 338              	.L20:
 339 006a 00BFAFF3 		.align	3
 339      0080
 340              	.L19:
 341 0070 00000000 		.word	0
 342 0074 60E37641 		.word	1098310496
 343 0078 00000000 		.word	.LANCHOR0
 344 007c 00000000 		.word	.LANCHOR1
 345 0080 0000A040 		.word	1084227584
 346              		.cfi_endproc
 347              	.LFE68:
 348              		.size	CaptureR, .-CaptureR
 349              		.section	.text.MotorStop,"ax",%progbits
 350              		.align	2
 351              		.global	MotorStop
 352              		.thumb
 353              		.thumb_func
 354              		.type	MotorStop, %function
 355              	MotorStop:
 356              	.LFB71:
 121:HCSR04.c      **** }
 122:HCSR04.c      **** 
 123:HCSR04.c      **** CY_ISR(Trigger)
 124:HCSR04.c      **** {
 125:HCSR04.c      ****     distMeasure();
 126:HCSR04.c      **** }
 127:HCSR04.c      **** 
 128:HCSR04.c      **** void MotorStop()
 129:HCSR04.c      **** {
 357              		.loc 1 129 0
 358              		.cfi_startproc
 359              		@ args = 0, pretend = 0, frame = 0
 360              		@ frame_needed = 0, uses_anonymous_args = 0
 361 0000 08B5     		push	{r3, lr}
 362              		.cfi_def_cfa_offset 8
 363              		.cfi_offset 3, -8
 364              		.cfi_offset 14, -4
 130:HCSR04.c      ****     uint8 j;
 131:HCSR04.c      ****     UART_PutString("\n\n\nLOCKOUT TRIGGERED\n\n\n"); 
 365              		.loc 1 131 0
 366 0002 0248     		ldr	r0, .L23
 367 0004 FFF7FEFF 		bl	UART_PutString
ARM GAS  C:\Users\JamesH\AppData\Local\Temp\cccgTYo2.s 			page 10


 368              	.LVL42:
 369 0008 08BD     		pop	{r3, pc}
 370              	.L24:
 371 000a 00BF     		.align	2
 372              	.L23:
 373 000c 00000000 		.word	.LC0
 374              		.cfi_endproc
 375              	.LFE71:
 376              		.size	MotorStop, .-MotorStop
 377              		.global	__aeabi_f2d
 378              		.global	__aeabi_dcmplt
 379              		.global	__aeabi_fcmplt
 380              		.section	.text.distMeasure,"ax",%progbits
 381              		.align	2
 382              		.global	distMeasure
 383              		.thumb
 384              		.thumb_func
 385              		.type	distMeasure, %function
 386              	distMeasure:
 387              	.LFB65:
  50:HCSR04.c      ****     if (initFlag){
 388              		.loc 1 50 0
 389              		.cfi_startproc
 390              		@ args = 0, pretend = 0, frame = 0
 391              		@ frame_needed = 0, uses_anonymous_args = 0
 392 0000 38B5     		push	{r3, r4, r5, lr}
 393              		.cfi_def_cfa_offset 16
 394              		.cfi_offset 3, -16
 395              		.cfi_offset 4, -12
 396              		.cfi_offset 5, -8
 397              		.cfi_offset 14, -4
  51:HCSR04.c      ****         compLFlag = 0; compRFlag = 0;
 398              		.loc 1 51 0
 399 0002 374B     		ldr	r3, .L37+8
 400 0004 1B68     		ldr	r3, [r3]
 401 0006 002B     		cmp	r3, #0
 402 0008 63D0     		beq	.L26
 403              	.LBB2:
  52:HCSR04.c      ****         distMeasureL();
 404              		.loc 1 52 0
 405 000a 354B     		ldr	r3, .L37+8
 406 000c 0024     		movs	r4, #0
 407 000e 5C62     		str	r4, [r3, #36]
 408 0010 1C64     		str	r4, [r3, #64]
  53:HCSR04.c      ****         distMeasureR();
 409              		.loc 1 53 0
 410 0012 FFF7FEFF 		bl	distMeasureL
 411              	.LVL43:
  54:HCSR04.c      ****         //CyDelay(5);            // TO-DO: Replace this with something more efficient
 412              		.loc 1 54 0
 413 0016 FFF7FEFF 		bl	distMeasureR
 414              	.LVL44:
 415              	.L27:
  58:HCSR04.c      ****             i++;
 416              		.loc 1 58 0 discriminator 1
 417 001a 0A20     		movs	r0, #10
 418 001c FFF7FEFF 		bl	CyDelayUs
ARM GAS  C:\Users\JamesH\AppData\Local\Temp\cccgTYo2.s 			page 11


 419              	.LVL45:
  59:HCSR04.c      ****         } while((i < 500) & (compLFlag == 0 & compRFlag == 0));
 420              		.loc 1 59 0 discriminator 1
 421 0020 0134     		adds	r4, r4, #1
 422              	.LVL46:
  60:HCSR04.c      ****         
 423              		.loc 1 60 0 discriminator 1
 424 0022 2F4A     		ldr	r2, .L37+8
 425 0024 536A     		ldr	r3, [r2, #36]
 426 0026 126C     		ldr	r2, [r2, #64]
 427 0028 002B     		cmp	r3, #0
 428 002a 08BF     		it	eq
 429 002c 002A     		cmpeq	r2, #0
 430 002e 0CBF     		ite	eq
 431 0030 0123     		moveq	r3, #1
 432 0032 0023     		movne	r3, #0
 433 0034 B4F5FA7F 		cmp	r4, #500
 434 0038 01DA     		bge	.L35
 435 003a 002B     		cmp	r3, #0
 436 003c EDD1     		bne	.L27
 437              	.L35:
  62:HCSR04.c      ****             lockoutCount++;
 438              		.loc 1 62 0
 439 003e 284B     		ldr	r3, .L37+8
 440 0040 D869     		ldr	r0, [r3, #28]	@ float
 441 0042 FFF7FEFF 		bl	__aeabi_f2d
 442              	.LVL47:
 443 0046 4FF00105 		mov	r5, #1
 444 004a 23A3     		adr	r3, .L37
 445 004c D3E90023 		ldrd	r2, [r3]
 446 0050 FFF7FEFF 		bl	__aeabi_dcmplt
 447              	.LVL48:
 448 0054 08B9     		cbnz	r0, .L29
 449 0056 4FF00005 		mov	r5, #0
 450              	.L29:
 451 005a 214B     		ldr	r3, .L37+8
 452 005c 186A     		ldr	r0, [r3, #32]	@ float
 453 005e FFF7FEFF 		bl	__aeabi_f2d
 454              	.LVL49:
 455 0062 4FF00104 		mov	r4, #1
 456              	.LVL50:
 457 0066 1CA3     		adr	r3, .L37
 458 0068 D3E90023 		ldrd	r2, [r3]
 459 006c FFF7FEFF 		bl	__aeabi_dcmplt
 460              	.LVL51:
 461 0070 08B9     		cbnz	r0, .L30
 462 0072 4FF00004 		mov	r4, #0
 463              	.L30:
 464 0076 2C43     		orrs	r4, r4, r5
 465 0078 14F0FF0F 		tst	r4, #255
 466 007c 07D0     		beq	.L31
  63:HCSR04.c      ****             if (lockoutCount == 3) {
 467              		.loc 1 63 0
 468 007e 184A     		ldr	r2, .L37+8
 469 0080 536C     		ldr	r3, [r2, #68]
 470 0082 0133     		adds	r3, r3, #1
 471 0084 5364     		str	r3, [r2, #68]
ARM GAS  C:\Users\JamesH\AppData\Local\Temp\cccgTYo2.s 			page 12


  64:HCSR04.c      ****                 MotorStop();
 472              		.loc 1 64 0
 473 0086 032B     		cmp	r3, #3
 474 0088 01D1     		bne	.L31
  65:HCSR04.c      ****             }
 475              		.loc 1 65 0
 476 008a FFF7FEFF 		bl	MotorStop
 477              	.LVL52:
 478              	.L31:
  70:HCSR04.c      ****             fnSend(101, &distAvL ,&distAvR);
 479              		.loc 1 70 0
 480 008e 4FF00105 		mov	r5, #1
 481 0092 4FF07C51 		mov	r1, #1056964608
 482 0096 124B     		ldr	r3, .L37+8
 483 0098 D869     		ldr	r0, [r3, #28]	@ float
 484 009a FFF7FEFF 		bl	__aeabi_fcmplt
 485              	.LVL53:
 486 009e 08B9     		cbnz	r0, .L32
 487 00a0 4FF00005 		mov	r5, #0
 488              	.L32:
 489 00a4 4FF00104 		mov	r4, #1
 490 00a8 4FF07C51 		mov	r1, #1056964608
 491 00ac 0C4B     		ldr	r3, .L37+8
 492 00ae 186A     		ldr	r0, [r3, #32]	@ float
 493 00b0 FFF7FEFF 		bl	__aeabi_fcmplt
 494              	.LVL54:
 495 00b4 08B9     		cbnz	r0, .L33
 496 00b6 4FF00004 		mov	r4, #0
 497              	.L33:
 498 00ba 2C43     		orrs	r4, r4, r5
 499 00bc 14F0FF0F 		tst	r4, #255
 500 00c0 09D0     		beq	.L25
 501              	.LBB3:
  71:HCSR04.c      ****             
 502              		.loc 1 71 0
 503 00c2 0749     		ldr	r1, .L37+8
 504 00c4 01F12002 		add	r2, r1, #32
 505 00c8 1C31     		adds	r1, r1, #28
 506 00ca 6520     		movs	r0, #101
 507 00cc FFF7FEFF 		bl	fnSend
 508              	.LVL55:
 509 00d0 38BD     		pop	{r3, r4, r5, pc}
 510              	.L26:
 511              	.LBE3:
 512              	.LBE2:
  75:HCSR04.c      **** }
 513              		.loc 1 75 0
 514 00d2 FFF7FEFF 		bl	HCSR04_Begin
 515              	.LVL56:
 516              	.L25:
 517 00d6 38BD     		pop	{r3, r4, r5, pc}
 518              	.L38:
 519              		.align	3
 520              	.L37:
 521 00d8 7B14AE47 		.word	1202590843
 522 00dc E17AA43F 		.word	1067743969
 523 00e0 00000000 		.word	.LANCHOR0
ARM GAS  C:\Users\JamesH\AppData\Local\Temp\cccgTYo2.s 			page 13


 524              		.cfi_endproc
 525              	.LFE65:
 526              		.size	distMeasure, .-distMeasure
 527              		.section	.text.Trigger,"ax",%progbits
 528              		.align	2
 529              		.global	Trigger
 530              		.thumb
 531              		.thumb_func
 532              		.type	Trigger, %function
 533              	Trigger:
 534              	.LFB70:
 124:HCSR04.c      ****     distMeasure();
 535              		.loc 1 124 0
 536              		.cfi_startproc
 537              		@ args = 0, pretend = 0, frame = 0
 538              		@ frame_needed = 0, uses_anonymous_args = 0
 539 0000 08B5     		push	{r3, lr}
 540              		.cfi_def_cfa_offset 8
 541              		.cfi_offset 3, -8
 542              		.cfi_offset 14, -4
 125:HCSR04.c      **** }
 543              		.loc 1 125 0
 544 0002 FFF7FEFF 		bl	distMeasure
 545              	.LVL57:
 546 0006 08BD     		pop	{r3, pc}
 547              		.cfi_endproc
 548              	.LFE70:
 549              		.size	Trigger, .-Trigger
 550              		.global	lockoutCount
 551              		.global	distR
 552              		.global	distAvR
 553              		.global	distAvL
 554              		.global	distL
 555              		.global	compRFlag
 556              		.global	compLFlag
 557              		.global	initFlag
 558              		.global	mCounterL
 559              		.global	mCounterR
 560              		.global	spSound
 561              		.data
 562              		.align	2
 563              		.set	.LANCHOR1,. + 0
 564              		.type	spSound, %object
 565              		.size	spSound, 4
 566              	spSound:
 567 0000 00C0A543 		.word	1134936064
 568              		.section	.rodata.str1.4,"aMS",%progbits,1
 569              		.align	2
 570              	.LC0:
 571 0000 0A0A0A4C 		.ascii	"\012\012\012LOCKOUT TRIGGERED\012\012\012\000"
 571      4F434B4F 
 571      55542054 
 571      52494747 
 571      45524544 
 572              		.bss
 573              		.align	2
 574              		.set	.LANCHOR0,. + 0
ARM GAS  C:\Users\JamesH\AppData\Local\Temp\cccgTYo2.s 			page 14


 575              		.type	initFlag, %object
 576              		.size	initFlag, 4
 577              	initFlag:
 578 0000 00000000 		.space	4
 579              		.type	mCounterL, %object
 580              		.size	mCounterL, 4
 581              	mCounterL:
 582 0004 00000000 		.space	4
 583              		.type	distL, %object
 584              		.size	distL, 20
 585              	distL:
 586 0008 00000000 		.space	20
 586      00000000 
 586      00000000 
 586      00000000 
 586      00000000 
 587              		.type	distAvL, %object
 588              		.size	distAvL, 4
 589              	distAvL:
 590 001c 00000000 		.space	4
 591              		.type	distAvR, %object
 592              		.size	distAvR, 4
 593              	distAvR:
 594 0020 00000000 		.space	4
 595              		.type	compLFlag, %object
 596              		.size	compLFlag, 4
 597              	compLFlag:
 598 0024 00000000 		.space	4
 599              		.type	mCounterR, %object
 600              		.size	mCounterR, 4
 601              	mCounterR:
 602 0028 00000000 		.space	4
 603              		.type	distR, %object
 604              		.size	distR, 20
 605              	distR:
 606 002c 00000000 		.space	20
 606      00000000 
 606      00000000 
 606      00000000 
 606      00000000 
 607              		.type	compRFlag, %object
 608              		.size	compRFlag, 4
 609              	compRFlag:
 610 0040 00000000 		.space	4
 611              		.type	lockoutCount, %object
 612              		.size	lockoutCount, 4
 613              	lockoutCount:
 614 0044 00000000 		.space	4
 615              		.text
 616              	.Letext0:
 617              		.file 2 "c:\\program files (x86)\\cypress\\psoc creator\\4.4\\psoc creator\\import\\gnu\\arm\\5.4.
 618              		.file 3 "c:\\program files (x86)\\cypress\\psoc creator\\4.4\\psoc creator\\import\\gnu\\arm\\5.4.
 619              		.file 4 "Generated_Source\\PSoC5/cytypes.h"
 620              		.file 5 "Generated_Source\\PSoC5/core_cm3.h"
 621              		.file 6 "Generated_Source\\PSoC5/E_R.h"
 622              		.file 7 "Generated_Source\\PSoC5/E_L.h"
 623              		.file 8 "Generated_Source\\PSoC5/US_Trig.h"
ARM GAS  C:\Users\JamesH\AppData\Local\Temp\cccgTYo2.s 			page 15


 624              		.file 9 "Generated_Source\\PSoC5/Timer_R.h"
 625              		.file 10 "Generated_Source\\PSoC5/Timer_L.h"
 626              		.file 11 "Generated_Source\\PSoC5/US_Timer.h"
 627              		.file 12 "Generated_Source\\PSoC5/US_L.h"
 628              		.file 13 "Generated_Source\\PSoC5/CyLib.h"
 629              		.file 14 "Generated_Source\\PSoC5/US_R.h"
 630              		.file 15 "Generated_Source\\PSoC5/UART.h"
 631              		.section	.debug_info,"",%progbits
 632              	.Ldebug_info0:
 633 0000 6C050000 		.4byte	0x56c
 634 0004 0400     		.2byte	0x4
 635 0006 00000000 		.4byte	.Ldebug_abbrev0
 636 000a 04       		.byte	0x4
 637 000b 01       		.uleb128 0x1
 638 000c E6020000 		.4byte	.LASF63
 639 0010 0C       		.byte	0xc
 640 0011 B7010000 		.4byte	.LASF64
 641 0015 74030000 		.4byte	.LASF65
 642 0019 00000000 		.4byte	.Ldebug_ranges0+0
 643 001d 00000000 		.4byte	0
 644 0021 00000000 		.4byte	.Ldebug_line0
 645 0025 02       		.uleb128 0x2
 646 0026 01       		.byte	0x1
 647 0027 06       		.byte	0x6
 648 0028 87010000 		.4byte	.LASF0
 649 002c 02       		.uleb128 0x2
 650 002d 01       		.byte	0x1
 651 002e 08       		.byte	0x8
 652 002f 60010000 		.4byte	.LASF1
 653 0033 02       		.uleb128 0x2
 654 0034 02       		.byte	0x2
 655 0035 05       		.byte	0x5
 656 0036 06000000 		.4byte	.LASF2
 657 003a 02       		.uleb128 0x2
 658 003b 02       		.byte	0x2
 659 003c 07       		.byte	0x7
 660 003d CE010000 		.4byte	.LASF3
 661 0041 03       		.uleb128 0x3
 662 0042 79020000 		.4byte	.LASF9
 663 0046 02       		.byte	0x2
 664 0047 3F       		.byte	0x3f
 665 0048 4C000000 		.4byte	0x4c
 666 004c 02       		.uleb128 0x2
 667 004d 04       		.byte	0x4
 668 004e 05       		.byte	0x5
 669 004f FE000000 		.4byte	.LASF4
 670 0053 02       		.uleb128 0x2
 671 0054 04       		.byte	0x4
 672 0055 07       		.byte	0x7
 673 0056 36020000 		.4byte	.LASF5
 674 005a 02       		.uleb128 0x2
 675 005b 08       		.byte	0x8
 676 005c 05       		.byte	0x5
 677 005d B5000000 		.4byte	.LASF6
 678 0061 02       		.uleb128 0x2
 679 0062 08       		.byte	0x8
 680 0063 07       		.byte	0x7
ARM GAS  C:\Users\JamesH\AppData\Local\Temp\cccgTYo2.s 			page 16


 681 0064 93010000 		.4byte	.LASF7
 682 0068 04       		.uleb128 0x4
 683 0069 04       		.byte	0x4
 684 006a 05       		.byte	0x5
 685 006b 696E7400 		.ascii	"int\000"
 686 006f 02       		.uleb128 0x2
 687 0070 04       		.byte	0x4
 688 0071 07       		.byte	0x7
 689 0072 AA010000 		.4byte	.LASF8
 690 0076 03       		.uleb128 0x3
 691 0077 FB010000 		.4byte	.LASF10
 692 007b 03       		.byte	0x3
 693 007c 2C       		.byte	0x2c
 694 007d 41000000 		.4byte	0x41
 695 0081 05       		.uleb128 0x5
 696 0082 0D020000 		.4byte	.LASF11
 697 0086 04       		.byte	0x4
 698 0087 E801     		.2byte	0x1e8
 699 0089 2C000000 		.4byte	0x2c
 700 008d 05       		.uleb128 0x5
 701 008e 48020000 		.4byte	.LASF12
 702 0092 04       		.byte	0x4
 703 0093 EA01     		.2byte	0x1ea
 704 0095 53000000 		.4byte	0x53
 705 0099 02       		.uleb128 0x2
 706 009a 04       		.byte	0x4
 707 009b 04       		.byte	0x4
 708 009c A7000000 		.4byte	.LASF13
 709 00a0 02       		.uleb128 0x2
 710 00a1 08       		.byte	0x8
 711 00a2 04       		.byte	0x4
 712 00a3 AB020000 		.4byte	.LASF14
 713 00a7 02       		.uleb128 0x2
 714 00a8 01       		.byte	0x1
 715 00a9 08       		.byte	0x8
 716 00aa EC010000 		.4byte	.LASF15
 717 00ae 02       		.uleb128 0x2
 718 00af 08       		.byte	0x8
 719 00b0 04       		.byte	0x4
 720 00b1 3C010000 		.4byte	.LASF16
 721 00b5 02       		.uleb128 0x2
 722 00b6 04       		.byte	0x4
 723 00b7 07       		.byte	0x7
 724 00b8 10000000 		.4byte	.LASF17
 725 00bc 06       		.uleb128 0x6
 726 00bd 6E010000 		.4byte	.LASF18
 727 00c1 01       		.byte	0x1
 728 00c2 22       		.byte	0x22
 729 00c3 00000000 		.4byte	.LFB64
 730 00c7 50000000 		.4byte	.LFE64-.LFB64
 731 00cb 01       		.uleb128 0x1
 732 00cc 9C       		.byte	0x9c
 733 00cd 68010000 		.4byte	0x168
 734 00d1 07       		.uleb128 0x7
 735 00d2 06000000 		.4byte	.LVL0
 736 00d6 88040000 		.4byte	0x488
 737 00da 07       		.uleb128 0x7
ARM GAS  C:\Users\JamesH\AppData\Local\Temp\cccgTYo2.s 			page 17


 738 00db 0A000000 		.4byte	.LVL1
 739 00df 93040000 		.4byte	0x493
 740 00e3 07       		.uleb128 0x7
 741 00e4 0E000000 		.4byte	.LVL2
 742 00e8 9E040000 		.4byte	0x49e
 743 00ec 08       		.uleb128 0x8
 744 00ed 14000000 		.4byte	.LVL3
 745 00f1 A9040000 		.4byte	0x4a9
 746 00f5 03010000 		.4byte	0x103
 747 00f9 09       		.uleb128 0x9
 748 00fa 01       		.uleb128 0x1
 749 00fb 50       		.byte	0x50
 750 00fc 05       		.uleb128 0x5
 751 00fd 03       		.byte	0x3
 752 00fe 00000000 		.4byte	CaptureR
 753 0102 00       		.byte	0
 754 0103 07       		.uleb128 0x7
 755 0104 18000000 		.4byte	.LVL4
 756 0108 B4040000 		.4byte	0x4b4
 757 010c 08       		.uleb128 0x8
 758 010d 1E000000 		.4byte	.LVL5
 759 0111 BF040000 		.4byte	0x4bf
 760 0115 23010000 		.4byte	0x123
 761 0119 09       		.uleb128 0x9
 762 011a 01       		.uleb128 0x1
 763 011b 50       		.byte	0x50
 764 011c 05       		.uleb128 0x5
 765 011d 03       		.byte	0x3
 766 011e 00000000 		.4byte	CaptureL
 767 0122 00       		.byte	0
 768 0123 07       		.uleb128 0x7
 769 0124 22000000 		.4byte	.LVL6
 770 0128 CA040000 		.4byte	0x4ca
 771 012c 07       		.uleb128 0x7
 772 012d 26000000 		.4byte	.LVL7
 773 0131 D5040000 		.4byte	0x4d5
 774 0135 08       		.uleb128 0x8
 775 0136 2C000000 		.4byte	.LVL8
 776 013a E0040000 		.4byte	0x4e0
 777 013e 4C010000 		.4byte	0x14c
 778 0142 09       		.uleb128 0x9
 779 0143 01       		.uleb128 0x1
 780 0144 50       		.byte	0x50
 781 0145 05       		.uleb128 0x5
 782 0146 03       		.byte	0x3
 783 0147 00000000 		.4byte	Trigger
 784 014b 00       		.byte	0
 785 014c 07       		.uleb128 0x7
 786 014d 30000000 		.4byte	.LVL9
 787 0151 EB040000 		.4byte	0x4eb
 788 0155 07       		.uleb128 0x7
 789 0156 34000000 		.4byte	.LVL10
 790 015a F6040000 		.4byte	0x4f6
 791 015e 07       		.uleb128 0x7
 792 015f 38000000 		.4byte	.LVL11
 793 0163 01050000 		.4byte	0x501
 794 0167 00       		.byte	0
ARM GAS  C:\Users\JamesH\AppData\Local\Temp\cccgTYo2.s 			page 18


 795 0168 06       		.uleb128 0x6
 796 0169 5F000000 		.4byte	.LASF19
 797 016d 01       		.byte	0x1
 798 016e 4E       		.byte	0x4e
 799 016f 00000000 		.4byte	.LFB66
 800 0173 16000000 		.4byte	.LFE66-.LFB66
 801 0177 01       		.uleb128 0x1
 802 0178 9C       		.byte	0x9c
 803 0179 B3010000 		.4byte	0x1b3
 804 017d 08       		.uleb128 0x8
 805 017e 08000000 		.4byte	.LVL12
 806 0182 0C050000 		.4byte	0x50c
 807 0186 90010000 		.4byte	0x190
 808 018a 09       		.uleb128 0x9
 809 018b 01       		.uleb128 0x1
 810 018c 50       		.byte	0x50
 811 018d 01       		.uleb128 0x1
 812 018e 31       		.byte	0x31
 813 018f 00       		.byte	0
 814 0190 08       		.uleb128 0x8
 815 0191 0E000000 		.4byte	.LVL13
 816 0195 17050000 		.4byte	0x517
 817 0199 A3010000 		.4byte	0x1a3
 818 019d 09       		.uleb128 0x9
 819 019e 01       		.uleb128 0x1
 820 019f 50       		.byte	0x50
 821 01a0 01       		.uleb128 0x1
 822 01a1 3F       		.byte	0x3f
 823 01a2 00       		.byte	0
 824 01a3 0A       		.uleb128 0xa
 825 01a4 14000000 		.4byte	.LVL14
 826 01a8 0C050000 		.4byte	0x50c
 827 01ac 09       		.uleb128 0x9
 828 01ad 01       		.uleb128 0x1
 829 01ae 50       		.byte	0x50
 830 01af 01       		.uleb128 0x1
 831 01b0 30       		.byte	0x30
 832 01b1 00       		.byte	0
 833 01b2 00       		.byte	0
 834 01b3 0B       		.uleb128 0xb
 835 01b4 2C000000 		.4byte	.LASF23
 836 01b8 01       		.byte	0x1
 837 01b9 6A       		.byte	0x6a
 838 01ba 00000000 		.4byte	.LFB69
 839 01be 94000000 		.4byte	.LFE69-.LFB69
 840 01c2 01       		.uleb128 0x1
 841 01c3 9C       		.byte	0x9c
 842 01c4 02020000 		.4byte	0x202
 843 01c8 0C       		.uleb128 0xc
 844 01c9 54020000 		.4byte	.LASF20
 845 01cd 01       		.byte	0x1
 846 01ce 6C       		.byte	0x6c
 847 01cf 8D000000 		.4byte	0x8d
 848 01d3 00000000 		.4byte	.LLST0
 849 01d7 0C       		.uleb128 0xc
 850 01d8 9A020000 		.4byte	.LASF21
 851 01dc 01       		.byte	0x1
ARM GAS  C:\Users\JamesH\AppData\Local\Temp\cccgTYo2.s 			page 19


 852 01dd 6D       		.byte	0x6d
 853 01de 99000000 		.4byte	0x99
 854 01e2 23000000 		.4byte	.LLST1
 855 01e6 07       		.uleb128 0x7
 856 01e7 06000000 		.4byte	.LVL15
 857 01eb 22050000 		.4byte	0x522
 858 01ef 07       		.uleb128 0x7
 859 01f0 0C000000 		.4byte	.LVL16
 860 01f4 2D050000 		.4byte	0x52d
 861 01f8 07       		.uleb128 0x7
 862 01f9 6C000000 		.4byte	.LVL26
 863 01fd 68010000 		.4byte	0x168
 864 0201 00       		.byte	0
 865 0202 06       		.uleb128 0x6
 866 0203 81000000 		.4byte	.LASF22
 867 0207 01       		.byte	0x1
 868 0208 54       		.byte	0x54
 869 0209 00000000 		.4byte	.LFB67
 870 020d 16000000 		.4byte	.LFE67-.LFB67
 871 0211 01       		.uleb128 0x1
 872 0212 9C       		.byte	0x9c
 873 0213 4D020000 		.4byte	0x24d
 874 0217 08       		.uleb128 0x8
 875 0218 08000000 		.4byte	.LVL27
 876 021c 38050000 		.4byte	0x538
 877 0220 2A020000 		.4byte	0x22a
 878 0224 09       		.uleb128 0x9
 879 0225 01       		.uleb128 0x1
 880 0226 50       		.byte	0x50
 881 0227 01       		.uleb128 0x1
 882 0228 31       		.byte	0x31
 883 0229 00       		.byte	0
 884 022a 08       		.uleb128 0x8
 885 022b 0E000000 		.4byte	.LVL28
 886 022f 17050000 		.4byte	0x517
 887 0233 3D020000 		.4byte	0x23d
 888 0237 09       		.uleb128 0x9
 889 0238 01       		.uleb128 0x1
 890 0239 50       		.byte	0x50
 891 023a 01       		.uleb128 0x1
 892 023b 3F       		.byte	0x3f
 893 023c 00       		.byte	0
 894 023d 0A       		.uleb128 0xa
 895 023e 14000000 		.4byte	.LVL29
 896 0242 38050000 		.4byte	0x538
 897 0246 09       		.uleb128 0x9
 898 0247 01       		.uleb128 0x1
 899 0248 50       		.byte	0x50
 900 0249 01       		.uleb128 0x1
 901 024a 30       		.byte	0x30
 902 024b 00       		.byte	0
 903 024c 00       		.byte	0
 904 024d 0B       		.uleb128 0xb
 905 024e 35000000 		.4byte	.LASF24
 906 0252 01       		.byte	0x1
 907 0253 5A       		.byte	0x5a
 908 0254 00000000 		.4byte	.LFB68
ARM GAS  C:\Users\JamesH\AppData\Local\Temp\cccgTYo2.s 			page 20


 909 0258 84000000 		.4byte	.LFE68-.LFB68
 910 025c 01       		.uleb128 0x1
 911 025d 9C       		.byte	0x9c
 912 025e 9C020000 		.4byte	0x29c
 913 0262 0C       		.uleb128 0xc
 914 0263 54020000 		.4byte	.LASF20
 915 0267 01       		.byte	0x1
 916 0268 5C       		.byte	0x5c
 917 0269 8D000000 		.4byte	0x8d
 918 026d 36000000 		.4byte	.LLST2
 919 0271 0C       		.uleb128 0xc
 920 0272 9A020000 		.4byte	.LASF21
 921 0276 01       		.byte	0x1
 922 0277 5D       		.byte	0x5d
 923 0278 99000000 		.4byte	0x99
 924 027c 59000000 		.4byte	.LLST3
 925 0280 07       		.uleb128 0x7
 926 0281 06000000 		.4byte	.LVL30
 927 0285 43050000 		.4byte	0x543
 928 0289 07       		.uleb128 0x7
 929 028a 0C000000 		.4byte	.LVL31
 930 028e 4E050000 		.4byte	0x54e
 931 0292 07       		.uleb128 0x7
 932 0293 62000000 		.4byte	.LVL41
 933 0297 02020000 		.4byte	0x202
 934 029b 00       		.byte	0
 935 029c 06       		.uleb128 0x6
 936 029d 13020000 		.4byte	.LASF25
 937 02a1 01       		.byte	0x1
 938 02a2 80       		.byte	0x80
 939 02a3 00000000 		.4byte	.LFB71
 940 02a7 10000000 		.4byte	.LFE71-.LFB71
 941 02ab 01       		.uleb128 0x1
 942 02ac 9C       		.byte	0x9c
 943 02ad CE020000 		.4byte	0x2ce
 944 02b1 0D       		.uleb128 0xd
 945 02b2 6A00     		.ascii	"j\000"
 946 02b4 01       		.byte	0x1
 947 02b5 82       		.byte	0x82
 948 02b6 81000000 		.4byte	0x81
 949 02ba 0A       		.uleb128 0xa
 950 02bb 08000000 		.4byte	.LVL42
 951 02bf 59050000 		.4byte	0x559
 952 02c3 09       		.uleb128 0x9
 953 02c4 01       		.uleb128 0x1
 954 02c5 50       		.byte	0x50
 955 02c6 05       		.uleb128 0x5
 956 02c7 03       		.byte	0x3
 957 02c8 00000000 		.4byte	.LC0
 958 02cc 00       		.byte	0
 959 02cd 00       		.byte	0
 960 02ce 0E       		.uleb128 0xe
 961 02cf E7000000 		.4byte	.LASF26
 962 02d3 01       		.byte	0x1
 963 02d4 32       		.byte	0x32
 964 02d5 00000000 		.4byte	.LFB65
 965 02d9 E4000000 		.4byte	.LFE65-.LFB65
ARM GAS  C:\Users\JamesH\AppData\Local\Temp\cccgTYo2.s 			page 21


 966 02dd 01       		.uleb128 0x1
 967 02de 9C       		.byte	0x9c
 968 02df 77030000 		.4byte	0x377
 969 02e3 0F       		.uleb128 0xf
 970 02e4 0A000000 		.4byte	.LBB2
 971 02e8 C8000000 		.4byte	.LBE2-.LBB2
 972 02ec 6D030000 		.4byte	0x36d
 973 02f0 10       		.uleb128 0x10
 974 02f1 6900     		.ascii	"i\000"
 975 02f3 01       		.byte	0x1
 976 02f4 38       		.byte	0x38
 977 02f5 68000000 		.4byte	0x68
 978 02f9 6C000000 		.4byte	.LLST4
 979 02fd 0F       		.uleb128 0xf
 980 02fe C2000000 		.4byte	.LBB3
 981 0302 10000000 		.4byte	.LBE3-.LBB3
 982 0306 3E030000 		.4byte	0x33e
 983 030a 11       		.uleb128 0x11
 984 030b 8E000000 		.4byte	.LASF62
 985 030f 01       		.byte	0x1
 986 0310 47       		.byte	0x47
 987 0311 68000000 		.4byte	0x68
 988 0315 1B030000 		.4byte	0x31b
 989 0319 12       		.uleb128 0x12
 990 031a 00       		.byte	0
 991 031b 0A       		.uleb128 0xa
 992 031c D0000000 		.4byte	.LVL55
 993 0320 64050000 		.4byte	0x564
 994 0324 09       		.uleb128 0x9
 995 0325 01       		.uleb128 0x1
 996 0326 50       		.byte	0x50
 997 0327 02       		.uleb128 0x2
 998 0328 08       		.byte	0x8
 999 0329 65       		.byte	0x65
 1000 032a 09       		.uleb128 0x9
 1001 032b 01       		.uleb128 0x1
 1002 032c 51       		.byte	0x51
 1003 032d 05       		.uleb128 0x5
 1004 032e 03       		.byte	0x3
 1005 032f 1C000000 		.4byte	.LANCHOR0+28
 1006 0333 09       		.uleb128 0x9
 1007 0334 01       		.uleb128 0x1
 1008 0335 52       		.byte	0x52
 1009 0336 05       		.uleb128 0x5
 1010 0337 03       		.byte	0x3
 1011 0338 20000000 		.4byte	.LANCHOR0+32
 1012 033c 00       		.byte	0
 1013 033d 00       		.byte	0
 1014 033e 07       		.uleb128 0x7
 1015 033f 16000000 		.4byte	.LVL43
 1016 0343 68010000 		.4byte	0x168
 1017 0347 07       		.uleb128 0x7
 1018 0348 1A000000 		.4byte	.LVL44
 1019 034c 02020000 		.4byte	0x202
 1020 0350 08       		.uleb128 0x8
 1021 0351 20000000 		.4byte	.LVL45
 1022 0355 17050000 		.4byte	0x517
ARM GAS  C:\Users\JamesH\AppData\Local\Temp\cccgTYo2.s 			page 22


 1023 0359 63030000 		.4byte	0x363
 1024 035d 09       		.uleb128 0x9
 1025 035e 01       		.uleb128 0x1
 1026 035f 50       		.byte	0x50
 1027 0360 01       		.uleb128 0x1
 1028 0361 3A       		.byte	0x3a
 1029 0362 00       		.byte	0
 1030 0363 07       		.uleb128 0x7
 1031 0364 8E000000 		.4byte	.LVL52
 1032 0368 9C020000 		.4byte	0x29c
 1033 036c 00       		.byte	0
 1034 036d 07       		.uleb128 0x7
 1035 036e D6000000 		.4byte	.LVL56
 1036 0372 BC000000 		.4byte	0xbc
 1037 0376 00       		.byte	0
 1038 0377 13       		.uleb128 0x13
 1039 0378 AD000000 		.4byte	.LASF27
 1040 037c 01       		.byte	0x1
 1041 037d 7B       		.byte	0x7b
 1042 037e 00000000 		.4byte	.LFB70
 1043 0382 08000000 		.4byte	.LFE70-.LFB70
 1044 0386 01       		.uleb128 0x1
 1045 0387 9C       		.byte	0x9c
 1046 0388 96030000 		.4byte	0x396
 1047 038c 07       		.uleb128 0x7
 1048 038d 06000000 		.4byte	.LVL57
 1049 0391 CE020000 		.4byte	0x2ce
 1050 0395 00       		.byte	0
 1051 0396 14       		.uleb128 0x14
 1052 0397 D9020000 		.4byte	.LASF28
 1053 039b 05       		.byte	0x5
 1054 039c 1207     		.2byte	0x712
 1055 039e A2030000 		.4byte	0x3a2
 1056 03a2 15       		.uleb128 0x15
 1057 03a3 76000000 		.4byte	0x76
 1058 03a7 16       		.uleb128 0x16
 1059 03a8 1D020000 		.4byte	.LASF29
 1060 03ac 01       		.byte	0x1
 1061 03ad 13       		.byte	0x13
 1062 03ae 99000000 		.4byte	0x99
 1063 03b2 05       		.uleb128 0x5
 1064 03b3 03       		.byte	0x3
 1065 03b4 00000000 		.4byte	spSound
 1066 03b8 16       		.uleb128 0x16
 1067 03b9 03020000 		.4byte	.LASF30
 1068 03bd 01       		.byte	0x1
 1069 03be 16       		.byte	0x16
 1070 03bf 68000000 		.4byte	0x68
 1071 03c3 05       		.uleb128 0x5
 1072 03c4 03       		.byte	0x3
 1073 03c5 00000000 		.4byte	mCounterR
 1074 03c9 16       		.uleb128 0x16
 1075 03ca F1010000 		.4byte	.LASF31
 1076 03ce 01       		.byte	0x1
 1077 03cf 17       		.byte	0x17
 1078 03d0 68000000 		.4byte	0x68
 1079 03d4 05       		.uleb128 0x5
ARM GAS  C:\Users\JamesH\AppData\Local\Temp\cccgTYo2.s 			page 23


 1080 03d5 03       		.byte	0x3
 1081 03d6 00000000 		.4byte	mCounterL
 1082 03da 16       		.uleb128 0x16
 1083 03db 91020000 		.4byte	.LASF32
 1084 03df 01       		.byte	0x1
 1085 03e0 18       		.byte	0x18
 1086 03e1 68000000 		.4byte	0x68
 1087 03e5 05       		.uleb128 0x5
 1088 03e6 03       		.byte	0x3
 1089 03e7 00000000 		.4byte	initFlag
 1090 03eb 16       		.uleb128 0x16
 1091 03ec 6F020000 		.4byte	.LASF33
 1092 03f0 01       		.byte	0x1
 1093 03f1 19       		.byte	0x19
 1094 03f2 68000000 		.4byte	0x68
 1095 03f6 05       		.uleb128 0x5
 1096 03f7 03       		.byte	0x3
 1097 03f8 00000000 		.4byte	compLFlag
 1098 03fc 16       		.uleb128 0x16
 1099 03fd B2020000 		.4byte	.LASF34
 1100 0401 01       		.byte	0x1
 1101 0402 1A       		.byte	0x1a
 1102 0403 68000000 		.4byte	0x68
 1103 0407 05       		.uleb128 0x5
 1104 0408 03       		.byte	0x3
 1105 0409 00000000 		.4byte	compRFlag
 1106 040d 17       		.uleb128 0x17
 1107 040e 99000000 		.4byte	0x99
 1108 0412 1D040000 		.4byte	0x41d
 1109 0416 18       		.uleb128 0x18
 1110 0417 B5000000 		.4byte	0xb5
 1111 041b 04       		.byte	0x4
 1112 041c 00       		.byte	0
 1113 041d 16       		.uleb128 0x16
 1114 041e 00000000 		.4byte	.LASF35
 1115 0422 01       		.byte	0x1
 1116 0423 1B       		.byte	0x1b
 1117 0424 0D040000 		.4byte	0x40d
 1118 0428 05       		.uleb128 0x5
 1119 0429 03       		.byte	0x3
 1120 042a 00000000 		.4byte	distL
 1121 042e 16       		.uleb128 0x16
 1122 042f 48000000 		.4byte	.LASF36
 1123 0433 01       		.byte	0x1
 1124 0434 1C       		.byte	0x1c
 1125 0435 99000000 		.4byte	0x99
 1126 0439 05       		.uleb128 0x5
 1127 043a 03       		.byte	0x3
 1128 043b 00000000 		.4byte	distAvL
 1129 043f 16       		.uleb128 0x16
 1130 0440 6C000000 		.4byte	.LASF37
 1131 0444 01       		.byte	0x1
 1132 0445 1D       		.byte	0x1d
 1133 0446 99000000 		.4byte	0x99
 1134 044a 05       		.uleb128 0x5
 1135 044b 03       		.byte	0x3
 1136 044c 00000000 		.4byte	distAvR
ARM GAS  C:\Users\JamesH\AppData\Local\Temp\cccgTYo2.s 			page 24


 1137 0450 16       		.uleb128 0x16
 1138 0451 A1000000 		.4byte	.LASF38
 1139 0455 01       		.byte	0x1
 1140 0456 1E       		.byte	0x1e
 1141 0457 0D040000 		.4byte	0x40d
 1142 045b 05       		.uleb128 0x5
 1143 045c 03       		.byte	0x3
 1144 045d 00000000 		.4byte	distR
 1145 0461 19       		.uleb128 0x19
 1146 0462 A6020000 		.4byte	.LASF39
 1147 0466 01       		.byte	0x1
 1148 0467 1F       		.byte	0x1f
 1149 0468 99000000 		.4byte	0x99
 1150 046c 19       		.uleb128 0x19
 1151 046d 4F020000 		.4byte	.LASF40
 1152 0471 01       		.byte	0x1
 1153 0472 1F       		.byte	0x1f
 1154 0473 99000000 		.4byte	0x99
 1155 0477 16       		.uleb128 0x16
 1156 0478 74000000 		.4byte	.LASF41
 1157 047c 01       		.byte	0x1
 1158 047d 20       		.byte	0x20
 1159 047e 68000000 		.4byte	0x68
 1160 0482 05       		.uleb128 0x5
 1161 0483 03       		.byte	0x3
 1162 0484 00000000 		.4byte	lockoutCount
 1163 0488 1A       		.uleb128 0x1a
 1164 0489 CF020000 		.4byte	.LASF42
 1165 048d CF020000 		.4byte	.LASF42
 1166 0491 06       		.byte	0x6
 1167 0492 17       		.byte	0x17
 1168 0493 1A       		.uleb128 0x1a
 1169 0494 3E000000 		.4byte	.LASF43
 1170 0498 3E000000 		.4byte	.LASF43
 1171 049c 07       		.byte	0x7
 1172 049d 17       		.byte	0x17
 1173 049e 1A       		.uleb128 0x1a
 1174 049f 07010000 		.4byte	.LASF44
 1175 04a3 07010000 		.4byte	.LASF44
 1176 04a7 06       		.byte	0x6
 1177 04a8 28       		.byte	0x28
 1178 04a9 1A       		.uleb128 0x1a
 1179 04aa 7B010000 		.4byte	.LASF45
 1180 04ae 7B010000 		.4byte	.LASF45
 1181 04b2 06       		.byte	0x6
 1182 04b3 18       		.byte	0x18
 1183 04b4 1A       		.uleb128 0x1a
 1184 04b5 25020000 		.4byte	.LASF46
 1185 04b9 25020000 		.4byte	.LASF46
 1186 04bd 07       		.byte	0x7
 1187 04be 28       		.byte	0x28
 1188 04bf 1A       		.uleb128 0x1a
 1189 04c0 95000000 		.4byte	.LASF47
 1190 04c4 95000000 		.4byte	.LASF47
 1191 04c8 07       		.byte	0x7
 1192 04c9 18       		.byte	0x18
 1193 04ca 1A       		.uleb128 0x1a
ARM GAS  C:\Users\JamesH\AppData\Local\Temp\cccgTYo2.s 			page 25


 1194 04cb 48010000 		.4byte	.LASF48
 1195 04cf 48010000 		.4byte	.LASF48
 1196 04d3 08       		.byte	0x8
 1197 04d4 17       		.byte	0x17
 1198 04d5 1A       		.uleb128 0x1a
 1199 04d6 D2000000 		.4byte	.LASF49
 1200 04da D2000000 		.4byte	.LASF49
 1201 04de 08       		.byte	0x8
 1202 04df 28       		.byte	0x28
 1203 04e0 1A       		.uleb128 0x1a
 1204 04e1 18010000 		.4byte	.LASF50
 1205 04e5 18010000 		.4byte	.LASF50
 1206 04e9 08       		.byte	0x8
 1207 04ea 18       		.byte	0x18
 1208 04eb 1A       		.uleb128 0x1a
 1209 04ec C0010000 		.4byte	.LASF51
 1210 04f0 C0010000 		.4byte	.LASF51
 1211 04f4 09       		.byte	0x9
 1212 04f5 5A       		.byte	0x5a
 1213 04f6 1A       		.uleb128 0x1a
 1214 04f7 83020000 		.4byte	.LASF52
 1215 04fb 83020000 		.4byte	.LASF52
 1216 04ff 0A       		.byte	0xa
 1217 0500 5A       		.byte	0x5a
 1218 0501 1A       		.uleb128 0x1a
 1219 0502 C3000000 		.4byte	.LASF53
 1220 0506 C3000000 		.4byte	.LASF53
 1221 050a 0B       		.byte	0xb
 1222 050b 5A       		.byte	0x5a
 1223 050c 1A       		.uleb128 0x1a
 1224 050d F3000000 		.4byte	.LASF54
 1225 0511 F3000000 		.4byte	.LASF54
 1226 0515 0C       		.byte	0xc
 1227 0516 2F       		.byte	0x2f
 1228 0517 1A       		.uleb128 0x1a
 1229 0518 56010000 		.4byte	.LASF55
 1230 051c 56010000 		.4byte	.LASF55
 1231 0520 0D       		.byte	0xd
 1232 0521 77       		.byte	0x77
 1233 0522 1A       		.uleb128 0x1a
 1234 0523 BC020000 		.4byte	.LASF56
 1235 0527 BC020000 		.4byte	.LASF56
 1236 052b 0A       		.byte	0xa
 1237 052c 67       		.byte	0x67
 1238 052d 1A       		.uleb128 0x1a
 1239 052e 5B020000 		.4byte	.LASF57
 1240 0532 5B020000 		.4byte	.LASF57
 1241 0536 0A       		.byte	0xa
 1242 0537 6B       		.byte	0x6b
 1243 0538 1A       		.uleb128 0x1a
 1244 0539 E1010000 		.4byte	.LASF58
 1245 053d E1010000 		.4byte	.LASF58
 1246 0541 0E       		.byte	0xe
 1247 0542 2F       		.byte	0x2f
 1248 0543 1A       		.uleb128 0x1a
 1249 0544 19000000 		.4byte	.LASF59
 1250 0548 19000000 		.4byte	.LASF59
ARM GAS  C:\Users\JamesH\AppData\Local\Temp\cccgTYo2.s 			page 26


 1251 054c 09       		.byte	0x9
 1252 054d 67       		.byte	0x67
 1253 054e 1A       		.uleb128 0x1a
 1254 054f 28010000 		.4byte	.LASF60
 1255 0553 28010000 		.4byte	.LASF60
 1256 0557 09       		.byte	0x9
 1257 0558 6B       		.byte	0x6b
 1258 0559 1A       		.uleb128 0x1a
 1259 055a 50000000 		.4byte	.LASF61
 1260 055e 50000000 		.4byte	.LASF61
 1261 0562 0F       		.byte	0xf
 1262 0563 26       		.byte	0x26
 1263 0564 1A       		.uleb128 0x1a
 1264 0565 8E000000 		.4byte	.LASF62
 1265 0569 8E000000 		.4byte	.LASF62
 1266 056d 01       		.byte	0x1
 1267 056e 47       		.byte	0x47
 1268 056f 00       		.byte	0
 1269              		.section	.debug_abbrev,"",%progbits
 1270              	.Ldebug_abbrev0:
 1271 0000 01       		.uleb128 0x1
 1272 0001 11       		.uleb128 0x11
 1273 0002 01       		.byte	0x1
 1274 0003 25       		.uleb128 0x25
 1275 0004 0E       		.uleb128 0xe
 1276 0005 13       		.uleb128 0x13
 1277 0006 0B       		.uleb128 0xb
 1278 0007 03       		.uleb128 0x3
 1279 0008 0E       		.uleb128 0xe
 1280 0009 1B       		.uleb128 0x1b
 1281 000a 0E       		.uleb128 0xe
 1282 000b 55       		.uleb128 0x55
 1283 000c 17       		.uleb128 0x17
 1284 000d 11       		.uleb128 0x11
 1285 000e 01       		.uleb128 0x1
 1286 000f 10       		.uleb128 0x10
 1287 0010 17       		.uleb128 0x17
 1288 0011 00       		.byte	0
 1289 0012 00       		.byte	0
 1290 0013 02       		.uleb128 0x2
 1291 0014 24       		.uleb128 0x24
 1292 0015 00       		.byte	0
 1293 0016 0B       		.uleb128 0xb
 1294 0017 0B       		.uleb128 0xb
 1295 0018 3E       		.uleb128 0x3e
 1296 0019 0B       		.uleb128 0xb
 1297 001a 03       		.uleb128 0x3
 1298 001b 0E       		.uleb128 0xe
 1299 001c 00       		.byte	0
 1300 001d 00       		.byte	0
 1301 001e 03       		.uleb128 0x3
 1302 001f 16       		.uleb128 0x16
 1303 0020 00       		.byte	0
 1304 0021 03       		.uleb128 0x3
 1305 0022 0E       		.uleb128 0xe
 1306 0023 3A       		.uleb128 0x3a
 1307 0024 0B       		.uleb128 0xb
ARM GAS  C:\Users\JamesH\AppData\Local\Temp\cccgTYo2.s 			page 27


 1308 0025 3B       		.uleb128 0x3b
 1309 0026 0B       		.uleb128 0xb
 1310 0027 49       		.uleb128 0x49
 1311 0028 13       		.uleb128 0x13
 1312 0029 00       		.byte	0
 1313 002a 00       		.byte	0
 1314 002b 04       		.uleb128 0x4
 1315 002c 24       		.uleb128 0x24
 1316 002d 00       		.byte	0
 1317 002e 0B       		.uleb128 0xb
 1318 002f 0B       		.uleb128 0xb
 1319 0030 3E       		.uleb128 0x3e
 1320 0031 0B       		.uleb128 0xb
 1321 0032 03       		.uleb128 0x3
 1322 0033 08       		.uleb128 0x8
 1323 0034 00       		.byte	0
 1324 0035 00       		.byte	0
 1325 0036 05       		.uleb128 0x5
 1326 0037 16       		.uleb128 0x16
 1327 0038 00       		.byte	0
 1328 0039 03       		.uleb128 0x3
 1329 003a 0E       		.uleb128 0xe
 1330 003b 3A       		.uleb128 0x3a
 1331 003c 0B       		.uleb128 0xb
 1332 003d 3B       		.uleb128 0x3b
 1333 003e 05       		.uleb128 0x5
 1334 003f 49       		.uleb128 0x49
 1335 0040 13       		.uleb128 0x13
 1336 0041 00       		.byte	0
 1337 0042 00       		.byte	0
 1338 0043 06       		.uleb128 0x6
 1339 0044 2E       		.uleb128 0x2e
 1340 0045 01       		.byte	0x1
 1341 0046 3F       		.uleb128 0x3f
 1342 0047 19       		.uleb128 0x19
 1343 0048 03       		.uleb128 0x3
 1344 0049 0E       		.uleb128 0xe
 1345 004a 3A       		.uleb128 0x3a
 1346 004b 0B       		.uleb128 0xb
 1347 004c 3B       		.uleb128 0x3b
 1348 004d 0B       		.uleb128 0xb
 1349 004e 11       		.uleb128 0x11
 1350 004f 01       		.uleb128 0x1
 1351 0050 12       		.uleb128 0x12
 1352 0051 06       		.uleb128 0x6
 1353 0052 40       		.uleb128 0x40
 1354 0053 18       		.uleb128 0x18
 1355 0054 9742     		.uleb128 0x2117
 1356 0056 19       		.uleb128 0x19
 1357 0057 01       		.uleb128 0x1
 1358 0058 13       		.uleb128 0x13
 1359 0059 00       		.byte	0
 1360 005a 00       		.byte	0
 1361 005b 07       		.uleb128 0x7
 1362 005c 898201   		.uleb128 0x4109
 1363 005f 00       		.byte	0
 1364 0060 11       		.uleb128 0x11
ARM GAS  C:\Users\JamesH\AppData\Local\Temp\cccgTYo2.s 			page 28


 1365 0061 01       		.uleb128 0x1
 1366 0062 31       		.uleb128 0x31
 1367 0063 13       		.uleb128 0x13
 1368 0064 00       		.byte	0
 1369 0065 00       		.byte	0
 1370 0066 08       		.uleb128 0x8
 1371 0067 898201   		.uleb128 0x4109
 1372 006a 01       		.byte	0x1
 1373 006b 11       		.uleb128 0x11
 1374 006c 01       		.uleb128 0x1
 1375 006d 31       		.uleb128 0x31
 1376 006e 13       		.uleb128 0x13
 1377 006f 01       		.uleb128 0x1
 1378 0070 13       		.uleb128 0x13
 1379 0071 00       		.byte	0
 1380 0072 00       		.byte	0
 1381 0073 09       		.uleb128 0x9
 1382 0074 8A8201   		.uleb128 0x410a
 1383 0077 00       		.byte	0
 1384 0078 02       		.uleb128 0x2
 1385 0079 18       		.uleb128 0x18
 1386 007a 9142     		.uleb128 0x2111
 1387 007c 18       		.uleb128 0x18
 1388 007d 00       		.byte	0
 1389 007e 00       		.byte	0
 1390 007f 0A       		.uleb128 0xa
 1391 0080 898201   		.uleb128 0x4109
 1392 0083 01       		.byte	0x1
 1393 0084 11       		.uleb128 0x11
 1394 0085 01       		.uleb128 0x1
 1395 0086 31       		.uleb128 0x31
 1396 0087 13       		.uleb128 0x13
 1397 0088 00       		.byte	0
 1398 0089 00       		.byte	0
 1399 008a 0B       		.uleb128 0xb
 1400 008b 2E       		.uleb128 0x2e
 1401 008c 01       		.byte	0x1
 1402 008d 3F       		.uleb128 0x3f
 1403 008e 19       		.uleb128 0x19
 1404 008f 03       		.uleb128 0x3
 1405 0090 0E       		.uleb128 0xe
 1406 0091 3A       		.uleb128 0x3a
 1407 0092 0B       		.uleb128 0xb
 1408 0093 3B       		.uleb128 0x3b
 1409 0094 0B       		.uleb128 0xb
 1410 0095 27       		.uleb128 0x27
 1411 0096 19       		.uleb128 0x19
 1412 0097 11       		.uleb128 0x11
 1413 0098 01       		.uleb128 0x1
 1414 0099 12       		.uleb128 0x12
 1415 009a 06       		.uleb128 0x6
 1416 009b 40       		.uleb128 0x40
 1417 009c 18       		.uleb128 0x18
 1418 009d 9642     		.uleb128 0x2116
 1419 009f 19       		.uleb128 0x19
 1420 00a0 01       		.uleb128 0x1
 1421 00a1 13       		.uleb128 0x13
ARM GAS  C:\Users\JamesH\AppData\Local\Temp\cccgTYo2.s 			page 29


 1422 00a2 00       		.byte	0
 1423 00a3 00       		.byte	0
 1424 00a4 0C       		.uleb128 0xc
 1425 00a5 34       		.uleb128 0x34
 1426 00a6 00       		.byte	0
 1427 00a7 03       		.uleb128 0x3
 1428 00a8 0E       		.uleb128 0xe
 1429 00a9 3A       		.uleb128 0x3a
 1430 00aa 0B       		.uleb128 0xb
 1431 00ab 3B       		.uleb128 0x3b
 1432 00ac 0B       		.uleb128 0xb
 1433 00ad 49       		.uleb128 0x49
 1434 00ae 13       		.uleb128 0x13
 1435 00af 02       		.uleb128 0x2
 1436 00b0 17       		.uleb128 0x17
 1437 00b1 00       		.byte	0
 1438 00b2 00       		.byte	0
 1439 00b3 0D       		.uleb128 0xd
 1440 00b4 34       		.uleb128 0x34
 1441 00b5 00       		.byte	0
 1442 00b6 03       		.uleb128 0x3
 1443 00b7 08       		.uleb128 0x8
 1444 00b8 3A       		.uleb128 0x3a
 1445 00b9 0B       		.uleb128 0xb
 1446 00ba 3B       		.uleb128 0x3b
 1447 00bb 0B       		.uleb128 0xb
 1448 00bc 49       		.uleb128 0x49
 1449 00bd 13       		.uleb128 0x13
 1450 00be 00       		.byte	0
 1451 00bf 00       		.byte	0
 1452 00c0 0E       		.uleb128 0xe
 1453 00c1 2E       		.uleb128 0x2e
 1454 00c2 01       		.byte	0x1
 1455 00c3 3F       		.uleb128 0x3f
 1456 00c4 19       		.uleb128 0x19
 1457 00c5 03       		.uleb128 0x3
 1458 00c6 0E       		.uleb128 0xe
 1459 00c7 3A       		.uleb128 0x3a
 1460 00c8 0B       		.uleb128 0xb
 1461 00c9 3B       		.uleb128 0x3b
 1462 00ca 0B       		.uleb128 0xb
 1463 00cb 11       		.uleb128 0x11
 1464 00cc 01       		.uleb128 0x1
 1465 00cd 12       		.uleb128 0x12
 1466 00ce 06       		.uleb128 0x6
 1467 00cf 40       		.uleb128 0x40
 1468 00d0 18       		.uleb128 0x18
 1469 00d1 9642     		.uleb128 0x2116
 1470 00d3 19       		.uleb128 0x19
 1471 00d4 01       		.uleb128 0x1
 1472 00d5 13       		.uleb128 0x13
 1473 00d6 00       		.byte	0
 1474 00d7 00       		.byte	0
 1475 00d8 0F       		.uleb128 0xf
 1476 00d9 0B       		.uleb128 0xb
 1477 00da 01       		.byte	0x1
 1478 00db 11       		.uleb128 0x11
ARM GAS  C:\Users\JamesH\AppData\Local\Temp\cccgTYo2.s 			page 30


 1479 00dc 01       		.uleb128 0x1
 1480 00dd 12       		.uleb128 0x12
 1481 00de 06       		.uleb128 0x6
 1482 00df 01       		.uleb128 0x1
 1483 00e0 13       		.uleb128 0x13
 1484 00e1 00       		.byte	0
 1485 00e2 00       		.byte	0
 1486 00e3 10       		.uleb128 0x10
 1487 00e4 34       		.uleb128 0x34
 1488 00e5 00       		.byte	0
 1489 00e6 03       		.uleb128 0x3
 1490 00e7 08       		.uleb128 0x8
 1491 00e8 3A       		.uleb128 0x3a
 1492 00e9 0B       		.uleb128 0xb
 1493 00ea 3B       		.uleb128 0x3b
 1494 00eb 0B       		.uleb128 0xb
 1495 00ec 49       		.uleb128 0x49
 1496 00ed 13       		.uleb128 0x13
 1497 00ee 02       		.uleb128 0x2
 1498 00ef 17       		.uleb128 0x17
 1499 00f0 00       		.byte	0
 1500 00f1 00       		.byte	0
 1501 00f2 11       		.uleb128 0x11
 1502 00f3 2E       		.uleb128 0x2e
 1503 00f4 01       		.byte	0x1
 1504 00f5 3F       		.uleb128 0x3f
 1505 00f6 19       		.uleb128 0x19
 1506 00f7 03       		.uleb128 0x3
 1507 00f8 0E       		.uleb128 0xe
 1508 00f9 3A       		.uleb128 0x3a
 1509 00fa 0B       		.uleb128 0xb
 1510 00fb 3B       		.uleb128 0x3b
 1511 00fc 0B       		.uleb128 0xb
 1512 00fd 49       		.uleb128 0x49
 1513 00fe 13       		.uleb128 0x13
 1514 00ff 3C       		.uleb128 0x3c
 1515 0100 19       		.uleb128 0x19
 1516 0101 01       		.uleb128 0x1
 1517 0102 13       		.uleb128 0x13
 1518 0103 00       		.byte	0
 1519 0104 00       		.byte	0
 1520 0105 12       		.uleb128 0x12
 1521 0106 18       		.uleb128 0x18
 1522 0107 00       		.byte	0
 1523 0108 00       		.byte	0
 1524 0109 00       		.byte	0
 1525 010a 13       		.uleb128 0x13
 1526 010b 2E       		.uleb128 0x2e
 1527 010c 01       		.byte	0x1
 1528 010d 3F       		.uleb128 0x3f
 1529 010e 19       		.uleb128 0x19
 1530 010f 03       		.uleb128 0x3
 1531 0110 0E       		.uleb128 0xe
 1532 0111 3A       		.uleb128 0x3a
 1533 0112 0B       		.uleb128 0xb
 1534 0113 3B       		.uleb128 0x3b
 1535 0114 0B       		.uleb128 0xb
ARM GAS  C:\Users\JamesH\AppData\Local\Temp\cccgTYo2.s 			page 31


 1536 0115 27       		.uleb128 0x27
 1537 0116 19       		.uleb128 0x19
 1538 0117 11       		.uleb128 0x11
 1539 0118 01       		.uleb128 0x1
 1540 0119 12       		.uleb128 0x12
 1541 011a 06       		.uleb128 0x6
 1542 011b 40       		.uleb128 0x40
 1543 011c 18       		.uleb128 0x18
 1544 011d 9742     		.uleb128 0x2117
 1545 011f 19       		.uleb128 0x19
 1546 0120 01       		.uleb128 0x1
 1547 0121 13       		.uleb128 0x13
 1548 0122 00       		.byte	0
 1549 0123 00       		.byte	0
 1550 0124 14       		.uleb128 0x14
 1551 0125 34       		.uleb128 0x34
 1552 0126 00       		.byte	0
 1553 0127 03       		.uleb128 0x3
 1554 0128 0E       		.uleb128 0xe
 1555 0129 3A       		.uleb128 0x3a
 1556 012a 0B       		.uleb128 0xb
 1557 012b 3B       		.uleb128 0x3b
 1558 012c 05       		.uleb128 0x5
 1559 012d 49       		.uleb128 0x49
 1560 012e 13       		.uleb128 0x13
 1561 012f 3F       		.uleb128 0x3f
 1562 0130 19       		.uleb128 0x19
 1563 0131 3C       		.uleb128 0x3c
 1564 0132 19       		.uleb128 0x19
 1565 0133 00       		.byte	0
 1566 0134 00       		.byte	0
 1567 0135 15       		.uleb128 0x15
 1568 0136 35       		.uleb128 0x35
 1569 0137 00       		.byte	0
 1570 0138 49       		.uleb128 0x49
 1571 0139 13       		.uleb128 0x13
 1572 013a 00       		.byte	0
 1573 013b 00       		.byte	0
 1574 013c 16       		.uleb128 0x16
 1575 013d 34       		.uleb128 0x34
 1576 013e 00       		.byte	0
 1577 013f 03       		.uleb128 0x3
 1578 0140 0E       		.uleb128 0xe
 1579 0141 3A       		.uleb128 0x3a
 1580 0142 0B       		.uleb128 0xb
 1581 0143 3B       		.uleb128 0x3b
 1582 0144 0B       		.uleb128 0xb
 1583 0145 49       		.uleb128 0x49
 1584 0146 13       		.uleb128 0x13
 1585 0147 3F       		.uleb128 0x3f
 1586 0148 19       		.uleb128 0x19
 1587 0149 02       		.uleb128 0x2
 1588 014a 18       		.uleb128 0x18
 1589 014b 00       		.byte	0
 1590 014c 00       		.byte	0
 1591 014d 17       		.uleb128 0x17
 1592 014e 01       		.uleb128 0x1
ARM GAS  C:\Users\JamesH\AppData\Local\Temp\cccgTYo2.s 			page 32


 1593 014f 01       		.byte	0x1
 1594 0150 49       		.uleb128 0x49
 1595 0151 13       		.uleb128 0x13
 1596 0152 01       		.uleb128 0x1
 1597 0153 13       		.uleb128 0x13
 1598 0154 00       		.byte	0
 1599 0155 00       		.byte	0
 1600 0156 18       		.uleb128 0x18
 1601 0157 21       		.uleb128 0x21
 1602 0158 00       		.byte	0
 1603 0159 49       		.uleb128 0x49
 1604 015a 13       		.uleb128 0x13
 1605 015b 2F       		.uleb128 0x2f
 1606 015c 0B       		.uleb128 0xb
 1607 015d 00       		.byte	0
 1608 015e 00       		.byte	0
 1609 015f 19       		.uleb128 0x19
 1610 0160 34       		.uleb128 0x34
 1611 0161 00       		.byte	0
 1612 0162 03       		.uleb128 0x3
 1613 0163 0E       		.uleb128 0xe
 1614 0164 3A       		.uleb128 0x3a
 1615 0165 0B       		.uleb128 0xb
 1616 0166 3B       		.uleb128 0x3b
 1617 0167 0B       		.uleb128 0xb
 1618 0168 49       		.uleb128 0x49
 1619 0169 13       		.uleb128 0x13
 1620 016a 3F       		.uleb128 0x3f
 1621 016b 19       		.uleb128 0x19
 1622 016c 3C       		.uleb128 0x3c
 1623 016d 19       		.uleb128 0x19
 1624 016e 00       		.byte	0
 1625 016f 00       		.byte	0
 1626 0170 1A       		.uleb128 0x1a
 1627 0171 2E       		.uleb128 0x2e
 1628 0172 00       		.byte	0
 1629 0173 3F       		.uleb128 0x3f
 1630 0174 19       		.uleb128 0x19
 1631 0175 3C       		.uleb128 0x3c
 1632 0176 19       		.uleb128 0x19
 1633 0177 6E       		.uleb128 0x6e
 1634 0178 0E       		.uleb128 0xe
 1635 0179 03       		.uleb128 0x3
 1636 017a 0E       		.uleb128 0xe
 1637 017b 3A       		.uleb128 0x3a
 1638 017c 0B       		.uleb128 0xb
 1639 017d 3B       		.uleb128 0x3b
 1640 017e 0B       		.uleb128 0xb
 1641 017f 00       		.byte	0
 1642 0180 00       		.byte	0
 1643 0181 00       		.byte	0
 1644              		.section	.debug_loc,"",%progbits
 1645              	.Ldebug_loc0:
 1646              	.LLST0:
 1647 0000 0C000000 		.4byte	.LVL16
 1648 0004 0E000000 		.4byte	.LVL17
 1649 0008 0600     		.2byte	0x6
ARM GAS  C:\Users\JamesH\AppData\Local\Temp\cccgTYo2.s 			page 33


 1650 000a 74       		.byte	0x74
 1651 000b 00       		.sleb128 0
 1652 000c 70       		.byte	0x70
 1653 000d 00       		.sleb128 0
 1654 000e 1C       		.byte	0x1c
 1655 000f 9F       		.byte	0x9f
 1656 0010 0E000000 		.4byte	.LVL17
 1657 0014 11000000 		.4byte	.LVL18-1
 1658 0018 0100     		.2byte	0x1
 1659 001a 50       		.byte	0x50
 1660 001b 00000000 		.4byte	0
 1661 001f 00000000 		.4byte	0
 1662              	.LLST1:
 1663 0023 20000000 		.4byte	.LVL20
 1664 0027 2B000000 		.4byte	.LVL21-1
 1665 002b 0100     		.2byte	0x1
 1666 002d 50       		.byte	0x50
 1667 002e 00000000 		.4byte	0
 1668 0032 00000000 		.4byte	0
 1669              	.LLST2:
 1670 0036 0C000000 		.4byte	.LVL31
 1671 003a 0E000000 		.4byte	.LVL32
 1672 003e 0600     		.2byte	0x6
 1673 0040 74       		.byte	0x74
 1674 0041 00       		.sleb128 0
 1675 0042 70       		.byte	0x70
 1676 0043 00       		.sleb128 0
 1677 0044 1C       		.byte	0x1c
 1678 0045 9F       		.byte	0x9f
 1679 0046 0E000000 		.4byte	.LVL32
 1680 004a 11000000 		.4byte	.LVL33-1
 1681 004e 0100     		.2byte	0x1
 1682 0050 50       		.byte	0x50
 1683 0051 00000000 		.4byte	0
 1684 0055 00000000 		.4byte	0
 1685              	.LLST3:
 1686 0059 20000000 		.4byte	.LVL35
 1687 005d 2B000000 		.4byte	.LVL36-1
 1688 0061 0100     		.2byte	0x1
 1689 0063 50       		.byte	0x50
 1690 0064 00000000 		.4byte	0
 1691 0068 00000000 		.4byte	0
 1692              	.LLST4:
 1693 006c 1A000000 		.4byte	.LVL44
 1694 0070 66000000 		.4byte	.LVL50
 1695 0074 0100     		.2byte	0x1
 1696 0076 54       		.byte	0x54
 1697 0077 00000000 		.4byte	0
 1698 007b 00000000 		.4byte	0
 1699              		.section	.debug_aranges,"",%progbits
 1700 0000 54000000 		.4byte	0x54
 1701 0004 0200     		.2byte	0x2
 1702 0006 00000000 		.4byte	.Ldebug_info0
 1703 000a 04       		.byte	0x4
 1704 000b 00       		.byte	0
 1705 000c 0000     		.2byte	0
 1706 000e 0000     		.2byte	0
ARM GAS  C:\Users\JamesH\AppData\Local\Temp\cccgTYo2.s 			page 34


 1707 0010 00000000 		.4byte	.LFB64
 1708 0014 50000000 		.4byte	.LFE64-.LFB64
 1709 0018 00000000 		.4byte	.LFB66
 1710 001c 16000000 		.4byte	.LFE66-.LFB66
 1711 0020 00000000 		.4byte	.LFB69
 1712 0024 94000000 		.4byte	.LFE69-.LFB69
 1713 0028 00000000 		.4byte	.LFB67
 1714 002c 16000000 		.4byte	.LFE67-.LFB67
 1715 0030 00000000 		.4byte	.LFB68
 1716 0034 84000000 		.4byte	.LFE68-.LFB68
 1717 0038 00000000 		.4byte	.LFB71
 1718 003c 10000000 		.4byte	.LFE71-.LFB71
 1719 0040 00000000 		.4byte	.LFB65
 1720 0044 E4000000 		.4byte	.LFE65-.LFB65
 1721 0048 00000000 		.4byte	.LFB70
 1722 004c 08000000 		.4byte	.LFE70-.LFB70
 1723 0050 00000000 		.4byte	0
 1724 0054 00000000 		.4byte	0
 1725              		.section	.debug_ranges,"",%progbits
 1726              	.Ldebug_ranges0:
 1727 0000 00000000 		.4byte	.LFB64
 1728 0004 50000000 		.4byte	.LFE64
 1729 0008 00000000 		.4byte	.LFB66
 1730 000c 16000000 		.4byte	.LFE66
 1731 0010 00000000 		.4byte	.LFB69
 1732 0014 94000000 		.4byte	.LFE69
 1733 0018 00000000 		.4byte	.LFB67
 1734 001c 16000000 		.4byte	.LFE67
 1735 0020 00000000 		.4byte	.LFB68
 1736 0024 84000000 		.4byte	.LFE68
 1737 0028 00000000 		.4byte	.LFB71
 1738 002c 10000000 		.4byte	.LFE71
 1739 0030 00000000 		.4byte	.LFB65
 1740 0034 E4000000 		.4byte	.LFE65
 1741 0038 00000000 		.4byte	.LFB70
 1742 003c 08000000 		.4byte	.LFE70
 1743 0040 00000000 		.4byte	0
 1744 0044 00000000 		.4byte	0
 1745              		.section	.debug_line,"",%progbits
 1746              	.Ldebug_line0:
 1747 0000 86020000 		.section	.debug_str,"MS",%progbits,1
 1747      0200BE01 
 1747      00000201 
 1747      FB0E0D00 
 1747      01010101 
 1748              	.LASF35:
 1749 0000 64697374 		.ascii	"distL\000"
 1749      4C00
 1750              	.LASF2:
 1751 0006 73686F72 		.ascii	"short int\000"
 1751      7420696E 
 1751      7400
 1752              	.LASF17:
 1753 0010 73697A65 		.ascii	"sizetype\000"
 1753      74797065 
 1753      00
 1754              	.LASF59:
ARM GAS  C:\Users\JamesH\AppData\Local\Temp\cccgTYo2.s 			page 35


 1755 0019 54696D65 		.ascii	"Timer_R_ReadPeriod\000"
 1755      725F525F 
 1755      52656164 
 1755      50657269 
 1755      6F6400
 1756              	.LASF23:
 1757 002c 43617074 		.ascii	"CaptureL\000"
 1757      7572654C 
 1757      00
 1758              	.LASF24:
 1759 0035 43617074 		.ascii	"CaptureR\000"
 1759      75726552 
 1759      00
 1760              	.LASF43:
 1761 003e 455F4C5F 		.ascii	"E_L_Start\000"
 1761      53746172 
 1761      7400
 1762              	.LASF36:
 1763 0048 64697374 		.ascii	"distAvL\000"
 1763      41764C00 
 1764              	.LASF61:
 1765 0050 55415254 		.ascii	"UART_PutString\000"
 1765      5F507574 
 1765      53747269 
 1765      6E6700
 1766              	.LASF19:
 1767 005f 64697374 		.ascii	"distMeasureL\000"
 1767      4D656173 
 1767      7572654C 
 1767      00
 1768              	.LASF37:
 1769 006c 64697374 		.ascii	"distAvR\000"
 1769      41765200 
 1770              	.LASF41:
 1771 0074 6C6F636B 		.ascii	"lockoutCount\000"
 1771      6F757443 
 1771      6F756E74 
 1771      00
 1772              	.LASF22:
 1773 0081 64697374 		.ascii	"distMeasureR\000"
 1773      4D656173 
 1773      75726552 
 1773      00
 1774              	.LASF62:
 1775 008e 666E5365 		.ascii	"fnSend\000"
 1775      6E6400
 1776              	.LASF47:
 1777 0095 455F4C5F 		.ascii	"E_L_StartEx\000"
 1777      53746172 
 1777      74457800 
 1778              	.LASF38:
 1779 00a1 64697374 		.ascii	"distR\000"
 1779      5200
 1780              	.LASF13:
 1781 00a7 666C6F61 		.ascii	"float\000"
 1781      7400
 1782              	.LASF27:
ARM GAS  C:\Users\JamesH\AppData\Local\Temp\cccgTYo2.s 			page 36


 1783 00ad 54726967 		.ascii	"Trigger\000"
 1783      67657200 
 1784              	.LASF6:
 1785 00b5 6C6F6E67 		.ascii	"long long int\000"
 1785      206C6F6E 
 1785      6720696E 
 1785      7400
 1786              	.LASF53:
 1787 00c3 55535F54 		.ascii	"US_Timer_Start\000"
 1787      696D6572 
 1787      5F537461 
 1787      727400
 1788              	.LASF49:
 1789 00d2 55535F54 		.ascii	"US_Trig_ClearPending\000"
 1789      7269675F 
 1789      436C6561 
 1789      7250656E 
 1789      64696E67 
 1790              	.LASF26:
 1791 00e7 64697374 		.ascii	"distMeasure\000"
 1791      4D656173 
 1791      75726500 
 1792              	.LASF54:
 1793 00f3 55535F4C 		.ascii	"US_L_Write\000"
 1793      5F577269 
 1793      746500
 1794              	.LASF4:
 1795 00fe 6C6F6E67 		.ascii	"long int\000"
 1795      20696E74 
 1795      00
 1796              	.LASF44:
 1797 0107 455F525F 		.ascii	"E_R_ClearPending\000"
 1797      436C6561 
 1797      7250656E 
 1797      64696E67 
 1797      00
 1798              	.LASF50:
 1799 0118 55535F54 		.ascii	"US_Trig_StartEx\000"
 1799      7269675F 
 1799      53746172 
 1799      74457800 
 1800              	.LASF60:
 1801 0128 54696D65 		.ascii	"Timer_R_ReadCapture\000"
 1801      725F525F 
 1801      52656164 
 1801      43617074 
 1801      75726500 
 1802              	.LASF16:
 1803 013c 6C6F6E67 		.ascii	"long double\000"
 1803      20646F75 
 1803      626C6500 
 1804              	.LASF48:
 1805 0148 55535F54 		.ascii	"US_Trig_Start\000"
 1805      7269675F 
 1805      53746172 
 1805      7400
 1806              	.LASF55:
ARM GAS  C:\Users\JamesH\AppData\Local\Temp\cccgTYo2.s 			page 37


 1807 0156 43794465 		.ascii	"CyDelayUs\000"
 1807      6C617955 
 1807      7300
 1808              	.LASF1:
 1809 0160 756E7369 		.ascii	"unsigned char\000"
 1809      676E6564 
 1809      20636861 
 1809      7200
 1810              	.LASF18:
 1811 016e 48435352 		.ascii	"HCSR04_Begin\000"
 1811      30345F42 
 1811      6567696E 
 1811      00
 1812              	.LASF45:
 1813 017b 455F525F 		.ascii	"E_R_StartEx\000"
 1813      53746172 
 1813      74457800 
 1814              	.LASF0:
 1815 0187 7369676E 		.ascii	"signed char\000"
 1815      65642063 
 1815      68617200 
 1816              	.LASF7:
 1817 0193 6C6F6E67 		.ascii	"long long unsigned int\000"
 1817      206C6F6E 
 1817      6720756E 
 1817      7369676E 
 1817      65642069 
 1818              	.LASF8:
 1819 01aa 756E7369 		.ascii	"unsigned int\000"
 1819      676E6564 
 1819      20696E74 
 1819      00
 1820              	.LASF64:
 1821 01b7 48435352 		.ascii	"HCSR04.c\000"
 1821      30342E63 
 1821      00
 1822              	.LASF51:
 1823 01c0 54696D65 		.ascii	"Timer_R_Start\000"
 1823      725F525F 
 1823      53746172 
 1823      7400
 1824              	.LASF3:
 1825 01ce 73686F72 		.ascii	"short unsigned int\000"
 1825      7420756E 
 1825      7369676E 
 1825      65642069 
 1825      6E7400
 1826              	.LASF58:
 1827 01e1 55535F52 		.ascii	"US_R_Write\000"
 1827      5F577269 
 1827      746500
 1828              	.LASF15:
 1829 01ec 63686172 		.ascii	"char\000"
 1829      00
 1830              	.LASF31:
 1831 01f1 6D436F75 		.ascii	"mCounterL\000"
 1831      6E746572 
ARM GAS  C:\Users\JamesH\AppData\Local\Temp\cccgTYo2.s 			page 38


 1831      4C00
 1832              	.LASF10:
 1833 01fb 696E7433 		.ascii	"int32_t\000"
 1833      325F7400 
 1834              	.LASF30:
 1835 0203 6D436F75 		.ascii	"mCounterR\000"
 1835      6E746572 
 1835      5200
 1836              	.LASF11:
 1837 020d 75696E74 		.ascii	"uint8\000"
 1837      3800
 1838              	.LASF25:
 1839 0213 4D6F746F 		.ascii	"MotorStop\000"
 1839      7253746F 
 1839      7000
 1840              	.LASF29:
 1841 021d 7370536F 		.ascii	"spSound\000"
 1841      756E6400 
 1842              	.LASF46:
 1843 0225 455F4C5F 		.ascii	"E_L_ClearPending\000"
 1843      436C6561 
 1843      7250656E 
 1843      64696E67 
 1843      00
 1844              	.LASF5:
 1845 0236 6C6F6E67 		.ascii	"long unsigned int\000"
 1845      20756E73 
 1845      69676E65 
 1845      6420696E 
 1845      7400
 1846              	.LASF12:
 1847 0248 75696E74 		.ascii	"uint32\000"
 1847      333200
 1848              	.LASF40:
 1849 024f 55535F52 		.ascii	"US_R\000"
 1849      00
 1850              	.LASF20:
 1851 0254 636C6963 		.ascii	"clicks\000"
 1851      6B7300
 1852              	.LASF57:
 1853 025b 54696D65 		.ascii	"Timer_L_ReadCapture\000"
 1853      725F4C5F 
 1853      52656164 
 1853      43617074 
 1853      75726500 
 1854              	.LASF33:
 1855 026f 636F6D70 		.ascii	"compLFlag\000"
 1855      4C466C61 
 1855      6700
 1856              	.LASF9:
 1857 0279 5F5F696E 		.ascii	"__int32_t\000"
 1857      7433325F 
 1857      7400
 1858              	.LASF52:
 1859 0283 54696D65 		.ascii	"Timer_L_Start\000"
 1859      725F4C5F 
 1859      53746172 
ARM GAS  C:\Users\JamesH\AppData\Local\Temp\cccgTYo2.s 			page 39


 1859      7400
 1860              	.LASF32:
 1861 0291 696E6974 		.ascii	"initFlag\000"
 1861      466C6167 
 1861      00
 1862              	.LASF21:
 1863 029a 70756C73 		.ascii	"pulseLength\000"
 1863      654C656E 
 1863      67746800 
 1864              	.LASF39:
 1865 02a6 55535F4C 		.ascii	"US_L\000"
 1865      00
 1866              	.LASF14:
 1867 02ab 646F7562 		.ascii	"double\000"
 1867      6C6500
 1868              	.LASF34:
 1869 02b2 636F6D70 		.ascii	"compRFlag\000"
 1869      52466C61 
 1869      6700
 1870              	.LASF56:
 1871 02bc 54696D65 		.ascii	"Timer_L_ReadPeriod\000"
 1871      725F4C5F 
 1871      52656164 
 1871      50657269 
 1871      6F6400
 1872              	.LASF42:
 1873 02cf 455F525F 		.ascii	"E_R_Start\000"
 1873      53746172 
 1873      7400
 1874              	.LASF28:
 1875 02d9 49544D5F 		.ascii	"ITM_RxBuffer\000"
 1875      52784275 
 1875      66666572 
 1875      00
 1876              	.LASF63:
 1877 02e6 474E5520 		.ascii	"GNU C11 5.4.1 20160609 (release) [ARM/embedded-5-br"
 1877      43313120 
 1877      352E342E 
 1877      31203230 
 1877      31363036 
 1878 0319 616E6368 		.ascii	"anch revision 237715] -mcpu=cortex-m3 -mthumb -g -O"
 1878      20726576 
 1878      6973696F 
 1878      6E203233 
 1878      37373135 
 1879 034c 67202D66 		.ascii	"g -ffunction-sections -ffat-lto-objects\000"
 1879      66756E63 
 1879      74696F6E 
 1879      2D736563 
 1879      74696F6E 
 1880              	.LASF65:
 1881 0374 433A5C55 		.ascii	"C:\\Users\\JamesH\\Desktop\\ECE4191-Team-13-PSoC\\P"
 1881      73657273 
 1881      5C4A616D 
 1881      6573485C 
 1881      4465736B 
 1882 03a2 536F4335 		.ascii	"SoC5_Team13Project.cydsn\000"
ARM GAS  C:\Users\JamesH\AppData\Local\Temp\cccgTYo2.s 			page 40


 1882      5F546561 
 1882      6D313350 
 1882      726F6A65 
 1882      63742E63 
 1883              		.ident	"GCC: (GNU Tools for ARM Embedded Processors) 5.4.1 20160609 (release) [ARM/embedded-5-bran
