ARM GAS  C:\Users\JamesH\AppData\Local\Temp\ccA2Jg46.s 			page 1


   1              		.syntax unified
   2              		.cpu cortex-m3
   3              		.fpu softvfp
   4              		.eabi_attribute 20, 1
   5              		.eabi_attribute 21, 1
   6              		.eabi_attribute 23, 3
   7              		.eabi_attribute 24, 1
   8              		.eabi_attribute 25, 1
   9              		.eabi_attribute 26, 1
  10              		.eabi_attribute 30, 1
  11              		.eabi_attribute 34, 1
  12              		.eabi_attribute 18, 4
  13              		.thumb
  14              		.syntax unified
  15              		.file	"pid.c"
  16              		.text
  17              	.Ltext0:
  18              		.cfi_sections	.debug_frame
  19              		.section	.text.PIDController_Init,"ax",%progbits
  20              		.align	2
  21              		.global	PIDController_Init
  22              		.thumb
  23              		.thumb_func
  24              		.type	PIDController_Init, %function
  25              	PIDController_Init:
  26              	.LFB0:
  27              		.file 1 "pid.c"
   1:pid.c         **** /* ========================================
   2:pid.c         ****  *
   3:pid.c         ****  * Copyright YOUR COMPANY, THE YEAR
   4:pid.c         ****  * All Rights Reserved
   5:pid.c         ****  * UNPUBLISHED, LICENSED SOFTWARE.
   6:pid.c         ****  *
   7:pid.c         ****  * CONFIDENTIAL AND PROPRIETARY INFORMATION
   8:pid.c         ****  * WHICH IS THE PROPERTY OF your company.
   9:pid.c         ****  *
  10:pid.c         ****  * ========================================
  11:pid.c         **** */
  12:pid.c         **** #include "PID.h"
  13:pid.c         **** 
  14:pid.c         **** void PIDController_Init(PIDController *pid) {
  28              		.loc 1 14 0
  29              		.cfi_startproc
  30              		@ args = 0, pretend = 0, frame = 0
  31              		@ frame_needed = 0, uses_anonymous_args = 0
  32              		@ link register save eliminated.
  33              	.LVL0:
  15:pid.c         **** 
  16:pid.c         **** 	/* Clear controller variables */
  17:pid.c         **** 	pid->integrator = 0.0f;
  34              		.loc 1 17 0
  35 0000 0023     		movs	r3, #0
  36 0002 4362     		str	r3, [r0, #36]	@ float
  18:pid.c         **** 	pid->prevError  = 0.0f;
  37              		.loc 1 18 0
  38 0004 8362     		str	r3, [r0, #40]	@ float
  19:pid.c         **** 	pid->differentiator  = 0.0f;
ARM GAS  C:\Users\JamesH\AppData\Local\Temp\ccA2Jg46.s 			page 2


  39              		.loc 1 19 0
  40 0006 C362     		str	r3, [r0, #44]	@ float
  20:pid.c         **** 	pid->prevMeasurement = 0.0f;
  41              		.loc 1 20 0
  42 0008 0363     		str	r3, [r0, #48]	@ float
  21:pid.c         **** 
  22:pid.c         **** 	pid->out = 0.0f;
  43              		.loc 1 22 0
  44 000a 4363     		str	r3, [r0, #52]	@ float
  45 000c 7047     		bx	lr
  46              		.cfi_endproc
  47              	.LFE0:
  48              		.size	PIDController_Init, .-PIDController_Init
  49              		.global	__aeabi_fsub
  50              		.global	__aeabi_fmul
  51              		.global	__aeabi_fadd
  52              		.global	__aeabi_fcmpgt
  53              		.global	__aeabi_fcmplt
  54              		.global	__aeabi_fdiv
  55 000e 00BF     		.section	.text.PIDController_Update,"ax",%progbits
  56              		.align	2
  57              		.global	PIDController_Update
  58              		.thumb
  59              		.thumb_func
  60              		.type	PIDController_Update, %function
  61              	PIDController_Update:
  62              	.LFB1:
  23:pid.c         **** 
  24:pid.c         **** }
  25:pid.c         **** 
  26:pid.c         **** float PIDController_Update(PIDController *pid, float setpoint, float measurement) {
  63              		.loc 1 26 0
  64              		.cfi_startproc
  65              		@ args = 0, pretend = 0, frame = 0
  66              		@ frame_needed = 0, uses_anonymous_args = 0
  67              	.LVL1:
  68 0000 2DE9F047 		push	{r4, r5, r6, r7, r8, r9, r10, lr}
  69              		.cfi_def_cfa_offset 32
  70              		.cfi_offset 4, -32
  71              		.cfi_offset 5, -28
  72              		.cfi_offset 6, -24
  73              		.cfi_offset 7, -20
  74              		.cfi_offset 8, -16
  75              		.cfi_offset 9, -12
  76              		.cfi_offset 10, -8
  77              		.cfi_offset 14, -4
  78 0004 0446     		mov	r4, r0
  79 0006 0846     		mov	r0, r1
  80              	.LVL2:
  81 0008 1546     		mov	r5, r2
  27:pid.c         **** 
  28:pid.c         ****     float error = setpoint - measurement;
  82              		.loc 1 28 0
  83 000a 1146     		mov	r1, r2
  84              	.LVL3:
  85 000c FFF7FEFF 		bl	__aeabi_fsub
  86              	.LVL4:
ARM GAS  C:\Users\JamesH\AppData\Local\Temp\ccA2Jg46.s 			page 3


  87 0010 0746     		mov	r7, r0
  88              	.LVL5:
  29:pid.c         ****     float proportional = pid->Kp * error;
  89              		.loc 1 29 0
  90 0012 2168     		ldr	r1, [r4]	@ float
  91 0014 FFF7FEFF 		bl	__aeabi_fmul
  92              	.LVL6:
  93 0018 8246     		mov	r10, r0
  94              	.LVL7:
  30:pid.c         ****     pid->integrator = pid->integrator + 0.5f * pid->Ki * pid->T * (error + pid->prevError);
  95              		.loc 1 30 0
  96 001a D4F82480 		ldr	r8, [r4, #36]	@ float
  97 001e 4FF07C51 		mov	r1, #1056964608
  98 0022 6068     		ldr	r0, [r4, #4]	@ float
  99              	.LVL8:
 100 0024 FFF7FEFF 		bl	__aeabi_fmul
 101              	.LVL9:
 102 0028 266A     		ldr	r6, [r4, #32]	@ float
 103 002a 3146     		mov	r1, r6
 104 002c FFF7FEFF 		bl	__aeabi_fmul
 105              	.LVL10:
 106 0030 8146     		mov	r9, r0
 107 0032 A16A     		ldr	r1, [r4, #40]	@ float
 108 0034 3846     		mov	r0, r7
 109 0036 FFF7FEFF 		bl	__aeabi_fadd
 110              	.LVL11:
 111 003a 0146     		mov	r1, r0
 112 003c 4846     		mov	r0, r9
 113 003e FFF7FEFF 		bl	__aeabi_fmul
 114              	.LVL12:
 115 0042 0146     		mov	r1, r0
 116 0044 4046     		mov	r0, r8
 117 0046 FFF7FEFF 		bl	__aeabi_fadd
 118              	.LVL13:
 119 004a 8046     		mov	r8, r0
 120 004c 6062     		str	r0, [r4, #36]	@ float
  31:pid.c         ****     if (pid->integrator > pid->limMaxInt) { // Anti-Windup
 121              		.loc 1 31 0
 122 004e D4F81C90 		ldr	r9, [r4, #28]	@ float
 123 0052 4946     		mov	r1, r9
 124 0054 FFF7FEFF 		bl	__aeabi_fcmpgt
 125              	.LVL14:
 126 0058 10B1     		cbz	r0, .L15
  32:pid.c         ****         pid->integrator = pid->limMaxInt;
 127              		.loc 1 32 0
 128 005a C4F82490 		str	r9, [r4, #36]	@ float
 129 005e 08E0     		b	.L5
 130              	.L15:
  33:pid.c         ****     } else if (pid->integrator < pid->limMinInt) {
 131              		.loc 1 33 0
 132 0060 D4F81890 		ldr	r9, [r4, #24]	@ float
 133 0064 4946     		mov	r1, r9
 134 0066 4046     		mov	r0, r8
 135 0068 FFF7FEFF 		bl	__aeabi_fcmplt
 136              	.LVL15:
 137 006c 08B1     		cbz	r0, .L5
  34:pid.c         ****         pid->integrator = pid->limMinInt;
ARM GAS  C:\Users\JamesH\AppData\Local\Temp\ccA2Jg46.s 			page 4


 138              		.loc 1 34 0
 139 006e C4F82490 		str	r9, [r4, #36]	@ float
 140              	.L5:
  35:pid.c         ****     }
  36:pid.c         **** 
  37:pid.c         ****     pid->differentiator = -(2.0f * pid->Kd * (measurement - pid->prevMeasurement)	//Derivative, ban
 141              		.loc 1 37 0
 142 0072 A168     		ldr	r1, [r4, #8]	@ float
 143 0074 0846     		mov	r0, r1
 144 0076 FFF7FEFF 		bl	__aeabi_fadd
 145              	.LVL16:
 146 007a 8046     		mov	r8, r0
 147 007c 216B     		ldr	r1, [r4, #48]	@ float
 148 007e 2846     		mov	r0, r5
 149 0080 FFF7FEFF 		bl	__aeabi_fsub
 150              	.LVL17:
 151 0084 0146     		mov	r1, r0
 152 0086 4046     		mov	r0, r8
 153 0088 FFF7FEFF 		bl	__aeabi_fmul
 154              	.LVL18:
 155 008c 8046     		mov	r8, r0
  38:pid.c         ****                         + (2.0f * pid->tau - pid->T) * pid->differentiator)
 156              		.loc 1 38 0
 157 008e E168     		ldr	r1, [r4, #12]	@ float
 158 0090 0846     		mov	r0, r1
 159 0092 FFF7FEFF 		bl	__aeabi_fadd
 160              	.LVL19:
 161 0096 8146     		mov	r9, r0
 162 0098 3146     		mov	r1, r6
 163 009a FFF7FEFF 		bl	__aeabi_fsub
 164              	.LVL20:
 165 009e E16A     		ldr	r1, [r4, #44]	@ float
 166 00a0 FFF7FEFF 		bl	__aeabi_fmul
 167              	.LVL21:
 168 00a4 0146     		mov	r1, r0
 169 00a6 4046     		mov	r0, r8
 170 00a8 FFF7FEFF 		bl	__aeabi_fadd
 171              	.LVL22:
  37:pid.c         ****                         + (2.0f * pid->tau - pid->T) * pid->differentiator)
 172              		.loc 1 37 0
 173 00ac 00F10048 		add	r8, r0, #-2147483648
  39:pid.c         ****                         / (2.0f * pid->tau + pid->T);
 174              		.loc 1 39 0
 175 00b0 4946     		mov	r1, r9
 176 00b2 3046     		mov	r0, r6
 177 00b4 FFF7FEFF 		bl	__aeabi_fadd
 178              	.LVL23:
 179 00b8 0146     		mov	r1, r0
 180 00ba 4046     		mov	r0, r8
 181 00bc FFF7FEFF 		bl	__aeabi_fdiv
 182              	.LVL24:
 183 00c0 0646     		mov	r6, r0
  37:pid.c         ****                         + (2.0f * pid->tau - pid->T) * pid->differentiator)
 184              		.loc 1 37 0
 185 00c2 E062     		str	r0, [r4, #44]	@ float
  40:pid.c         **** 
  41:pid.c         **** 
ARM GAS  C:\Users\JamesH\AppData\Local\Temp\ccA2Jg46.s 			page 5


  42:pid.c         ****     pid->out = proportional + pid->integrator + pid->differentiator;
 186              		.loc 1 42 0
 187 00c4 616A     		ldr	r1, [r4, #36]	@ float
 188 00c6 5046     		mov	r0, r10
 189 00c8 FFF7FEFF 		bl	__aeabi_fadd
 190              	.LVL25:
 191 00cc 0146     		mov	r1, r0
 192 00ce 3046     		mov	r0, r6
 193 00d0 FFF7FEFF 		bl	__aeabi_fadd
 194              	.LVL26:
 195 00d4 0646     		mov	r6, r0
 196 00d6 6063     		str	r0, [r4, #52]	@ float
  43:pid.c         ****     if (pid->out > pid->limMax) {
 197              		.loc 1 43 0
 198 00d8 D4F81480 		ldr	r8, [r4, #20]	@ float
 199 00dc 4146     		mov	r1, r8
 200 00de FFF7FEFF 		bl	__aeabi_fcmpgt
 201              	.LVL27:
 202 00e2 10B1     		cbz	r0, .L16
  44:pid.c         ****         pid->out = pid->limMax;
 203              		.loc 1 44 0
 204 00e4 C4F83480 		str	r8, [r4, #52]	@ float
 205 00e8 08E0     		b	.L9
 206              	.L16:
  45:pid.c         ****     } else if (pid->out < pid->limMin) {
 207              		.loc 1 45 0
 208 00ea D4F81080 		ldr	r8, [r4, #16]	@ float
 209 00ee 4146     		mov	r1, r8
 210 00f0 3046     		mov	r0, r6
 211 00f2 FFF7FEFF 		bl	__aeabi_fcmplt
 212              	.LVL28:
 213 00f6 08B1     		cbz	r0, .L9
  46:pid.c         ****         pid->out = pid->limMin;
 214              		.loc 1 46 0
 215 00f8 C4F83480 		str	r8, [r4, #52]	@ float
 216              	.L9:
  47:pid.c         ****     }
  48:pid.c         **** 
  49:pid.c         **** 	/* Store error and measurement for later use */
  50:pid.c         ****     pid->prevError       = error;
 217              		.loc 1 50 0
 218 00fc A762     		str	r7, [r4, #40]	@ float
  51:pid.c         ****     pid->prevMeasurement = measurement;
 219              		.loc 1 51 0
 220 00fe 2563     		str	r5, [r4, #48]	@ float
  52:pid.c         **** 
  53:pid.c         **** 	/* Return controller output */
  54:pid.c         ****     return pid->out;
  55:pid.c         **** 
  56:pid.c         **** }
 221              		.loc 1 56 0
 222 0100 606B     		ldr	r0, [r4, #52]	@ float
 223 0102 BDE8F087 		pop	{r4, r5, r6, r7, r8, r9, r10, pc}
 224              		.cfi_endproc
 225              	.LFE1:
 226              		.size	PIDController_Update, .-PIDController_Update
 227 0106 00BF     		.text
ARM GAS  C:\Users\JamesH\AppData\Local\Temp\ccA2Jg46.s 			page 6


 228              	.Letext0:
 229              		.file 2 "PID.h"
 230              		.section	.debug_info,"",%progbits
 231              	.Ldebug_info0:
 232 0000 6A010000 		.4byte	0x16a
 233 0004 0400     		.2byte	0x4
 234 0006 00000000 		.4byte	.Ldebug_abbrev0
 235 000a 04       		.byte	0x4
 236 000b 01       		.uleb128 0x1
 237 000c 3B000000 		.4byte	.LASF14
 238 0010 0C       		.byte	0xc
 239 0011 51010000 		.4byte	.LASF15
 240 0015 DF000000 		.4byte	.LASF16
 241 0019 00000000 		.4byte	.Ldebug_ranges0+0
 242 001d 00000000 		.4byte	0
 243 0021 00000000 		.4byte	.Ldebug_line0
 244 0025 02       		.uleb128 0x2
 245 0026 04       		.byte	0x4
 246 0027 04       		.byte	0x4
 247 0028 4B010000 		.4byte	.LASF17
 248 002c 03       		.uleb128 0x3
 249 002d 38       		.byte	0x38
 250 002e 02       		.byte	0x2
 251 002f 0F       		.byte	0xf
 252 0030 D8000000 		.4byte	0xd8
 253 0034 04       		.uleb128 0x4
 254 0035 4B7000   		.ascii	"Kp\000"
 255 0038 02       		.byte	0x2
 256 0039 12       		.byte	0x12
 257 003a 25000000 		.4byte	0x25
 258 003e 00       		.byte	0
 259 003f 04       		.uleb128 0x4
 260 0040 4B6900   		.ascii	"Ki\000"
 261 0043 02       		.byte	0x2
 262 0044 13       		.byte	0x13
 263 0045 25000000 		.4byte	0x25
 264 0049 04       		.byte	0x4
 265 004a 04       		.uleb128 0x4
 266 004b 4B6400   		.ascii	"Kd\000"
 267 004e 02       		.byte	0x2
 268 004f 14       		.byte	0x14
 269 0050 25000000 		.4byte	0x25
 270 0054 08       		.byte	0x8
 271 0055 04       		.uleb128 0x4
 272 0056 74617500 		.ascii	"tau\000"
 273 005a 02       		.byte	0x2
 274 005b 17       		.byte	0x17
 275 005c 25000000 		.4byte	0x25
 276 0060 0C       		.byte	0xc
 277 0061 05       		.uleb128 0x5
 278 0062 C9000000 		.4byte	.LASF0
 279 0066 02       		.byte	0x2
 280 0067 1A       		.byte	0x1a
 281 0068 25000000 		.4byte	0x25
 282 006c 10       		.byte	0x10
 283 006d 05       		.uleb128 0x5
 284 006e 2C010000 		.4byte	.LASF1
ARM GAS  C:\Users\JamesH\AppData\Local\Temp\ccA2Jg46.s 			page 7


 285 0072 02       		.byte	0x2
 286 0073 1B       		.byte	0x1b
 287 0074 25000000 		.4byte	0x25
 288 0078 14       		.byte	0x14
 289 0079 05       		.uleb128 0x5
 290 007a 41010000 		.4byte	.LASF2
 291 007e 02       		.byte	0x2
 292 007f 1E       		.byte	0x1e
 293 0080 25000000 		.4byte	0x25
 294 0084 18       		.byte	0x18
 295 0085 05       		.uleb128 0x5
 296 0086 31000000 		.4byte	.LASF3
 297 008a 02       		.byte	0x2
 298 008b 1F       		.byte	0x1f
 299 008c 25000000 		.4byte	0x25
 300 0090 1C       		.byte	0x1c
 301 0091 04       		.uleb128 0x4
 302 0092 5400     		.ascii	"T\000"
 303 0094 02       		.byte	0x2
 304 0095 22       		.byte	0x22
 305 0096 25000000 		.4byte	0x25
 306 009a 20       		.byte	0x20
 307 009b 05       		.uleb128 0x5
 308 009c 00000000 		.4byte	.LASF4
 309 00a0 02       		.byte	0x2
 310 00a1 25       		.byte	0x25
 311 00a2 25000000 		.4byte	0x25
 312 00a6 24       		.byte	0x24
 313 00a7 05       		.uleb128 0x5
 314 00a8 0B000000 		.4byte	.LASF5
 315 00ac 02       		.byte	0x2
 316 00ad 26       		.byte	0x26
 317 00ae 25000000 		.4byte	0x25
 318 00b2 28       		.byte	0x28
 319 00b3 05       		.uleb128 0x5
 320 00b4 D0000000 		.4byte	.LASF6
 321 00b8 02       		.byte	0x2
 322 00b9 27       		.byte	0x27
 323 00ba 25000000 		.4byte	0x25
 324 00be 2C       		.byte	0x2c
 325 00bf 05       		.uleb128 0x5
 326 00c0 15000000 		.4byte	.LASF7
 327 00c4 02       		.byte	0x2
 328 00c5 28       		.byte	0x28
 329 00c6 25000000 		.4byte	0x25
 330 00ca 30       		.byte	0x30
 331 00cb 04       		.uleb128 0x4
 332 00cc 6F757400 		.ascii	"out\000"
 333 00d0 02       		.byte	0x2
 334 00d1 2B       		.byte	0x2b
 335 00d2 25000000 		.4byte	0x25
 336 00d6 34       		.byte	0x34
 337 00d7 00       		.byte	0
 338 00d8 06       		.uleb128 0x6
 339 00d9 33010000 		.4byte	.LASF18
 340 00dd 02       		.byte	0x2
 341 00de 2D       		.byte	0x2d
ARM GAS  C:\Users\JamesH\AppData\Local\Temp\ccA2Jg46.s 			page 8


 342 00df 2C000000 		.4byte	0x2c
 343 00e3 07       		.uleb128 0x7
 344 00e4 6C010000 		.4byte	.LASF8
 345 00e8 01       		.byte	0x1
 346 00e9 0E       		.byte	0xe
 347 00ea 00000000 		.4byte	.LFB0
 348 00ee 0E000000 		.4byte	.LFE0-.LFB0
 349 00f2 01       		.uleb128 0x1
 350 00f3 9C       		.byte	0x9c
 351 00f4 06010000 		.4byte	0x106
 352 00f8 08       		.uleb128 0x8
 353 00f9 70696400 		.ascii	"pid\000"
 354 00fd 01       		.byte	0x1
 355 00fe 0E       		.byte	0xe
 356 00ff 06010000 		.4byte	0x106
 357 0103 01       		.uleb128 0x1
 358 0104 50       		.byte	0x50
 359 0105 00       		.byte	0
 360 0106 09       		.uleb128 0x9
 361 0107 04       		.byte	0x4
 362 0108 D8000000 		.4byte	0xd8
 363 010c 0A       		.uleb128 0xa
 364 010d 57010000 		.4byte	.LASF9
 365 0111 01       		.byte	0x1
 366 0112 1A       		.byte	0x1a
 367 0113 25000000 		.4byte	0x25
 368 0117 00000000 		.4byte	.LFB1
 369 011b 06010000 		.4byte	.LFE1-.LFB1
 370 011f 01       		.uleb128 0x1
 371 0120 9C       		.byte	0x9c
 372 0121 0B       		.uleb128 0xb
 373 0122 70696400 		.ascii	"pid\000"
 374 0126 01       		.byte	0x1
 375 0127 1A       		.byte	0x1a
 376 0128 06010000 		.4byte	0x106
 377 012c 00000000 		.4byte	.LLST0
 378 0130 0C       		.uleb128 0xc
 379 0131 8C010000 		.4byte	.LASF10
 380 0135 01       		.byte	0x1
 381 0136 1A       		.byte	0x1a
 382 0137 25000000 		.4byte	0x25
 383 013b 1E000000 		.4byte	.LLST1
 384 013f 0C       		.uleb128 0xc
 385 0140 25000000 		.4byte	.LASF11
 386 0144 01       		.byte	0x1
 387 0145 1A       		.byte	0x1a
 388 0146 25000000 		.4byte	0x25
 389 014a 4C000000 		.4byte	.LLST2
 390 014e 0D       		.uleb128 0xd
 391 014f 26010000 		.4byte	.LASF12
 392 0153 01       		.byte	0x1
 393 0154 1C       		.byte	0x1c
 394 0155 25000000 		.4byte	0x25
 395 0159 6A000000 		.4byte	.LLST3
 396 015d 0D       		.uleb128 0xd
 397 015e 7F010000 		.4byte	.LASF13
 398 0162 01       		.byte	0x1
ARM GAS  C:\Users\JamesH\AppData\Local\Temp\ccA2Jg46.s 			page 9


 399 0163 1D       		.byte	0x1d
 400 0164 25000000 		.4byte	0x25
 401 0168 88000000 		.4byte	.LLST4
 402 016c 00       		.byte	0
 403 016d 00       		.byte	0
 404              		.section	.debug_abbrev,"",%progbits
 405              	.Ldebug_abbrev0:
 406 0000 01       		.uleb128 0x1
 407 0001 11       		.uleb128 0x11
 408 0002 01       		.byte	0x1
 409 0003 25       		.uleb128 0x25
 410 0004 0E       		.uleb128 0xe
 411 0005 13       		.uleb128 0x13
 412 0006 0B       		.uleb128 0xb
 413 0007 03       		.uleb128 0x3
 414 0008 0E       		.uleb128 0xe
 415 0009 1B       		.uleb128 0x1b
 416 000a 0E       		.uleb128 0xe
 417 000b 55       		.uleb128 0x55
 418 000c 17       		.uleb128 0x17
 419 000d 11       		.uleb128 0x11
 420 000e 01       		.uleb128 0x1
 421 000f 10       		.uleb128 0x10
 422 0010 17       		.uleb128 0x17
 423 0011 00       		.byte	0
 424 0012 00       		.byte	0
 425 0013 02       		.uleb128 0x2
 426 0014 24       		.uleb128 0x24
 427 0015 00       		.byte	0
 428 0016 0B       		.uleb128 0xb
 429 0017 0B       		.uleb128 0xb
 430 0018 3E       		.uleb128 0x3e
 431 0019 0B       		.uleb128 0xb
 432 001a 03       		.uleb128 0x3
 433 001b 0E       		.uleb128 0xe
 434 001c 00       		.byte	0
 435 001d 00       		.byte	0
 436 001e 03       		.uleb128 0x3
 437 001f 13       		.uleb128 0x13
 438 0020 01       		.byte	0x1
 439 0021 0B       		.uleb128 0xb
 440 0022 0B       		.uleb128 0xb
 441 0023 3A       		.uleb128 0x3a
 442 0024 0B       		.uleb128 0xb
 443 0025 3B       		.uleb128 0x3b
 444 0026 0B       		.uleb128 0xb
 445 0027 01       		.uleb128 0x1
 446 0028 13       		.uleb128 0x13
 447 0029 00       		.byte	0
 448 002a 00       		.byte	0
 449 002b 04       		.uleb128 0x4
 450 002c 0D       		.uleb128 0xd
 451 002d 00       		.byte	0
 452 002e 03       		.uleb128 0x3
 453 002f 08       		.uleb128 0x8
 454 0030 3A       		.uleb128 0x3a
 455 0031 0B       		.uleb128 0xb
ARM GAS  C:\Users\JamesH\AppData\Local\Temp\ccA2Jg46.s 			page 10


 456 0032 3B       		.uleb128 0x3b
 457 0033 0B       		.uleb128 0xb
 458 0034 49       		.uleb128 0x49
 459 0035 13       		.uleb128 0x13
 460 0036 38       		.uleb128 0x38
 461 0037 0B       		.uleb128 0xb
 462 0038 00       		.byte	0
 463 0039 00       		.byte	0
 464 003a 05       		.uleb128 0x5
 465 003b 0D       		.uleb128 0xd
 466 003c 00       		.byte	0
 467 003d 03       		.uleb128 0x3
 468 003e 0E       		.uleb128 0xe
 469 003f 3A       		.uleb128 0x3a
 470 0040 0B       		.uleb128 0xb
 471 0041 3B       		.uleb128 0x3b
 472 0042 0B       		.uleb128 0xb
 473 0043 49       		.uleb128 0x49
 474 0044 13       		.uleb128 0x13
 475 0045 38       		.uleb128 0x38
 476 0046 0B       		.uleb128 0xb
 477 0047 00       		.byte	0
 478 0048 00       		.byte	0
 479 0049 06       		.uleb128 0x6
 480 004a 16       		.uleb128 0x16
 481 004b 00       		.byte	0
 482 004c 03       		.uleb128 0x3
 483 004d 0E       		.uleb128 0xe
 484 004e 3A       		.uleb128 0x3a
 485 004f 0B       		.uleb128 0xb
 486 0050 3B       		.uleb128 0x3b
 487 0051 0B       		.uleb128 0xb
 488 0052 49       		.uleb128 0x49
 489 0053 13       		.uleb128 0x13
 490 0054 00       		.byte	0
 491 0055 00       		.byte	0
 492 0056 07       		.uleb128 0x7
 493 0057 2E       		.uleb128 0x2e
 494 0058 01       		.byte	0x1
 495 0059 3F       		.uleb128 0x3f
 496 005a 19       		.uleb128 0x19
 497 005b 03       		.uleb128 0x3
 498 005c 0E       		.uleb128 0xe
 499 005d 3A       		.uleb128 0x3a
 500 005e 0B       		.uleb128 0xb
 501 005f 3B       		.uleb128 0x3b
 502 0060 0B       		.uleb128 0xb
 503 0061 27       		.uleb128 0x27
 504 0062 19       		.uleb128 0x19
 505 0063 11       		.uleb128 0x11
 506 0064 01       		.uleb128 0x1
 507 0065 12       		.uleb128 0x12
 508 0066 06       		.uleb128 0x6
 509 0067 40       		.uleb128 0x40
 510 0068 18       		.uleb128 0x18
 511 0069 9742     		.uleb128 0x2117
 512 006b 19       		.uleb128 0x19
ARM GAS  C:\Users\JamesH\AppData\Local\Temp\ccA2Jg46.s 			page 11


 513 006c 01       		.uleb128 0x1
 514 006d 13       		.uleb128 0x13
 515 006e 00       		.byte	0
 516 006f 00       		.byte	0
 517 0070 08       		.uleb128 0x8
 518 0071 05       		.uleb128 0x5
 519 0072 00       		.byte	0
 520 0073 03       		.uleb128 0x3
 521 0074 08       		.uleb128 0x8
 522 0075 3A       		.uleb128 0x3a
 523 0076 0B       		.uleb128 0xb
 524 0077 3B       		.uleb128 0x3b
 525 0078 0B       		.uleb128 0xb
 526 0079 49       		.uleb128 0x49
 527 007a 13       		.uleb128 0x13
 528 007b 02       		.uleb128 0x2
 529 007c 18       		.uleb128 0x18
 530 007d 00       		.byte	0
 531 007e 00       		.byte	0
 532 007f 09       		.uleb128 0x9
 533 0080 0F       		.uleb128 0xf
 534 0081 00       		.byte	0
 535 0082 0B       		.uleb128 0xb
 536 0083 0B       		.uleb128 0xb
 537 0084 49       		.uleb128 0x49
 538 0085 13       		.uleb128 0x13
 539 0086 00       		.byte	0
 540 0087 00       		.byte	0
 541 0088 0A       		.uleb128 0xa
 542 0089 2E       		.uleb128 0x2e
 543 008a 01       		.byte	0x1
 544 008b 3F       		.uleb128 0x3f
 545 008c 19       		.uleb128 0x19
 546 008d 03       		.uleb128 0x3
 547 008e 0E       		.uleb128 0xe
 548 008f 3A       		.uleb128 0x3a
 549 0090 0B       		.uleb128 0xb
 550 0091 3B       		.uleb128 0x3b
 551 0092 0B       		.uleb128 0xb
 552 0093 27       		.uleb128 0x27
 553 0094 19       		.uleb128 0x19
 554 0095 49       		.uleb128 0x49
 555 0096 13       		.uleb128 0x13
 556 0097 11       		.uleb128 0x11
 557 0098 01       		.uleb128 0x1
 558 0099 12       		.uleb128 0x12
 559 009a 06       		.uleb128 0x6
 560 009b 40       		.uleb128 0x40
 561 009c 18       		.uleb128 0x18
 562 009d 9642     		.uleb128 0x2116
 563 009f 19       		.uleb128 0x19
 564 00a0 00       		.byte	0
 565 00a1 00       		.byte	0
 566 00a2 0B       		.uleb128 0xb
 567 00a3 05       		.uleb128 0x5
 568 00a4 00       		.byte	0
 569 00a5 03       		.uleb128 0x3
ARM GAS  C:\Users\JamesH\AppData\Local\Temp\ccA2Jg46.s 			page 12


 570 00a6 08       		.uleb128 0x8
 571 00a7 3A       		.uleb128 0x3a
 572 00a8 0B       		.uleb128 0xb
 573 00a9 3B       		.uleb128 0x3b
 574 00aa 0B       		.uleb128 0xb
 575 00ab 49       		.uleb128 0x49
 576 00ac 13       		.uleb128 0x13
 577 00ad 02       		.uleb128 0x2
 578 00ae 17       		.uleb128 0x17
 579 00af 00       		.byte	0
 580 00b0 00       		.byte	0
 581 00b1 0C       		.uleb128 0xc
 582 00b2 05       		.uleb128 0x5
 583 00b3 00       		.byte	0
 584 00b4 03       		.uleb128 0x3
 585 00b5 0E       		.uleb128 0xe
 586 00b6 3A       		.uleb128 0x3a
 587 00b7 0B       		.uleb128 0xb
 588 00b8 3B       		.uleb128 0x3b
 589 00b9 0B       		.uleb128 0xb
 590 00ba 49       		.uleb128 0x49
 591 00bb 13       		.uleb128 0x13
 592 00bc 02       		.uleb128 0x2
 593 00bd 17       		.uleb128 0x17
 594 00be 00       		.byte	0
 595 00bf 00       		.byte	0
 596 00c0 0D       		.uleb128 0xd
 597 00c1 34       		.uleb128 0x34
 598 00c2 00       		.byte	0
 599 00c3 03       		.uleb128 0x3
 600 00c4 0E       		.uleb128 0xe
 601 00c5 3A       		.uleb128 0x3a
 602 00c6 0B       		.uleb128 0xb
 603 00c7 3B       		.uleb128 0x3b
 604 00c8 0B       		.uleb128 0xb
 605 00c9 49       		.uleb128 0x49
 606 00ca 13       		.uleb128 0x13
 607 00cb 02       		.uleb128 0x2
 608 00cc 17       		.uleb128 0x17
 609 00cd 00       		.byte	0
 610 00ce 00       		.byte	0
 611 00cf 00       		.byte	0
 612              		.section	.debug_loc,"",%progbits
 613              	.Ldebug_loc0:
 614              	.LLST0:
 615 0000 00000000 		.4byte	.LVL1
 616 0004 08000000 		.4byte	.LVL2
 617 0008 0100     		.2byte	0x1
 618 000a 50       		.byte	0x50
 619 000b 08000000 		.4byte	.LVL2
 620 000f 06010000 		.4byte	.LFE1
 621 0013 0100     		.2byte	0x1
 622 0015 54       		.byte	0x54
 623 0016 00000000 		.4byte	0
 624 001a 00000000 		.4byte	0
 625              	.LLST1:
 626 001e 00000000 		.4byte	.LVL1
ARM GAS  C:\Users\JamesH\AppData\Local\Temp\ccA2Jg46.s 			page 13


 627 0022 0C000000 		.4byte	.LVL3
 628 0026 0100     		.2byte	0x1
 629 0028 51       		.byte	0x51
 630 0029 0C000000 		.4byte	.LVL3
 631 002d 0F000000 		.4byte	.LVL4-1
 632 0031 0100     		.2byte	0x1
 633 0033 50       		.byte	0x50
 634 0034 0F000000 		.4byte	.LVL4-1
 635 0038 06010000 		.4byte	.LFE1
 636 003c 0600     		.2byte	0x6
 637 003e F3       		.byte	0xf3
 638 003f 03       		.uleb128 0x3
 639 0040 F5       		.byte	0xf5
 640 0041 01       		.uleb128 0x1
 641 0042 25       		.uleb128 0x25
 642 0043 9F       		.byte	0x9f
 643 0044 00000000 		.4byte	0
 644 0048 00000000 		.4byte	0
 645              	.LLST2:
 646 004c 00000000 		.4byte	.LVL1
 647 0050 0F000000 		.4byte	.LVL4-1
 648 0054 0100     		.2byte	0x1
 649 0056 52       		.byte	0x52
 650 0057 0F000000 		.4byte	.LVL4-1
 651 005b 06010000 		.4byte	.LFE1
 652 005f 0100     		.2byte	0x1
 653 0061 55       		.byte	0x55
 654 0062 00000000 		.4byte	0
 655 0066 00000000 		.4byte	0
 656              	.LLST3:
 657 006a 12000000 		.4byte	.LVL5
 658 006e 17000000 		.4byte	.LVL6-1
 659 0072 0100     		.2byte	0x1
 660 0074 50       		.byte	0x50
 661 0075 17000000 		.4byte	.LVL6-1
 662 0079 06010000 		.4byte	.LFE1
 663 007d 0100     		.2byte	0x1
 664 007f 57       		.byte	0x57
 665 0080 00000000 		.4byte	0
 666 0084 00000000 		.4byte	0
 667              	.LLST4:
 668 0088 1A000000 		.4byte	.LVL7
 669 008c 24000000 		.4byte	.LVL8
 670 0090 0100     		.2byte	0x1
 671 0092 50       		.byte	0x50
 672 0093 24000000 		.4byte	.LVL8
 673 0097 06010000 		.4byte	.LFE1
 674 009b 0100     		.2byte	0x1
 675 009d 5A       		.byte	0x5a
 676 009e 00000000 		.4byte	0
 677 00a2 00000000 		.4byte	0
 678              		.section	.debug_aranges,"",%progbits
 679 0000 24000000 		.4byte	0x24
 680 0004 0200     		.2byte	0x2
 681 0006 00000000 		.4byte	.Ldebug_info0
 682 000a 04       		.byte	0x4
 683 000b 00       		.byte	0
ARM GAS  C:\Users\JamesH\AppData\Local\Temp\ccA2Jg46.s 			page 14


 684 000c 0000     		.2byte	0
 685 000e 0000     		.2byte	0
 686 0010 00000000 		.4byte	.LFB0
 687 0014 0E000000 		.4byte	.LFE0-.LFB0
 688 0018 00000000 		.4byte	.LFB1
 689 001c 06010000 		.4byte	.LFE1-.LFB1
 690 0020 00000000 		.4byte	0
 691 0024 00000000 		.4byte	0
 692              		.section	.debug_ranges,"",%progbits
 693              	.Ldebug_ranges0:
 694 0000 00000000 		.4byte	.LFB0
 695 0004 0E000000 		.4byte	.LFE0
 696 0008 00000000 		.4byte	.LFB1
 697 000c 06010000 		.4byte	.LFE1
 698 0010 00000000 		.4byte	0
 699 0014 00000000 		.4byte	0
 700              		.section	.debug_line,"",%progbits
 701              	.Ldebug_line0:
 702 0000 63000000 		.section	.debug_str,"MS",%progbits,1
 702      02002500 
 702      00000201 
 702      FB0E0D00 
 702      01010101 
 703              	.LASF4:
 704 0000 696E7465 		.ascii	"integrator\000"
 704      67726174 
 704      6F7200
 705              	.LASF5:
 706 000b 70726576 		.ascii	"prevError\000"
 706      4572726F 
 706      7200
 707              	.LASF7:
 708 0015 70726576 		.ascii	"prevMeasurement\000"
 708      4D656173 
 708      7572656D 
 708      656E7400 
 709              	.LASF11:
 710 0025 6D656173 		.ascii	"measurement\000"
 710      7572656D 
 710      656E7400 
 711              	.LASF3:
 712 0031 6C696D4D 		.ascii	"limMaxInt\000"
 712      6178496E 
 712      7400
 713              	.LASF14:
 714 003b 474E5520 		.ascii	"GNU C11 5.4.1 20160609 (release) [ARM/embedded-5-br"
 714      43313120 
 714      352E342E 
 714      31203230 
 714      31363036 
 715 006e 616E6368 		.ascii	"anch revision 237715] -mcpu=cortex-m3 -mthumb -g -O"
 715      20726576 
 715      6973696F 
 715      6E203233 
 715      37373135 
 716 00a1 67202D66 		.ascii	"g -ffunction-sections -ffat-lto-objects\000"
 716      66756E63 
ARM GAS  C:\Users\JamesH\AppData\Local\Temp\ccA2Jg46.s 			page 15


 716      74696F6E 
 716      2D736563 
 716      74696F6E 
 717              	.LASF0:
 718 00c9 6C696D4D 		.ascii	"limMin\000"
 718      696E00
 719              	.LASF6:
 720 00d0 64696666 		.ascii	"differentiator\000"
 720      6572656E 
 720      74696174 
 720      6F7200
 721              	.LASF16:
 722 00df 433A5C55 		.ascii	"C:\\Users\\JamesH\\Desktop\\ECE4191-Team-13-PSoC\\P"
 722      73657273 
 722      5C4A616D 
 722      6573485C 
 722      4465736B 
 723 010d 536F4335 		.ascii	"SoC5_Team13Project.cydsn\000"
 723      5F546561 
 723      6D313350 
 723      726F6A65 
 723      63742E63 
 724              	.LASF12:
 725 0126 6572726F 		.ascii	"error\000"
 725      7200
 726              	.LASF1:
 727 012c 6C696D4D 		.ascii	"limMax\000"
 727      617800
 728              	.LASF18:
 729 0133 50494443 		.ascii	"PIDController\000"
 729      6F6E7472 
 729      6F6C6C65 
 729      7200
 730              	.LASF2:
 731 0141 6C696D4D 		.ascii	"limMinInt\000"
 731      696E496E 
 731      7400
 732              	.LASF17:
 733 014b 666C6F61 		.ascii	"float\000"
 733      7400
 734              	.LASF15:
 735 0151 7069642E 		.ascii	"pid.c\000"
 735      6300
 736              	.LASF9:
 737 0157 50494443 		.ascii	"PIDController_Update\000"
 737      6F6E7472 
 737      6F6C6C65 
 737      725F5570 
 737      64617465 
 738              	.LASF8:
 739 016c 50494443 		.ascii	"PIDController_Init\000"
 739      6F6E7472 
 739      6F6C6C65 
 739      725F496E 
 739      697400
 740              	.LASF13:
 741 017f 70726F70 		.ascii	"proportional\000"
ARM GAS  C:\Users\JamesH\AppData\Local\Temp\ccA2Jg46.s 			page 16


 741      6F727469 
 741      6F6E616C 
 741      00
 742              	.LASF10:
 743 018c 73657470 		.ascii	"setpoint\000"
 743      6F696E74 
 743      00
 744              		.ident	"GCC: (GNU Tools for ARM Embedded Processors) 5.4.1 20160609 (release) [ARM/embedded-5-bran
