ARM GAS  C:\Users\JamesH\AppData\Local\Temp\cczTrVmY.s 			page 1


   1              		.syntax unified
   2              		.cpu cortex-m3
   3              		.fpu softvfp
   4              		.eabi_attribute 20, 1
   5              		.eabi_attribute 21, 1
   6              		.eabi_attribute 23, 3
   7              		.eabi_attribute 24, 1
   8              		.eabi_attribute 25, 1
   9              		.eabi_attribute 26, 1
  10              		.eabi_attribute 30, 1
  11              		.eabi_attribute 34, 1
  12              		.eabi_attribute 18, 4
  13              		.thumb
  14              		.syntax unified
  15              		.file	"QuadPWM.c"
  16              		.text
  17              	.Ltext0:
  18              		.cfi_sections	.debug_frame
  19              		.section	.text.QuadPWM_Init,"ax",%progbits
  20              		.align	2
  21              		.global	QuadPWM_Init
  22              		.thumb
  23              		.thumb_func
  24              		.type	QuadPWM_Init, %function
  25              	QuadPWM_Init:
  26              	.LFB0:
  27              		.file 1 "Generated_Source\\PSoC5\\QuadPWM.c"
   1:Generated_Source\PSoC5/QuadPWM.c **** /* ========================================
   2:Generated_Source\PSoC5/QuadPWM.c ****  *
   3:Generated_Source\PSoC5/QuadPWM.c ****  * Copyright YOUR COMPANY, THE YEAR
   4:Generated_Source\PSoC5/QuadPWM.c ****  * All Rights Reserved
   5:Generated_Source\PSoC5/QuadPWM.c ****  * UNPUBLISHED, LICENSED SOFTWARE.
   6:Generated_Source\PSoC5/QuadPWM.c ****  *
   7:Generated_Source\PSoC5/QuadPWM.c ****  * CONFIDENTIAL AND PROPRIETARY INFORMATION
   8:Generated_Source\PSoC5/QuadPWM.c ****  * WHICH IS THE PROPERTY OF your company.
   9:Generated_Source\PSoC5/QuadPWM.c ****  *
  10:Generated_Source\PSoC5/QuadPWM.c ****  * ========================================
  11:Generated_Source\PSoC5/QuadPWM.c **** */
  12:Generated_Source\PSoC5/QuadPWM.c **** 
  13:Generated_Source\PSoC5/QuadPWM.c **** #include "QuadPWM.h"
  14:Generated_Source\PSoC5/QuadPWM.c **** 
  15:Generated_Source\PSoC5/QuadPWM.c **** /*******************************************************************************
  16:Generated_Source\PSoC5/QuadPWM.c **** * Function Name: QuadPWM_Init
  17:Generated_Source\PSoC5/QuadPWM.c **** ********************************************************************************
  18:Generated_Source\PSoC5/QuadPWM.c **** *
  19:Generated_Source\PSoC5/QuadPWM.c **** * Summary:
  20:Generated_Source\PSoC5/QuadPWM.c **** *  Initialize the PWM based on the duty cycles provided in the customizer.
  21:Generated_Source\PSoC5/QuadPWM.c **** *
  22:Generated_Source\PSoC5/QuadPWM.c **** * Parameters:
  23:Generated_Source\PSoC5/QuadPWM.c **** *  None.
  24:Generated_Source\PSoC5/QuadPWM.c **** *                   
  25:Generated_Source\PSoC5/QuadPWM.c **** * Return:
  26:Generated_Source\PSoC5/QuadPWM.c **** *  None.
  27:Generated_Source\PSoC5/QuadPWM.c **** *
  28:Generated_Source\PSoC5/QuadPWM.c **** *
  29:Generated_Source\PSoC5/QuadPWM.c **** *******************************************************************************/
  30:Generated_Source\PSoC5/QuadPWM.c **** void QuadPWM_Init(void)
ARM GAS  C:\Users\JamesH\AppData\Local\Temp\cczTrVmY.s 			page 2


  31:Generated_Source\PSoC5/QuadPWM.c **** {
  28              		.loc 1 31 0
  29              		.cfi_startproc
  30              		@ args = 0, pretend = 0, frame = 0
  31              		@ frame_needed = 0, uses_anonymous_args = 0
  32              		@ link register save eliminated.
  32:Generated_Source\PSoC5/QuadPWM.c ****     /* Initialize the datapath */
  33:Generated_Source\PSoC5/QuadPWM.c ****     QuadPWM_DP_AUX_CTL = QuadPWM_DP_INIT;
  33              		.loc 1 33 0
  34 0000 0322     		movs	r2, #3
  35 0002 074B     		ldr	r3, .L2
  36 0004 1A70     		strb	r2, [r3]
  34:Generated_Source\PSoC5/QuadPWM.c ****     
  35:Generated_Source\PSoC5/QuadPWM.c ****     /* Set the duty cycles */
  36:Generated_Source\PSoC5/QuadPWM.c ****     QuadPWM_REG_D0 = QuadPWM_MAX_DUTY_CYCLE - QuadPWM_DUTYE_CYCLE_1;
  37              		.loc 1 36 0
  38 0006 0022     		movs	r2, #0
  39 0008 703B     		subs	r3, r3, #112
  40 000a 1A70     		strb	r2, [r3]
  37:Generated_Source\PSoC5/QuadPWM.c ****     QuadPWM_REG_D1 = QuadPWM_MAX_DUTY_CYCLE - QuadPWM_DUTYE_CYCLE_2;
  41              		.loc 1 37 0
  42 000c 7F22     		movs	r2, #127
  43 000e 1033     		adds	r3, r3, #16
  44 0010 1A70     		strb	r2, [r3]
  38:Generated_Source\PSoC5/QuadPWM.c ****     QuadPWM_REG_F0 = QuadPWM_MAX_DUTY_CYCLE - QuadPWM_DUTYE_CYCLE_3;
  45              		.loc 1 38 0
  46 0012 BF22     		movs	r2, #191
  47 0014 1033     		adds	r3, r3, #16
  48 0016 1A70     		strb	r2, [r3]
  39:Generated_Source\PSoC5/QuadPWM.c ****     QuadPWM_REG_F1 = QuadPWM_MAX_DUTY_CYCLE - QuadPWM_DUTYE_CYCLE_4;
  49              		.loc 1 39 0
  50 0018 FF22     		movs	r2, #255
  51 001a 1033     		adds	r3, r3, #16
  52 001c 1A70     		strb	r2, [r3]
  53 001e 7047     		bx	lr
  54              	.L3:
  55              		.align	2
  56              	.L2:
  57 0020 99650040 		.word	1073767833
  58              		.cfi_endproc
  59              	.LFE0:
  60              		.size	QuadPWM_Init, .-QuadPWM_Init
  61              		.section	.text.QuadPWM_SetDutyCycle,"ax",%progbits
  62              		.align	2
  63              		.global	QuadPWM_SetDutyCycle
  64              		.thumb
  65              		.thumb_func
  66              		.type	QuadPWM_SetDutyCycle, %function
  67              	QuadPWM_SetDutyCycle:
  68              	.LFB1:
  40:Generated_Source\PSoC5/QuadPWM.c **** }
  41:Generated_Source\PSoC5/QuadPWM.c **** 
  42:Generated_Source\PSoC5/QuadPWM.c **** /*******************************************************************************
  43:Generated_Source\PSoC5/QuadPWM.c **** * Function Name: QuadPWM_SetDutyCycle
  44:Generated_Source\PSoC5/QuadPWM.c **** ********************************************************************************
  45:Generated_Source\PSoC5/QuadPWM.c **** *
  46:Generated_Source\PSoC5/QuadPWM.c **** * Summary:
ARM GAS  C:\Users\JamesH\AppData\Local\Temp\cczTrVmY.s 			page 3


  47:Generated_Source\PSoC5/QuadPWM.c **** *  Set the duty cycle for the given PWM output.
  48:Generated_Source\PSoC5/QuadPWM.c **** *
  49:Generated_Source\PSoC5/QuadPWM.c **** * Parameters:
  50:Generated_Source\PSoC5/QuadPWM.c **** *  pwm:       PWM output to be set (from 1 to 4)
  51:Generated_Source\PSoC5/QuadPWM.c **** *  dutyCycle: new duty cycle value (from 0 to 255)
  52:Generated_Source\PSoC5/QuadPWM.c **** *                   
  53:Generated_Source\PSoC5/QuadPWM.c **** * Return:
  54:Generated_Source\PSoC5/QuadPWM.c **** *  None.
  55:Generated_Source\PSoC5/QuadPWM.c **** *
  56:Generated_Source\PSoC5/QuadPWM.c **** *
  57:Generated_Source\PSoC5/QuadPWM.c **** *******************************************************************************/
  58:Generated_Source\PSoC5/QuadPWM.c **** void QuadPWM_SetDutyCycle(uint32 pwm, uint32 dutyCycle)
  59:Generated_Source\PSoC5/QuadPWM.c **** {
  69              		.loc 1 59 0
  70              		.cfi_startproc
  71              		@ args = 0, pretend = 0, frame = 0
  72              		@ frame_needed = 0, uses_anonymous_args = 0
  73              		@ link register save eliminated.
  74              	.LVL0:
  60:Generated_Source\PSoC5/QuadPWM.c ****     switch (pwm)
  75              		.loc 1 60 0
  76 0000 0138     		subs	r0, r0, #1
  77              	.LVL1:
  78 0002 0328     		cmp	r0, #3
  79 0004 16D8     		bhi	.L4
  80 0006 DFE800F0 		tbb	[pc, r0]
  81              	.L7:
  82 000a 02       		.byte	(.L6-.L7)/2
  83 000b 07       		.byte	(.L8-.L7)/2
  84 000c 0C       		.byte	(.L9-.L7)/2
  85 000d 11       		.byte	(.L10-.L7)/2
  86              		.p2align 1
  87              	.L6:
  61:Generated_Source\PSoC5/QuadPWM.c ****     {
  62:Generated_Source\PSoC5/QuadPWM.c ****         case QuadPWM_PWM_1:
  63:Generated_Source\PSoC5/QuadPWM.c ****             QuadPWM_REG_D0 = QuadPWM_MAX_DUTY_CYCLE - (uint8) dutyCycle;
  88              		.loc 1 63 0
  89 000e C943     		mvns	r1, r1
  90              	.LVL2:
  91 0010 C9B2     		uxtb	r1, r1
  92              	.LVL3:
  93 0012 094B     		ldr	r3, .L11
  94 0014 1970     		strb	r1, [r3]
  64:Generated_Source\PSoC5/QuadPWM.c ****             break;
  95              		.loc 1 64 0
  96 0016 7047     		bx	lr
  97              	.LVL4:
  98              	.L8:
  65:Generated_Source\PSoC5/QuadPWM.c ****         case QuadPWM_PWM_2:
  66:Generated_Source\PSoC5/QuadPWM.c ****             QuadPWM_REG_D1 = QuadPWM_MAX_DUTY_CYCLE - (uint8) dutyCycle;
  99              		.loc 1 66 0
 100 0018 C943     		mvns	r1, r1
 101              	.LVL5:
 102 001a C9B2     		uxtb	r1, r1
 103              	.LVL6:
 104 001c 074B     		ldr	r3, .L11+4
 105 001e 1970     		strb	r1, [r3]
ARM GAS  C:\Users\JamesH\AppData\Local\Temp\cczTrVmY.s 			page 4


  67:Generated_Source\PSoC5/QuadPWM.c ****             break;
 106              		.loc 1 67 0
 107 0020 7047     		bx	lr
 108              	.LVL7:
 109              	.L9:
  68:Generated_Source\PSoC5/QuadPWM.c ****         case QuadPWM_PWM_3:
  69:Generated_Source\PSoC5/QuadPWM.c ****             QuadPWM_REG_F0 = QuadPWM_MAX_DUTY_CYCLE - (uint8) dutyCycle;
 110              		.loc 1 69 0
 111 0022 C943     		mvns	r1, r1
 112              	.LVL8:
 113 0024 C9B2     		uxtb	r1, r1
 114              	.LVL9:
 115 0026 064B     		ldr	r3, .L11+8
 116 0028 1970     		strb	r1, [r3]
  70:Generated_Source\PSoC5/QuadPWM.c ****             break;
 117              		.loc 1 70 0
 118 002a 7047     		bx	lr
 119              	.LVL10:
 120              	.L10:
  71:Generated_Source\PSoC5/QuadPWM.c ****         case QuadPWM_PWM_4:
  72:Generated_Source\PSoC5/QuadPWM.c ****             QuadPWM_REG_F1 = QuadPWM_MAX_DUTY_CYCLE - (uint8) dutyCycle;
 121              		.loc 1 72 0
 122 002c C943     		mvns	r1, r1
 123              	.LVL11:
 124 002e C9B2     		uxtb	r1, r1
 125              	.LVL12:
 126 0030 044B     		ldr	r3, .L11+12
 127 0032 1970     		strb	r1, [r3]
 128              	.L4:
 129 0034 7047     		bx	lr
 130              	.L12:
 131 0036 00BF     		.align	2
 132              	.L11:
 133 0038 29650040 		.word	1073767721
 134 003c 39650040 		.word	1073767737
 135 0040 49650040 		.word	1073767753
 136 0044 59650040 		.word	1073767769
 137              		.cfi_endproc
 138              	.LFE1:
 139              		.size	QuadPWM_SetDutyCycle, .-QuadPWM_SetDutyCycle
 140              		.text
 141              	.Letext0:
 142              		.file 2 "Generated_Source\\PSoC5/cytypes.h"
 143              		.section	.debug_info,"",%progbits
 144              	.Ldebug_info0:
 145 0000 E7000000 		.4byte	0xe7
 146 0004 0400     		.2byte	0x4
 147 0006 00000000 		.4byte	.Ldebug_abbrev0
 148 000a 04       		.byte	0x4
 149 000b 01       		.uleb128 0x1
 150 000c 2B000000 		.4byte	.LASF16
 151 0010 0C       		.byte	0xc
 152 0011 84010000 		.4byte	.LASF17
 153 0015 3D010000 		.4byte	.LASF18
 154 0019 00000000 		.4byte	.Ldebug_ranges0+0
 155 001d 00000000 		.4byte	0
 156 0021 00000000 		.4byte	.Ldebug_line0
ARM GAS  C:\Users\JamesH\AppData\Local\Temp\cczTrVmY.s 			page 5


 157 0025 02       		.uleb128 0x2
 158 0026 01       		.byte	0x1
 159 0027 06       		.byte	0x6
 160 0028 BE010000 		.4byte	.LASF0
 161 002c 02       		.uleb128 0x2
 162 002d 01       		.byte	0x1
 163 002e 08       		.byte	0x8
 164 002f 1D000000 		.4byte	.LASF1
 165 0033 02       		.uleb128 0x2
 166 0034 02       		.byte	0x2
 167 0035 05       		.byte	0x5
 168 0036 A5010000 		.4byte	.LASF2
 169 003a 02       		.uleb128 0x2
 170 003b 02       		.byte	0x2
 171 003c 07       		.byte	0x7
 172 003d D0000000 		.4byte	.LASF3
 173 0041 02       		.uleb128 0x2
 174 0042 04       		.byte	0x4
 175 0043 05       		.byte	0x5
 176 0044 B5010000 		.4byte	.LASF4
 177 0048 02       		.uleb128 0x2
 178 0049 04       		.byte	0x4
 179 004a 07       		.byte	0x7
 180 004b BE000000 		.4byte	.LASF5
 181 004f 02       		.uleb128 0x2
 182 0050 08       		.byte	0x8
 183 0051 05       		.byte	0x5
 184 0052 2A010000 		.4byte	.LASF6
 185 0056 02       		.uleb128 0x2
 186 0057 08       		.byte	0x8
 187 0058 07       		.byte	0x7
 188 0059 13010000 		.4byte	.LASF7
 189 005d 03       		.uleb128 0x3
 190 005e 04       		.byte	0x4
 191 005f 05       		.byte	0x5
 192 0060 696E7400 		.ascii	"int\000"
 193 0064 02       		.uleb128 0x2
 194 0065 04       		.byte	0x4
 195 0066 07       		.byte	0x7
 196 0067 06010000 		.4byte	.LASF8
 197 006b 04       		.uleb128 0x4
 198 006c AF010000 		.4byte	.LASF9
 199 0070 02       		.byte	0x2
 200 0071 E801     		.2byte	0x1e8
 201 0073 2C000000 		.4byte	0x2c
 202 0077 04       		.uleb128 0x4
 203 0078 FF000000 		.4byte	.LASF10
 204 007c 02       		.byte	0x2
 205 007d EA01     		.2byte	0x1ea
 206 007f 48000000 		.4byte	0x48
 207 0083 02       		.uleb128 0x2
 208 0084 04       		.byte	0x4
 209 0085 04       		.byte	0x4
 210 0086 17000000 		.4byte	.LASF11
 211 008a 02       		.uleb128 0x2
 212 008b 08       		.byte	0x8
 213 008c 04       		.byte	0x4
ARM GAS  C:\Users\JamesH\AppData\Local\Temp\cczTrVmY.s 			page 6


 214 008d F8000000 		.4byte	.LASF12
 215 0091 02       		.uleb128 0x2
 216 0092 01       		.byte	0x1
 217 0093 08       		.byte	0x8
 218 0094 38010000 		.4byte	.LASF13
 219 0098 04       		.uleb128 0x4
 220 0099 B9000000 		.4byte	.LASF14
 221 009d 02       		.byte	0x2
 222 009e 9202     		.2byte	0x292
 223 00a0 A4000000 		.4byte	0xa4
 224 00a4 05       		.uleb128 0x5
 225 00a5 6B000000 		.4byte	0x6b
 226 00a9 06       		.uleb128 0x6
 227 00aa 0A000000 		.4byte	.LASF19
 228 00ae 01       		.byte	0x1
 229 00af 1E       		.byte	0x1e
 230 00b0 00000000 		.4byte	.LFB0
 231 00b4 24000000 		.4byte	.LFE0-.LFB0
 232 00b8 01       		.uleb128 0x1
 233 00b9 9C       		.byte	0x9c
 234 00ba 07       		.uleb128 0x7
 235 00bb E3000000 		.4byte	.LASF20
 236 00bf 01       		.byte	0x1
 237 00c0 3A       		.byte	0x3a
 238 00c1 00000000 		.4byte	.LFB1
 239 00c5 48000000 		.4byte	.LFE1-.LFB1
 240 00c9 01       		.uleb128 0x1
 241 00ca 9C       		.byte	0x9c
 242 00cb 08       		.uleb128 0x8
 243 00cc 70776D00 		.ascii	"pwm\000"
 244 00d0 01       		.byte	0x1
 245 00d1 3A       		.byte	0x3a
 246 00d2 77000000 		.4byte	0x77
 247 00d6 00000000 		.4byte	.LLST0
 248 00da 09       		.uleb128 0x9
 249 00db 00000000 		.4byte	.LASF15
 250 00df 01       		.byte	0x1
 251 00e0 3A       		.byte	0x3a
 252 00e1 77000000 		.4byte	0x77
 253 00e5 20000000 		.4byte	.LLST1
 254 00e9 00       		.byte	0
 255 00ea 00       		.byte	0
 256              		.section	.debug_abbrev,"",%progbits
 257              	.Ldebug_abbrev0:
 258 0000 01       		.uleb128 0x1
 259 0001 11       		.uleb128 0x11
 260 0002 01       		.byte	0x1
 261 0003 25       		.uleb128 0x25
 262 0004 0E       		.uleb128 0xe
 263 0005 13       		.uleb128 0x13
 264 0006 0B       		.uleb128 0xb
 265 0007 03       		.uleb128 0x3
 266 0008 0E       		.uleb128 0xe
 267 0009 1B       		.uleb128 0x1b
 268 000a 0E       		.uleb128 0xe
 269 000b 55       		.uleb128 0x55
 270 000c 17       		.uleb128 0x17
ARM GAS  C:\Users\JamesH\AppData\Local\Temp\cczTrVmY.s 			page 7


 271 000d 11       		.uleb128 0x11
 272 000e 01       		.uleb128 0x1
 273 000f 10       		.uleb128 0x10
 274 0010 17       		.uleb128 0x17
 275 0011 00       		.byte	0
 276 0012 00       		.byte	0
 277 0013 02       		.uleb128 0x2
 278 0014 24       		.uleb128 0x24
 279 0015 00       		.byte	0
 280 0016 0B       		.uleb128 0xb
 281 0017 0B       		.uleb128 0xb
 282 0018 3E       		.uleb128 0x3e
 283 0019 0B       		.uleb128 0xb
 284 001a 03       		.uleb128 0x3
 285 001b 0E       		.uleb128 0xe
 286 001c 00       		.byte	0
 287 001d 00       		.byte	0
 288 001e 03       		.uleb128 0x3
 289 001f 24       		.uleb128 0x24
 290 0020 00       		.byte	0
 291 0021 0B       		.uleb128 0xb
 292 0022 0B       		.uleb128 0xb
 293 0023 3E       		.uleb128 0x3e
 294 0024 0B       		.uleb128 0xb
 295 0025 03       		.uleb128 0x3
 296 0026 08       		.uleb128 0x8
 297 0027 00       		.byte	0
 298 0028 00       		.byte	0
 299 0029 04       		.uleb128 0x4
 300 002a 16       		.uleb128 0x16
 301 002b 00       		.byte	0
 302 002c 03       		.uleb128 0x3
 303 002d 0E       		.uleb128 0xe
 304 002e 3A       		.uleb128 0x3a
 305 002f 0B       		.uleb128 0xb
 306 0030 3B       		.uleb128 0x3b
 307 0031 05       		.uleb128 0x5
 308 0032 49       		.uleb128 0x49
 309 0033 13       		.uleb128 0x13
 310 0034 00       		.byte	0
 311 0035 00       		.byte	0
 312 0036 05       		.uleb128 0x5
 313 0037 35       		.uleb128 0x35
 314 0038 00       		.byte	0
 315 0039 49       		.uleb128 0x49
 316 003a 13       		.uleb128 0x13
 317 003b 00       		.byte	0
 318 003c 00       		.byte	0
 319 003d 06       		.uleb128 0x6
 320 003e 2E       		.uleb128 0x2e
 321 003f 00       		.byte	0
 322 0040 3F       		.uleb128 0x3f
 323 0041 19       		.uleb128 0x19
 324 0042 03       		.uleb128 0x3
 325 0043 0E       		.uleb128 0xe
 326 0044 3A       		.uleb128 0x3a
 327 0045 0B       		.uleb128 0xb
ARM GAS  C:\Users\JamesH\AppData\Local\Temp\cczTrVmY.s 			page 8


 328 0046 3B       		.uleb128 0x3b
 329 0047 0B       		.uleb128 0xb
 330 0048 27       		.uleb128 0x27
 331 0049 19       		.uleb128 0x19
 332 004a 11       		.uleb128 0x11
 333 004b 01       		.uleb128 0x1
 334 004c 12       		.uleb128 0x12
 335 004d 06       		.uleb128 0x6
 336 004e 40       		.uleb128 0x40
 337 004f 18       		.uleb128 0x18
 338 0050 9742     		.uleb128 0x2117
 339 0052 19       		.uleb128 0x19
 340 0053 00       		.byte	0
 341 0054 00       		.byte	0
 342 0055 07       		.uleb128 0x7
 343 0056 2E       		.uleb128 0x2e
 344 0057 01       		.byte	0x1
 345 0058 3F       		.uleb128 0x3f
 346 0059 19       		.uleb128 0x19
 347 005a 03       		.uleb128 0x3
 348 005b 0E       		.uleb128 0xe
 349 005c 3A       		.uleb128 0x3a
 350 005d 0B       		.uleb128 0xb
 351 005e 3B       		.uleb128 0x3b
 352 005f 0B       		.uleb128 0xb
 353 0060 27       		.uleb128 0x27
 354 0061 19       		.uleb128 0x19
 355 0062 11       		.uleb128 0x11
 356 0063 01       		.uleb128 0x1
 357 0064 12       		.uleb128 0x12
 358 0065 06       		.uleb128 0x6
 359 0066 40       		.uleb128 0x40
 360 0067 18       		.uleb128 0x18
 361 0068 9742     		.uleb128 0x2117
 362 006a 19       		.uleb128 0x19
 363 006b 00       		.byte	0
 364 006c 00       		.byte	0
 365 006d 08       		.uleb128 0x8
 366 006e 05       		.uleb128 0x5
 367 006f 00       		.byte	0
 368 0070 03       		.uleb128 0x3
 369 0071 08       		.uleb128 0x8
 370 0072 3A       		.uleb128 0x3a
 371 0073 0B       		.uleb128 0xb
 372 0074 3B       		.uleb128 0x3b
 373 0075 0B       		.uleb128 0xb
 374 0076 49       		.uleb128 0x49
 375 0077 13       		.uleb128 0x13
 376 0078 02       		.uleb128 0x2
 377 0079 17       		.uleb128 0x17
 378 007a 00       		.byte	0
 379 007b 00       		.byte	0
 380 007c 09       		.uleb128 0x9
 381 007d 05       		.uleb128 0x5
 382 007e 00       		.byte	0
 383 007f 03       		.uleb128 0x3
 384 0080 0E       		.uleb128 0xe
ARM GAS  C:\Users\JamesH\AppData\Local\Temp\cczTrVmY.s 			page 9


 385 0081 3A       		.uleb128 0x3a
 386 0082 0B       		.uleb128 0xb
 387 0083 3B       		.uleb128 0x3b
 388 0084 0B       		.uleb128 0xb
 389 0085 49       		.uleb128 0x49
 390 0086 13       		.uleb128 0x13
 391 0087 02       		.uleb128 0x2
 392 0088 17       		.uleb128 0x17
 393 0089 00       		.byte	0
 394 008a 00       		.byte	0
 395 008b 00       		.byte	0
 396              		.section	.debug_loc,"",%progbits
 397              	.Ldebug_loc0:
 398              	.LLST0:
 399 0000 00000000 		.4byte	.LVL0
 400 0004 02000000 		.4byte	.LVL1
 401 0008 0100     		.2byte	0x1
 402 000a 50       		.byte	0x50
 403 000b 02000000 		.4byte	.LVL1
 404 000f 48000000 		.4byte	.LFE1
 405 0013 0300     		.2byte	0x3
 406 0015 70       		.byte	0x70
 407 0016 01       		.sleb128 1
 408 0017 9F       		.byte	0x9f
 409 0018 00000000 		.4byte	0
 410 001c 00000000 		.4byte	0
 411              	.LLST1:
 412 0020 00000000 		.4byte	.LVL0
 413 0024 10000000 		.4byte	.LVL2
 414 0028 0100     		.2byte	0x1
 415 002a 51       		.byte	0x51
 416 002b 10000000 		.4byte	.LVL2
 417 002f 12000000 		.4byte	.LVL3
 418 0033 0400     		.2byte	0x4
 419 0035 71       		.byte	0x71
 420 0036 00       		.sleb128 0
 421 0037 20       		.byte	0x20
 422 0038 9F       		.byte	0x9f
 423 0039 12000000 		.4byte	.LVL3
 424 003d 18000000 		.4byte	.LVL4
 425 0041 0400     		.2byte	0x4
 426 0043 F3       		.byte	0xf3
 427 0044 01       		.uleb128 0x1
 428 0045 51       		.byte	0x51
 429 0046 9F       		.byte	0x9f
 430 0047 18000000 		.4byte	.LVL4
 431 004b 1A000000 		.4byte	.LVL5
 432 004f 0100     		.2byte	0x1
 433 0051 51       		.byte	0x51
 434 0052 1A000000 		.4byte	.LVL5
 435 0056 1C000000 		.4byte	.LVL6
 436 005a 0400     		.2byte	0x4
 437 005c 71       		.byte	0x71
 438 005d 00       		.sleb128 0
 439 005e 20       		.byte	0x20
 440 005f 9F       		.byte	0x9f
 441 0060 1C000000 		.4byte	.LVL6
ARM GAS  C:\Users\JamesH\AppData\Local\Temp\cczTrVmY.s 			page 10


 442 0064 22000000 		.4byte	.LVL7
 443 0068 0400     		.2byte	0x4
 444 006a F3       		.byte	0xf3
 445 006b 01       		.uleb128 0x1
 446 006c 51       		.byte	0x51
 447 006d 9F       		.byte	0x9f
 448 006e 22000000 		.4byte	.LVL7
 449 0072 24000000 		.4byte	.LVL8
 450 0076 0100     		.2byte	0x1
 451 0078 51       		.byte	0x51
 452 0079 24000000 		.4byte	.LVL8
 453 007d 26000000 		.4byte	.LVL9
 454 0081 0400     		.2byte	0x4
 455 0083 71       		.byte	0x71
 456 0084 00       		.sleb128 0
 457 0085 20       		.byte	0x20
 458 0086 9F       		.byte	0x9f
 459 0087 26000000 		.4byte	.LVL9
 460 008b 2C000000 		.4byte	.LVL10
 461 008f 0400     		.2byte	0x4
 462 0091 F3       		.byte	0xf3
 463 0092 01       		.uleb128 0x1
 464 0093 51       		.byte	0x51
 465 0094 9F       		.byte	0x9f
 466 0095 2C000000 		.4byte	.LVL10
 467 0099 2E000000 		.4byte	.LVL11
 468 009d 0100     		.2byte	0x1
 469 009f 51       		.byte	0x51
 470 00a0 2E000000 		.4byte	.LVL11
 471 00a4 30000000 		.4byte	.LVL12
 472 00a8 0400     		.2byte	0x4
 473 00aa 71       		.byte	0x71
 474 00ab 00       		.sleb128 0
 475 00ac 20       		.byte	0x20
 476 00ad 9F       		.byte	0x9f
 477 00ae 30000000 		.4byte	.LVL12
 478 00b2 48000000 		.4byte	.LFE1
 479 00b6 0400     		.2byte	0x4
 480 00b8 F3       		.byte	0xf3
 481 00b9 01       		.uleb128 0x1
 482 00ba 51       		.byte	0x51
 483 00bb 9F       		.byte	0x9f
 484 00bc 00000000 		.4byte	0
 485 00c0 00000000 		.4byte	0
 486              		.section	.debug_aranges,"",%progbits
 487 0000 24000000 		.4byte	0x24
 488 0004 0200     		.2byte	0x2
 489 0006 00000000 		.4byte	.Ldebug_info0
 490 000a 04       		.byte	0x4
 491 000b 00       		.byte	0
 492 000c 0000     		.2byte	0
 493 000e 0000     		.2byte	0
 494 0010 00000000 		.4byte	.LFB0
 495 0014 24000000 		.4byte	.LFE0-.LFB0
 496 0018 00000000 		.4byte	.LFB1
 497 001c 48000000 		.4byte	.LFE1-.LFB1
 498 0020 00000000 		.4byte	0
ARM GAS  C:\Users\JamesH\AppData\Local\Temp\cczTrVmY.s 			page 11


 499 0024 00000000 		.4byte	0
 500              		.section	.debug_ranges,"",%progbits
 501              	.Ldebug_ranges0:
 502 0000 00000000 		.4byte	.LFB0
 503 0004 24000000 		.4byte	.LFE0
 504 0008 00000000 		.4byte	.LFB1
 505 000c 48000000 		.4byte	.LFE1
 506 0010 00000000 		.4byte	0
 507 0014 00000000 		.4byte	0
 508              		.section	.debug_line,"",%progbits
 509              	.Ldebug_line0:
 510 0000 75000000 		.section	.debug_str,"MS",%progbits,1
 510      02004400 
 510      00000201 
 510      FB0E0D00 
 510      01010101 
 511              	.LASF15:
 512 0000 64757479 		.ascii	"dutyCycle\000"
 512      4379636C 
 512      6500
 513              	.LASF19:
 514 000a 51756164 		.ascii	"QuadPWM_Init\000"
 514      50574D5F 
 514      496E6974 
 514      00
 515              	.LASF11:
 516 0017 666C6F61 		.ascii	"float\000"
 516      7400
 517              	.LASF1:
 518 001d 756E7369 		.ascii	"unsigned char\000"
 518      676E6564 
 518      20636861 
 518      7200
 519              	.LASF16:
 520 002b 474E5520 		.ascii	"GNU C11 5.4.1 20160609 (release) [ARM/embedded-5-br"
 520      43313120 
 520      352E342E 
 520      31203230 
 520      31363036 
 521 005e 616E6368 		.ascii	"anch revision 237715] -mcpu=cortex-m3 -mthumb -g -O"
 521      20726576 
 521      6973696F 
 521      6E203233 
 521      37373135 
 522 0091 67202D66 		.ascii	"g -ffunction-sections -ffat-lto-objects\000"
 522      66756E63 
 522      74696F6E 
 522      2D736563 
 522      74696F6E 
 523              	.LASF14:
 524 00b9 72656738 		.ascii	"reg8\000"
 524      00
 525              	.LASF5:
 526 00be 6C6F6E67 		.ascii	"long unsigned int\000"
 526      20756E73 
 526      69676E65 
 526      6420696E 
ARM GAS  C:\Users\JamesH\AppData\Local\Temp\cczTrVmY.s 			page 12


 526      7400
 527              	.LASF3:
 528 00d0 73686F72 		.ascii	"short unsigned int\000"
 528      7420756E 
 528      7369676E 
 528      65642069 
 528      6E7400
 529              	.LASF20:
 530 00e3 51756164 		.ascii	"QuadPWM_SetDutyCycle\000"
 530      50574D5F 
 530      53657444 
 530      75747943 
 530      79636C65 
 531              	.LASF12:
 532 00f8 646F7562 		.ascii	"double\000"
 532      6C6500
 533              	.LASF10:
 534 00ff 75696E74 		.ascii	"uint32\000"
 534      333200
 535              	.LASF8:
 536 0106 756E7369 		.ascii	"unsigned int\000"
 536      676E6564 
 536      20696E74 
 536      00
 537              	.LASF7:
 538 0113 6C6F6E67 		.ascii	"long long unsigned int\000"
 538      206C6F6E 
 538      6720756E 
 538      7369676E 
 538      65642069 
 539              	.LASF6:
 540 012a 6C6F6E67 		.ascii	"long long int\000"
 540      206C6F6E 
 540      6720696E 
 540      7400
 541              	.LASF13:
 542 0138 63686172 		.ascii	"char\000"
 542      00
 543              	.LASF18:
 544 013d 433A5C55 		.ascii	"C:\\Users\\JamesH\\Desktop\\ECE4191-Team-13-PSoC\\P"
 544      73657273 
 544      5C4A616D 
 544      6573485C 
 544      4465736B 
 545 016b 536F4335 		.ascii	"SoC5_Team13Project.cydsn\000"
 545      5F546561 
 545      6D313350 
 545      726F6A65 
 545      63742E63 
 546              	.LASF17:
 547 0184 47656E65 		.ascii	"Generated_Source\\PSoC5\\QuadPWM.c\000"
 547      72617465 
 547      645F536F 
 547      75726365 
 547      5C50536F 
 548              	.LASF2:
 549 01a5 73686F72 		.ascii	"short int\000"
ARM GAS  C:\Users\JamesH\AppData\Local\Temp\cczTrVmY.s 			page 13


 549      7420696E 
 549      7400
 550              	.LASF9:
 551 01af 75696E74 		.ascii	"uint8\000"
 551      3800
 552              	.LASF4:
 553 01b5 6C6F6E67 		.ascii	"long int\000"
 553      20696E74 
 553      00
 554              	.LASF0:
 555 01be 7369676E 		.ascii	"signed char\000"
 555      65642063 
 555      68617200 
 556              		.ident	"GCC: (GNU Tools for ARM Embedded Processors) 5.4.1 20160609 (release) [ARM/embedded-5-bran
