ARM GAS  C:\Users\JamesH\AppData\Local\Temp\ccN7Pf7E.s 			page 1


   1              		.syntax unified
   2              		.cpu cortex-m3
   3              		.fpu softvfp
   4              		.eabi_attribute 20, 1
   5              		.eabi_attribute 21, 1
   6              		.eabi_attribute 23, 3
   7              		.eabi_attribute 24, 1
   8              		.eabi_attribute 25, 1
   9              		.eabi_attribute 26, 1
  10              		.eabi_attribute 30, 1
  11              		.eabi_attribute 34, 1
  12              		.eabi_attribute 18, 4
  13              		.thumb
  14              		.syntax unified
  15              		.file	"TB9051.c"
  16              		.text
  17              	.Ltext0:
  18              		.cfi_sections	.debug_frame
  19              		.section	.text.TB9051_Begin,"ax",%progbits
  20              		.align	2
  21              		.global	TB9051_Begin
  22              		.thumb
  23              		.thumb_func
  24              		.type	TB9051_Begin, %function
  25              	TB9051_Begin:
  26              	.LFB63:
  27              		.file 1 "TB9051.c"
   1:TB9051.c      **** /* ========================================
   2:TB9051.c      ****  *
   3:TB9051.c      ****  * Copyright YOUR COMPANY, THE YEAR
   4:TB9051.c      ****  * All Rights Reserved
   5:TB9051.c      ****  * UNPUBLISHED, LICENSED SOFTWARE.
   6:TB9051.c      ****  *
   7:TB9051.c      ****  * CONFIDENTIAL AND PROPRIETARY INFORMATION
   8:TB9051.c      ****  * WHICH IS THE PROPERTY OF your company.
   9:TB9051.c      ****  *
  10:TB9051.c      ****  * ========================================
  11:TB9051.c      **** */
  12:TB9051.c      **** #include "TB9051.h"
  13:TB9051.c      **** #include "project.h"
  14:TB9051.c      **** #include <math.h>
  15:TB9051.c      **** 
  16:TB9051.c      **** void TB9051_Begin()
  17:TB9051.c      **** {
  28              		.loc 1 17 0
  29              		.cfi_startproc
  30              		@ args = 0, pretend = 0, frame = 0
  31              		@ frame_needed = 0, uses_anonymous_args = 0
  32 0000 10B5     		push	{r4, lr}
  33              		.cfi_def_cfa_offset 8
  34              		.cfi_offset 4, -8
  35              		.cfi_offset 14, -4
  18:TB9051.c      ****     QuadPWM_Init();
  36              		.loc 1 18 0
  37 0002 FFF7FEFF 		bl	QuadPWM_Init
  38              	.LVL0:
  39              	.LBB2:
ARM GAS  C:\Users\JamesH\AppData\Local\Temp\ccN7Pf7E.s 			page 2


  19:TB9051.c      ****     for (int i = 1; i <= 4; i++){ 
  40              		.loc 1 19 0
  41 0006 0124     		movs	r4, #1
  42 0008 04E0     		b	.L2
  43              	.LVL1:
  44              	.L3:
  20:TB9051.c      ****         QuadPWM_SetDutyCycle(i,0);
  45              		.loc 1 20 0 discriminator 3
  46 000a 0021     		movs	r1, #0
  47 000c 2046     		mov	r0, r4
  48 000e FFF7FEFF 		bl	QuadPWM_SetDutyCycle
  49              	.LVL2:
  19:TB9051.c      ****     for (int i = 1; i <= 4; i++){ 
  50              		.loc 1 19 0 discriminator 3
  51 0012 0134     		adds	r4, r4, #1
  52              	.LVL3:
  53              	.L2:
  19:TB9051.c      ****     for (int i = 1; i <= 4; i++){ 
  54              		.loc 1 19 0 is_stmt 0 discriminator 1
  55 0014 042C     		cmp	r4, #4
  56 0016 F8DD     		ble	.L3
  57              	.LBE2:
  21:TB9051.c      ****     }
  22:TB9051.c      ****     TB9051_EN_Write(0x2); // EN high ENB low
  58              		.loc 1 22 0 is_stmt 1
  59 0018 0220     		movs	r0, #2
  60 001a FFF7FEFF 		bl	TB9051_EN_Write
  61              	.LVL4:
  62 001e 10BD     		pop	{r4, pc}
  63              		.cfi_endproc
  64              	.LFE63:
  65              		.size	TB9051_Begin, .-TB9051_Begin
  66              		.section	.text.TB9051_Brake,"ax",%progbits
  67              		.align	2
  68              		.global	TB9051_Brake
  69              		.thumb
  70              		.thumb_func
  71              		.type	TB9051_Brake, %function
  72              	TB9051_Brake:
  73              	.LFB69:
  23:TB9051.c      **** }
  24:TB9051.c      **** 
  25:TB9051.c      **** void TB9051_VehForward(int speed) {
  26:TB9051.c      ****     TB9051_Forward(0,speed);
  27:TB9051.c      ****     TB9051_Forward(1,speed);
  28:TB9051.c      **** }
  29:TB9051.c      **** 
  30:TB9051.c      **** void TB9051_VehReverse(int speed) {
  31:TB9051.c      ****     TB9051_Reverse(0,speed);
  32:TB9051.c      ****     TB9051_Reverse(1,speed);
  33:TB9051.c      **** }
  34:TB9051.c      **** 
  35:TB9051.c      **** void TB9051_VehBrake() {
  36:TB9051.c      ****     TB9051_Brake(0);
  37:TB9051.c      ****     TB9051_Brake(1);
  38:TB9051.c      **** }
  39:TB9051.c      **** 
ARM GAS  C:\Users\JamesH\AppData\Local\Temp\ccN7Pf7E.s 			page 3


  40:TB9051.c      **** void TB9051_Forward(int motor, int speed)
  41:TB9051.c      **** { 
  42:TB9051.c      ****     TB9051_Brake(motor);
  43:TB9051.c      ****     if (speed >= QuadPWM_MIN_DUTY_CYCLE & speed <= QuadPWM_MAX_DUTY_CYCLE) {
  44:TB9051.c      ****     //PWM1 H, PWM2 L
  45:TB9051.c      ****     if (motor == 0) {
  46:TB9051.c      ****         QuadPWM_SetDutyCycle(1,speed);
  47:TB9051.c      ****         QuadPWM_SetDutyCycle(2,0);
  48:TB9051.c      ****     }
  49:TB9051.c      ****     else {
  50:TB9051.c      ****         QuadPWM_SetDutyCycle(3,speed);
  51:TB9051.c      ****         QuadPWM_SetDutyCycle(4,0);       
  52:TB9051.c      ****     }
  53:TB9051.c      ****     }
  54:TB9051.c      **** }
  55:TB9051.c      **** 
  56:TB9051.c      **** void TB9051_Reverse(int motor, int speed)
  57:TB9051.c      **** { 
  58:TB9051.c      ****     TB9051_Brake(motor);
  59:TB9051.c      ****     if (speed >= QuadPWM_MIN_DUTY_CYCLE & speed <= QuadPWM_MAX_DUTY_CYCLE) {
  60:TB9051.c      ****         //PWM1 L, PWM2 H
  61:TB9051.c      ****         if (motor == 0) {
  62:TB9051.c      ****             QuadPWM_SetDutyCycle(1,0);
  63:TB9051.c      ****             QuadPWM_SetDutyCycle(2,speed);
  64:TB9051.c      ****         }
  65:TB9051.c      ****         else {
  66:TB9051.c      ****             QuadPWM_SetDutyCycle(3,0);
  67:TB9051.c      ****             QuadPWM_SetDutyCycle(4,speed);       
  68:TB9051.c      ****         }
  69:TB9051.c      ****     }
  70:TB9051.c      **** }
  71:TB9051.c      **** 
  72:TB9051.c      **** void TB9051_Brake(int motor)
  73:TB9051.c      **** { // To avoid damaging motors, a brake is applied between forward and reverse movements
  74              		.loc 1 73 0
  75              		.cfi_startproc
  76              		@ args = 0, pretend = 0, frame = 0
  77              		@ frame_needed = 0, uses_anonymous_args = 0
  78              	.LVL5:
  79 0000 08B5     		push	{r3, lr}
  80              		.cfi_def_cfa_offset 8
  81              		.cfi_offset 3, -8
  82              		.cfi_offset 14, -4
  74:TB9051.c      ****     if (motor == 0) { // Motor 0
  83              		.loc 1 74 0
  84 0002 0028     		cmp	r0, #0
  85 0004 2DD1     		bne	.L6
  75:TB9051.c      ****         if (QuadPWM_REG_D0 != 255 & QuadPWM_REG_D1 == 255){ // motor is moving forward
  86              		.loc 1 75 0
  87 0006 2F4B     		ldr	r3, .L11
  88 0008 1B78     		ldrb	r3, [r3]	@ zero_extendqisi2
  89 000a DBB2     		uxtb	r3, r3
  90 000c 2E4A     		ldr	r2, .L11+4
  91 000e 1278     		ldrb	r2, [r2]	@ zero_extendqisi2
  92 0010 D2B2     		uxtb	r2, r2
  93 0012 FF3B     		subs	r3, r3, #255
  94 0014 18BF     		it	ne
ARM GAS  C:\Users\JamesH\AppData\Local\Temp\ccN7Pf7E.s 			page 4


  95 0016 0123     		movne	r3, #1
  96 0018 FF2A     		cmp	r2, #255
  97 001a 18BF     		it	ne
  98 001c 0023     		movne	r3, #0
  99 001e 43B1     		cbz	r3, .L7
  76:TB9051.c      ****             QuadPWM_SetDutyCycle(1,0);
 100              		.loc 1 76 0
 101 0020 0021     		movs	r1, #0
 102 0022 0120     		movs	r0, #1
 103              	.LVL6:
 104 0024 FFF7FEFF 		bl	QuadPWM_SetDutyCycle
 105              	.LVL7:
  77:TB9051.c      ****             QuadPWM_SetDutyCycle(2,0);
 106              		.loc 1 77 0
 107 0028 0021     		movs	r1, #0
 108 002a 0220     		movs	r0, #2
 109 002c FFF7FEFF 		bl	QuadPWM_SetDutyCycle
 110              	.LVL8:
 111 0030 43E0     		b	.L8
 112              	.LVL9:
 113              	.L7:
  78:TB9051.c      ****         }
  79:TB9051.c      ****         else if (QuadPWM_REG_D0 == 255 & QuadPWM_REG_D1 != 255) // motor is moving backward
 114              		.loc 1 79 0
 115 0032 244B     		ldr	r3, .L11
 116 0034 1B78     		ldrb	r3, [r3]	@ zero_extendqisi2
 117 0036 DBB2     		uxtb	r3, r3
 118 0038 234A     		ldr	r2, .L11+4
 119 003a 1278     		ldrb	r2, [r2]	@ zero_extendqisi2
 120 003c D2B2     		uxtb	r2, r2
 121 003e FF2B     		cmp	r3, #255
 122 0040 14BF     		ite	ne
 123 0042 0023     		movne	r3, #0
 124 0044 0123     		moveq	r3, #1
 125 0046 FF2A     		cmp	r2, #255
 126 0048 08BF     		it	eq
 127 004a 0023     		moveq	r3, #0
 128 004c 002B     		cmp	r3, #0
 129 004e 34D0     		beq	.L8
  80:TB9051.c      ****         {
  81:TB9051.c      ****             QuadPWM_SetDutyCycle(1,25);
 130              		.loc 1 81 0
 131 0050 1921     		movs	r1, #25
 132 0052 0120     		movs	r0, #1
 133              	.LVL10:
 134 0054 FFF7FEFF 		bl	QuadPWM_SetDutyCycle
 135              	.LVL11:
  82:TB9051.c      ****             QuadPWM_SetDutyCycle(2,25);
 136              		.loc 1 82 0
 137 0058 1921     		movs	r1, #25
 138 005a 0220     		movs	r0, #2
 139 005c FFF7FEFF 		bl	QuadPWM_SetDutyCycle
 140              	.LVL12:
 141 0060 2BE0     		b	.L8
 142              	.LVL13:
 143              	.L6:
  83:TB9051.c      ****         }
ARM GAS  C:\Users\JamesH\AppData\Local\Temp\ccN7Pf7E.s 			page 5


  84:TB9051.c      ****     }
  85:TB9051.c      ****     else // Motor 1
  86:TB9051.c      ****     {
  87:TB9051.c      ****         if (QuadPWM_REG_F0 != 255 & QuadPWM_REG_F1 == 255){ // motor is moving forward
 144              		.loc 1 87 0
 145 0062 1A4B     		ldr	r3, .L11+8
 146 0064 1B78     		ldrb	r3, [r3]	@ zero_extendqisi2
 147 0066 DBB2     		uxtb	r3, r3
 148 0068 194A     		ldr	r2, .L11+12
 149 006a 1278     		ldrb	r2, [r2]	@ zero_extendqisi2
 150 006c D2B2     		uxtb	r2, r2
 151 006e FF3B     		subs	r3, r3, #255
 152 0070 18BF     		it	ne
 153 0072 0123     		movne	r3, #1
 154 0074 FF2A     		cmp	r2, #255
 155 0076 18BF     		it	ne
 156 0078 0023     		movne	r3, #0
 157 007a 43B1     		cbz	r3, .L9
  88:TB9051.c      ****             QuadPWM_SetDutyCycle(3,0);
 158              		.loc 1 88 0
 159 007c 0021     		movs	r1, #0
 160 007e 0320     		movs	r0, #3
 161              	.LVL14:
 162 0080 FFF7FEFF 		bl	QuadPWM_SetDutyCycle
 163              	.LVL15:
  89:TB9051.c      ****             QuadPWM_SetDutyCycle(4,0);
 164              		.loc 1 89 0
 165 0084 0021     		movs	r1, #0
 166 0086 0420     		movs	r0, #4
 167 0088 FFF7FEFF 		bl	QuadPWM_SetDutyCycle
 168              	.LVL16:
 169 008c 15E0     		b	.L8
 170              	.LVL17:
 171              	.L9:
  90:TB9051.c      ****         }
  91:TB9051.c      ****         else if (QuadPWM_REG_F0 == 255 & QuadPWM_REG_F1 != 255) // motor is moving backward
 172              		.loc 1 91 0
 173 008e 0F4B     		ldr	r3, .L11+8
 174 0090 1B78     		ldrb	r3, [r3]	@ zero_extendqisi2
 175 0092 DBB2     		uxtb	r3, r3
 176 0094 0E4A     		ldr	r2, .L11+12
 177 0096 1278     		ldrb	r2, [r2]	@ zero_extendqisi2
 178 0098 D2B2     		uxtb	r2, r2
 179 009a FF2B     		cmp	r3, #255
 180 009c 14BF     		ite	ne
 181 009e 0023     		movne	r3, #0
 182 00a0 0123     		moveq	r3, #1
 183 00a2 FF2A     		cmp	r2, #255
 184 00a4 08BF     		it	eq
 185 00a6 0023     		moveq	r3, #0
 186 00a8 3BB1     		cbz	r3, .L8
  92:TB9051.c      ****         {
  93:TB9051.c      ****             QuadPWM_SetDutyCycle(3,25);
 187              		.loc 1 93 0
 188 00aa 1921     		movs	r1, #25
 189 00ac 0320     		movs	r0, #3
 190              	.LVL18:
ARM GAS  C:\Users\JamesH\AppData\Local\Temp\ccN7Pf7E.s 			page 6


 191 00ae FFF7FEFF 		bl	QuadPWM_SetDutyCycle
 192              	.LVL19:
  94:TB9051.c      ****             QuadPWM_SetDutyCycle(4,25);
 193              		.loc 1 94 0
 194 00b2 1921     		movs	r1, #25
 195 00b4 0420     		movs	r0, #4
 196 00b6 FFF7FEFF 		bl	QuadPWM_SetDutyCycle
 197              	.LVL20:
 198              	.L8:
  95:TB9051.c      ****         }
  96:TB9051.c      ****     }    
  97:TB9051.c      ****     // TO-DO: ADD non-blocking delay here so that the short brake is applied for a suitable period 
  98:TB9051.c      ****     CyDelay(100);
 199              		.loc 1 98 0
 200 00ba 6420     		movs	r0, #100
 201 00bc FFF7FEFF 		bl	CyDelay
 202              	.LVL21:
 203 00c0 08BD     		pop	{r3, pc}
 204              	.L12:
 205 00c2 00BF     		.align	2
 206              	.L11:
 207 00c4 2A640040 		.word	1073767466
 208 00c8 3A640040 		.word	1073767482
 209 00cc 4A640040 		.word	1073767498
 210 00d0 5A640040 		.word	1073767514
 211              		.cfi_endproc
 212              	.LFE69:
 213              		.size	TB9051_Brake, .-TB9051_Brake
 214              		.section	.text.TB9051_VehBrake,"ax",%progbits
 215              		.align	2
 216              		.global	TB9051_VehBrake
 217              		.thumb
 218              		.thumb_func
 219              		.type	TB9051_VehBrake, %function
 220              	TB9051_VehBrake:
 221              	.LFB66:
  35:TB9051.c      ****     TB9051_Brake(0);
 222              		.loc 1 35 0
 223              		.cfi_startproc
 224              		@ args = 0, pretend = 0, frame = 0
 225              		@ frame_needed = 0, uses_anonymous_args = 0
 226 0000 08B5     		push	{r3, lr}
 227              		.cfi_def_cfa_offset 8
 228              		.cfi_offset 3, -8
 229              		.cfi_offset 14, -4
  36:TB9051.c      ****     TB9051_Brake(1);
 230              		.loc 1 36 0
 231 0002 0020     		movs	r0, #0
 232 0004 FFF7FEFF 		bl	TB9051_Brake
 233              	.LVL22:
  37:TB9051.c      **** }
 234              		.loc 1 37 0
 235 0008 0120     		movs	r0, #1
 236 000a FFF7FEFF 		bl	TB9051_Brake
 237              	.LVL23:
 238 000e 08BD     		pop	{r3, pc}
 239              		.cfi_endproc
ARM GAS  C:\Users\JamesH\AppData\Local\Temp\ccN7Pf7E.s 			page 7


 240              	.LFE66:
 241              		.size	TB9051_VehBrake, .-TB9051_VehBrake
 242              		.section	.text.TB9051_Forward,"ax",%progbits
 243              		.align	2
 244              		.global	TB9051_Forward
 245              		.thumb
 246              		.thumb_func
 247              		.type	TB9051_Forward, %function
 248              	TB9051_Forward:
 249              	.LFB67:
  41:TB9051.c      ****     TB9051_Brake(motor);
 250              		.loc 1 41 0
 251              		.cfi_startproc
 252              		@ args = 0, pretend = 0, frame = 0
 253              		@ frame_needed = 0, uses_anonymous_args = 0
 254              	.LVL24:
 255 0000 38B5     		push	{r3, r4, r5, lr}
 256              		.cfi_def_cfa_offset 16
 257              		.cfi_offset 3, -16
 258              		.cfi_offset 4, -12
 259              		.cfi_offset 5, -8
 260              		.cfi_offset 14, -4
 261 0002 0546     		mov	r5, r0
 262 0004 0C46     		mov	r4, r1
  42:TB9051.c      ****     if (speed >= QuadPWM_MIN_DUTY_CYCLE & speed <= QuadPWM_MAX_DUTY_CYCLE) {
 263              		.loc 1 42 0
 264 0006 FFF7FEFF 		bl	TB9051_Brake
 265              	.LVL25:
  43:TB9051.c      ****     //PWM1 H, PWM2 L
 266              		.loc 1 43 0
 267 000a FF2C     		cmp	r4, #255
 268 000c 11D8     		bhi	.L15
  45:TB9051.c      ****         QuadPWM_SetDutyCycle(1,speed);
 269              		.loc 1 45 0
 270 000e 45B9     		cbnz	r5, .L17
  46:TB9051.c      ****         QuadPWM_SetDutyCycle(2,0);
 271              		.loc 1 46 0
 272 0010 2146     		mov	r1, r4
 273 0012 0120     		movs	r0, #1
 274 0014 FFF7FEFF 		bl	QuadPWM_SetDutyCycle
 275              	.LVL26:
  47:TB9051.c      ****     }
 276              		.loc 1 47 0
 277 0018 0021     		movs	r1, #0
 278 001a 0220     		movs	r0, #2
 279 001c FFF7FEFF 		bl	QuadPWM_SetDutyCycle
 280              	.LVL27:
 281 0020 38BD     		pop	{r3, r4, r5, pc}
 282              	.LVL28:
 283              	.L17:
  50:TB9051.c      ****         QuadPWM_SetDutyCycle(4,0);       
 284              		.loc 1 50 0
 285 0022 2146     		mov	r1, r4
 286 0024 0320     		movs	r0, #3
 287 0026 FFF7FEFF 		bl	QuadPWM_SetDutyCycle
 288              	.LVL29:
  51:TB9051.c      ****     }
ARM GAS  C:\Users\JamesH\AppData\Local\Temp\ccN7Pf7E.s 			page 8


 289              		.loc 1 51 0
 290 002a 0021     		movs	r1, #0
 291 002c 0420     		movs	r0, #4
 292 002e FFF7FEFF 		bl	QuadPWM_SetDutyCycle
 293              	.LVL30:
 294              	.L15:
 295 0032 38BD     		pop	{r3, r4, r5, pc}
 296              		.cfi_endproc
 297              	.LFE67:
 298              		.size	TB9051_Forward, .-TB9051_Forward
 299              		.section	.text.TB9051_VehForward,"ax",%progbits
 300              		.align	2
 301              		.global	TB9051_VehForward
 302              		.thumb
 303              		.thumb_func
 304              		.type	TB9051_VehForward, %function
 305              	TB9051_VehForward:
 306              	.LFB64:
  25:TB9051.c      ****     TB9051_Forward(0,speed);
 307              		.loc 1 25 0
 308              		.cfi_startproc
 309              		@ args = 0, pretend = 0, frame = 0
 310              		@ frame_needed = 0, uses_anonymous_args = 0
 311              	.LVL31:
 312 0000 10B5     		push	{r4, lr}
 313              		.cfi_def_cfa_offset 8
 314              		.cfi_offset 4, -8
 315              		.cfi_offset 14, -4
 316 0002 0446     		mov	r4, r0
  26:TB9051.c      ****     TB9051_Forward(1,speed);
 317              		.loc 1 26 0
 318 0004 0146     		mov	r1, r0
 319 0006 0020     		movs	r0, #0
 320              	.LVL32:
 321 0008 FFF7FEFF 		bl	TB9051_Forward
 322              	.LVL33:
  27:TB9051.c      **** }
 323              		.loc 1 27 0
 324 000c 2146     		mov	r1, r4
 325 000e 0120     		movs	r0, #1
 326 0010 FFF7FEFF 		bl	TB9051_Forward
 327              	.LVL34:
 328 0014 10BD     		pop	{r4, pc}
 329              		.cfi_endproc
 330              	.LFE64:
 331              		.size	TB9051_VehForward, .-TB9051_VehForward
 332 0016 00BF     		.section	.text.TB9051_Reverse,"ax",%progbits
 333              		.align	2
 334              		.global	TB9051_Reverse
 335              		.thumb
 336              		.thumb_func
 337              		.type	TB9051_Reverse, %function
 338              	TB9051_Reverse:
 339              	.LFB68:
  57:TB9051.c      ****     TB9051_Brake(motor);
 340              		.loc 1 57 0
 341              		.cfi_startproc
ARM GAS  C:\Users\JamesH\AppData\Local\Temp\ccN7Pf7E.s 			page 9


 342              		@ args = 0, pretend = 0, frame = 0
 343              		@ frame_needed = 0, uses_anonymous_args = 0
 344              	.LVL35:
 345 0000 38B5     		push	{r3, r4, r5, lr}
 346              		.cfi_def_cfa_offset 16
 347              		.cfi_offset 3, -16
 348              		.cfi_offset 4, -12
 349              		.cfi_offset 5, -8
 350              		.cfi_offset 14, -4
 351 0002 0546     		mov	r5, r0
 352 0004 0C46     		mov	r4, r1
  58:TB9051.c      ****     if (speed >= QuadPWM_MIN_DUTY_CYCLE & speed <= QuadPWM_MAX_DUTY_CYCLE) {
 353              		.loc 1 58 0
 354 0006 FFF7FEFF 		bl	TB9051_Brake
 355              	.LVL36:
  59:TB9051.c      ****         //PWM1 L, PWM2 H
 356              		.loc 1 59 0
 357 000a FF2C     		cmp	r4, #255
 358 000c 11D8     		bhi	.L21
  61:TB9051.c      ****             QuadPWM_SetDutyCycle(1,0);
 359              		.loc 1 61 0
 360 000e 45B9     		cbnz	r5, .L23
  62:TB9051.c      ****             QuadPWM_SetDutyCycle(2,speed);
 361              		.loc 1 62 0
 362 0010 0021     		movs	r1, #0
 363 0012 0120     		movs	r0, #1
 364 0014 FFF7FEFF 		bl	QuadPWM_SetDutyCycle
 365              	.LVL37:
  63:TB9051.c      ****         }
 366              		.loc 1 63 0
 367 0018 2146     		mov	r1, r4
 368 001a 0220     		movs	r0, #2
 369 001c FFF7FEFF 		bl	QuadPWM_SetDutyCycle
 370              	.LVL38:
 371 0020 38BD     		pop	{r3, r4, r5, pc}
 372              	.LVL39:
 373              	.L23:
  66:TB9051.c      ****             QuadPWM_SetDutyCycle(4,speed);       
 374              		.loc 1 66 0
 375 0022 0021     		movs	r1, #0
 376 0024 0320     		movs	r0, #3
 377 0026 FFF7FEFF 		bl	QuadPWM_SetDutyCycle
 378              	.LVL40:
  67:TB9051.c      ****         }
 379              		.loc 1 67 0
 380 002a 2146     		mov	r1, r4
 381 002c 0420     		movs	r0, #4
 382 002e FFF7FEFF 		bl	QuadPWM_SetDutyCycle
 383              	.LVL41:
 384              	.L21:
 385 0032 38BD     		pop	{r3, r4, r5, pc}
 386              		.cfi_endproc
 387              	.LFE68:
 388              		.size	TB9051_Reverse, .-TB9051_Reverse
 389              		.section	.text.TB9051_VehReverse,"ax",%progbits
 390              		.align	2
 391              		.global	TB9051_VehReverse
ARM GAS  C:\Users\JamesH\AppData\Local\Temp\ccN7Pf7E.s 			page 10


 392              		.thumb
 393              		.thumb_func
 394              		.type	TB9051_VehReverse, %function
 395              	TB9051_VehReverse:
 396              	.LFB65:
  30:TB9051.c      ****     TB9051_Reverse(0,speed);
 397              		.loc 1 30 0
 398              		.cfi_startproc
 399              		@ args = 0, pretend = 0, frame = 0
 400              		@ frame_needed = 0, uses_anonymous_args = 0
 401              	.LVL42:
 402 0000 10B5     		push	{r4, lr}
 403              		.cfi_def_cfa_offset 8
 404              		.cfi_offset 4, -8
 405              		.cfi_offset 14, -4
 406 0002 0446     		mov	r4, r0
  31:TB9051.c      ****     TB9051_Reverse(1,speed);
 407              		.loc 1 31 0
 408 0004 0146     		mov	r1, r0
 409 0006 0020     		movs	r0, #0
 410              	.LVL43:
 411 0008 FFF7FEFF 		bl	TB9051_Reverse
 412              	.LVL44:
  32:TB9051.c      **** }
 413              		.loc 1 32 0
 414 000c 2146     		mov	r1, r4
 415 000e 0120     		movs	r0, #1
 416 0010 FFF7FEFF 		bl	TB9051_Reverse
 417              	.LVL45:
 418 0014 10BD     		pop	{r4, pc}
 419              		.cfi_endproc
 420              	.LFE65:
 421              		.size	TB9051_VehReverse, .-TB9051_VehReverse
 422 0016 00BF     		.section	.text.TB9051_VehMoveTo,"ax",%progbits
 423              		.align	2
 424              		.global	TB9051_VehMoveTo
 425              		.thumb
 426              		.thumb_func
 427              		.type	TB9051_VehMoveTo, %function
 428              	TB9051_VehMoveTo:
 429              	.LFB70:
  99:TB9051.c      **** }
 100:TB9051.c      **** 
 101:TB9051.c      **** void TB9051_VehMoveTo(float x, float y){
 430              		.loc 1 101 0
 431              		.cfi_startproc
 432              		@ args = 0, pretend = 0, frame = 0
 433              		@ frame_needed = 0, uses_anonymous_args = 0
 434              		@ link register save eliminated.
 435              	.LVL46:
 436 0000 7047     		bx	lr
 437              		.cfi_endproc
 438              	.LFE70:
 439              		.size	TB9051_VehMoveTo, .-TB9051_VehMoveTo
 440 0002 00BF     		.text
 441              	.Letext0:
 442              		.file 2 "c:\\program files (x86)\\cypress\\psoc creator\\4.4\\psoc creator\\import\\gnu\\arm\\5.4.
ARM GAS  C:\Users\JamesH\AppData\Local\Temp\ccN7Pf7E.s 			page 11


 443              		.file 3 "c:\\program files (x86)\\cypress\\psoc creator\\4.4\\psoc creator\\import\\gnu\\arm\\5.4.
 444              		.file 4 "Generated_Source\\PSoC5/cytypes.h"
 445              		.file 5 "Generated_Source\\PSoC5/QuadPWM.h"
 446              		.file 6 "Generated_Source\\PSoC5/TB9051_EN.h"
 447              		.file 7 "Generated_Source\\PSoC5/CyLib.h"
 448              		.file 8 "Generated_Source\\PSoC5/core_cm3.h"
 449              		.section	.debug_info,"",%progbits
 450              	.Ldebug_info0:
 451 0000 A4040000 		.4byte	0x4a4
 452 0004 0400     		.2byte	0x4
 453 0006 00000000 		.4byte	.Ldebug_abbrev0
 454 000a 04       		.byte	0x4
 455 000b 01       		.uleb128 0x1
 456 000c 7E000000 		.4byte	.LASF32
 457 0010 0C       		.byte	0xc
 458 0011 AA010000 		.4byte	.LASF33
 459 0015 EE010000 		.4byte	.LASF34
 460 0019 00000000 		.4byte	.Ldebug_ranges0+0
 461 001d 00000000 		.4byte	0
 462 0021 00000000 		.4byte	.Ldebug_line0
 463 0025 02       		.uleb128 0x2
 464 0026 01       		.byte	0x1
 465 0027 06       		.byte	0x6
 466 0028 62020000 		.4byte	.LASF0
 467 002c 02       		.uleb128 0x2
 468 002d 01       		.byte	0x1
 469 002e 08       		.byte	0x8
 470 002f 70000000 		.4byte	.LASF1
 471 0033 02       		.uleb128 0x2
 472 0034 02       		.byte	0x2
 473 0035 05       		.byte	0x5
 474 0036 3D020000 		.4byte	.LASF2
 475 003a 02       		.uleb128 0x2
 476 003b 02       		.byte	0x2
 477 003c 07       		.byte	0x7
 478 003d 2A000000 		.4byte	.LASF3
 479 0041 03       		.uleb128 0x3
 480 0042 20000000 		.4byte	.LASF9
 481 0046 02       		.byte	0x2
 482 0047 3F       		.byte	0x3f
 483 0048 4C000000 		.4byte	0x4c
 484 004c 02       		.uleb128 0x2
 485 004d 04       		.byte	0x4
 486 004e 05       		.byte	0x5
 487 004f 4D020000 		.4byte	.LASF4
 488 0053 02       		.uleb128 0x2
 489 0054 04       		.byte	0x4
 490 0055 07       		.byte	0x7
 491 0056 19010000 		.4byte	.LASF5
 492 005a 02       		.uleb128 0x2
 493 005b 08       		.byte	0x8
 494 005c 05       		.byte	0x5
 495 005d 00000000 		.4byte	.LASF6
 496 0061 02       		.uleb128 0x2
 497 0062 08       		.byte	0x8
 498 0063 07       		.byte	0x7
 499 0064 93010000 		.4byte	.LASF7
ARM GAS  C:\Users\JamesH\AppData\Local\Temp\ccN7Pf7E.s 			page 12


 500 0068 04       		.uleb128 0x4
 501 0069 04       		.byte	0x4
 502 006a 05       		.byte	0x5
 503 006b 696E7400 		.ascii	"int\000"
 504 006f 02       		.uleb128 0x2
 505 0070 04       		.byte	0x4
 506 0071 07       		.byte	0x7
 507 0072 86010000 		.4byte	.LASF8
 508 0076 03       		.uleb128 0x3
 509 0077 35020000 		.4byte	.LASF10
 510 007b 03       		.byte	0x3
 511 007c 2C       		.byte	0x2c
 512 007d 41000000 		.4byte	0x41
 513 0081 05       		.uleb128 0x5
 514 0082 47020000 		.4byte	.LASF11
 515 0086 04       		.byte	0x4
 516 0087 E801     		.2byte	0x1e8
 517 0089 2C000000 		.4byte	0x2c
 518 008d 02       		.uleb128 0x2
 519 008e 04       		.byte	0x4
 520 008f 04       		.byte	0x4
 521 0090 6A000000 		.4byte	.LASF12
 522 0094 02       		.uleb128 0x2
 523 0095 08       		.byte	0x8
 524 0096 04       		.byte	0x4
 525 0097 6D010000 		.4byte	.LASF13
 526 009b 02       		.uleb128 0x2
 527 009c 01       		.byte	0x1
 528 009d 08       		.byte	0x8
 529 009e E9010000 		.4byte	.LASF14
 530 00a2 05       		.uleb128 0x5
 531 00a3 C0010000 		.4byte	.LASF15
 532 00a7 04       		.byte	0x4
 533 00a8 9202     		.2byte	0x292
 534 00aa AE000000 		.4byte	0xae
 535 00ae 06       		.uleb128 0x6
 536 00af 81000000 		.4byte	0x81
 537 00b3 02       		.uleb128 0x2
 538 00b4 08       		.byte	0x8
 539 00b5 04       		.byte	0x4
 540 00b6 56020000 		.4byte	.LASF16
 541 00ba 02       		.uleb128 0x2
 542 00bb 04       		.byte	0x4
 543 00bc 07       		.byte	0x7
 544 00bd DA010000 		.4byte	.LASF17
 545 00c1 07       		.uleb128 0x7
 546 00c2 B3010000 		.4byte	.LASF18
 547 00c6 01       		.byte	0x1
 548 00c7 10       		.byte	0x10
 549 00c8 00000000 		.4byte	.LFB63
 550 00cc 20000000 		.4byte	.LFE63-.LFB63
 551 00d0 01       		.uleb128 0x1
 552 00d1 9C       		.byte	0x9c
 553 00d2 1F010000 		.4byte	0x11f
 554 00d6 08       		.uleb128 0x8
 555 00d7 06000000 		.4byte	.LBB2
 556 00db 12000000 		.4byte	.LBE2-.LBB2
ARM GAS  C:\Users\JamesH\AppData\Local\Temp\ccN7Pf7E.s 			page 13


 557 00df 06010000 		.4byte	0x106
 558 00e3 09       		.uleb128 0x9
 559 00e4 6900     		.ascii	"i\000"
 560 00e6 01       		.byte	0x1
 561 00e7 13       		.byte	0x13
 562 00e8 68000000 		.4byte	0x68
 563 00ec 00000000 		.4byte	.LLST0
 564 00f0 0A       		.uleb128 0xa
 565 00f1 12000000 		.4byte	.LVL2
 566 00f5 7B040000 		.4byte	0x47b
 567 00f9 0B       		.uleb128 0xb
 568 00fa 01       		.uleb128 0x1
 569 00fb 50       		.byte	0x50
 570 00fc 02       		.uleb128 0x2
 571 00fd 74       		.byte	0x74
 572 00fe 00       		.sleb128 0
 573 00ff 0B       		.uleb128 0xb
 574 0100 01       		.uleb128 0x1
 575 0101 51       		.byte	0x51
 576 0102 01       		.uleb128 0x1
 577 0103 30       		.byte	0x30
 578 0104 00       		.byte	0
 579 0105 00       		.byte	0
 580 0106 0C       		.uleb128 0xc
 581 0107 06000000 		.4byte	.LVL0
 582 010b 86040000 		.4byte	0x486
 583 010f 0A       		.uleb128 0xa
 584 0110 1E000000 		.4byte	.LVL4
 585 0114 91040000 		.4byte	0x491
 586 0118 0B       		.uleb128 0xb
 587 0119 01       		.uleb128 0x1
 588 011a 50       		.byte	0x50
 589 011b 01       		.uleb128 0x1
 590 011c 32       		.byte	0x32
 591 011d 00       		.byte	0
 592 011e 00       		.byte	0
 593 011f 0D       		.uleb128 0xd
 594 0120 0C010000 		.4byte	.LASF20
 595 0124 01       		.byte	0x1
 596 0125 48       		.byte	0x48
 597 0126 00000000 		.4byte	.LFB69
 598 012a D4000000 		.4byte	.LFE69-.LFB69
 599 012e 01       		.uleb128 0x1
 600 012f 9C       		.byte	0x9c
 601 0130 14020000 		.4byte	0x214
 602 0134 0E       		.uleb128 0xe
 603 0135 E3010000 		.4byte	.LASF22
 604 0139 01       		.byte	0x1
 605 013a 48       		.byte	0x48
 606 013b 68000000 		.4byte	0x68
 607 013f 1F000000 		.4byte	.LLST1
 608 0143 0F       		.uleb128 0xf
 609 0144 28000000 		.4byte	.LVL7
 610 0148 7B040000 		.4byte	0x47b
 611 014c 5B010000 		.4byte	0x15b
 612 0150 0B       		.uleb128 0xb
 613 0151 01       		.uleb128 0x1
ARM GAS  C:\Users\JamesH\AppData\Local\Temp\ccN7Pf7E.s 			page 14


 614 0152 50       		.byte	0x50
 615 0153 01       		.uleb128 0x1
 616 0154 31       		.byte	0x31
 617 0155 0B       		.uleb128 0xb
 618 0156 01       		.uleb128 0x1
 619 0157 51       		.byte	0x51
 620 0158 01       		.uleb128 0x1
 621 0159 30       		.byte	0x30
 622 015a 00       		.byte	0
 623 015b 0F       		.uleb128 0xf
 624 015c 30000000 		.4byte	.LVL8
 625 0160 7B040000 		.4byte	0x47b
 626 0164 73010000 		.4byte	0x173
 627 0168 0B       		.uleb128 0xb
 628 0169 01       		.uleb128 0x1
 629 016a 50       		.byte	0x50
 630 016b 01       		.uleb128 0x1
 631 016c 32       		.byte	0x32
 632 016d 0B       		.uleb128 0xb
 633 016e 01       		.uleb128 0x1
 634 016f 51       		.byte	0x51
 635 0170 01       		.uleb128 0x1
 636 0171 30       		.byte	0x30
 637 0172 00       		.byte	0
 638 0173 0F       		.uleb128 0xf
 639 0174 58000000 		.4byte	.LVL11
 640 0178 7B040000 		.4byte	0x47b
 641 017c 8B010000 		.4byte	0x18b
 642 0180 0B       		.uleb128 0xb
 643 0181 01       		.uleb128 0x1
 644 0182 50       		.byte	0x50
 645 0183 01       		.uleb128 0x1
 646 0184 31       		.byte	0x31
 647 0185 0B       		.uleb128 0xb
 648 0186 01       		.uleb128 0x1
 649 0187 51       		.byte	0x51
 650 0188 01       		.uleb128 0x1
 651 0189 49       		.byte	0x49
 652 018a 00       		.byte	0
 653 018b 0F       		.uleb128 0xf
 654 018c 60000000 		.4byte	.LVL12
 655 0190 7B040000 		.4byte	0x47b
 656 0194 A3010000 		.4byte	0x1a3
 657 0198 0B       		.uleb128 0xb
 658 0199 01       		.uleb128 0x1
 659 019a 50       		.byte	0x50
 660 019b 01       		.uleb128 0x1
 661 019c 32       		.byte	0x32
 662 019d 0B       		.uleb128 0xb
 663 019e 01       		.uleb128 0x1
 664 019f 51       		.byte	0x51
 665 01a0 01       		.uleb128 0x1
 666 01a1 49       		.byte	0x49
 667 01a2 00       		.byte	0
 668 01a3 0F       		.uleb128 0xf
 669 01a4 84000000 		.4byte	.LVL15
 670 01a8 7B040000 		.4byte	0x47b
ARM GAS  C:\Users\JamesH\AppData\Local\Temp\ccN7Pf7E.s 			page 15


 671 01ac BB010000 		.4byte	0x1bb
 672 01b0 0B       		.uleb128 0xb
 673 01b1 01       		.uleb128 0x1
 674 01b2 50       		.byte	0x50
 675 01b3 01       		.uleb128 0x1
 676 01b4 33       		.byte	0x33
 677 01b5 0B       		.uleb128 0xb
 678 01b6 01       		.uleb128 0x1
 679 01b7 51       		.byte	0x51
 680 01b8 01       		.uleb128 0x1
 681 01b9 30       		.byte	0x30
 682 01ba 00       		.byte	0
 683 01bb 0F       		.uleb128 0xf
 684 01bc 8C000000 		.4byte	.LVL16
 685 01c0 7B040000 		.4byte	0x47b
 686 01c4 D3010000 		.4byte	0x1d3
 687 01c8 0B       		.uleb128 0xb
 688 01c9 01       		.uleb128 0x1
 689 01ca 50       		.byte	0x50
 690 01cb 01       		.uleb128 0x1
 691 01cc 34       		.byte	0x34
 692 01cd 0B       		.uleb128 0xb
 693 01ce 01       		.uleb128 0x1
 694 01cf 51       		.byte	0x51
 695 01d0 01       		.uleb128 0x1
 696 01d1 30       		.byte	0x30
 697 01d2 00       		.byte	0
 698 01d3 0F       		.uleb128 0xf
 699 01d4 B2000000 		.4byte	.LVL19
 700 01d8 7B040000 		.4byte	0x47b
 701 01dc EB010000 		.4byte	0x1eb
 702 01e0 0B       		.uleb128 0xb
 703 01e1 01       		.uleb128 0x1
 704 01e2 50       		.byte	0x50
 705 01e3 01       		.uleb128 0x1
 706 01e4 33       		.byte	0x33
 707 01e5 0B       		.uleb128 0xb
 708 01e6 01       		.uleb128 0x1
 709 01e7 51       		.byte	0x51
 710 01e8 01       		.uleb128 0x1
 711 01e9 49       		.byte	0x49
 712 01ea 00       		.byte	0
 713 01eb 0F       		.uleb128 0xf
 714 01ec BA000000 		.4byte	.LVL20
 715 01f0 7B040000 		.4byte	0x47b
 716 01f4 03020000 		.4byte	0x203
 717 01f8 0B       		.uleb128 0xb
 718 01f9 01       		.uleb128 0x1
 719 01fa 50       		.byte	0x50
 720 01fb 01       		.uleb128 0x1
 721 01fc 34       		.byte	0x34
 722 01fd 0B       		.uleb128 0xb
 723 01fe 01       		.uleb128 0x1
 724 01ff 51       		.byte	0x51
 725 0200 01       		.uleb128 0x1
 726 0201 49       		.byte	0x49
 727 0202 00       		.byte	0
ARM GAS  C:\Users\JamesH\AppData\Local\Temp\ccN7Pf7E.s 			page 16


 728 0203 0A       		.uleb128 0xa
 729 0204 C0000000 		.4byte	.LVL21
 730 0208 9C040000 		.4byte	0x49c
 731 020c 0B       		.uleb128 0xb
 732 020d 01       		.uleb128 0x1
 733 020e 50       		.byte	0x50
 734 020f 02       		.uleb128 0x2
 735 0210 08       		.byte	0x8
 736 0211 64       		.byte	0x64
 737 0212 00       		.byte	0
 738 0213 00       		.byte	0
 739 0214 07       		.uleb128 0x7
 740 0215 5D010000 		.4byte	.LASF19
 741 0219 01       		.byte	0x1
 742 021a 23       		.byte	0x23
 743 021b 00000000 		.4byte	.LFB66
 744 021f 10000000 		.4byte	.LFE66-.LFB66
 745 0223 01       		.uleb128 0x1
 746 0224 9C       		.byte	0x9c
 747 0225 4C020000 		.4byte	0x24c
 748 0229 0F       		.uleb128 0xf
 749 022a 08000000 		.4byte	.LVL22
 750 022e 1F010000 		.4byte	0x11f
 751 0232 3C020000 		.4byte	0x23c
 752 0236 0B       		.uleb128 0xb
 753 0237 01       		.uleb128 0x1
 754 0238 50       		.byte	0x50
 755 0239 01       		.uleb128 0x1
 756 023a 30       		.byte	0x30
 757 023b 00       		.byte	0
 758 023c 0A       		.uleb128 0xa
 759 023d 0E000000 		.4byte	.LVL23
 760 0241 1F010000 		.4byte	0x11f
 761 0245 0B       		.uleb128 0xb
 762 0246 01       		.uleb128 0x1
 763 0247 50       		.byte	0x50
 764 0248 01       		.uleb128 0x1
 765 0249 31       		.byte	0x31
 766 024a 00       		.byte	0
 767 024b 00       		.byte	0
 768 024c 0D       		.uleb128 0xd
 769 024d CB010000 		.4byte	.LASF21
 770 0251 01       		.byte	0x1
 771 0252 28       		.byte	0x28
 772 0253 00000000 		.4byte	.LFB67
 773 0257 34000000 		.4byte	.LFE67-.LFB67
 774 025b 01       		.uleb128 0x1
 775 025c 9C       		.byte	0x9c
 776 025d F2020000 		.4byte	0x2f2
 777 0261 0E       		.uleb128 0xe
 778 0262 E3010000 		.4byte	.LASF22
 779 0266 01       		.byte	0x1
 780 0267 28       		.byte	0x28
 781 0268 68000000 		.4byte	0x68
 782 026c 8B000000 		.4byte	.LLST2
 783 0270 0E       		.uleb128 0xe
 784 0271 C5010000 		.4byte	.LASF23
ARM GAS  C:\Users\JamesH\AppData\Local\Temp\ccN7Pf7E.s 			page 17


 785 0275 01       		.byte	0x1
 786 0276 28       		.byte	0x28
 787 0277 68000000 		.4byte	0x68
 788 027b A9000000 		.4byte	.LLST3
 789 027f 0F       		.uleb128 0xf
 790 0280 0A000000 		.4byte	.LVL25
 791 0284 1F010000 		.4byte	0x11f
 792 0288 93020000 		.4byte	0x293
 793 028c 0B       		.uleb128 0xb
 794 028d 01       		.uleb128 0x1
 795 028e 50       		.byte	0x50
 796 028f 02       		.uleb128 0x2
 797 0290 75       		.byte	0x75
 798 0291 00       		.sleb128 0
 799 0292 00       		.byte	0
 800 0293 0F       		.uleb128 0xf
 801 0294 18000000 		.4byte	.LVL26
 802 0298 7B040000 		.4byte	0x47b
 803 029c AC020000 		.4byte	0x2ac
 804 02a0 0B       		.uleb128 0xb
 805 02a1 01       		.uleb128 0x1
 806 02a2 50       		.byte	0x50
 807 02a3 01       		.uleb128 0x1
 808 02a4 31       		.byte	0x31
 809 02a5 0B       		.uleb128 0xb
 810 02a6 01       		.uleb128 0x1
 811 02a7 51       		.byte	0x51
 812 02a8 02       		.uleb128 0x2
 813 02a9 74       		.byte	0x74
 814 02aa 00       		.sleb128 0
 815 02ab 00       		.byte	0
 816 02ac 0F       		.uleb128 0xf
 817 02ad 20000000 		.4byte	.LVL27
 818 02b1 7B040000 		.4byte	0x47b
 819 02b5 C4020000 		.4byte	0x2c4
 820 02b9 0B       		.uleb128 0xb
 821 02ba 01       		.uleb128 0x1
 822 02bb 50       		.byte	0x50
 823 02bc 01       		.uleb128 0x1
 824 02bd 32       		.byte	0x32
 825 02be 0B       		.uleb128 0xb
 826 02bf 01       		.uleb128 0x1
 827 02c0 51       		.byte	0x51
 828 02c1 01       		.uleb128 0x1
 829 02c2 30       		.byte	0x30
 830 02c3 00       		.byte	0
 831 02c4 0F       		.uleb128 0xf
 832 02c5 2A000000 		.4byte	.LVL29
 833 02c9 7B040000 		.4byte	0x47b
 834 02cd DD020000 		.4byte	0x2dd
 835 02d1 0B       		.uleb128 0xb
 836 02d2 01       		.uleb128 0x1
 837 02d3 50       		.byte	0x50
 838 02d4 01       		.uleb128 0x1
 839 02d5 33       		.byte	0x33
 840 02d6 0B       		.uleb128 0xb
 841 02d7 01       		.uleb128 0x1
ARM GAS  C:\Users\JamesH\AppData\Local\Temp\ccN7Pf7E.s 			page 18


 842 02d8 51       		.byte	0x51
 843 02d9 02       		.uleb128 0x2
 844 02da 74       		.byte	0x74
 845 02db 00       		.sleb128 0
 846 02dc 00       		.byte	0
 847 02dd 0A       		.uleb128 0xa
 848 02de 32000000 		.4byte	.LVL30
 849 02e2 7B040000 		.4byte	0x47b
 850 02e6 0B       		.uleb128 0xb
 851 02e7 01       		.uleb128 0x1
 852 02e8 50       		.byte	0x50
 853 02e9 01       		.uleb128 0x1
 854 02ea 34       		.byte	0x34
 855 02eb 0B       		.uleb128 0xb
 856 02ec 01       		.uleb128 0x1
 857 02ed 51       		.byte	0x51
 858 02ee 01       		.uleb128 0x1
 859 02ef 30       		.byte	0x30
 860 02f0 00       		.byte	0
 861 02f1 00       		.byte	0
 862 02f2 0D       		.uleb128 0xd
 863 02f3 0E000000 		.4byte	.LASF24
 864 02f7 01       		.byte	0x1
 865 02f8 19       		.byte	0x19
 866 02f9 00000000 		.4byte	.LFB64
 867 02fd 16000000 		.4byte	.LFE64-.LFB64
 868 0301 01       		.uleb128 0x1
 869 0302 9C       		.byte	0x9c
 870 0303 45030000 		.4byte	0x345
 871 0307 0E       		.uleb128 0xe
 872 0308 C5010000 		.4byte	.LASF23
 873 030c 01       		.byte	0x1
 874 030d 19       		.byte	0x19
 875 030e 68000000 		.4byte	0x68
 876 0312 C7000000 		.4byte	.LLST4
 877 0316 0F       		.uleb128 0xf
 878 0317 0C000000 		.4byte	.LVL33
 879 031b 4C020000 		.4byte	0x24c
 880 031f 2F030000 		.4byte	0x32f
 881 0323 0B       		.uleb128 0xb
 882 0324 01       		.uleb128 0x1
 883 0325 50       		.byte	0x50
 884 0326 01       		.uleb128 0x1
 885 0327 30       		.byte	0x30
 886 0328 0B       		.uleb128 0xb
 887 0329 01       		.uleb128 0x1
 888 032a 51       		.byte	0x51
 889 032b 02       		.uleb128 0x2
 890 032c 74       		.byte	0x74
 891 032d 00       		.sleb128 0
 892 032e 00       		.byte	0
 893 032f 0A       		.uleb128 0xa
 894 0330 14000000 		.4byte	.LVL34
 895 0334 4C020000 		.4byte	0x24c
 896 0338 0B       		.uleb128 0xb
 897 0339 01       		.uleb128 0x1
 898 033a 50       		.byte	0x50
ARM GAS  C:\Users\JamesH\AppData\Local\Temp\ccN7Pf7E.s 			page 19


 899 033b 01       		.uleb128 0x1
 900 033c 31       		.byte	0x31
 901 033d 0B       		.uleb128 0xb
 902 033e 01       		.uleb128 0x1
 903 033f 51       		.byte	0x51
 904 0340 02       		.uleb128 0x2
 905 0341 74       		.byte	0x74
 906 0342 00       		.sleb128 0
 907 0343 00       		.byte	0
 908 0344 00       		.byte	0
 909 0345 0D       		.uleb128 0xd
 910 0346 5B000000 		.4byte	.LASF25
 911 034a 01       		.byte	0x1
 912 034b 38       		.byte	0x38
 913 034c 00000000 		.4byte	.LFB68
 914 0350 34000000 		.4byte	.LFE68-.LFB68
 915 0354 01       		.uleb128 0x1
 916 0355 9C       		.byte	0x9c
 917 0356 EB030000 		.4byte	0x3eb
 918 035a 0E       		.uleb128 0xe
 919 035b E3010000 		.4byte	.LASF22
 920 035f 01       		.byte	0x1
 921 0360 38       		.byte	0x38
 922 0361 68000000 		.4byte	0x68
 923 0365 F0000000 		.4byte	.LLST5
 924 0369 0E       		.uleb128 0xe
 925 036a C5010000 		.4byte	.LASF23
 926 036e 01       		.byte	0x1
 927 036f 38       		.byte	0x38
 928 0370 68000000 		.4byte	0x68
 929 0374 0E010000 		.4byte	.LLST6
 930 0378 0F       		.uleb128 0xf
 931 0379 0A000000 		.4byte	.LVL36
 932 037d 1F010000 		.4byte	0x11f
 933 0381 8C030000 		.4byte	0x38c
 934 0385 0B       		.uleb128 0xb
 935 0386 01       		.uleb128 0x1
 936 0387 50       		.byte	0x50
 937 0388 02       		.uleb128 0x2
 938 0389 75       		.byte	0x75
 939 038a 00       		.sleb128 0
 940 038b 00       		.byte	0
 941 038c 0F       		.uleb128 0xf
 942 038d 18000000 		.4byte	.LVL37
 943 0391 7B040000 		.4byte	0x47b
 944 0395 A4030000 		.4byte	0x3a4
 945 0399 0B       		.uleb128 0xb
 946 039a 01       		.uleb128 0x1
 947 039b 50       		.byte	0x50
 948 039c 01       		.uleb128 0x1
 949 039d 31       		.byte	0x31
 950 039e 0B       		.uleb128 0xb
 951 039f 01       		.uleb128 0x1
 952 03a0 51       		.byte	0x51
 953 03a1 01       		.uleb128 0x1
 954 03a2 30       		.byte	0x30
 955 03a3 00       		.byte	0
ARM GAS  C:\Users\JamesH\AppData\Local\Temp\ccN7Pf7E.s 			page 20


 956 03a4 0F       		.uleb128 0xf
 957 03a5 20000000 		.4byte	.LVL38
 958 03a9 7B040000 		.4byte	0x47b
 959 03ad BD030000 		.4byte	0x3bd
 960 03b1 0B       		.uleb128 0xb
 961 03b2 01       		.uleb128 0x1
 962 03b3 50       		.byte	0x50
 963 03b4 01       		.uleb128 0x1
 964 03b5 32       		.byte	0x32
 965 03b6 0B       		.uleb128 0xb
 966 03b7 01       		.uleb128 0x1
 967 03b8 51       		.byte	0x51
 968 03b9 02       		.uleb128 0x2
 969 03ba 74       		.byte	0x74
 970 03bb 00       		.sleb128 0
 971 03bc 00       		.byte	0
 972 03bd 0F       		.uleb128 0xf
 973 03be 2A000000 		.4byte	.LVL40
 974 03c2 7B040000 		.4byte	0x47b
 975 03c6 D5030000 		.4byte	0x3d5
 976 03ca 0B       		.uleb128 0xb
 977 03cb 01       		.uleb128 0x1
 978 03cc 50       		.byte	0x50
 979 03cd 01       		.uleb128 0x1
 980 03ce 33       		.byte	0x33
 981 03cf 0B       		.uleb128 0xb
 982 03d0 01       		.uleb128 0x1
 983 03d1 51       		.byte	0x51
 984 03d2 01       		.uleb128 0x1
 985 03d3 30       		.byte	0x30
 986 03d4 00       		.byte	0
 987 03d5 0A       		.uleb128 0xa
 988 03d6 32000000 		.4byte	.LVL41
 989 03da 7B040000 		.4byte	0x47b
 990 03de 0B       		.uleb128 0xb
 991 03df 01       		.uleb128 0x1
 992 03e0 50       		.byte	0x50
 993 03e1 01       		.uleb128 0x1
 994 03e2 34       		.byte	0x34
 995 03e3 0B       		.uleb128 0xb
 996 03e4 01       		.uleb128 0x1
 997 03e5 51       		.byte	0x51
 998 03e6 02       		.uleb128 0x2
 999 03e7 74       		.byte	0x74
 1000 03e8 00       		.sleb128 0
 1001 03e9 00       		.byte	0
 1002 03ea 00       		.byte	0
 1003 03eb 0D       		.uleb128 0xd
 1004 03ec 74010000 		.4byte	.LASF26
 1005 03f0 01       		.byte	0x1
 1006 03f1 1E       		.byte	0x1e
 1007 03f2 00000000 		.4byte	.LFB65
 1008 03f6 16000000 		.4byte	.LFE65-.LFB65
 1009 03fa 01       		.uleb128 0x1
 1010 03fb 9C       		.byte	0x9c
 1011 03fc 3E040000 		.4byte	0x43e
 1012 0400 0E       		.uleb128 0xe
ARM GAS  C:\Users\JamesH\AppData\Local\Temp\ccN7Pf7E.s 			page 21


 1013 0401 C5010000 		.4byte	.LASF23
 1014 0405 01       		.byte	0x1
 1015 0406 1E       		.byte	0x1e
 1016 0407 68000000 		.4byte	0x68
 1017 040b 2C010000 		.4byte	.LLST7
 1018 040f 0F       		.uleb128 0xf
 1019 0410 0C000000 		.4byte	.LVL44
 1020 0414 45030000 		.4byte	0x345
 1021 0418 28040000 		.4byte	0x428
 1022 041c 0B       		.uleb128 0xb
 1023 041d 01       		.uleb128 0x1
 1024 041e 50       		.byte	0x50
 1025 041f 01       		.uleb128 0x1
 1026 0420 30       		.byte	0x30
 1027 0421 0B       		.uleb128 0xb
 1028 0422 01       		.uleb128 0x1
 1029 0423 51       		.byte	0x51
 1030 0424 02       		.uleb128 0x2
 1031 0425 74       		.byte	0x74
 1032 0426 00       		.sleb128 0
 1033 0427 00       		.byte	0
 1034 0428 0A       		.uleb128 0xa
 1035 0429 14000000 		.4byte	.LVL45
 1036 042d 45030000 		.4byte	0x345
 1037 0431 0B       		.uleb128 0xb
 1038 0432 01       		.uleb128 0x1
 1039 0433 50       		.byte	0x50
 1040 0434 01       		.uleb128 0x1
 1041 0435 31       		.byte	0x31
 1042 0436 0B       		.uleb128 0xb
 1043 0437 01       		.uleb128 0x1
 1044 0438 51       		.byte	0x51
 1045 0439 02       		.uleb128 0x2
 1046 043a 74       		.byte	0x74
 1047 043b 00       		.sleb128 0
 1048 043c 00       		.byte	0
 1049 043d 00       		.byte	0
 1050 043e 0D       		.uleb128 0xd
 1051 043f 4A000000 		.4byte	.LASF27
 1052 0443 01       		.byte	0x1
 1053 0444 65       		.byte	0x65
 1054 0445 00000000 		.4byte	.LFB70
 1055 0449 02000000 		.4byte	.LFE70-.LFB70
 1056 044d 01       		.uleb128 0x1
 1057 044e 9C       		.byte	0x9c
 1058 044f 6A040000 		.4byte	0x46a
 1059 0453 10       		.uleb128 0x10
 1060 0454 7800     		.ascii	"x\000"
 1061 0456 01       		.byte	0x1
 1062 0457 65       		.byte	0x65
 1063 0458 8D000000 		.4byte	0x8d
 1064 045c 01       		.uleb128 0x1
 1065 045d 50       		.byte	0x50
 1066 045e 10       		.uleb128 0x10
 1067 045f 7900     		.ascii	"y\000"
 1068 0461 01       		.byte	0x1
 1069 0462 65       		.byte	0x65
ARM GAS  C:\Users\JamesH\AppData\Local\Temp\ccN7Pf7E.s 			page 22


 1070 0463 8D000000 		.4byte	0x8d
 1071 0467 01       		.uleb128 0x1
 1072 0468 51       		.byte	0x51
 1073 0469 00       		.byte	0
 1074 046a 11       		.uleb128 0x11
 1075 046b 50010000 		.4byte	.LASF35
 1076 046f 08       		.byte	0x8
 1077 0470 1207     		.2byte	0x712
 1078 0472 76040000 		.4byte	0x476
 1079 0476 06       		.uleb128 0x6
 1080 0477 76000000 		.4byte	0x76
 1081 047b 12       		.uleb128 0x12
 1082 047c 2B010000 		.4byte	.LASF28
 1083 0480 2B010000 		.4byte	.LASF28
 1084 0484 05       		.byte	0x5
 1085 0485 40       		.byte	0x40
 1086 0486 12       		.uleb128 0x12
 1087 0487 3D000000 		.4byte	.LASF29
 1088 048b 3D000000 		.4byte	.LASF29
 1089 048f 05       		.byte	0x5
 1090 0490 3F       		.byte	0x3f
 1091 0491 12       		.uleb128 0x12
 1092 0492 40010000 		.4byte	.LASF30
 1093 0496 40010000 		.4byte	.LASF30
 1094 049a 06       		.byte	0x6
 1095 049b 2F       		.byte	0x2f
 1096 049c 12       		.uleb128 0x12
 1097 049d 6E020000 		.4byte	.LASF31
 1098 04a1 6E020000 		.4byte	.LASF31
 1099 04a5 07       		.byte	0x7
 1100 04a6 76       		.byte	0x76
 1101 04a7 00       		.byte	0
 1102              		.section	.debug_abbrev,"",%progbits
 1103              	.Ldebug_abbrev0:
 1104 0000 01       		.uleb128 0x1
 1105 0001 11       		.uleb128 0x11
 1106 0002 01       		.byte	0x1
 1107 0003 25       		.uleb128 0x25
 1108 0004 0E       		.uleb128 0xe
 1109 0005 13       		.uleb128 0x13
 1110 0006 0B       		.uleb128 0xb
 1111 0007 03       		.uleb128 0x3
 1112 0008 0E       		.uleb128 0xe
 1113 0009 1B       		.uleb128 0x1b
 1114 000a 0E       		.uleb128 0xe
 1115 000b 55       		.uleb128 0x55
 1116 000c 17       		.uleb128 0x17
 1117 000d 11       		.uleb128 0x11
 1118 000e 01       		.uleb128 0x1
 1119 000f 10       		.uleb128 0x10
 1120 0010 17       		.uleb128 0x17
 1121 0011 00       		.byte	0
 1122 0012 00       		.byte	0
 1123 0013 02       		.uleb128 0x2
 1124 0014 24       		.uleb128 0x24
 1125 0015 00       		.byte	0
 1126 0016 0B       		.uleb128 0xb
ARM GAS  C:\Users\JamesH\AppData\Local\Temp\ccN7Pf7E.s 			page 23


 1127 0017 0B       		.uleb128 0xb
 1128 0018 3E       		.uleb128 0x3e
 1129 0019 0B       		.uleb128 0xb
 1130 001a 03       		.uleb128 0x3
 1131 001b 0E       		.uleb128 0xe
 1132 001c 00       		.byte	0
 1133 001d 00       		.byte	0
 1134 001e 03       		.uleb128 0x3
 1135 001f 16       		.uleb128 0x16
 1136 0020 00       		.byte	0
 1137 0021 03       		.uleb128 0x3
 1138 0022 0E       		.uleb128 0xe
 1139 0023 3A       		.uleb128 0x3a
 1140 0024 0B       		.uleb128 0xb
 1141 0025 3B       		.uleb128 0x3b
 1142 0026 0B       		.uleb128 0xb
 1143 0027 49       		.uleb128 0x49
 1144 0028 13       		.uleb128 0x13
 1145 0029 00       		.byte	0
 1146 002a 00       		.byte	0
 1147 002b 04       		.uleb128 0x4
 1148 002c 24       		.uleb128 0x24
 1149 002d 00       		.byte	0
 1150 002e 0B       		.uleb128 0xb
 1151 002f 0B       		.uleb128 0xb
 1152 0030 3E       		.uleb128 0x3e
 1153 0031 0B       		.uleb128 0xb
 1154 0032 03       		.uleb128 0x3
 1155 0033 08       		.uleb128 0x8
 1156 0034 00       		.byte	0
 1157 0035 00       		.byte	0
 1158 0036 05       		.uleb128 0x5
 1159 0037 16       		.uleb128 0x16
 1160 0038 00       		.byte	0
 1161 0039 03       		.uleb128 0x3
 1162 003a 0E       		.uleb128 0xe
 1163 003b 3A       		.uleb128 0x3a
 1164 003c 0B       		.uleb128 0xb
 1165 003d 3B       		.uleb128 0x3b
 1166 003e 05       		.uleb128 0x5
 1167 003f 49       		.uleb128 0x49
 1168 0040 13       		.uleb128 0x13
 1169 0041 00       		.byte	0
 1170 0042 00       		.byte	0
 1171 0043 06       		.uleb128 0x6
 1172 0044 35       		.uleb128 0x35
 1173 0045 00       		.byte	0
 1174 0046 49       		.uleb128 0x49
 1175 0047 13       		.uleb128 0x13
 1176 0048 00       		.byte	0
 1177 0049 00       		.byte	0
 1178 004a 07       		.uleb128 0x7
 1179 004b 2E       		.uleb128 0x2e
 1180 004c 01       		.byte	0x1
 1181 004d 3F       		.uleb128 0x3f
 1182 004e 19       		.uleb128 0x19
 1183 004f 03       		.uleb128 0x3
ARM GAS  C:\Users\JamesH\AppData\Local\Temp\ccN7Pf7E.s 			page 24


 1184 0050 0E       		.uleb128 0xe
 1185 0051 3A       		.uleb128 0x3a
 1186 0052 0B       		.uleb128 0xb
 1187 0053 3B       		.uleb128 0x3b
 1188 0054 0B       		.uleb128 0xb
 1189 0055 11       		.uleb128 0x11
 1190 0056 01       		.uleb128 0x1
 1191 0057 12       		.uleb128 0x12
 1192 0058 06       		.uleb128 0x6
 1193 0059 40       		.uleb128 0x40
 1194 005a 18       		.uleb128 0x18
 1195 005b 9742     		.uleb128 0x2117
 1196 005d 19       		.uleb128 0x19
 1197 005e 01       		.uleb128 0x1
 1198 005f 13       		.uleb128 0x13
 1199 0060 00       		.byte	0
 1200 0061 00       		.byte	0
 1201 0062 08       		.uleb128 0x8
 1202 0063 0B       		.uleb128 0xb
 1203 0064 01       		.byte	0x1
 1204 0065 11       		.uleb128 0x11
 1205 0066 01       		.uleb128 0x1
 1206 0067 12       		.uleb128 0x12
 1207 0068 06       		.uleb128 0x6
 1208 0069 01       		.uleb128 0x1
 1209 006a 13       		.uleb128 0x13
 1210 006b 00       		.byte	0
 1211 006c 00       		.byte	0
 1212 006d 09       		.uleb128 0x9
 1213 006e 34       		.uleb128 0x34
 1214 006f 00       		.byte	0
 1215 0070 03       		.uleb128 0x3
 1216 0071 08       		.uleb128 0x8
 1217 0072 3A       		.uleb128 0x3a
 1218 0073 0B       		.uleb128 0xb
 1219 0074 3B       		.uleb128 0x3b
 1220 0075 0B       		.uleb128 0xb
 1221 0076 49       		.uleb128 0x49
 1222 0077 13       		.uleb128 0x13
 1223 0078 02       		.uleb128 0x2
 1224 0079 17       		.uleb128 0x17
 1225 007a 00       		.byte	0
 1226 007b 00       		.byte	0
 1227 007c 0A       		.uleb128 0xa
 1228 007d 898201   		.uleb128 0x4109
 1229 0080 01       		.byte	0x1
 1230 0081 11       		.uleb128 0x11
 1231 0082 01       		.uleb128 0x1
 1232 0083 31       		.uleb128 0x31
 1233 0084 13       		.uleb128 0x13
 1234 0085 00       		.byte	0
 1235 0086 00       		.byte	0
 1236 0087 0B       		.uleb128 0xb
 1237 0088 8A8201   		.uleb128 0x410a
 1238 008b 00       		.byte	0
 1239 008c 02       		.uleb128 0x2
 1240 008d 18       		.uleb128 0x18
ARM GAS  C:\Users\JamesH\AppData\Local\Temp\ccN7Pf7E.s 			page 25


 1241 008e 9142     		.uleb128 0x2111
 1242 0090 18       		.uleb128 0x18
 1243 0091 00       		.byte	0
 1244 0092 00       		.byte	0
 1245 0093 0C       		.uleb128 0xc
 1246 0094 898201   		.uleb128 0x4109
 1247 0097 00       		.byte	0
 1248 0098 11       		.uleb128 0x11
 1249 0099 01       		.uleb128 0x1
 1250 009a 31       		.uleb128 0x31
 1251 009b 13       		.uleb128 0x13
 1252 009c 00       		.byte	0
 1253 009d 00       		.byte	0
 1254 009e 0D       		.uleb128 0xd
 1255 009f 2E       		.uleb128 0x2e
 1256 00a0 01       		.byte	0x1
 1257 00a1 3F       		.uleb128 0x3f
 1258 00a2 19       		.uleb128 0x19
 1259 00a3 03       		.uleb128 0x3
 1260 00a4 0E       		.uleb128 0xe
 1261 00a5 3A       		.uleb128 0x3a
 1262 00a6 0B       		.uleb128 0xb
 1263 00a7 3B       		.uleb128 0x3b
 1264 00a8 0B       		.uleb128 0xb
 1265 00a9 27       		.uleb128 0x27
 1266 00aa 19       		.uleb128 0x19
 1267 00ab 11       		.uleb128 0x11
 1268 00ac 01       		.uleb128 0x1
 1269 00ad 12       		.uleb128 0x12
 1270 00ae 06       		.uleb128 0x6
 1271 00af 40       		.uleb128 0x40
 1272 00b0 18       		.uleb128 0x18
 1273 00b1 9742     		.uleb128 0x2117
 1274 00b3 19       		.uleb128 0x19
 1275 00b4 01       		.uleb128 0x1
 1276 00b5 13       		.uleb128 0x13
 1277 00b6 00       		.byte	0
 1278 00b7 00       		.byte	0
 1279 00b8 0E       		.uleb128 0xe
 1280 00b9 05       		.uleb128 0x5
 1281 00ba 00       		.byte	0
 1282 00bb 03       		.uleb128 0x3
 1283 00bc 0E       		.uleb128 0xe
 1284 00bd 3A       		.uleb128 0x3a
 1285 00be 0B       		.uleb128 0xb
 1286 00bf 3B       		.uleb128 0x3b
 1287 00c0 0B       		.uleb128 0xb
 1288 00c1 49       		.uleb128 0x49
 1289 00c2 13       		.uleb128 0x13
 1290 00c3 02       		.uleb128 0x2
 1291 00c4 17       		.uleb128 0x17
 1292 00c5 00       		.byte	0
 1293 00c6 00       		.byte	0
 1294 00c7 0F       		.uleb128 0xf
 1295 00c8 898201   		.uleb128 0x4109
 1296 00cb 01       		.byte	0x1
 1297 00cc 11       		.uleb128 0x11
ARM GAS  C:\Users\JamesH\AppData\Local\Temp\ccN7Pf7E.s 			page 26


 1298 00cd 01       		.uleb128 0x1
 1299 00ce 31       		.uleb128 0x31
 1300 00cf 13       		.uleb128 0x13
 1301 00d0 01       		.uleb128 0x1
 1302 00d1 13       		.uleb128 0x13
 1303 00d2 00       		.byte	0
 1304 00d3 00       		.byte	0
 1305 00d4 10       		.uleb128 0x10
 1306 00d5 05       		.uleb128 0x5
 1307 00d6 00       		.byte	0
 1308 00d7 03       		.uleb128 0x3
 1309 00d8 08       		.uleb128 0x8
 1310 00d9 3A       		.uleb128 0x3a
 1311 00da 0B       		.uleb128 0xb
 1312 00db 3B       		.uleb128 0x3b
 1313 00dc 0B       		.uleb128 0xb
 1314 00dd 49       		.uleb128 0x49
 1315 00de 13       		.uleb128 0x13
 1316 00df 02       		.uleb128 0x2
 1317 00e0 18       		.uleb128 0x18
 1318 00e1 00       		.byte	0
 1319 00e2 00       		.byte	0
 1320 00e3 11       		.uleb128 0x11
 1321 00e4 34       		.uleb128 0x34
 1322 00e5 00       		.byte	0
 1323 00e6 03       		.uleb128 0x3
 1324 00e7 0E       		.uleb128 0xe
 1325 00e8 3A       		.uleb128 0x3a
 1326 00e9 0B       		.uleb128 0xb
 1327 00ea 3B       		.uleb128 0x3b
 1328 00eb 05       		.uleb128 0x5
 1329 00ec 49       		.uleb128 0x49
 1330 00ed 13       		.uleb128 0x13
 1331 00ee 3F       		.uleb128 0x3f
 1332 00ef 19       		.uleb128 0x19
 1333 00f0 3C       		.uleb128 0x3c
 1334 00f1 19       		.uleb128 0x19
 1335 00f2 00       		.byte	0
 1336 00f3 00       		.byte	0
 1337 00f4 12       		.uleb128 0x12
 1338 00f5 2E       		.uleb128 0x2e
 1339 00f6 00       		.byte	0
 1340 00f7 3F       		.uleb128 0x3f
 1341 00f8 19       		.uleb128 0x19
 1342 00f9 3C       		.uleb128 0x3c
 1343 00fa 19       		.uleb128 0x19
 1344 00fb 6E       		.uleb128 0x6e
 1345 00fc 0E       		.uleb128 0xe
 1346 00fd 03       		.uleb128 0x3
 1347 00fe 0E       		.uleb128 0xe
 1348 00ff 3A       		.uleb128 0x3a
 1349 0100 0B       		.uleb128 0xb
 1350 0101 3B       		.uleb128 0x3b
 1351 0102 0B       		.uleb128 0xb
 1352 0103 00       		.byte	0
 1353 0104 00       		.byte	0
 1354 0105 00       		.byte	0
ARM GAS  C:\Users\JamesH\AppData\Local\Temp\ccN7Pf7E.s 			page 27


 1355              		.section	.debug_loc,"",%progbits
 1356              	.Ldebug_loc0:
 1357              	.LLST0:
 1358 0000 06000000 		.4byte	.LVL0
 1359 0004 0A000000 		.4byte	.LVL1
 1360 0008 0200     		.2byte	0x2
 1361 000a 31       		.byte	0x31
 1362 000b 9F       		.byte	0x9f
 1363 000c 0A000000 		.4byte	.LVL1
 1364 0010 20000000 		.4byte	.LFE63
 1365 0014 0100     		.2byte	0x1
 1366 0016 54       		.byte	0x54
 1367 0017 00000000 		.4byte	0
 1368 001b 00000000 		.4byte	0
 1369              	.LLST1:
 1370 001f 00000000 		.4byte	.LVL5
 1371 0023 24000000 		.4byte	.LVL6
 1372 0027 0100     		.2byte	0x1
 1373 0029 50       		.byte	0x50
 1374 002a 24000000 		.4byte	.LVL6
 1375 002e 32000000 		.4byte	.LVL9
 1376 0032 0400     		.2byte	0x4
 1377 0034 F3       		.byte	0xf3
 1378 0035 01       		.uleb128 0x1
 1379 0036 50       		.byte	0x50
 1380 0037 9F       		.byte	0x9f
 1381 0038 32000000 		.4byte	.LVL9
 1382 003c 54000000 		.4byte	.LVL10
 1383 0040 0100     		.2byte	0x1
 1384 0042 50       		.byte	0x50
 1385 0043 54000000 		.4byte	.LVL10
 1386 0047 62000000 		.4byte	.LVL13
 1387 004b 0400     		.2byte	0x4
 1388 004d F3       		.byte	0xf3
 1389 004e 01       		.uleb128 0x1
 1390 004f 50       		.byte	0x50
 1391 0050 9F       		.byte	0x9f
 1392 0051 62000000 		.4byte	.LVL13
 1393 0055 80000000 		.4byte	.LVL14
 1394 0059 0100     		.2byte	0x1
 1395 005b 50       		.byte	0x50
 1396 005c 80000000 		.4byte	.LVL14
 1397 0060 8E000000 		.4byte	.LVL17
 1398 0064 0400     		.2byte	0x4
 1399 0066 F3       		.byte	0xf3
 1400 0067 01       		.uleb128 0x1
 1401 0068 50       		.byte	0x50
 1402 0069 9F       		.byte	0x9f
 1403 006a 8E000000 		.4byte	.LVL17
 1404 006e AE000000 		.4byte	.LVL18
 1405 0072 0100     		.2byte	0x1
 1406 0074 50       		.byte	0x50
 1407 0075 AE000000 		.4byte	.LVL18
 1408 0079 D4000000 		.4byte	.LFE69
 1409 007d 0400     		.2byte	0x4
 1410 007f F3       		.byte	0xf3
 1411 0080 01       		.uleb128 0x1
ARM GAS  C:\Users\JamesH\AppData\Local\Temp\ccN7Pf7E.s 			page 28


 1412 0081 50       		.byte	0x50
 1413 0082 9F       		.byte	0x9f
 1414 0083 00000000 		.4byte	0
 1415 0087 00000000 		.4byte	0
 1416              	.LLST2:
 1417 008b 00000000 		.4byte	.LVL24
 1418 008f 09000000 		.4byte	.LVL25-1
 1419 0093 0100     		.2byte	0x1
 1420 0095 50       		.byte	0x50
 1421 0096 09000000 		.4byte	.LVL25-1
 1422 009a 34000000 		.4byte	.LFE67
 1423 009e 0100     		.2byte	0x1
 1424 00a0 55       		.byte	0x55
 1425 00a1 00000000 		.4byte	0
 1426 00a5 00000000 		.4byte	0
 1427              	.LLST3:
 1428 00a9 00000000 		.4byte	.LVL24
 1429 00ad 09000000 		.4byte	.LVL25-1
 1430 00b1 0100     		.2byte	0x1
 1431 00b3 51       		.byte	0x51
 1432 00b4 09000000 		.4byte	.LVL25-1
 1433 00b8 34000000 		.4byte	.LFE67
 1434 00bc 0100     		.2byte	0x1
 1435 00be 54       		.byte	0x54
 1436 00bf 00000000 		.4byte	0
 1437 00c3 00000000 		.4byte	0
 1438              	.LLST4:
 1439 00c7 00000000 		.4byte	.LVL31
 1440 00cb 08000000 		.4byte	.LVL32
 1441 00cf 0100     		.2byte	0x1
 1442 00d1 50       		.byte	0x50
 1443 00d2 08000000 		.4byte	.LVL32
 1444 00d6 0B000000 		.4byte	.LVL33-1
 1445 00da 0100     		.2byte	0x1
 1446 00dc 51       		.byte	0x51
 1447 00dd 0B000000 		.4byte	.LVL33-1
 1448 00e1 16000000 		.4byte	.LFE64
 1449 00e5 0100     		.2byte	0x1
 1450 00e7 54       		.byte	0x54
 1451 00e8 00000000 		.4byte	0
 1452 00ec 00000000 		.4byte	0
 1453              	.LLST5:
 1454 00f0 00000000 		.4byte	.LVL35
 1455 00f4 09000000 		.4byte	.LVL36-1
 1456 00f8 0100     		.2byte	0x1
 1457 00fa 50       		.byte	0x50
 1458 00fb 09000000 		.4byte	.LVL36-1
 1459 00ff 34000000 		.4byte	.LFE68
 1460 0103 0100     		.2byte	0x1
 1461 0105 55       		.byte	0x55
 1462 0106 00000000 		.4byte	0
 1463 010a 00000000 		.4byte	0
 1464              	.LLST6:
 1465 010e 00000000 		.4byte	.LVL35
 1466 0112 09000000 		.4byte	.LVL36-1
 1467 0116 0100     		.2byte	0x1
 1468 0118 51       		.byte	0x51
ARM GAS  C:\Users\JamesH\AppData\Local\Temp\ccN7Pf7E.s 			page 29


 1469 0119 09000000 		.4byte	.LVL36-1
 1470 011d 34000000 		.4byte	.LFE68
 1471 0121 0100     		.2byte	0x1
 1472 0123 54       		.byte	0x54
 1473 0124 00000000 		.4byte	0
 1474 0128 00000000 		.4byte	0
 1475              	.LLST7:
 1476 012c 00000000 		.4byte	.LVL42
 1477 0130 08000000 		.4byte	.LVL43
 1478 0134 0100     		.2byte	0x1
 1479 0136 50       		.byte	0x50
 1480 0137 08000000 		.4byte	.LVL43
 1481 013b 0B000000 		.4byte	.LVL44-1
 1482 013f 0100     		.2byte	0x1
 1483 0141 51       		.byte	0x51
 1484 0142 0B000000 		.4byte	.LVL44-1
 1485 0146 16000000 		.4byte	.LFE65
 1486 014a 0100     		.2byte	0x1
 1487 014c 54       		.byte	0x54
 1488 014d 00000000 		.4byte	0
 1489 0151 00000000 		.4byte	0
 1490              		.section	.debug_aranges,"",%progbits
 1491 0000 54000000 		.4byte	0x54
 1492 0004 0200     		.2byte	0x2
 1493 0006 00000000 		.4byte	.Ldebug_info0
 1494 000a 04       		.byte	0x4
 1495 000b 00       		.byte	0
 1496 000c 0000     		.2byte	0
 1497 000e 0000     		.2byte	0
 1498 0010 00000000 		.4byte	.LFB63
 1499 0014 20000000 		.4byte	.LFE63-.LFB63
 1500 0018 00000000 		.4byte	.LFB69
 1501 001c D4000000 		.4byte	.LFE69-.LFB69
 1502 0020 00000000 		.4byte	.LFB66
 1503 0024 10000000 		.4byte	.LFE66-.LFB66
 1504 0028 00000000 		.4byte	.LFB67
 1505 002c 34000000 		.4byte	.LFE67-.LFB67
 1506 0030 00000000 		.4byte	.LFB64
 1507 0034 16000000 		.4byte	.LFE64-.LFB64
 1508 0038 00000000 		.4byte	.LFB68
 1509 003c 34000000 		.4byte	.LFE68-.LFB68
 1510 0040 00000000 		.4byte	.LFB65
 1511 0044 16000000 		.4byte	.LFE65-.LFB65
 1512 0048 00000000 		.4byte	.LFB70
 1513 004c 02000000 		.4byte	.LFE70-.LFB70
 1514 0050 00000000 		.4byte	0
 1515 0054 00000000 		.4byte	0
 1516              		.section	.debug_ranges,"",%progbits
 1517              	.Ldebug_ranges0:
 1518 0000 00000000 		.4byte	.LFB63
 1519 0004 20000000 		.4byte	.LFE63
 1520 0008 00000000 		.4byte	.LFB69
 1521 000c D4000000 		.4byte	.LFE69
 1522 0010 00000000 		.4byte	.LFB66
 1523 0014 10000000 		.4byte	.LFE66
 1524 0018 00000000 		.4byte	.LFB67
 1525 001c 34000000 		.4byte	.LFE67
ARM GAS  C:\Users\JamesH\AppData\Local\Temp\ccN7Pf7E.s 			page 30


 1526 0020 00000000 		.4byte	.LFB64
 1527 0024 16000000 		.4byte	.LFE64
 1528 0028 00000000 		.4byte	.LFB68
 1529 002c 34000000 		.4byte	.LFE68
 1530 0030 00000000 		.4byte	.LFB65
 1531 0034 16000000 		.4byte	.LFE65
 1532 0038 00000000 		.4byte	.LFB70
 1533 003c 02000000 		.4byte	.LFE70
 1534 0040 00000000 		.4byte	0
 1535 0044 00000000 		.4byte	0
 1536              		.section	.debug_line,"",%progbits
 1537              	.Ldebug_line0:
 1538 0000 2B020000 		.section	.debug_str,"MS",%progbits,1
 1538      02007501 
 1538      00000201 
 1538      FB0E0D00 
 1538      01010101 
 1539              	.LASF6:
 1540 0000 6C6F6E67 		.ascii	"long long int\000"
 1540      206C6F6E 
 1540      6720696E 
 1540      7400
 1541              	.LASF24:
 1542 000e 54423930 		.ascii	"TB9051_VehForward\000"
 1542      35315F56 
 1542      6568466F 
 1542      72776172 
 1542      6400
 1543              	.LASF9:
 1544 0020 5F5F696E 		.ascii	"__int32_t\000"
 1544      7433325F 
 1544      7400
 1545              	.LASF3:
 1546 002a 73686F72 		.ascii	"short unsigned int\000"
 1546      7420756E 
 1546      7369676E 
 1546      65642069 
 1546      6E7400
 1547              	.LASF29:
 1548 003d 51756164 		.ascii	"QuadPWM_Init\000"
 1548      50574D5F 
 1548      496E6974 
 1548      00
 1549              	.LASF27:
 1550 004a 54423930 		.ascii	"TB9051_VehMoveTo\000"
 1550      35315F56 
 1550      65684D6F 
 1550      7665546F 
 1550      00
 1551              	.LASF25:
 1552 005b 54423930 		.ascii	"TB9051_Reverse\000"
 1552      35315F52 
 1552      65766572 
 1552      736500
 1553              	.LASF12:
 1554 006a 666C6F61 		.ascii	"float\000"
 1554      7400
ARM GAS  C:\Users\JamesH\AppData\Local\Temp\ccN7Pf7E.s 			page 31


 1555              	.LASF1:
 1556 0070 756E7369 		.ascii	"unsigned char\000"
 1556      676E6564 
 1556      20636861 
 1556      7200
 1557              	.LASF32:
 1558 007e 474E5520 		.ascii	"GNU C11 5.4.1 20160609 (release) [ARM/embedded-5-br"
 1558      43313120 
 1558      352E342E 
 1558      31203230 
 1558      31363036 
 1559 00b1 616E6368 		.ascii	"anch revision 237715] -mcpu=cortex-m3 -mthumb -g -O"
 1559      20726576 
 1559      6973696F 
 1559      6E203233 
 1559      37373135 
 1560 00e4 67202D66 		.ascii	"g -ffunction-sections -ffat-lto-objects\000"
 1560      66756E63 
 1560      74696F6E 
 1560      2D736563 
 1560      74696F6E 
 1561              	.LASF20:
 1562 010c 54423930 		.ascii	"TB9051_Brake\000"
 1562      35315F42 
 1562      72616B65 
 1562      00
 1563              	.LASF5:
 1564 0119 6C6F6E67 		.ascii	"long unsigned int\000"
 1564      20756E73 
 1564      69676E65 
 1564      6420696E 
 1564      7400
 1565              	.LASF28:
 1566 012b 51756164 		.ascii	"QuadPWM_SetDutyCycle\000"
 1566      50574D5F 
 1566      53657444 
 1566      75747943 
 1566      79636C65 
 1567              	.LASF30:
 1568 0140 54423930 		.ascii	"TB9051_EN_Write\000"
 1568      35315F45 
 1568      4E5F5772 
 1568      69746500 
 1569              	.LASF35:
 1570 0150 49544D5F 		.ascii	"ITM_RxBuffer\000"
 1570      52784275 
 1570      66666572 
 1570      00
 1571              	.LASF19:
 1572 015d 54423930 		.ascii	"TB9051_VehBrake\000"
 1572      35315F56 
 1572      65684272 
 1572      616B6500 
 1573              	.LASF13:
 1574 016d 646F7562 		.ascii	"double\000"
 1574      6C6500
 1575              	.LASF26:
ARM GAS  C:\Users\JamesH\AppData\Local\Temp\ccN7Pf7E.s 			page 32


 1576 0174 54423930 		.ascii	"TB9051_VehReverse\000"
 1576      35315F56 
 1576      65685265 
 1576      76657273 
 1576      6500
 1577              	.LASF8:
 1578 0186 756E7369 		.ascii	"unsigned int\000"
 1578      676E6564 
 1578      20696E74 
 1578      00
 1579              	.LASF7:
 1580 0193 6C6F6E67 		.ascii	"long long unsigned int\000"
 1580      206C6F6E 
 1580      6720756E 
 1580      7369676E 
 1580      65642069 
 1581              	.LASF33:
 1582 01aa 54423930 		.ascii	"TB9051.c\000"
 1582      35312E63 
 1582      00
 1583              	.LASF18:
 1584 01b3 54423930 		.ascii	"TB9051_Begin\000"
 1584      35315F42 
 1584      6567696E 
 1584      00
 1585              	.LASF15:
 1586 01c0 72656738 		.ascii	"reg8\000"
 1586      00
 1587              	.LASF23:
 1588 01c5 73706565 		.ascii	"speed\000"
 1588      6400
 1589              	.LASF21:
 1590 01cb 54423930 		.ascii	"TB9051_Forward\000"
 1590      35315F46 
 1590      6F727761 
 1590      726400
 1591              	.LASF17:
 1592 01da 73697A65 		.ascii	"sizetype\000"
 1592      74797065 
 1592      00
 1593              	.LASF22:
 1594 01e3 6D6F746F 		.ascii	"motor\000"
 1594      7200
 1595              	.LASF14:
 1596 01e9 63686172 		.ascii	"char\000"
 1596      00
 1597              	.LASF34:
 1598 01ee 433A5C55 		.ascii	"C:\\Users\\JamesH\\Desktop\\ECE4191-Team-13-PSoC\\P"
 1598      73657273 
 1598      5C4A616D 
 1598      6573485C 
 1598      4465736B 
 1599 021c 536F4335 		.ascii	"SoC5_Team13Project.cydsn\000"
 1599      5F546561 
 1599      6D313350 
 1599      726F6A65 
 1599      63742E63 
ARM GAS  C:\Users\JamesH\AppData\Local\Temp\ccN7Pf7E.s 			page 33


 1600              	.LASF10:
 1601 0235 696E7433 		.ascii	"int32_t\000"
 1601      325F7400 
 1602              	.LASF2:
 1603 023d 73686F72 		.ascii	"short int\000"
 1603      7420696E 
 1603      7400
 1604              	.LASF11:
 1605 0247 75696E74 		.ascii	"uint8\000"
 1605      3800
 1606              	.LASF4:
 1607 024d 6C6F6E67 		.ascii	"long int\000"
 1607      20696E74 
 1607      00
 1608              	.LASF16:
 1609 0256 6C6F6E67 		.ascii	"long double\000"
 1609      20646F75 
 1609      626C6500 
 1610              	.LASF0:
 1611 0262 7369676E 		.ascii	"signed char\000"
 1611      65642063 
 1611      68617200 
 1612              	.LASF31:
 1613 026e 43794465 		.ascii	"CyDelay\000"
 1613      6C617900 
 1614              		.ident	"GCC: (GNU Tools for ARM Embedded Processors) 5.4.1 20160609 (release) [ARM/embedded-5-bran
