--------------- Clean Started: 08/21/2022 11:15:40 Project: DesignAttempt01, Configuration: ARM GCC 5.4-2016-q2-update Debug ---------------
Deleting file ".\CortexM0\ARM_GCC_541\Debug\main.o"
Deleting file ".\CortexM0\ARM_GCC_541\Debug\SBT0811.o"
Deleting file ".\CortexM0\ARM_GCC_541\Debug\IMU.o"
Deleting file ".\CortexM0\ARM_GCC_541\Debug\SG90.o"
Deleting file ".\CortexM0\ARM_GCC_541\Debug\TB9051.o"
Deleting file ".\CortexM0\ARM_GCC_541\Debug\fnReceive.o"
Deleting file ".\CortexM0\ARM_GCC_541\Debug\cyfitter_cfg.o"
Deleting file ".\CortexM0\ARM_GCC_541\Debug\cymetadata.o"
Deleting file ".\CortexM0\ARM_GCC_541\Debug\Cm0Start.o"
Deleting file ".\CortexM0\ARM_GCC_541\Debug\CyFlash.o"
Deleting file ".\CortexM0\ARM_GCC_541\Debug\CyLib.o"
Deleting file ".\CortexM0\ARM_GCC_541\Debug\cyPm.o"
Deleting file ".\CortexM0\ARM_GCC_541\Debug\cyutils.o"
Deleting file ".\CortexM0\ARM_GCC_541\Debug\CyBootAsmGnu.o"
Deleting file ".\CortexM0\ARM_GCC_541\Debug\CyDMA.o"
Deleting file ".\CortexM0\ARM_GCC_541\Debug\CyLFClk.o"
Deleting file ".\CortexM0\ARM_GCC_541\Debug\cy_em_eeprom.o"
Deleting file ".\CortexM0\ARM_GCC_541\Debug\UART_AsmGnu.o"
Deleting file ".\CortexM0\ARM_GCC_541\Debug\UART.o"
Deleting file ".\CortexM0\ARM_GCC_541\Debug\Pin_1.o"
Deleting file ".\CortexM0\ARM_GCC_541\Debug\Pin_1_PM.o"
Deleting file ".\CortexM0\ARM_GCC_541\Debug\Pin_0.o"
Deleting file ".\CortexM0\ARM_GCC_541\Debug\Pin_0_PM.o"
Deleting file ".\CortexM0\ARM_GCC_541\Debug\StepperDriver.o"
Deleting file ".\CortexM0\ARM_GCC_541\Debug\StepperDriver_PM.o"
Deleting file ".\CortexM0\ARM_GCC_541\Debug\Pin_2.o"
Deleting file ".\CortexM0\ARM_GCC_541\Debug\Pin_2_PM.o"
Deleting file ".\CortexM0\ARM_GCC_541\Debug\Pin_3.o"
Deleting file ".\CortexM0\ARM_GCC_541\Debug\Pin_3_PM.o"
Deleting file ".\CortexM0\ARM_GCC_541\Debug\I2C_1.o"
Deleting file ".\CortexM0\ARM_GCC_541\Debug\I2C_1_I2C_INT.o"
Deleting file ".\CortexM0\ARM_GCC_541\Debug\I2C_1_I2C.o"
Deleting file ".\CortexM0\ARM_GCC_541\Debug\I2C_1_I2C_BOOT.o"
Deleting file ".\CortexM0\ARM_GCC_541\Debug\I2C_1_I2C_MASTER.o"
Deleting file ".\CortexM0\ARM_GCC_541\Debug\I2C_1_PM.o"
Deleting file ".\CortexM0\ARM_GCC_541\Debug\I2C_1_BOOT.o"
Deleting file ".\CortexM0\ARM_GCC_541\Debug\I2C_1_SCBCLK.o"
Deleting file ".\CortexM0\ARM_GCC_541\Debug\I2C_1_sda.o"
Deleting file ".\CortexM0\ARM_GCC_541\Debug\I2C_1_sda_PM.o"
Deleting file ".\CortexM0\ARM_GCC_541\Debug\I2C_1_scl.o"
Deleting file ".\CortexM0\ARM_GCC_541\Debug\I2C_1_scl_PM.o"
Deleting file ".\CortexM0\ARM_GCC_541\Debug\I2C_1_SCB_IRQ.o"
Deleting file ".\CortexM0\ARM_GCC_541\Debug\PWM.o"
Deleting file ".\CortexM0\ARM_GCC_541\Debug\PWM_PM.o"
Deleting file ".\CortexM0\ARM_GCC_541\Debug\Pin_4.o"
Deleting file ".\CortexM0\ARM_GCC_541\Debug\Pin_4_PM.o"
Deleting file ".\CortexM0\ARM_GCC_541\Debug\Clock_1.o"
Deleting file ".\CortexM0\ARM_GCC_541\Debug\Pin_5.o"
Deleting file ".\CortexM0\ARM_GCC_541\Debug\Pin_5_PM.o"
Deleting file ".\CortexM0\ARM_GCC_541\Debug\Pin_6.o"
Deleting file ".\CortexM0\ARM_GCC_541\Debug\Pin_6_PM.o"
Deleting file ".\CortexM0\ARM_GCC_541\Debug\TB9051_EN.o"
Deleting file ".\CortexM0\ARM_GCC_541\Debug\TB9051_EN_PM.o"
Deleting file ".\CortexM0\ARM_GCC_541\Debug\Pin_7.o"
Deleting file ".\CortexM0\ARM_GCC_541\Debug\Pin_7_PM.o"
Deleting file ".\CortexM0\ARM_GCC_541\Debug\Pin_8.o"
Deleting file ".\CortexM0\ARM_GCC_541\Debug\Pin_8_PM.o"
Deleting file ".\CortexM0\ARM_GCC_541\Debug\QuadPWM.o"
Deleting file ".\CortexM0\ARM_GCC_541\Debug\Pin_9.o"
Deleting file ".\CortexM0\ARM_GCC_541\Debug\Pin_9_PM.o"
Deleting file ".\CortexM0\ARM_GCC_541\Debug\Pin_10.o"
Deleting file ".\CortexM0\ARM_GCC_541\Debug\Pin_10_PM.o"
Deleting file ".\CortexM0\ARM_GCC_541\Debug\UART_RPi.o"
Deleting file ".\CortexM0\ARM_GCC_541\Debug\UART_RPi_SPI_UART.o"
Deleting file ".\CortexM0\ARM_GCC_541\Debug\UART_RPi_SPI_UART_INT.o"
Deleting file ".\CortexM0\ARM_GCC_541\Debug\UART_RPi_PM.o"
Deleting file ".\CortexM0\ARM_GCC_541\Debug\UART_RPi_UART.o"
Deleting file ".\CortexM0\ARM_GCC_541\Debug\UART_RPi_BOOT.o"
Deleting file ".\CortexM0\ARM_GCC_541\Debug\UART_RPi_UART_BOOT.o"
Deleting file ".\CortexM0\ARM_GCC_541\Debug\UART_RPi_SCBCLK.o"
Deleting file ".\CortexM0\ARM_GCC_541\Debug\UART_RPi_tx.o"
Deleting file ".\CortexM0\ARM_GCC_541\Debug\UART_RPi_tx_PM.o"
Deleting file ".\CortexM0\ARM_GCC_541\Debug\UART_RPi_rx.o"
Deleting file ".\CortexM0\ARM_GCC_541\Debug\UART_RPi_rx_PM.o"
Deleting file ".\CortexM0\ARM_GCC_541\Debug\UART_RPi_SCB_IRQ.o"
Deleting file ".\CortexM0\ARM_GCC_541\Debug\DesignAttempt01.hex"
Deleting file ".\CortexM0\ARM_GCC_541\Debug\DesignAttempt01.elf"
Deleting file ".\CortexM0\ARM_GCC_541\Debug\DesignAttempt01.map"
Deleting file ".\DesignAttempt01.cycdx"
Deleting file ".\DesignAttempt01.svd"
Deleting file ".\DesignAttempt01.rpt"
Deleting file ".\DesignAttempt01_timing.html"
Deleting file ".\CortexM0\ARM_GCC_541\Debug\.deps\SOURCE_C__ARM_GCC_GENERIC.P"
Deleting file ".\CortexM0\ARM_GCC_541\Debug\.deps\SOURCE_ASM__ARM_GCC_GENERIC.P"
--------------- Clean Succeeded: 08/21/2022 11:15:40 ---------------
