Loading plugins phase: Elapsed time ==> 0s.141ms
<CYPRESSTAG name="CyDsfit arguments...">
cydsfit arguments: -.fdsnotice -.fdswarpdepfile=warp_dependencies.txt -.fdselabdepfile=elab_dependencies.txt -.fdsbldfile=generated_files.txt -.fdsreffile=referenced_files.txt -p C:\Users\JamesH\OneDrive - Monash University\MONASH\2022\ECE4191\Project\PSOC\Project1\Workspace01\DesignAttempt01.cydsn\DesignAttempt01.cyprj -d CY8C4247AZI-M485 -s C:\Users\JamesH\OneDrive - Monash University\MONASH\2022\ECE4191\Project\PSOC\Project1\Workspace01\DesignAttempt01.cydsn\Generated_Source\PSoC4 -- -yv2 -q10 -ygs -o2 -v3 -.fftcfgtype=LE
</CYPRESSTAG>
<CYPRESSTAG name="Design elaboration results...">
</CYPRESSTAG>
Elaboration phase: Elapsed time ==> 1s.234ms
<CYPRESSTAG name="HDL generation results...">
</CYPRESSTAG>
HDL generation phase: Elapsed time ==> 0s.032ms
<CYPRESSTAG name="Synthesis results...">

     | | | | | | |
   _________________
  -|               |-
  -|               |-
  -|               |-
  -|    CYPRESS    |-
  -|               |-
  -|               |-   Warp Verilog Synthesis Compiler: Version 6.3 IR 41
  -|               |-   Copyright (C) 1991-2001 Cypress Semiconductor
   |_______________|
     | | | | | | |

======================================================================
Compiling:  DesignAttempt01.v
Program  :   C:\Program Files (x86)\Cypress\PSoC Creator\4.4\PSoC Creator\warp\bin\warp.exe
Options  :    -yv2 -q10 -ygs -o2 -v3 -.fftcfgtype=LE -ya -.fftprj=C:\Users\JamesH\OneDrive - Monash University\MONASH\2022\ECE4191\Project\PSOC\Project1\Workspace01\DesignAttempt01.cydsn\DesignAttempt01.cyprj -dcpsoc3 DesignAttempt01.v -verilog
======================================================================

======================================================================
Compiling:  DesignAttempt01.v
Program  :   C:\Program Files (x86)\Cypress\PSoC Creator\4.4\PSoC Creator\warp\bin\warp.exe
Options  :    -yv2 -q10 -ygs -o2 -v3 -.fftcfgtype=LE -ya -.fftprj=C:\Users\JamesH\OneDrive - Monash University\MONASH\2022\ECE4191\Project\PSOC\Project1\Workspace01\DesignAttempt01.cydsn\DesignAttempt01.cyprj -dcpsoc3 DesignAttempt01.v -verilog
======================================================================

======================================================================
Compiling:  DesignAttempt01.v
Program  :   vlogfe
Options  :    -yv2 -q10 -ygs -o2 -v3 -.fftcfgtype=LE -ya -.fftprj=C:\Users\JamesH\OneDrive - Monash University\MONASH\2022\ECE4191\Project\PSOC\Project1\Workspace01\DesignAttempt01.cydsn\DesignAttempt01.cyprj -dcpsoc3 -verilog DesignAttempt01.v
======================================================================

vlogfe V6.3 IR 41:  Verilog parser
Thu Aug 04 13:07:41 2022


======================================================================
Compiling:  DesignAttempt01.v
Program  :   vpp
Options  :    -yv2 -q10 DesignAttempt01.v
======================================================================

vpp V6.3 IR 41:  Verilog Pre-Processor
Thu Aug 04 13:07:41 2022

Flattening file 'C:\Program Files (x86)\Cypress\PSoC Creator\4.4\PSoC Creator\psoc\content\CyPrimitives\cyprimitives.cylib\CyControlReg_v1_80\CyControlReg_v1_80.v'
Flattening file 'C:\Program Files (x86)\Cypress\PSoC Creator\4.4\PSoC Creator\warp\lib\common\cypress.v'
Flattening file 'C:\Program Files (x86)\Cypress\PSoC Creator\4.4\PSoC Creator\warp\lib\common\cy_psoc3_inc.v'
Flattening file 'C:\Program Files (x86)\Cypress\PSoC Creator\4.4\PSoC Creator\psoc\content\CyPrimitives\cyprimitives.cylib\cy_virtualmux_v1_0\cy_virtualmux_v1_0.v'
Flattening file 'C:\Program Files (x86)\Cypress\PSoC Creator\4.4\PSoC Creator\psoc\content\CyPrimitives\cyprimitives.cylib\ZeroTerminal\ZeroTerminal.v'
Flattening file 'C:\Program Files (x86)\Cypress\PSoC Creator\4.4\PSoC Creator\psoc\content\CyPrimitives\cyprimitives.cylib\or_v1_0\or_v1_0.v'
Flattening file 'C:\Program Files (x86)\Cypress\PSoC Creator\4.4\PSoC Creator\psoc\content\CyComponentLibrary\CyComponentLibrary.cylib\B_PWM_v3_30\B_PWM_v3_30.v'
Flattening file 'C:\Program Files (x86)\Cypress\PSoC Creator\4.4\PSoC Creator\warp\lib\common\cypress.v'

vpp:  No errors.

Library 'work' => directory 'lcpsoc3'
General_symbol_table
General_symbol_table
Linking 'C:\Program Files (x86)\Cypress\PSoC Creator\4.4\PSoC Creator\warp\lib\common\std.vhd'.
Linking 'C:\Program Files (x86)\Cypress\PSoC Creator\4.4\PSoC Creator\warp\lib\common\cypress.vhd'.
Linking 'C:\Program Files (x86)\Cypress\PSoC Creator\4.4\PSoC Creator\warp\lib\common\work\cypress.vif'.
Linking 'C:\Program Files (x86)\Cypress\PSoC Creator\4.4\PSoC Creator\warp\lib\ieee\work\stdlogic.vif'.
Linking 'C:\Program Files (x86)\Cypress\PSoC Creator\4.4\PSoC Creator\warp\lib\common\stdlogic\lpmpkg.vif'.
Linking 'C:\Program Files (x86)\Cypress\PSoC Creator\4.4\PSoC Creator\warp\lib\common\stdlogic\rtlpkg.vif'.
Linking 'C:\Program Files (x86)\Cypress\PSoC Creator\4.4\PSoC Creator\warp\lib\common\stdlogic\mod_cnst.vif'.
Linking 'C:\Program Files (x86)\Cypress\PSoC Creator\4.4\PSoC Creator\warp\lib\common\stdlogic\mod_mthv.vif'.
Linking 'C:\Program Files (x86)\Cypress\PSoC Creator\4.4\PSoC Creator\warp\lib\common\stdlogic\mod_genv.vif'.
Using control file 'DesignAttempt01.ctl'.
C:\Program Files (x86)\Cypress\PSoC Creator\4.4\PSoC Creator\psoc\content\CyComponentLibrary\CyComponentLibrary.cylib\B_PWM_v3_30\B_PWM_v3_30.v (line 947, col 46):  Note: Substituting module 'sub_vi_vv' for '-'.
C:\Program Files (x86)\Cypress\PSoC Creator\4.4\PSoC Creator\psoc\content\CyComponentLibrary\CyComponentLibrary.cylib\B_PWM_v3_30\B_PWM_v3_30.v (line 977, col 46):  Note: Substituting module 'add_vi_vv' for '+'.
Linking 'C:\Program Files (x86)\Cypress\PSoC Creator\4.4\PSoC Creator\warp\lib\common\stdlogic\cy_psoc3pkg.vif'.
Linking 'C:\Program Files (x86)\Cypress\PSoC Creator\4.4\PSoC Creator\warp\lib\common\stdlogic\cy_psoc3.vif'.

vlogfe:  No errors.


======================================================================
Compiling:  DesignAttempt01.v
Program  :   tovif
Options  :    -yv2 -q10 -ygs -o2 -v3 -.fftcfgtype=LE -ya -.fftprj=C:\Users\JamesH\OneDrive - Monash University\MONASH\2022\ECE4191\Project\PSOC\Project1\Workspace01\DesignAttempt01.cydsn\DesignAttempt01.cyprj -dcpsoc3 -verilog DesignAttempt01.v
======================================================================

tovif V6.3 IR 41:  High-level synthesis
Thu Aug 04 13:07:41 2022

Linking 'C:\Program Files (x86)\Cypress\PSoC Creator\4.4\PSoC Creator\warp\lib\common\std.vhd'.
Linking 'C:\Program Files (x86)\Cypress\PSoC Creator\4.4\PSoC Creator\warp\lib\common\cypress.vhd'.
Linking 'C:\Program Files (x86)\Cypress\PSoC Creator\4.4\PSoC Creator\warp\lib\common\work\cypress.vif'.
Linking 'C:\Program Files (x86)\Cypress\PSoC Creator\4.4\PSoC Creator\warp\lib\ieee\work\stdlogic.vif'.
Linking 'C:\Program Files (x86)\Cypress\PSoC Creator\4.4\PSoC Creator\warp\lib\common\stdlogic\lpmpkg.vif'.
Linking 'C:\Program Files (x86)\Cypress\PSoC Creator\4.4\PSoC Creator\warp\lib\common\stdlogic\rtlpkg.vif'.
Linking 'C:\Program Files (x86)\Cypress\PSoC Creator\4.4\PSoC Creator\warp\lib\common\stdlogic\mod_cnst.vif'.
Linking 'C:\Program Files (x86)\Cypress\PSoC Creator\4.4\PSoC Creator\warp\lib\common\stdlogic\mod_mthv.vif'.
Linking 'C:\Program Files (x86)\Cypress\PSoC Creator\4.4\PSoC Creator\warp\lib\common\stdlogic\mod_genv.vif'.
Linking 'C:\Users\JamesH\OneDrive - Monash University\MONASH\2022\ECE4191\Project\PSOC\Project1\Workspace01\DesignAttempt01.cydsn\codegentemp\DesignAttempt01.ctl'.
Linking 'C:\Users\JamesH\OneDrive - Monash University\MONASH\2022\ECE4191\Project\PSOC\Project1\Workspace01\DesignAttempt01.cydsn\codegentemp\DesignAttempt01.v'.
Linking 'C:\Program Files (x86)\Cypress\PSoC Creator\4.4\PSoC Creator\psoc\content\CyPrimitives\cyprimitives.cylib\CyControlReg_v1_80\CyControlReg_v1_80.v'.
Linking 'C:\Program Files (x86)\Cypress\PSoC Creator\4.4\PSoC Creator\warp\lib\common\cypress.v'.
Linking 'C:\Program Files (x86)\Cypress\PSoC Creator\4.4\PSoC Creator\warp\lib\common\cy_psoc3_inc.v'.
Linking 'C:\Program Files (x86)\Cypress\PSoC Creator\4.4\PSoC Creator\psoc\content\CyPrimitives\cyprimitives.cylib\cy_virtualmux_v1_0\cy_virtualmux_v1_0.v'.
Linking 'C:\Program Files (x86)\Cypress\PSoC Creator\4.4\PSoC Creator\psoc\content\CyPrimitives\cyprimitives.cylib\ZeroTerminal\ZeroTerminal.v'.
Linking 'C:\Program Files (x86)\Cypress\PSoC Creator\4.4\PSoC Creator\psoc\content\CyPrimitives\cyprimitives.cylib\or_v1_0\or_v1_0.v'.
Linking 'C:\Program Files (x86)\Cypress\PSoC Creator\4.4\PSoC Creator\psoc\content\CyComponentLibrary\CyComponentLibrary.cylib\B_PWM_v3_30\B_PWM_v3_30.v'.
Linking 'C:\Program Files (x86)\Cypress\PSoC Creator\4.4\PSoC Creator\warp\lib\common\stdlogic\cy_psoc3pkg.vif'.
Linking 'C:\Program Files (x86)\Cypress\PSoC Creator\4.4\PSoC Creator\warp\lib\common\stdlogic\cy_psoc3.vif'.
Linking 'C:\Program Files (x86)\Cypress\PSoC Creator\4.4\PSoC Creator\warp\lib\lcpsoc3\stdlogic\mod_cnst.vif'.

tovif:  No errors.


======================================================================
Compiling:  DesignAttempt01.v
Program  :   topld
Options  :    -yv2 -q10 -ygs -o2 -v3 -.fftcfgtype=LE -ya -.fftprj=C:\Users\JamesH\OneDrive - Monash University\MONASH\2022\ECE4191\Project\PSOC\Project1\Workspace01\DesignAttempt01.cydsn\DesignAttempt01.cyprj -dcpsoc3 -verilog DesignAttempt01.v
======================================================================

topld V6.3 IR 41:  Synthesis and optimization
Thu Aug 04 13:07:42 2022

Linking 'C:\Program Files (x86)\Cypress\PSoC Creator\4.4\PSoC Creator\warp\lib\common\std.vhd'.
Linking 'C:\Program Files (x86)\Cypress\PSoC Creator\4.4\PSoC Creator\warp\lib\common\cypress.vhd'.
Linking 'C:\Program Files (x86)\Cypress\PSoC Creator\4.4\PSoC Creator\warp\lib\common\work\cypress.vif'.
Linking 'C:\Program Files (x86)\Cypress\PSoC Creator\4.4\PSoC Creator\warp\lib\ieee\work\stdlogic.vif'.
Linking 'C:\Program Files (x86)\Cypress\PSoC Creator\4.4\PSoC Creator\warp\lib\common\stdlogic\lpmpkg.vif'.
Linking 'C:\Program Files (x86)\Cypress\PSoC Creator\4.4\PSoC Creator\warp\lib\common\stdlogic\rtlpkg.vif'.
Linking 'C:\Program Files (x86)\Cypress\PSoC Creator\4.4\PSoC Creator\warp\lib\common\stdlogic\mod_cnst.vif'.
Linking 'C:\Program Files (x86)\Cypress\PSoC Creator\4.4\PSoC Creator\warp\lib\common\stdlogic\mod_mthv.vif'.
Linking 'C:\Program Files (x86)\Cypress\PSoC Creator\4.4\PSoC Creator\warp\lib\common\stdlogic\mod_genv.vif'.
Linking 'C:\Users\JamesH\OneDrive - Monash University\MONASH\2022\ECE4191\Project\PSOC\Project1\Workspace01\DesignAttempt01.cydsn\codegentemp\DesignAttempt01.ctl'.
Linking 'C:\Users\JamesH\OneDrive - Monash University\MONASH\2022\ECE4191\Project\PSOC\Project1\Workspace01\DesignAttempt01.cydsn\codegentemp\DesignAttempt01.v'.
Linking 'C:\Program Files (x86)\Cypress\PSoC Creator\4.4\PSoC Creator\psoc\content\CyPrimitives\cyprimitives.cylib\CyControlReg_v1_80\CyControlReg_v1_80.v'.
Linking 'C:\Program Files (x86)\Cypress\PSoC Creator\4.4\PSoC Creator\warp\lib\common\cypress.v'.
Linking 'C:\Program Files (x86)\Cypress\PSoC Creator\4.4\PSoC Creator\warp\lib\common\cy_psoc3_inc.v'.
Linking 'C:\Program Files (x86)\Cypress\PSoC Creator\4.4\PSoC Creator\psoc\content\CyPrimitives\cyprimitives.cylib\cy_virtualmux_v1_0\cy_virtualmux_v1_0.v'.
Linking 'C:\Program Files (x86)\Cypress\PSoC Creator\4.4\PSoC Creator\psoc\content\CyPrimitives\cyprimitives.cylib\ZeroTerminal\ZeroTerminal.v'.
Linking 'C:\Program Files (x86)\Cypress\PSoC Creator\4.4\PSoC Creator\psoc\content\CyPrimitives\cyprimitives.cylib\or_v1_0\or_v1_0.v'.
Linking 'C:\Program Files (x86)\Cypress\PSoC Creator\4.4\PSoC Creator\psoc\content\CyComponentLibrary\CyComponentLibrary.cylib\B_PWM_v3_30\B_PWM_v3_30.v'.
Linking 'C:\Program Files (x86)\Cypress\PSoC Creator\4.4\PSoC Creator\warp\lib\common\stdlogic\cy_psoc3pkg.vif'.
Linking 'C:\Program Files (x86)\Cypress\PSoC Creator\4.4\PSoC Creator\warp\lib\common\stdlogic\cy_psoc3.vif'.
Linking 'C:\Program Files (x86)\Cypress\PSoC Creator\4.4\PSoC Creator\warp\lib\lcpsoc3\stdlogic\mod_cnst.vif'.
Linking 'C:\Program Files (x86)\Cypress\PSoC Creator\4.4\PSoC Creator\warp\lib\lcpsoc3\stdlogic\cpsoc3.vif'.

----------------------------------------------------------
Detecting unused logic.
----------------------------------------------------------
    User names
	Net_28
	Net_29
	Net_30
	Net_31
	\I2C_1:Net_1257\
	\I2C_1:uncfg_rx_irq\
	\I2C_1:Net_1099\
	\I2C_1:Net_1258\
	Net_50
	Net_51
	Net_52
	Net_53
	Net_54
	Net_55
	Net_56
	Net_59
	Net_60
	Net_67
	\PWM:PWMUDB:km_run\
	\PWM:PWMUDB:ctrl_cmpmode2_2\
	\PWM:PWMUDB:ctrl_cmpmode2_1\
	\PWM:PWMUDB:ctrl_cmpmode2_0\
	\PWM:PWMUDB:capt_rising\
	\PWM:PWMUDB:capt_falling\
	\PWM:PWMUDB:trig_rise\
	\PWM:PWMUDB:trig_fall\
	\PWM:PWMUDB:sc_kill\
	\PWM:PWMUDB:min_kill\
	\PWM:PWMUDB:db_tc\
	\PWM:PWMUDB:dith_sel\
	\PWM:PWMUDB:compare2\
	Net_206
	Net_203
	Net_204
	\PWM:PWMUDB:MODULE_1:b_31\
	\PWM:PWMUDB:MODULE_1:b_30\
	\PWM:PWMUDB:MODULE_1:b_29\
	\PWM:PWMUDB:MODULE_1:b_28\
	\PWM:PWMUDB:MODULE_1:b_27\
	\PWM:PWMUDB:MODULE_1:b_26\
	\PWM:PWMUDB:MODULE_1:b_25\
	\PWM:PWMUDB:MODULE_1:b_24\
	\PWM:PWMUDB:MODULE_1:b_23\
	\PWM:PWMUDB:MODULE_1:b_22\
	\PWM:PWMUDB:MODULE_1:b_21\
	\PWM:PWMUDB:MODULE_1:b_20\
	\PWM:PWMUDB:MODULE_1:b_19\
	\PWM:PWMUDB:MODULE_1:b_18\
	\PWM:PWMUDB:MODULE_1:b_17\
	\PWM:PWMUDB:MODULE_1:b_16\
	\PWM:PWMUDB:MODULE_1:b_15\
	\PWM:PWMUDB:MODULE_1:b_14\
	\PWM:PWMUDB:MODULE_1:b_13\
	\PWM:PWMUDB:MODULE_1:b_12\
	\PWM:PWMUDB:MODULE_1:b_11\
	\PWM:PWMUDB:MODULE_1:b_10\
	\PWM:PWMUDB:MODULE_1:b_9\
	\PWM:PWMUDB:MODULE_1:b_8\
	\PWM:PWMUDB:MODULE_1:b_7\
	\PWM:PWMUDB:MODULE_1:b_6\
	\PWM:PWMUDB:MODULE_1:b_5\
	\PWM:PWMUDB:MODULE_1:b_4\
	\PWM:PWMUDB:MODULE_1:b_3\
	\PWM:PWMUDB:MODULE_1:b_2\
	\PWM:PWMUDB:MODULE_1:b_1\
	\PWM:PWMUDB:MODULE_1:b_0\
	\PWM:PWMUDB:MODULE_1:g2:a0:a_31\
	\PWM:PWMUDB:MODULE_1:g2:a0:a_30\
	\PWM:PWMUDB:MODULE_1:g2:a0:a_29\
	\PWM:PWMUDB:MODULE_1:g2:a0:a_28\
	\PWM:PWMUDB:MODULE_1:g2:a0:a_27\
	\PWM:PWMUDB:MODULE_1:g2:a0:a_26\
	\PWM:PWMUDB:MODULE_1:g2:a0:a_25\
	\PWM:PWMUDB:MODULE_1:g2:a0:a_24\
	\PWM:PWMUDB:MODULE_1:g2:a0:b_31\
	\PWM:PWMUDB:MODULE_1:g2:a0:b_30\
	\PWM:PWMUDB:MODULE_1:g2:a0:b_29\
	\PWM:PWMUDB:MODULE_1:g2:a0:b_28\
	\PWM:PWMUDB:MODULE_1:g2:a0:b_27\
	\PWM:PWMUDB:MODULE_1:g2:a0:b_26\
	\PWM:PWMUDB:MODULE_1:g2:a0:b_25\
	\PWM:PWMUDB:MODULE_1:g2:a0:b_24\
	\PWM:PWMUDB:MODULE_1:g2:a0:b_23\
	\PWM:PWMUDB:MODULE_1:g2:a0:b_22\
	\PWM:PWMUDB:MODULE_1:g2:a0:b_21\
	\PWM:PWMUDB:MODULE_1:g2:a0:b_20\
	\PWM:PWMUDB:MODULE_1:g2:a0:b_19\
	\PWM:PWMUDB:MODULE_1:g2:a0:b_18\
	\PWM:PWMUDB:MODULE_1:g2:a0:b_17\
	\PWM:PWMUDB:MODULE_1:g2:a0:b_16\
	\PWM:PWMUDB:MODULE_1:g2:a0:b_15\
	\PWM:PWMUDB:MODULE_1:g2:a0:b_14\
	\PWM:PWMUDB:MODULE_1:g2:a0:b_13\
	\PWM:PWMUDB:MODULE_1:g2:a0:b_12\
	\PWM:PWMUDB:MODULE_1:g2:a0:b_11\
	\PWM:PWMUDB:MODULE_1:g2:a0:b_10\
	\PWM:PWMUDB:MODULE_1:g2:a0:b_9\
	\PWM:PWMUDB:MODULE_1:g2:a0:b_8\
	\PWM:PWMUDB:MODULE_1:g2:a0:b_7\
	\PWM:PWMUDB:MODULE_1:g2:a0:b_6\
	\PWM:PWMUDB:MODULE_1:g2:a0:b_5\
	\PWM:PWMUDB:MODULE_1:g2:a0:b_4\
	\PWM:PWMUDB:MODULE_1:g2:a0:b_3\
	\PWM:PWMUDB:MODULE_1:g2:a0:b_2\
	\PWM:PWMUDB:MODULE_1:g2:a0:b_1\
	\PWM:PWMUDB:MODULE_1:g2:a0:b_0\
	\PWM:PWMUDB:MODULE_1:g2:a0:s_31\
	\PWM:PWMUDB:MODULE_1:g2:a0:s_30\
	\PWM:PWMUDB:MODULE_1:g2:a0:s_29\
	\PWM:PWMUDB:MODULE_1:g2:a0:s_28\
	\PWM:PWMUDB:MODULE_1:g2:a0:s_27\
	\PWM:PWMUDB:MODULE_1:g2:a0:s_26\
	\PWM:PWMUDB:MODULE_1:g2:a0:s_25\
	\PWM:PWMUDB:MODULE_1:g2:a0:s_24\
	\PWM:PWMUDB:MODULE_1:g2:a0:s_23\
	\PWM:PWMUDB:MODULE_1:g2:a0:s_22\
	\PWM:PWMUDB:MODULE_1:g2:a0:s_21\
	\PWM:PWMUDB:MODULE_1:g2:a0:s_20\
	\PWM:PWMUDB:MODULE_1:g2:a0:s_19\
	\PWM:PWMUDB:MODULE_1:g2:a0:s_18\
	\PWM:PWMUDB:MODULE_1:g2:a0:s_17\
	\PWM:PWMUDB:MODULE_1:g2:a0:s_16\
	\PWM:PWMUDB:MODULE_1:g2:a0:s_15\
	\PWM:PWMUDB:MODULE_1:g2:a0:s_14\
	\PWM:PWMUDB:MODULE_1:g2:a0:s_13\
	\PWM:PWMUDB:MODULE_1:g2:a0:s_12\
	\PWM:PWMUDB:MODULE_1:g2:a0:s_11\
	\PWM:PWMUDB:MODULE_1:g2:a0:s_10\
	\PWM:PWMUDB:MODULE_1:g2:a0:s_9\
	\PWM:PWMUDB:MODULE_1:g2:a0:s_8\
	\PWM:PWMUDB:MODULE_1:g2:a0:s_7\
	\PWM:PWMUDB:MODULE_1:g2:a0:s_6\
	\PWM:PWMUDB:MODULE_1:g2:a0:s_5\
	\PWM:PWMUDB:MODULE_1:g2:a0:s_4\
	\PWM:PWMUDB:MODULE_1:g2:a0:s_3\
	\PWM:PWMUDB:MODULE_1:g2:a0:s_2\
	\PWM:PWMUDB:MODULE_1:g2:a0:g1:z1:s0:g1:u0:c_31\
	\PWM:PWMUDB:MODULE_1:g2:a0:g1:z1:s0:g1:u0:c_30\
	\PWM:PWMUDB:MODULE_1:g2:a0:g1:z1:s0:g1:u0:c_29\
	\PWM:PWMUDB:MODULE_1:g2:a0:g1:z1:s0:g1:u0:c_28\
	\PWM:PWMUDB:MODULE_1:g2:a0:g1:z1:s0:g1:u0:c_27\
	\PWM:PWMUDB:MODULE_1:g2:a0:g1:z1:s0:g1:u0:c_26\
	\PWM:PWMUDB:MODULE_1:g2:a0:g1:z1:s0:g1:u0:c_25\
	\PWM:Net_139\
	\PWM:Net_138\
	\PWM:Net_183\
	\PWM:Net_181\

    Synthesized names
	\PWM:PWMUDB:add_vi_vv_MODGEN_1_31\
	\PWM:PWMUDB:add_vi_vv_MODGEN_1_30\
	\PWM:PWMUDB:add_vi_vv_MODGEN_1_29\
	\PWM:PWMUDB:add_vi_vv_MODGEN_1_28\
	\PWM:PWMUDB:add_vi_vv_MODGEN_1_27\
	\PWM:PWMUDB:add_vi_vv_MODGEN_1_26\
	\PWM:PWMUDB:add_vi_vv_MODGEN_1_25\
	\PWM:PWMUDB:add_vi_vv_MODGEN_1_24\
	\PWM:PWMUDB:add_vi_vv_MODGEN_1_23\
	\PWM:PWMUDB:add_vi_vv_MODGEN_1_22\
	\PWM:PWMUDB:add_vi_vv_MODGEN_1_21\
	\PWM:PWMUDB:add_vi_vv_MODGEN_1_20\
	\PWM:PWMUDB:add_vi_vv_MODGEN_1_19\
	\PWM:PWMUDB:add_vi_vv_MODGEN_1_18\
	\PWM:PWMUDB:add_vi_vv_MODGEN_1_17\
	\PWM:PWMUDB:add_vi_vv_MODGEN_1_16\
	\PWM:PWMUDB:add_vi_vv_MODGEN_1_15\
	\PWM:PWMUDB:add_vi_vv_MODGEN_1_14\
	\PWM:PWMUDB:add_vi_vv_MODGEN_1_13\
	\PWM:PWMUDB:add_vi_vv_MODGEN_1_12\
	\PWM:PWMUDB:add_vi_vv_MODGEN_1_11\
	\PWM:PWMUDB:add_vi_vv_MODGEN_1_10\
	\PWM:PWMUDB:add_vi_vv_MODGEN_1_9\
	\PWM:PWMUDB:add_vi_vv_MODGEN_1_8\
	\PWM:PWMUDB:add_vi_vv_MODGEN_1_7\
	\PWM:PWMUDB:add_vi_vv_MODGEN_1_6\
	\PWM:PWMUDB:add_vi_vv_MODGEN_1_5\
	\PWM:PWMUDB:add_vi_vv_MODGEN_1_4\
	\PWM:PWMUDB:add_vi_vv_MODGEN_1_3\
	\PWM:PWMUDB:add_vi_vv_MODGEN_1_2\

Deleted 147 User equations/components.
Deleted 30 Synthesized equations/components.

------------------------------------------------------
Alias Detection
------------------------------------------------------
Aliasing one to tmpOE__Pin_0_net_0
Aliasing \UART:tmpOE__tx_net_0\ to tmpOE__Pin_0_net_0
Aliasing \StepperDriver:clk\ to zero
Aliasing \StepperDriver:rst\ to zero
Aliasing tmpOE__Pin_1_net_0 to tmpOE__Pin_0_net_0
Aliasing tmpOE__Pin_2_net_0 to tmpOE__Pin_0_net_0
Aliasing tmpOE__Pin_3_net_0 to tmpOE__Pin_0_net_0
Aliasing \I2C_1:select_s_wire\ to zero
Aliasing \I2C_1:rx_wire\ to zero
Aliasing \I2C_1:sclk_s_wire\ to zero
Aliasing \I2C_1:mosi_s_wire\ to zero
Aliasing \I2C_1:miso_m_wire\ to zero
Aliasing \I2C_1:tmpOE__sda_net_0\ to tmpOE__Pin_0_net_0
Aliasing \I2C_1:tmpOE__scl_net_0\ to tmpOE__Pin_0_net_0
Aliasing \I2C_1:cts_wire\ to zero
Aliasing \PWM:Net_180\ to zero
Aliasing \PWM:PWMUDB:hwCapture\ to zero
Aliasing \PWM:Net_178\ to zero
Aliasing \PWM:PWMUDB:trig_out\ to tmpOE__Pin_0_net_0
Aliasing \PWM:Net_186\ to zero
Aliasing \PWM:PWMUDB:runmode_enable\\S\ to zero
Aliasing \PWM:Net_179\ to tmpOE__Pin_0_net_0
Aliasing \PWM:PWMUDB:ltch_kill_reg\\R\ to \PWM:PWMUDB:runmode_enable\\R\
Aliasing \PWM:PWMUDB:ltch_kill_reg\\S\ to zero
Aliasing \PWM:PWMUDB:km_tc\ to zero
Aliasing \PWM:PWMUDB:min_kill_reg\\R\ to \PWM:PWMUDB:runmode_enable\\R\
Aliasing \PWM:PWMUDB:min_kill_reg\\S\ to zero
Aliasing \PWM:PWMUDB:final_kill\ to tmpOE__Pin_0_net_0
Aliasing \PWM:PWMUDB:dith_count_1\\R\ to \PWM:PWMUDB:runmode_enable\\R\
Aliasing \PWM:PWMUDB:dith_count_1\\S\ to zero
Aliasing \PWM:PWMUDB:dith_count_0\\R\ to \PWM:PWMUDB:runmode_enable\\R\
Aliasing \PWM:PWMUDB:dith_count_0\\S\ to zero
Aliasing \PWM:PWMUDB:status_6\ to zero
Aliasing \PWM:PWMUDB:status_4\ to zero
Aliasing \PWM:PWMUDB:cmp2\ to zero
Aliasing \PWM:PWMUDB:cmp1_status_reg\\R\ to \PWM:PWMUDB:runmode_enable\\R\
Aliasing \PWM:PWMUDB:cmp1_status_reg\\S\ to zero
Aliasing \PWM:PWMUDB:cmp2_status_reg\\R\ to \PWM:PWMUDB:runmode_enable\\R\
Aliasing \PWM:PWMUDB:cmp2_status_reg\\S\ to zero
Aliasing \PWM:PWMUDB:final_kill_reg\\R\ to \PWM:PWMUDB:runmode_enable\\R\
Aliasing \PWM:PWMUDB:final_kill_reg\\S\ to zero
Aliasing \PWM:PWMUDB:cs_addr_0\ to \PWM:PWMUDB:runmode_enable\\R\
Aliasing \PWM:PWMUDB:pwm1_i\ to zero
Aliasing \PWM:PWMUDB:pwm2_i\ to zero
Aliasing \PWM:PWMUDB:MODULE_1:g2:a0:a_23\ to zero
Aliasing \PWM:PWMUDB:MODULE_1:g2:a0:a_22\ to zero
Aliasing \PWM:PWMUDB:MODULE_1:g2:a0:a_21\ to zero
Aliasing \PWM:PWMUDB:MODULE_1:g2:a0:a_20\ to zero
Aliasing \PWM:PWMUDB:MODULE_1:g2:a0:a_19\ to zero
Aliasing \PWM:PWMUDB:MODULE_1:g2:a0:a_18\ to zero
Aliasing \PWM:PWMUDB:MODULE_1:g2:a0:a_17\ to zero
Aliasing \PWM:PWMUDB:MODULE_1:g2:a0:a_16\ to zero
Aliasing \PWM:PWMUDB:MODULE_1:g2:a0:a_15\ to zero
Aliasing \PWM:PWMUDB:MODULE_1:g2:a0:a_14\ to zero
Aliasing \PWM:PWMUDB:MODULE_1:g2:a0:a_13\ to zero
Aliasing \PWM:PWMUDB:MODULE_1:g2:a0:a_12\ to zero
Aliasing \PWM:PWMUDB:MODULE_1:g2:a0:a_11\ to zero
Aliasing \PWM:PWMUDB:MODULE_1:g2:a0:a_10\ to zero
Aliasing \PWM:PWMUDB:MODULE_1:g2:a0:a_9\ to zero
Aliasing \PWM:PWMUDB:MODULE_1:g2:a0:a_8\ to zero
Aliasing \PWM:PWMUDB:MODULE_1:g2:a0:a_7\ to zero
Aliasing \PWM:PWMUDB:MODULE_1:g2:a0:a_6\ to zero
Aliasing \PWM:PWMUDB:MODULE_1:g2:a0:a_5\ to zero
Aliasing \PWM:PWMUDB:MODULE_1:g2:a0:a_4\ to zero
Aliasing \PWM:PWMUDB:MODULE_1:g2:a0:a_3\ to zero
Aliasing \PWM:PWMUDB:MODULE_1:g2:a0:a_2\ to zero
Aliasing \PWM:PWMUDB:MODULE_1:g2:a0:g1:z1:s0:g1:u0:b_0\ to tmpOE__Pin_0_net_0
Aliasing tmpOE__Pin_4_net_0 to tmpOE__Pin_0_net_0
Aliasing \PWM:PWMUDB:prevCompare1\\D\ to \PWM:PWMUDB:pwm_temp\
Aliasing \PWM:PWMUDB:tc_i_reg\\D\ to \PWM:PWMUDB:status_2\
Removing Rhs of wire Net_23[2] = \StepperDriver:control_out_0\[17]
Removing Rhs of wire Net_23[2] = \StepperDriver:control_0\[40]
Removing Lhs of wire one[7] = tmpOE__Pin_0_net_0[1]
Removing Lhs of wire \UART:tmpOE__tx_net_0\[10] = tmpOE__Pin_0_net_0[1]
Removing Lhs of wire \StepperDriver:clk\[15] = zero[6]
Removing Lhs of wire \StepperDriver:rst\[16] = zero[6]
Removing Rhs of wire Net_34[18] = \StepperDriver:control_out_1\[19]
Removing Rhs of wire Net_34[18] = \StepperDriver:control_1\[39]
Removing Rhs of wire Net_35[20] = \StepperDriver:control_out_2\[21]
Removing Rhs of wire Net_35[20] = \StepperDriver:control_2\[38]
Removing Rhs of wire Net_36[22] = \StepperDriver:control_out_3\[23]
Removing Rhs of wire Net_36[22] = \StepperDriver:control_3\[37]
Removing Lhs of wire tmpOE__Pin_1_net_0[42] = tmpOE__Pin_0_net_0[1]
Removing Lhs of wire tmpOE__Pin_2_net_0[48] = tmpOE__Pin_0_net_0[1]
Removing Lhs of wire tmpOE__Pin_3_net_0[54] = tmpOE__Pin_0_net_0[1]
Removing Lhs of wire \I2C_1:select_s_wire\[61] = zero[6]
Removing Lhs of wire \I2C_1:rx_wire\[62] = zero[6]
Removing Lhs of wire \I2C_1:Net_1170\[65] = \I2C_1:Net_847\[60]
Removing Lhs of wire \I2C_1:sclk_s_wire\[66] = zero[6]
Removing Lhs of wire \I2C_1:mosi_s_wire\[67] = zero[6]
Removing Lhs of wire \I2C_1:miso_m_wire\[68] = zero[6]
Removing Lhs of wire \I2C_1:tmpOE__sda_net_0\[70] = tmpOE__Pin_0_net_0[1]
Removing Lhs of wire \I2C_1:tmpOE__scl_net_0\[76] = tmpOE__Pin_0_net_0[1]
Removing Lhs of wire \I2C_1:cts_wire\[85] = zero[6]
Removing Lhs of wire \PWM:Net_68\[112] = Net_137[488]
Removing Lhs of wire \PWM:PWMUDB:ctrl_enable\[123] = \PWM:PWMUDB:control_7\[115]
Removing Lhs of wire \PWM:PWMUDB:ctrl_cmpmode1_2\[127] = \PWM:PWMUDB:control_2\[120]
Removing Lhs of wire \PWM:PWMUDB:ctrl_cmpmode1_1\[128] = \PWM:PWMUDB:control_1\[121]
Removing Lhs of wire \PWM:PWMUDB:ctrl_cmpmode1_0\[129] = \PWM:PWMUDB:control_0\[122]
Removing Lhs of wire \PWM:Net_180\[131] = zero[6]
Removing Lhs of wire \PWM:PWMUDB:hwCapture\[134] = zero[6]
Removing Lhs of wire \PWM:PWMUDB:hwEnable\[135] = \PWM:PWMUDB:control_7\[115]
Removing Lhs of wire \PWM:Net_178\[137] = zero[6]
Removing Lhs of wire \PWM:PWMUDB:trig_out\[140] = tmpOE__Pin_0_net_0[1]
Removing Lhs of wire \PWM:PWMUDB:runmode_enable\\R\[142] = zero[6]
Removing Lhs of wire \PWM:Net_186\[143] = zero[6]
Removing Lhs of wire \PWM:PWMUDB:runmode_enable\\S\[144] = zero[6]
Removing Lhs of wire \PWM:PWMUDB:final_enable\[145] = \PWM:PWMUDB:runmode_enable\[141]
Removing Lhs of wire \PWM:Net_179\[148] = tmpOE__Pin_0_net_0[1]
Removing Lhs of wire \PWM:PWMUDB:ltch_kill_reg\\R\[150] = zero[6]
Removing Lhs of wire \PWM:PWMUDB:ltch_kill_reg\\S\[151] = zero[6]
Removing Lhs of wire \PWM:PWMUDB:km_tc\[152] = zero[6]
Removing Lhs of wire \PWM:PWMUDB:min_kill_reg\\R\[153] = zero[6]
Removing Lhs of wire \PWM:PWMUDB:min_kill_reg\\S\[154] = zero[6]
Removing Lhs of wire \PWM:PWMUDB:final_kill\[157] = tmpOE__Pin_0_net_0[1]
Removing Lhs of wire \PWM:PWMUDB:add_vi_vv_MODGEN_1_1\[160] = \PWM:PWMUDB:MODULE_1:g2:a0:s_1\[447]
Removing Lhs of wire \PWM:PWMUDB:add_vi_vv_MODGEN_1_0\[162] = \PWM:PWMUDB:MODULE_1:g2:a0:s_0\[448]
Removing Lhs of wire \PWM:PWMUDB:dith_count_1\\R\[163] = zero[6]
Removing Lhs of wire \PWM:PWMUDB:dith_count_1\\S\[164] = zero[6]
Removing Lhs of wire \PWM:PWMUDB:dith_count_0\\R\[165] = zero[6]
Removing Lhs of wire \PWM:PWMUDB:dith_count_0\\S\[166] = zero[6]
Removing Lhs of wire \PWM:PWMUDB:status_6\[169] = zero[6]
Removing Rhs of wire \PWM:PWMUDB:status_5\[170] = \PWM:PWMUDB:final_kill_reg\[184]
Removing Lhs of wire \PWM:PWMUDB:status_4\[171] = zero[6]
Removing Rhs of wire \PWM:PWMUDB:status_3\[172] = \PWM:PWMUDB:fifo_full\[191]
Removing Rhs of wire \PWM:PWMUDB:status_1\[174] = \PWM:PWMUDB:cmp2_status_reg\[183]
Removing Rhs of wire \PWM:PWMUDB:status_0\[175] = \PWM:PWMUDB:cmp1_status_reg\[182]
Removing Lhs of wire \PWM:PWMUDB:cmp2_status\[180] = zero[6]
Removing Lhs of wire \PWM:PWMUDB:cmp2\[181] = zero[6]
Removing Lhs of wire \PWM:PWMUDB:cmp1_status_reg\\R\[185] = zero[6]
Removing Lhs of wire \PWM:PWMUDB:cmp1_status_reg\\S\[186] = zero[6]
Removing Lhs of wire \PWM:PWMUDB:cmp2_status_reg\\R\[187] = zero[6]
Removing Lhs of wire \PWM:PWMUDB:cmp2_status_reg\\S\[188] = zero[6]
Removing Lhs of wire \PWM:PWMUDB:final_kill_reg\\R\[189] = zero[6]
Removing Lhs of wire \PWM:PWMUDB:final_kill_reg\\S\[190] = zero[6]
Removing Lhs of wire \PWM:PWMUDB:cs_addr_2\[192] = \PWM:PWMUDB:tc_i\[147]
Removing Lhs of wire \PWM:PWMUDB:cs_addr_1\[193] = \PWM:PWMUDB:runmode_enable\[141]
Removing Lhs of wire \PWM:PWMUDB:cs_addr_0\[194] = zero[6]
Removing Lhs of wire \PWM:PWMUDB:pwm1_i\[280] = zero[6]
Removing Lhs of wire \PWM:PWMUDB:pwm2_i\[282] = zero[6]
Removing Rhs of wire Net_202[285] = \PWM:PWMUDB:pwm_i_reg\[277]
Removing Lhs of wire \PWM:PWMUDB:pwm_temp\[288] = \PWM:PWMUDB:cmp1\[178]
Removing Lhs of wire \PWM:PWMUDB:MODULE_1:g2:a0:a_23\[329] = zero[6]
Removing Lhs of wire \PWM:PWMUDB:MODULE_1:g2:a0:a_22\[330] = zero[6]
Removing Lhs of wire \PWM:PWMUDB:MODULE_1:g2:a0:a_21\[331] = zero[6]
Removing Lhs of wire \PWM:PWMUDB:MODULE_1:g2:a0:a_20\[332] = zero[6]
Removing Lhs of wire \PWM:PWMUDB:MODULE_1:g2:a0:a_19\[333] = zero[6]
Removing Lhs of wire \PWM:PWMUDB:MODULE_1:g2:a0:a_18\[334] = zero[6]
Removing Lhs of wire \PWM:PWMUDB:MODULE_1:g2:a0:a_17\[335] = zero[6]
Removing Lhs of wire \PWM:PWMUDB:MODULE_1:g2:a0:a_16\[336] = zero[6]
Removing Lhs of wire \PWM:PWMUDB:MODULE_1:g2:a0:a_15\[337] = zero[6]
Removing Lhs of wire \PWM:PWMUDB:MODULE_1:g2:a0:a_14\[338] = zero[6]
Removing Lhs of wire \PWM:PWMUDB:MODULE_1:g2:a0:a_13\[339] = zero[6]
Removing Lhs of wire \PWM:PWMUDB:MODULE_1:g2:a0:a_12\[340] = zero[6]
Removing Lhs of wire \PWM:PWMUDB:MODULE_1:g2:a0:a_11\[341] = zero[6]
Removing Lhs of wire \PWM:PWMUDB:MODULE_1:g2:a0:a_10\[342] = zero[6]
Removing Lhs of wire \PWM:PWMUDB:MODULE_1:g2:a0:a_9\[343] = zero[6]
Removing Lhs of wire \PWM:PWMUDB:MODULE_1:g2:a0:a_8\[344] = zero[6]
Removing Lhs of wire \PWM:PWMUDB:MODULE_1:g2:a0:a_7\[345] = zero[6]
Removing Lhs of wire \PWM:PWMUDB:MODULE_1:g2:a0:a_6\[346] = zero[6]
Removing Lhs of wire \PWM:PWMUDB:MODULE_1:g2:a0:a_5\[347] = zero[6]
Removing Lhs of wire \PWM:PWMUDB:MODULE_1:g2:a0:a_4\[348] = zero[6]
Removing Lhs of wire \PWM:PWMUDB:MODULE_1:g2:a0:a_3\[349] = zero[6]
Removing Lhs of wire \PWM:PWMUDB:MODULE_1:g2:a0:a_2\[350] = zero[6]
Removing Lhs of wire \PWM:PWMUDB:MODULE_1:g2:a0:a_1\[351] = \PWM:PWMUDB:MODIN1_1\[352]
Removing Lhs of wire \PWM:PWMUDB:MODIN1_1\[352] = \PWM:PWMUDB:dith_count_1\[159]
Removing Lhs of wire \PWM:PWMUDB:MODULE_1:g2:a0:a_0\[353] = \PWM:PWMUDB:MODIN1_0\[354]
Removing Lhs of wire \PWM:PWMUDB:MODIN1_0\[354] = \PWM:PWMUDB:dith_count_0\[161]
Removing Lhs of wire \PWM:PWMUDB:MODULE_1:g2:a0:g1:z1:s0:g1:u0:c_0\[486] = tmpOE__Pin_0_net_0[1]
Removing Lhs of wire \PWM:PWMUDB:MODULE_1:g2:a0:g1:z1:s0:g1:u0:b_0\[487] = tmpOE__Pin_0_net_0[1]
Removing Lhs of wire tmpOE__Pin_4_net_0[496] = tmpOE__Pin_0_net_0[1]
Removing Lhs of wire \PWM:PWMUDB:prevCapture\\D\[502] = zero[6]
Removing Lhs of wire \PWM:PWMUDB:trig_last\\D\[503] = zero[6]
Removing Lhs of wire \PWM:PWMUDB:prevCompare1\\D\[509] = \PWM:PWMUDB:cmp1\[178]
Removing Lhs of wire \PWM:PWMUDB:cmp1_status_reg\\D\[510] = \PWM:PWMUDB:cmp1_status\[179]
Removing Lhs of wire \PWM:PWMUDB:cmp2_status_reg\\D\[511] = zero[6]
Removing Lhs of wire \PWM:PWMUDB:pwm_i_reg\\D\[513] = \PWM:PWMUDB:pwm_i\[278]
Removing Lhs of wire \PWM:PWMUDB:pwm1_i_reg\\D\[514] = zero[6]
Removing Lhs of wire \PWM:PWMUDB:pwm2_i_reg\\D\[515] = zero[6]
Removing Lhs of wire \PWM:PWMUDB:tc_i_reg\\D\[516] = \PWM:PWMUDB:status_2\[173]

------------------------------------------------------
Aliased 0 equations, 110 wires.
------------------------------------------------------

----------------------------------------------------------
Circuit simplification
----------------------------------------------------------

Substituting virtuals - pass 1:

Note:  Expanding virtual equation for 'tmpOE__Pin_0_net_0' (cost = 0):
tmpOE__Pin_0_net_0 <=  ('1') ;

Note:  Expanding virtual equation for 'zero' (cost = 0):
zero <=  ('0') ;

Note:  Expanding virtual equation for '\PWM:PWMUDB:compare1\' (cost = 5):
\PWM:PWMUDB:compare1\ <= ((not \PWM:PWMUDB:control_2\ and not \PWM:PWMUDB:control_0\ and \PWM:PWMUDB:cmp1_eq\)
	OR (not \PWM:PWMUDB:cmp1_eq\ and not \PWM:PWMUDB:cmp1_less\ and \PWM:PWMUDB:control_1\ and \PWM:PWMUDB:control_0\)
	OR (not \PWM:PWMUDB:control_2\ and not \PWM:PWMUDB:control_1\ and \PWM:PWMUDB:control_0\ and \PWM:PWMUDB:cmp1_less\)
	OR (not \PWM:PWMUDB:control_2\ and not \PWM:PWMUDB:control_0\ and \PWM:PWMUDB:control_1\ and \PWM:PWMUDB:cmp1_less\)
	OR (not \PWM:PWMUDB:cmp1_less\ and \PWM:PWMUDB:control_2\));

Note:  Expanding virtual equation for '\PWM:PWMUDB:MODULE_1:g2:a0:g1:z1:s0:g1:u0:c_1\' (cost = 0):
\PWM:PWMUDB:MODULE_1:g2:a0:g1:z1:s0:g1:u0:c_1\ <= (\PWM:PWMUDB:dith_count_0\);

Note:  Expanding virtual equation for '\PWM:PWMUDB:MODULE_1:g2:a0:s_0\' (cost = 0):
\PWM:PWMUDB:MODULE_1:g2:a0:s_0\ <= (not \PWM:PWMUDB:dith_count_0\);

Note:  Expanding virtual equation for '\PWM:PWMUDB:MODULE_1:g2:a0:g1:z1:s0:g1:u0:c_17\' (cost = 0):
\PWM:PWMUDB:MODULE_1:g2:a0:g1:z1:s0:g1:u0:c_17\ <=  ('0') ;

Note:  Expanding virtual equation for '\PWM:PWMUDB:MODULE_1:g2:a0:g1:z1:s0:g1:u0:c_9\' (cost = 0):
\PWM:PWMUDB:MODULE_1:g2:a0:g1:z1:s0:g1:u0:c_9\ <=  ('0') ;

Note:  Expanding virtual equation for '\PWM:PWMUDB:MODULE_1:g2:a0:g1:z1:s0:g1:u0:c_2\' (cost = 0):
\PWM:PWMUDB:MODULE_1:g2:a0:g1:z1:s0:g1:u0:c_2\ <= ((\PWM:PWMUDB:dith_count_1\ and \PWM:PWMUDB:dith_count_0\));


Substituting virtuals - pass 2:

Note:  Expanding virtual equation for '\PWM:PWMUDB:cmp1\' (cost = 10):
\PWM:PWMUDB:cmp1\ <= ((not \PWM:PWMUDB:control_2\ and not \PWM:PWMUDB:control_0\ and \PWM:PWMUDB:cmp1_eq\)
	OR (not \PWM:PWMUDB:cmp1_eq\ and not \PWM:PWMUDB:cmp1_less\ and \PWM:PWMUDB:control_1\ and \PWM:PWMUDB:control_0\)
	OR (not \PWM:PWMUDB:control_2\ and not \PWM:PWMUDB:control_1\ and \PWM:PWMUDB:control_0\ and \PWM:PWMUDB:cmp1_less\)
	OR (not \PWM:PWMUDB:control_2\ and not \PWM:PWMUDB:control_0\ and \PWM:PWMUDB:control_1\ and \PWM:PWMUDB:cmp1_less\)
	OR (not \PWM:PWMUDB:cmp1_less\ and \PWM:PWMUDB:control_2\));

Note:  Expanding virtual equation for '\PWM:PWMUDB:MODULE_1:g2:a0:s_1\' (cost = 2):
\PWM:PWMUDB:MODULE_1:g2:a0:s_1\ <= ((not \PWM:PWMUDB:dith_count_0\ and \PWM:PWMUDB:dith_count_1\)
	OR (not \PWM:PWMUDB:dith_count_1\ and \PWM:PWMUDB:dith_count_0\));

Note:  Expanding virtual equation for '\PWM:PWMUDB:MODULE_1:g2:a0:g1:z1:s0:g1:u0:c_18\' (cost = 0):
\PWM:PWMUDB:MODULE_1:g2:a0:g1:z1:s0:g1:u0:c_18\ <=  ('0') ;

Note:  Expanding virtual equation for '\PWM:PWMUDB:MODULE_1:g2:a0:g1:z1:s0:g1:u0:c_10\' (cost = 0):
\PWM:PWMUDB:MODULE_1:g2:a0:g1:z1:s0:g1:u0:c_10\ <=  ('0') ;

Note:  Expanding virtual equation for '\PWM:PWMUDB:MODULE_1:g2:a0:g1:z1:s0:g1:u0:c_3\' (cost = 0):
\PWM:PWMUDB:MODULE_1:g2:a0:g1:z1:s0:g1:u0:c_3\ <=  ('0') ;


Substituting virtuals - pass 3:

Note:  Expanding virtual equation for '\PWM:PWMUDB:MODULE_1:g2:a0:g1:z1:s0:g1:u0:c_19\' (cost = 0):
\PWM:PWMUDB:MODULE_1:g2:a0:g1:z1:s0:g1:u0:c_19\ <=  ('0') ;

Note:  Expanding virtual equation for '\PWM:PWMUDB:MODULE_1:g2:a0:g1:z1:s0:g1:u0:c_11\' (cost = 0):
\PWM:PWMUDB:MODULE_1:g2:a0:g1:z1:s0:g1:u0:c_11\ <=  ('0') ;

Note:  Expanding virtual equation for '\PWM:PWMUDB:MODULE_1:g2:a0:g1:z1:s0:g1:u0:c_4\' (cost = 0):
\PWM:PWMUDB:MODULE_1:g2:a0:g1:z1:s0:g1:u0:c_4\ <=  ('0') ;


Substituting virtuals - pass 4:

Note:  Expanding virtual equation for '\PWM:PWMUDB:MODULE_1:g2:a0:g1:z1:s0:g1:u0:c_20\' (cost = 0):
\PWM:PWMUDB:MODULE_1:g2:a0:g1:z1:s0:g1:u0:c_20\ <=  ('0') ;

Note:  Expanding virtual equation for '\PWM:PWMUDB:MODULE_1:g2:a0:g1:z1:s0:g1:u0:c_12\' (cost = 0):
\PWM:PWMUDB:MODULE_1:g2:a0:g1:z1:s0:g1:u0:c_12\ <=  ('0') ;

Note:  Expanding virtual equation for '\PWM:PWMUDB:MODULE_1:g2:a0:g1:z1:s0:g1:u0:c_5\' (cost = 0):
\PWM:PWMUDB:MODULE_1:g2:a0:g1:z1:s0:g1:u0:c_5\ <=  ('0') ;


Substituting virtuals - pass 5:

Note:  Expanding virtual equation for '\PWM:PWMUDB:MODULE_1:g2:a0:g1:z1:s0:g1:u0:c_21\' (cost = 0):
\PWM:PWMUDB:MODULE_1:g2:a0:g1:z1:s0:g1:u0:c_21\ <=  ('0') ;

Note:  Expanding virtual equation for '\PWM:PWMUDB:MODULE_1:g2:a0:g1:z1:s0:g1:u0:c_13\' (cost = 0):
\PWM:PWMUDB:MODULE_1:g2:a0:g1:z1:s0:g1:u0:c_13\ <=  ('0') ;

Note:  Expanding virtual equation for '\PWM:PWMUDB:MODULE_1:g2:a0:g1:z1:s0:g1:u0:c_6\' (cost = 0):
\PWM:PWMUDB:MODULE_1:g2:a0:g1:z1:s0:g1:u0:c_6\ <=  ('0') ;


Substituting virtuals - pass 6:

Note:  Expanding virtual equation for '\PWM:PWMUDB:MODULE_1:g2:a0:g1:z1:s0:g1:u0:c_22\' (cost = 0):
\PWM:PWMUDB:MODULE_1:g2:a0:g1:z1:s0:g1:u0:c_22\ <=  ('0') ;

Note:  Expanding virtual equation for '\PWM:PWMUDB:MODULE_1:g2:a0:g1:z1:s0:g1:u0:c_14\' (cost = 0):
\PWM:PWMUDB:MODULE_1:g2:a0:g1:z1:s0:g1:u0:c_14\ <=  ('0') ;

Note:  Expanding virtual equation for '\PWM:PWMUDB:MODULE_1:g2:a0:g1:z1:s0:g1:u0:c_7\' (cost = 0):
\PWM:PWMUDB:MODULE_1:g2:a0:g1:z1:s0:g1:u0:c_7\ <=  ('0') ;


Substituting virtuals - pass 7:

Note:  Expanding virtual equation for '\PWM:PWMUDB:MODULE_1:g2:a0:g1:z1:s0:g1:u0:c_23\' (cost = 0):
\PWM:PWMUDB:MODULE_1:g2:a0:g1:z1:s0:g1:u0:c_23\ <=  ('0') ;

Note:  Expanding virtual equation for '\PWM:PWMUDB:MODULE_1:g2:a0:g1:z1:s0:g1:u0:c_15\' (cost = 0):
\PWM:PWMUDB:MODULE_1:g2:a0:g1:z1:s0:g1:u0:c_15\ <=  ('0') ;


Substituting virtuals - pass 8:


----------------------------------------------------------
Circuit simplification results:

	Expanded 27 signals.
	Turned 0 signals into soft nodes.
	Maximum default expansion cost was set at 3.
----------------------------------------------------------

------------------------------------------------------
Alias Detection
------------------------------------------------------
Aliasing \PWM:PWMUDB:final_capture\ to zero
Aliasing \PWM:PWMUDB:MODULE_1:g2:a0:g1:z1:s0:g1:u0:b_24\ to zero
Aliasing \PWM:PWMUDB:MODULE_1:g2:a0:g1:z1:s0:g1:u0:b_16\ to zero
Aliasing \PWM:PWMUDB:MODULE_1:g2:a0:g1:z1:s0:g1:u0:b_8\ to zero
Aliasing \PWM:PWMUDB:min_kill_reg\\D\ to tmpOE__Pin_0_net_0
Aliasing \PWM:PWMUDB:ltch_kill_reg\\D\ to tmpOE__Pin_0_net_0
Aliasing \PWM:PWMUDB:final_kill_reg\\D\ to zero
Removing Lhs of wire \PWM:PWMUDB:final_capture\[196] = zero[6]
Removing Lhs of wire \PWM:PWMUDB:MODULE_1:g2:a0:g1:z1:s0:g1:u0:b_24\[457] = zero[6]
Removing Lhs of wire \PWM:PWMUDB:MODULE_1:g2:a0:g1:z1:s0:g1:u0:b_16\[467] = zero[6]
Removing Lhs of wire \PWM:PWMUDB:MODULE_1:g2:a0:g1:z1:s0:g1:u0:b_8\[477] = zero[6]
Removing Lhs of wire \PWM:PWMUDB:min_kill_reg\\D\[501] = tmpOE__Pin_0_net_0[1]
Removing Lhs of wire \PWM:PWMUDB:runmode_enable\\D\[504] = \PWM:PWMUDB:control_7\[115]
Removing Lhs of wire \PWM:PWMUDB:ltch_kill_reg\\D\[506] = tmpOE__Pin_0_net_0[1]
Removing Lhs of wire \PWM:PWMUDB:final_kill_reg\\D\[512] = zero[6]

------------------------------------------------------
Aliased 0 equations, 8 wires.
------------------------------------------------------

----------------------------------------------------------
Circuit simplification
----------------------------------------------------------

Eliminating unused logic - pass 1:


Eliminating unused logic - pass 2:


Substituting virtuals - pass 1:


----------------------------------------------------------
Circuit simplification results:

	Expanded 0 signals.
	Turned 0 signals into soft nodes.
	Maximum default expansion cost was set at 3.
----------------------------------------------------------

topld:  No errors.

CYPRESS_DIR    : C:\Program Files (x86)\Cypress\PSoC Creator\4.4\PSoC Creator\warp
Warp Program   : C:\Program Files (x86)\Cypress\PSoC Creator\4.4\PSoC Creator\warp\bin\warp.exe
Warp Arguments : -yv2 -q10 -ygs -o2 -v3 -.fftcfgtype=LE -ya "-.fftprj=C:\Users\JamesH\OneDrive - Monash University\MONASH\2022\ECE4191\Project\PSOC\Project1\Workspace01\DesignAttempt01.cydsn\DesignAttempt01.cyprj" -dcpsoc3 DesignAttempt01.v -verilog
</CYPRESSTAG>
Warp synthesis phase: Elapsed time ==> 1s.141ms
<CYPRESSTAG name="Fitter results...">
<CYPRESSTAG name="Fitter startup details...">
cyp3fit: V4.4.0.80, Family: PSoC3, Started at: Thursday, 04 August 2022 13:07:42
Options: -yv2 -q10 -ygs -o2 -v3 -.fftcfgtype=LE -ya -.fftprj=C:\Users\JamesH\OneDrive - Monash University\MONASH\2022\ECE4191\Project\PSOC\Project1\Workspace01\DesignAttempt01.cydsn\DesignAttempt01.cyprj -d CY8C4247AZI-M485 DesignAttempt01.v -verilog
</CYPRESSTAG>
<CYPRESSTAG name="Design parsing">
Design parsing phase: Elapsed time ==> 0s.012ms
</CYPRESSTAG>
<CYPRESSTAG name="Tech Mapping">
<CYPRESSTAG name="Initial Mapping" icon="FILE_RPT_TECHM">
    Removed wire end \PWM:PWMUDB:MODULE_1:g2:a0:g1:z1:s0:g1:u0:c_24\ kept zero
    Removed wire end \PWM:PWMUDB:MODULE_1:g2:a0:g1:z1:s0:g1:u0:c_16\ kept zero
    Removed wire end \PWM:PWMUDB:MODULE_1:g2:a0:g1:z1:s0:g1:u0:c_8\ kept zero
    Converted constant MacroCell: \PWM:PWMUDB:prevCapture\ from registered to combinatorial
    Converted constant MacroCell: \PWM:PWMUDB:trig_last\ from registered to combinatorial
    Converted constant MacroCell: \PWM:PWMUDB:status_1\ from registered to combinatorial
    Converted constant MacroCell: \PWM:PWMUDB:status_5\ from registered to combinatorial
    Converted constant MacroCell: \PWM:PWMUDB:pwm1_i_reg\ from registered to combinatorial
    Converted constant MacroCell: \PWM:PWMUDB:pwm2_i_reg\ from registered to combinatorial

Removing unused cells resulting from optimization
Done removing unused cells.
<CYPRESSTAG name="Global Clock Selection" icon="FILE_RPT_TECHM">
    Fixed Function Clock 2: Automatic-assigning  clock 'I2C_1_SCBCLK'. Signal=\I2C_1:Net_847_ff2\
    Digital Clock 0: Automatic-assigning  clock 'Clock_1'. Fanout=1, Signal=Net_137_digital
<CYPRESSTAG name="UDB Clock/Enable Remapping Results">
    UDB Clk/Enable \PWM:PWMUDB:clock_enable_block\: with output requested to be synchronous
        ClockIn: ClockGenBlock:m0s8clockgenblockcell.gen_clk_out_0 was determined to be a global clock that is synchronous to HFClk
        EnableIn: Constant 1 was determined to be synchronous to ClockIn
        ClockOut: ClockGenBlock:m0s8clockgenblockcell.gen_clk_out_0, EnableOut: Constant 1
</CYPRESSTAG>
</CYPRESSTAG>

Removing unused cells resulting from optimization
Done removing unused cells.

Removing unused cells resulting from optimization
Done removing unused cells.
<CYPRESSTAG name="Duplicate Macrocell detection">
</CYPRESSTAG>
</CYPRESSTAG>
<CYPRESSTAG name="Duplicate Macrocell detection">

Removing unused cells resulting from optimization
Done removing unused cells.
</CYPRESSTAG>
<CYPRESSTAG name="Design Equations" icon="FILE_RPT_EQUATION">

------------------------------------------------------------
Design Equations
------------------------------------------------------------
    <CYPRESSTAG name="Pin listing">

    ------------------------------------------------------------
    Pin listing
    ------------------------------------------------------------

    Pin : Name = Pin_0(0)
        Attributes:
            In Group/Port: True
            In Sync Option: AUTO
            Out Sync Option: NOSYNC
            Interrupt generated: False
            Interrupt mode: NONE
            Drive mode: CMOS_OUT
            VTrip: EITHER
            Slew: FAST
            Input Sync needed: False
            Output Sync needed: False
            SC shield enabled: False
            POR State: ANY
            LCD Mode: COMMON
            Register Mode: RegComb
            CaSense Mode: NEITHER
            Treat as pin: True
            Is OE Registered: False
            Uses Analog: False
            Can contain Digital: True
            Is SIO: False
            SIO Output Buf: NONREGULATED
            SIO Input Buf: SINGLE_ENDED
            SIO HiFreq: LOW
            SIO Hyst: DISABLED
            SIO Vtrip: MULTIPLIER_0_5
            SIO Multiplier Index: 0
            SIO RefSel: VCC_IO
            Required Capabilities: DIGITAL, ROUTABLE
            Initial Value: 1
            IO Voltage: 0
        PORT MAP (
            pa_out => Pin_0(0)__PA ,
            pin_input => Net_23 ,
            pad => Pin_0(0)_PAD );
        Properties:
        {
        }

    Pin : Name = \UART:tx(0)\
        Attributes:
            In Group/Port: True
            In Sync Option: AUTO
            Out Sync Option: NOSYNC
            Interrupt generated: False
            Interrupt mode: NONE
            Drive mode: CMOS_OUT
            VTrip: EITHER
            Slew: FAST
            Input Sync needed: False
            Output Sync needed: False
            SC shield enabled: False
            POR State: ANY
            LCD Mode: COMMON
            Register Mode: RegComb
            CaSense Mode: NEITHER
            Treat as pin: True
            Is OE Registered: False
            Uses Analog: False
            Can contain Digital: True
            Is SIO: False
            SIO Output Buf: NONREGULATED
            SIO Input Buf: SINGLE_ENDED
            SIO HiFreq: LOW
            SIO Hyst: DISABLED
            SIO Vtrip: MULTIPLIER_0_5
            SIO Multiplier Index: 0
            SIO RefSel: VCC_IO
            Required Capabilities: DIGITAL
            Initial Value: 1
            IO Voltage: 0
        PORT MAP (
            pa_out => \UART:tx(0)\__PA ,
            pad => \UART:tx(0)_PAD\ );
        Properties:
        {
        }

    Pin : Name = Pin_1(0)
        Attributes:
            In Group/Port: True
            In Sync Option: AUTO
            Out Sync Option: NOSYNC
            Interrupt generated: False
            Interrupt mode: NONE
            Drive mode: CMOS_OUT
            VTrip: EITHER
            Slew: FAST
            Input Sync needed: False
            Output Sync needed: False
            SC shield enabled: False
            POR State: ANY
            LCD Mode: COMMON
            Register Mode: RegComb
            CaSense Mode: NEITHER
            Treat as pin: True
            Is OE Registered: False
            Uses Analog: False
            Can contain Digital: True
            Is SIO: False
            SIO Output Buf: NONREGULATED
            SIO Input Buf: SINGLE_ENDED
            SIO HiFreq: LOW
            SIO Hyst: DISABLED
            SIO Vtrip: MULTIPLIER_0_5
            SIO Multiplier Index: 0
            SIO RefSel: VCC_IO
            Required Capabilities: DIGITAL, ROUTABLE
            Initial Value: 1
            IO Voltage: 0
        PORT MAP (
            pa_out => Pin_1(0)__PA ,
            pin_input => Net_34 ,
            pad => Pin_1(0)_PAD );
        Properties:
        {
        }

    Pin : Name = Pin_2(0)
        Attributes:
            In Group/Port: True
            In Sync Option: AUTO
            Out Sync Option: NOSYNC
            Interrupt generated: False
            Interrupt mode: NONE
            Drive mode: CMOS_OUT
            VTrip: EITHER
            Slew: FAST
            Input Sync needed: False
            Output Sync needed: False
            SC shield enabled: False
            POR State: ANY
            LCD Mode: COMMON
            Register Mode: RegComb
            CaSense Mode: NEITHER
            Treat as pin: True
            Is OE Registered: False
            Uses Analog: False
            Can contain Digital: True
            Is SIO: False
            SIO Output Buf: NONREGULATED
            SIO Input Buf: SINGLE_ENDED
            SIO HiFreq: LOW
            SIO Hyst: DISABLED
            SIO Vtrip: MULTIPLIER_0_5
            SIO Multiplier Index: 0
            SIO RefSel: VCC_IO
            Required Capabilities: DIGITAL, ROUTABLE
            Initial Value: 1
            IO Voltage: 0
        PORT MAP (
            pa_out => Pin_2(0)__PA ,
            pin_input => Net_35 ,
            pad => Pin_2(0)_PAD );
        Properties:
        {
        }

    Pin : Name = Pin_3(0)
        Attributes:
            In Group/Port: True
            In Sync Option: AUTO
            Out Sync Option: NOSYNC
            Interrupt generated: False
            Interrupt mode: NONE
            Drive mode: CMOS_OUT
            VTrip: EITHER
            Slew: FAST
            Input Sync needed: False
            Output Sync needed: False
            SC shield enabled: False
            POR State: ANY
            LCD Mode: COMMON
            Register Mode: RegComb
            CaSense Mode: NEITHER
            Treat as pin: True
            Is OE Registered: False
            Uses Analog: False
            Can contain Digital: True
            Is SIO: False
            SIO Output Buf: NONREGULATED
            SIO Input Buf: SINGLE_ENDED
            SIO HiFreq: LOW
            SIO Hyst: DISABLED
            SIO Vtrip: MULTIPLIER_0_5
            SIO Multiplier Index: 0
            SIO RefSel: VCC_IO
            Required Capabilities: DIGITAL, ROUTABLE
            Initial Value: 1
            IO Voltage: 0
        PORT MAP (
            pa_out => Pin_3(0)__PA ,
            pin_input => Net_36 ,
            pad => Pin_3(0)_PAD );
        Properties:
        {
        }

    Pin : Name = \I2C_1:sda(0)\
        Attributes:
            In Group/Port: True
            In Sync Option: NOSYNC
            Out Sync Option: NOSYNC
            Interrupt generated: False
            Interrupt mode: NONE
            Drive mode: OPEN_DRAIN_LO
            VTrip: CMOS
            Slew: FAST
            Input Sync needed: False
            Output Sync needed: False
            SC shield enabled: False
            POR State: ANY
            LCD Mode: COMMON
            Register Mode: RegComb
            CaSense Mode: NEITHER
            Treat as pin: True
            Is OE Registered: False
            Uses Analog: False
            Can contain Digital: True
            Is SIO: False
            SIO Output Buf: NONREGULATED
            SIO Input Buf: SINGLE_ENDED
            SIO HiFreq: LOW
            SIO Hyst: DISABLED
            SIO Vtrip: MULTIPLIER_0_5
            SIO Multiplier Index: 0
            SIO RefSel: VCC_IO
            Required Capabilities: DIGITAL
            Initial Value: 1
            IO Voltage: 0
        PORT MAP (
            pa_out => \I2C_1:sda(0)\__PA ,
            fb => Net_65 ,
            pad => \I2C_1:sda(0)_PAD\ );
        Properties:
        {
        }

    Pin : Name = \I2C_1:scl(0)\
        Attributes:
            In Group/Port: True
            In Sync Option: NOSYNC
            Out Sync Option: NOSYNC
            Interrupt generated: False
            Interrupt mode: NONE
            Drive mode: OPEN_DRAIN_LO
            VTrip: CMOS
            Slew: FAST
            Input Sync needed: False
            Output Sync needed: False
            SC shield enabled: False
            POR State: ANY
            LCD Mode: COMMON
            Register Mode: RegComb
            CaSense Mode: NEITHER
            Treat as pin: True
            Is OE Registered: False
            Uses Analog: False
            Can contain Digital: True
            Is SIO: False
            SIO Output Buf: NONREGULATED
            SIO Input Buf: SINGLE_ENDED
            SIO HiFreq: LOW
            SIO Hyst: DISABLED
            SIO Vtrip: MULTIPLIER_0_5
            SIO Multiplier Index: 0
            SIO RefSel: VCC_IO
            Required Capabilities: DIGITAL
            Initial Value: 1
            IO Voltage: 0
        PORT MAP (
            pa_out => \I2C_1:scl(0)\__PA ,
            fb => Net_64 ,
            pad => \I2C_1:scl(0)_PAD\ );
        Properties:
        {
        }

    Pin : Name = Pin_4(0)
        Attributes:
            In Group/Port: True
            In Sync Option: AUTO
            Out Sync Option: NOSYNC
            Interrupt generated: False
            Interrupt mode: NONE
            Drive mode: CMOS_OUT
            VTrip: EITHER
            Slew: FAST
            Input Sync needed: False
            Output Sync needed: False
            SC shield enabled: False
            POR State: ANY
            LCD Mode: COMMON
            Register Mode: RegComb
            CaSense Mode: NEITHER
            Treat as pin: True
            Is OE Registered: False
            Uses Analog: False
            Can contain Digital: True
            Is SIO: False
            SIO Output Buf: NONREGULATED
            SIO Input Buf: SINGLE_ENDED
            SIO HiFreq: LOW
            SIO Hyst: DISABLED
            SIO Vtrip: MULTIPLIER_0_5
            SIO Multiplier Index: 0
            SIO RefSel: VCC_IO
            Required Capabilities: DIGITAL, ROUTABLE
            Initial Value: 1
            IO Voltage: 0
        PORT MAP (
            pa_out => Pin_4(0)__PA ,
            pin_input => Net_202 ,
            pad => Pin_4(0)_PAD );
        Properties:
        {
        }
    </CYPRESSTAG>
    <CYPRESSTAG name="Macrocell listing" icon="FILE_RPT_EQUATION">

    ------------------------------------------------------------
    Macrocell listing
    ------------------------------------------------------------

    MacroCell: Name=\PWM:PWMUDB:status_2\, Mode=(Combinatorial)
        Total # of inputs        : 2
        Total # of product terms : 1
            Clock Enable: True
        Main Equation            : 1 pterm
        (
              \PWM:PWMUDB:runmode_enable\ * \PWM:PWMUDB:tc_i\
        );
        Output = \PWM:PWMUDB:status_2\ (fanout=1)

    MacroCell: Name=\PWM:PWMUDB:runmode_enable\, Mode=(D-Register)
        Total # of inputs        : 1
        Total # of product terms : 1
        List of special equations: 
            Clock  = (Net_137_digital) => Global
            Clock Enable: True
        Main Equation            : 1 pterm
        (
              \PWM:PWMUDB:control_7\
        );
        Output = \PWM:PWMUDB:runmode_enable\ (fanout=4)

    MacroCell: Name=\PWM:PWMUDB:prevCompare1\, Mode=(D-Register)
        Total # of inputs        : 5
        Total # of product terms : 5
        List of special equations: 
            Clock  = (Net_137_digital) => Global
            Clock Enable: True
        Main Equation            : 5 pterms
        (
              !\PWM:PWMUDB:control_2\ * !\PWM:PWMUDB:control_1\ * 
              \PWM:PWMUDB:control_0\ * \PWM:PWMUDB:cmp1_less\
            + !\PWM:PWMUDB:control_2\ * \PWM:PWMUDB:control_1\ * 
              !\PWM:PWMUDB:control_0\ * \PWM:PWMUDB:cmp1_less\
            + !\PWM:PWMUDB:control_2\ * !\PWM:PWMUDB:control_0\ * 
              \PWM:PWMUDB:cmp1_eq\
            + \PWM:PWMUDB:control_2\ * !\PWM:PWMUDB:cmp1_less\
            + \PWM:PWMUDB:control_1\ * \PWM:PWMUDB:control_0\ * 
              !\PWM:PWMUDB:cmp1_eq\ * !\PWM:PWMUDB:cmp1_less\
        );
        Output = \PWM:PWMUDB:prevCompare1\ (fanout=1)

    MacroCell: Name=\PWM:PWMUDB:status_0\, Mode=(D-Register)
        Total # of inputs        : 6
        Total # of product terms : 5
        List of special equations: 
            Clock  = (Net_137_digital) => Global
            Clock Enable: True
        Main Equation            : 5 pterms
        (
              !\PWM:PWMUDB:control_2\ * !\PWM:PWMUDB:control_1\ * 
              \PWM:PWMUDB:control_0\ * !\PWM:PWMUDB:prevCompare1\ * 
              \PWM:PWMUDB:cmp1_less\
            + !\PWM:PWMUDB:control_2\ * \PWM:PWMUDB:control_1\ * 
              !\PWM:PWMUDB:control_0\ * !\PWM:PWMUDB:prevCompare1\ * 
              \PWM:PWMUDB:cmp1_less\
            + !\PWM:PWMUDB:control_2\ * !\PWM:PWMUDB:control_0\ * 
              !\PWM:PWMUDB:prevCompare1\ * \PWM:PWMUDB:cmp1_eq\
            + \PWM:PWMUDB:control_2\ * !\PWM:PWMUDB:prevCompare1\ * 
              !\PWM:PWMUDB:cmp1_less\
            + \PWM:PWMUDB:control_1\ * \PWM:PWMUDB:control_0\ * 
              !\PWM:PWMUDB:prevCompare1\ * !\PWM:PWMUDB:cmp1_eq\ * 
              !\PWM:PWMUDB:cmp1_less\
        );
        Output = \PWM:PWMUDB:status_0\ (fanout=1)

    MacroCell: Name=Net_202, Mode=(D-Register)
        Total # of inputs        : 6
        Total # of product terms : 5
        List of special equations: 
            Clock  = (Net_137_digital) => Global
            Clock Enable: True
        Main Equation            : 5 pterms
        (
              !\PWM:PWMUDB:control_2\ * !\PWM:PWMUDB:control_1\ * 
              \PWM:PWMUDB:control_0\ * \PWM:PWMUDB:runmode_enable\ * 
              \PWM:PWMUDB:cmp1_less\
            + !\PWM:PWMUDB:control_2\ * \PWM:PWMUDB:control_1\ * 
              !\PWM:PWMUDB:control_0\ * \PWM:PWMUDB:runmode_enable\ * 
              \PWM:PWMUDB:cmp1_less\
            + !\PWM:PWMUDB:control_2\ * !\PWM:PWMUDB:control_0\ * 
              \PWM:PWMUDB:runmode_enable\ * \PWM:PWMUDB:cmp1_eq\
            + \PWM:PWMUDB:control_2\ * \PWM:PWMUDB:runmode_enable\ * 
              !\PWM:PWMUDB:cmp1_less\
            + \PWM:PWMUDB:control_1\ * \PWM:PWMUDB:control_0\ * 
              \PWM:PWMUDB:runmode_enable\ * !\PWM:PWMUDB:cmp1_eq\ * 
              !\PWM:PWMUDB:cmp1_less\
        );
        Output = Net_202 (fanout=1)
    </CYPRESSTAG>
    <CYPRESSTAG name="Datapath listing">

    ------------------------------------------------------------
    Datapath listing
    ------------------------------------------------------------

    datapathcell: Name =\PWM:PWMUDB:sP16:pwmdp:u0\
        PORT MAP (
            clock => Net_137_digital ,
            cs_addr_2 => \PWM:PWMUDB:tc_i\ ,
            cs_addr_1 => \PWM:PWMUDB:runmode_enable\ ,
            chain_out => \PWM:PWMUDB:sP16:pwmdp:carry\ );
        Properties:
        {
            a0_init = "00000000"
            a1_init = "00000000"
            ce0_sync = 1
            ce1_sync = 1
            cl0_sync = 1
            cl1_sync = 1
            cmsb_sync = 1
            co_msb_sync = 1
            cy_dpconfig = "0000000001000000000000001100000001000000010000000000000011000000000000001100000000000000110000000000000011000000000000001100000011111111000000001111111111111111101000000000000000000100000000000000000000011000"
            d0_init = "00000000"
            d1_init = "00000000"
            f0_blk_sync = 1
            f0_bus_sync = 1
            f1_blk_sync = 1
            f1_bus_sync = 1
            ff0_sync = 1
            ff1_sync = 1
            ov_msb_sync = 1
            so_sync = 1
            z0_sync = 1
            z1_sync = 1
        }
        Clock Polarity: Active High
        Clock Enable: True
        Next in chain : \PWM:PWMUDB:sP16:pwmdp:u1\

    datapathcell: Name =\PWM:PWMUDB:sP16:pwmdp:u1\
        PORT MAP (
            clock => Net_137_digital ,
            cs_addr_2 => \PWM:PWMUDB:tc_i\ ,
            cs_addr_1 => \PWM:PWMUDB:runmode_enable\ ,
            ce0_comb => \PWM:PWMUDB:cmp1_eq\ ,
            cl0_comb => \PWM:PWMUDB:cmp1_less\ ,
            z0_comb => \PWM:PWMUDB:tc_i\ ,
            f1_blk_stat_comb => \PWM:PWMUDB:status_3\ ,
            chain_in => \PWM:PWMUDB:sP16:pwmdp:carry\ );
        Properties:
        {
            a0_init = "00000000"
            a1_init = "00000000"
            ce0_sync = 1
            ce1_sync = 1
            cl0_sync = 1
            cl1_sync = 1
            cmsb_sync = 1
            co_msb_sync = 1
            cy_dpconfig = "0000000001000000000000001100000001000000010000000000000011000000000000001100000000000000110000000000000011000000000000001100000011111111000000001111111111111111101011110000000000000100000011110000000000011000"
            d0_init = "00000000"
            d1_init = "00000000"
            f0_blk_sync = 1
            f0_bus_sync = 1
            f1_blk_sync = 1
            f1_bus_sync = 1
            ff0_sync = 1
            ff1_sync = 1
            ov_msb_sync = 1
            so_sync = 1
            z0_sync = 1
            z1_sync = 1
        }
        Clock Polarity: Active High
        Clock Enable: True
        Previous in chain : \PWM:PWMUDB:sP16:pwmdp:u0\
    </CYPRESSTAG>
    <CYPRESSTAG name="Status register listing">
    </CYPRESSTAG>
    <CYPRESSTAG name="StatusI register listing">

    ------------------------------------------------------------
    StatusI register listing
    ------------------------------------------------------------

    statusicell: Name =\PWM:PWMUDB:genblk8:stsreg\
        PORT MAP (
            clock => Net_137_digital ,
            status_3 => \PWM:PWMUDB:status_3\ ,
            status_2 => \PWM:PWMUDB:status_2\ ,
            status_0 => \PWM:PWMUDB:status_0\ );
        Properties:
        {
            cy_force_order = 1
            cy_int_mask = "1111111"
            cy_md_select = "0100111"
        }
        Clock Polarity: Active High
        Clock Enable: True
    </CYPRESSTAG>
    <CYPRESSTAG name="Sync listing">
    </CYPRESSTAG>
    <CYPRESSTAG name="Control register listing">

    ------------------------------------------------------------
    Control register listing
    ------------------------------------------------------------

    controlcell: Name =\StepperDriver:Sync:ctrl_reg\
        PORT MAP (
            control_7 => \StepperDriver:control_7\ ,
            control_6 => \StepperDriver:control_6\ ,
            control_5 => \StepperDriver:control_5\ ,
            control_4 => \StepperDriver:control_4\ ,
            control_3 => Net_36 ,
            control_2 => Net_35 ,
            control_1 => Net_34 ,
            control_0 => Net_23 );
        Properties:
        {
            cy_ctrl_mode_0 = "00000000"
            cy_ctrl_mode_1 = "00000000"
            cy_ext_reset = 0
            cy_force_order = 1
            cy_init_value = "00000000"
        }
        Clock Enable: True

    controlcell: Name =\PWM:PWMUDB:genblk1:ctrlreg\
        PORT MAP (
            clock => Net_137_digital ,
            control_7 => \PWM:PWMUDB:control_7\ ,
            control_6 => \PWM:PWMUDB:control_6\ ,
            control_5 => \PWM:PWMUDB:control_5\ ,
            control_4 => \PWM:PWMUDB:control_4\ ,
            control_3 => \PWM:PWMUDB:control_3\ ,
            control_2 => \PWM:PWMUDB:control_2\ ,
            control_1 => \PWM:PWMUDB:control_1\ ,
            control_0 => \PWM:PWMUDB:control_0\ );
        Properties:
        {
            cy_ctrl_mode_0 = "11111111"
            cy_ctrl_mode_1 = "00000000"
            cy_ext_reset = 0
            cy_force_order = 1
            cy_init_value = "00000000"
        }
        Clock Polarity: Active High
        Clock Enable: True
    </CYPRESSTAG>
    <CYPRESSTAG name="Count7 listing">
    </CYPRESSTAG>
    <CYPRESSTAG name="DRQ listing">
    </CYPRESSTAG>
    <CYPRESSTAG name="Interrupt listing">

    ------------------------------------------------------------
    Interrupt listing
    ------------------------------------------------------------

    interrupt: Name =\I2C_1:SCB_IRQ\
        PORT MAP (
            interrupt => Net_48 );
        Properties:
        {
            int_type = "10"
            is_nmi = 0
        }
    </CYPRESSTAG>
</CYPRESSTAG>
<CYPRESSTAG name="Technology mapping summary" expanded>

------------------------------------------------------------
Technology mapping summary
------------------------------------------------------------

Resource Type                 : Used : Free :  Max :  % Used
============================================================
Digital Clocks                :    1 :    3 :    4 : 25.00 %
Interrupts                    :    1 :   31 :   32 :  3.13 %
IO                            :   10 :   41 :   51 : 19.61 %
Segment LCD                   :    0 :    1 :    1 :  0.00 %
CapSense                      :    0 :    2 :    2 :  0.00 %
Die Temp                      :    0 :    1 :    1 :  0.00 %
CAN 2.0b                      :    0 :    2 :    2 :  0.00 %
Serial Communication (SCB)    :    1 :    3 :    4 : 25.00 %
DMA Channels                  :    0 :    8 :    8 :  0.00 %
Timer/Counter/PWM             :    0 :    8 :    8 :  0.00 %
UDB                           :      :      :      :        
  Macrocells                  :    5 :   27 :   32 : 15.63 %
  Unique P-terms              :   17 :   47 :   64 : 26.56 %
  Total P-terms               :   17 :      :      :        
  Datapath Cells              :    2 :    2 :    4 : 50.00 %
  Status Cells                :    1 :    3 :    4 : 25.00 %
    StatusI Registers         :    1 :      :      :        
  Control Cells               :    2 :    2 :    4 : 50.00 %
    Control Registers         :    2 :      :      :        
Comparator/Opamp              :    0 :    4 :    4 :  0.00 %
LP Comparator                 :    0 :    2 :    2 :  0.00 %
SAR ADC                       :    0 :    1 :    1 :  0.00 %
DAC                           :      :      :      :        
  7-bit IDAC                  :    0 :    2 :    2 :  0.00 %
  8-bit IDAC                  :    0 :    2 :    2 :  0.00 %
</CYPRESSTAG>
Technology Mapping: Elapsed time ==> 0s.067ms
Tech Mapping phase: Elapsed time ==> 0s.099ms
</CYPRESSTAG>
<CYPRESSTAG name="Analog Placement">
<CYPRESSTAG name="FFB & IO Pre Placement">
<CYPRESSTAG name="Placement" icon="FILE_RPT_PLACEMENT">

Cell                                : Block                              
=========================================================================
Pin_0(0)                            : [IOP=(3)][IoId=(0)]                
\UART:tx(0)\                        : [IOP=(7)][IoId=(1)]                
Pin_1(0)                            : [IOP=(3)][IoId=(1)]                
Pin_2(0)                            : [IOP=(3)][IoId=(4)]                
Pin_3(0)                            : [IOP=(3)][IoId=(5)]                
\I2C_1:sda(0)\                      : [IOP=(1)][IoId=(1)]                
\I2C_1:scl(0)\                      : [IOP=(1)][IoId=(0)]                
Pin_4(0)                            : [IOP=(2)][IoId=(7)]                
ClockGenBlock                       : CLK_GEN_[FFB(CLK_GEN,0)]           
\I2C_1:SCB\                         : SCB_[FFB(SCB,0)]                   

</CYPRESSTAG>
</CYPRESSTAG>
<CYPRESSTAG name="Real Analog Placement">
Elapsed time ==> 0.3381082s
</CYPRESSTAG>
Analog Placement phase: Elapsed time ==> 0s.540ms
</CYPRESSTAG>
<CYPRESSTAG name="Analog Routing">
<CYPRESSTAG name="Analog Routing">
Route success=True, Iterations=1 Elapsed=0.0012071 secs
</CYPRESSTAG>
Analog Routing phase: Elapsed time ==> 0s.002ms
</CYPRESSTAG>
<CYPRESSTAG name="Analog Code Generation">
============ Analog Final Answer Routes ============
Dump of CyAnalogRoutingResultsDB
Map of net to items {
}
Map of item to net {
}
Mux Info {
}
Analog Code Generation phase: Elapsed time ==> 0s.019ms
</CYPRESSTAG>
<CYPRESSTAG name="Digital Placement">
<CYPRESSTAG name="Detailed placement messages">
I2076: Total run-time: 0.3 sec.

</CYPRESSTAG>
<CYPRESSTAG name="PLD Packing">
<CYPRESSTAG name="PLD Packing Summary" expanded>

------------------------------------------------------------
PLD Packing Summary
------------------------------------------------------------
            Resource Type : Used : Free :  Max :  % Used
    ====================================================
                     PLDs :    3 :    5 :    8 :  37.50%

<CYPRESSTAG name="PLD Statistics">

        PLD Resource Type :     Average/LAB
    =======================================
                   Inputs :            6.33
                   Pterms :            5.67
               Macrocells :            1.67
</CYPRESSTAG>
<CYPRESSTAG name="Packed PLD Contents">
Packed PLD Contents not displayed at this verbose level.</CYPRESSTAG>
</CYPRESSTAG>
PLD Packing: Elapsed time ==> 0s.000ms
</CYPRESSTAG>
<CYPRESSTAG name="Partitioning">
<CYPRESSTAG name="Initial Partitioning Summary">
Initial Partitioning Summary not displayed at this verbose level.</CYPRESSTAG>
<CYPRESSTAG name="Final Partitioning Summary">
Final Partitioning Summary not displayed at this verbose level.</CYPRESSTAG>
Partitioning: Elapsed time ==> 0s.008ms
</CYPRESSTAG>
<CYPRESSTAG name="Final Placement Summary">

------------------------------------------------------------
Final Placement Summary
------------------------------------------------------------

       Resource Type :      Count : Avg Inputs : Avg Outputs
    ========================================================
                 UDB :          2 :       7.00 :       2.50
<CYPRESSTAG name="Final Placement Details">
<CYPRESSTAG name="Component Details">

------------------------------------------------------------
Component Placement Details
------------------------------------------------------------
UDB [UDB=(0,0)] contents:
LAB@[UDB=(0,0)][LB=0] #macrocells=2, #inputs=7, #pterms=6
{
    [McSlotId=0]: (empty)
    [McSlotId=1]:     MacroCell: Name=\PWM:PWMUDB:status_2\, Mode=(Combinatorial) @ [UDB=(0,0)][LB=0][MC=1]
        Total # of inputs        : 2
        Total # of product terms : 1
            Clock Enable: True
        Main Equation            : 1 pterm
        (
              \PWM:PWMUDB:runmode_enable\ * \PWM:PWMUDB:tc_i\
        );
        Output = \PWM:PWMUDB:status_2\ (fanout=1)
        Properties               : 
        {
        }

    [McSlotId=2]:     MacroCell: Name=Net_202, Mode=(D-Register) @ [UDB=(0,0)][LB=0][MC=2]
        Total # of inputs        : 6
        Total # of product terms : 5
        List of special equations: 
            Clock  = (Net_137_digital) => Global
            Clock Enable: True
        Main Equation            : 5 pterms
        (
              !\PWM:PWMUDB:control_2\ * !\PWM:PWMUDB:control_1\ * 
              \PWM:PWMUDB:control_0\ * \PWM:PWMUDB:runmode_enable\ * 
              \PWM:PWMUDB:cmp1_less\
            + !\PWM:PWMUDB:control_2\ * \PWM:PWMUDB:control_1\ * 
              !\PWM:PWMUDB:control_0\ * \PWM:PWMUDB:runmode_enable\ * 
              \PWM:PWMUDB:cmp1_less\
            + !\PWM:PWMUDB:control_2\ * !\PWM:PWMUDB:control_0\ * 
              \PWM:PWMUDB:runmode_enable\ * \PWM:PWMUDB:cmp1_eq\
            + \PWM:PWMUDB:control_2\ * \PWM:PWMUDB:runmode_enable\ * 
              !\PWM:PWMUDB:cmp1_less\
            + \PWM:PWMUDB:control_1\ * \PWM:PWMUDB:control_0\ * 
              \PWM:PWMUDB:runmode_enable\ * !\PWM:PWMUDB:cmp1_eq\ * 
              !\PWM:PWMUDB:cmp1_less\
        );
        Output = Net_202 (fanout=1)
        Properties               : 
        {
        }

    [McSlotId=3]: (empty)
}

datapathcell: Name =\PWM:PWMUDB:sP16:pwmdp:u1\
    PORT MAP (
        clock => Net_137_digital ,
        cs_addr_2 => \PWM:PWMUDB:tc_i\ ,
        cs_addr_1 => \PWM:PWMUDB:runmode_enable\ ,
        ce0_comb => \PWM:PWMUDB:cmp1_eq\ ,
        cl0_comb => \PWM:PWMUDB:cmp1_less\ ,
        z0_comb => \PWM:PWMUDB:tc_i\ ,
        f1_blk_stat_comb => \PWM:PWMUDB:status_3\ ,
        chain_in => \PWM:PWMUDB:sP16:pwmdp:carry\ );
    Properties:
    {
        a0_init = "00000000"
        a1_init = "00000000"
        ce0_sync = 1
        ce1_sync = 1
        cl0_sync = 1
        cl1_sync = 1
        cmsb_sync = 1
        co_msb_sync = 1
        cy_dpconfig = "0000000001000000000000001100000001000000010000000000000011000000000000001100000000000000110000000000000011000000000000001100000011111111000000001111111111111111101011110000000000000100000011110000000000011000"
        d0_init = "00000000"
        d1_init = "00000000"
        f0_blk_sync = 1
        f0_bus_sync = 1
        f1_blk_sync = 1
        f1_bus_sync = 1
        ff0_sync = 1
        ff1_sync = 1
        ov_msb_sync = 1
        so_sync = 1
        z0_sync = 1
        z1_sync = 1
    }
    Clock Polarity: Active High
    Clock Enable: True
    Previous in chain : \PWM:PWMUDB:sP16:pwmdp:u0\

statusicell: Name =\PWM:PWMUDB:genblk8:stsreg\
    PORT MAP (
        clock => Net_137_digital ,
        status_3 => \PWM:PWMUDB:status_3\ ,
        status_2 => \PWM:PWMUDB:status_2\ ,
        status_0 => \PWM:PWMUDB:status_0\ );
    Properties:
    {
        cy_force_order = 1
        cy_int_mask = "1111111"
        cy_md_select = "0100111"
    }
    Clock Polarity: Active High
    Clock Enable: True

controlcell: Name =\StepperDriver:Sync:ctrl_reg\
    PORT MAP (
        control_7 => \StepperDriver:control_7\ ,
        control_6 => \StepperDriver:control_6\ ,
        control_5 => \StepperDriver:control_5\ ,
        control_4 => \StepperDriver:control_4\ ,
        control_3 => Net_36 ,
        control_2 => Net_35 ,
        control_1 => Net_34 ,
        control_0 => Net_23 );
    Properties:
    {
        cy_ctrl_mode_0 = "00000000"
        cy_ctrl_mode_1 = "00000000"
        cy_ext_reset = 0
        cy_force_order = 1
        cy_init_value = "00000000"
    }
    Clock Enable: True

UDB [UDB=(0,1)] is empty.
UDB [UDB=(1,0)] contents:
LAB@[UDB=(1,0)][LB=0] #macrocells=2, #inputs=6, #pterms=6
{
    [McSlotId=0]:     MacroCell: Name=\PWM:PWMUDB:prevCompare1\, Mode=(D-Register) @ [UDB=(1,0)][LB=0][MC=0]
        Total # of inputs        : 5
        Total # of product terms : 5
        List of special equations: 
            Clock  = (Net_137_digital) => Global
            Clock Enable: True
        Main Equation            : 5 pterms
        (
              !\PWM:PWMUDB:control_2\ * !\PWM:PWMUDB:control_1\ * 
              \PWM:PWMUDB:control_0\ * \PWM:PWMUDB:cmp1_less\
            + !\PWM:PWMUDB:control_2\ * \PWM:PWMUDB:control_1\ * 
              !\PWM:PWMUDB:control_0\ * \PWM:PWMUDB:cmp1_less\
            + !\PWM:PWMUDB:control_2\ * !\PWM:PWMUDB:control_0\ * 
              \PWM:PWMUDB:cmp1_eq\
            + \PWM:PWMUDB:control_2\ * !\PWM:PWMUDB:cmp1_less\
            + \PWM:PWMUDB:control_1\ * \PWM:PWMUDB:control_0\ * 
              !\PWM:PWMUDB:cmp1_eq\ * !\PWM:PWMUDB:cmp1_less\
        );
        Output = \PWM:PWMUDB:prevCompare1\ (fanout=1)
        Properties               : 
        {
        }

    [McSlotId=1]: (empty)
    [McSlotId=2]: (empty)
    [McSlotId=3]:     MacroCell: Name=\PWM:PWMUDB:runmode_enable\, Mode=(D-Register) @ [UDB=(1,0)][LB=0][MC=3]
        Total # of inputs        : 1
        Total # of product terms : 1
        List of special equations: 
            Clock  = (Net_137_digital) => Global
            Clock Enable: True
        Main Equation            : 1 pterm
        (
              \PWM:PWMUDB:control_7\
        );
        Output = \PWM:PWMUDB:runmode_enable\ (fanout=4)
        Properties               : 
        {
        }
}

LAB@[UDB=(1,0)][LB=1] #macrocells=1, #inputs=6, #pterms=5
{
    [McSlotId=0]:     MacroCell: Name=\PWM:PWMUDB:status_0\, Mode=(D-Register) @ [UDB=(1,0)][LB=1][MC=0]
        Total # of inputs        : 6
        Total # of product terms : 5
        List of special equations: 
            Clock  = (Net_137_digital) => Global
            Clock Enable: True
        Main Equation            : 5 pterms
        (
              !\PWM:PWMUDB:control_2\ * !\PWM:PWMUDB:control_1\ * 
              \PWM:PWMUDB:control_0\ * !\PWM:PWMUDB:prevCompare1\ * 
              \PWM:PWMUDB:cmp1_less\
            + !\PWM:PWMUDB:control_2\ * \PWM:PWMUDB:control_1\ * 
              !\PWM:PWMUDB:control_0\ * !\PWM:PWMUDB:prevCompare1\ * 
              \PWM:PWMUDB:cmp1_less\
            + !\PWM:PWMUDB:control_2\ * !\PWM:PWMUDB:control_0\ * 
              !\PWM:PWMUDB:prevCompare1\ * \PWM:PWMUDB:cmp1_eq\
            + \PWM:PWMUDB:control_2\ * !\PWM:PWMUDB:prevCompare1\ * 
              !\PWM:PWMUDB:cmp1_less\
            + \PWM:PWMUDB:control_1\ * \PWM:PWMUDB:control_0\ * 
              !\PWM:PWMUDB:prevCompare1\ * !\PWM:PWMUDB:cmp1_eq\ * 
              !\PWM:PWMUDB:cmp1_less\
        );
        Output = \PWM:PWMUDB:status_0\ (fanout=1)
        Properties               : 
        {
        }

    [McSlotId=1]: (empty)
    [McSlotId=2]: (empty)
    [McSlotId=3]: (empty)
}

datapathcell: Name =\PWM:PWMUDB:sP16:pwmdp:u0\
    PORT MAP (
        clock => Net_137_digital ,
        cs_addr_2 => \PWM:PWMUDB:tc_i\ ,
        cs_addr_1 => \PWM:PWMUDB:runmode_enable\ ,
        chain_out => \PWM:PWMUDB:sP16:pwmdp:carry\ );
    Properties:
    {
        a0_init = "00000000"
        a1_init = "00000000"
        ce0_sync = 1
        ce1_sync = 1
        cl0_sync = 1
        cl1_sync = 1
        cmsb_sync = 1
        co_msb_sync = 1
        cy_dpconfig = "0000000001000000000000001100000001000000010000000000000011000000000000001100000000000000110000000000000011000000000000001100000011111111000000001111111111111111101000000000000000000100000000000000000000011000"
        d0_init = "00000000"
        d1_init = "00000000"
        f0_blk_sync = 1
        f0_bus_sync = 1
        f1_blk_sync = 1
        f1_bus_sync = 1
        ff0_sync = 1
        ff1_sync = 1
        ov_msb_sync = 1
        so_sync = 1
        z0_sync = 1
        z1_sync = 1
    }
    Clock Polarity: Active High
    Clock Enable: True
    Next in chain : \PWM:PWMUDB:sP16:pwmdp:u1\

controlcell: Name =\PWM:PWMUDB:genblk1:ctrlreg\
    PORT MAP (
        clock => Net_137_digital ,
        control_7 => \PWM:PWMUDB:control_7\ ,
        control_6 => \PWM:PWMUDB:control_6\ ,
        control_5 => \PWM:PWMUDB:control_5\ ,
        control_4 => \PWM:PWMUDB:control_4\ ,
        control_3 => \PWM:PWMUDB:control_3\ ,
        control_2 => \PWM:PWMUDB:control_2\ ,
        control_1 => \PWM:PWMUDB:control_1\ ,
        control_0 => \PWM:PWMUDB:control_0\ );
    Properties:
    {
        cy_ctrl_mode_0 = "11111111"
        cy_ctrl_mode_1 = "00000000"
        cy_ext_reset = 0
        cy_force_order = 1
        cy_init_value = "00000000"
    }
    Clock Polarity: Active High
    Clock Enable: True

UDB [UDB=(1,1)] is empty.
Intr container @ [IntrContainer=(0)]: 
  Intr@ [IntrContainer=(0)][IntrId=(8)] 
    interrupt: Name =\I2C_1:SCB_IRQ\
        PORT MAP (
            interrupt => Net_48 );
        Properties:
        {
            int_type = "10"
            is_nmi = 0
        }
Drq container @ [DrqContainer=(0)]: empty
Port 0 contains the following IO cells:
Port 1 contains the following IO cells:
[IoId=0]: 
Pin : Name = \I2C_1:scl(0)\
    Attributes:
        In Group/Port: True
        In Sync Option: NOSYNC
        Out Sync Option: NOSYNC
        Interrupt generated: False
        Interrupt mode: NONE
        Drive mode: OPEN_DRAIN_LO
        VTrip: CMOS
        Slew: FAST
        Input Sync needed: False
        Output Sync needed: False
        SC shield enabled: False
        POR State: ANY
        LCD Mode: COMMON
        Register Mode: RegComb
        CaSense Mode: NEITHER
        Treat as pin: True
        Is OE Registered: False
        Uses Analog: False
        Can contain Digital: True
        Is SIO: False
        SIO Output Buf: NONREGULATED
        SIO Input Buf: SINGLE_ENDED
        SIO HiFreq: LOW
        SIO Hyst: DISABLED
        SIO Vtrip: MULTIPLIER_0_5
        SIO Multiplier Index: 0
        SIO RefSel: VCC_IO
        Required Capabilities: DIGITAL
        Initial Value: 1
        IO Voltage: 0
    PORT MAP (
        pa_out => \I2C_1:scl(0)\__PA ,
        fb => Net_64 ,
        pad => \I2C_1:scl(0)_PAD\ );
    Properties:
    {
    }

[IoId=1]: 
Pin : Name = \I2C_1:sda(0)\
    Attributes:
        In Group/Port: True
        In Sync Option: NOSYNC
        Out Sync Option: NOSYNC
        Interrupt generated: False
        Interrupt mode: NONE
        Drive mode: OPEN_DRAIN_LO
        VTrip: CMOS
        Slew: FAST
        Input Sync needed: False
        Output Sync needed: False
        SC shield enabled: False
        POR State: ANY
        LCD Mode: COMMON
        Register Mode: RegComb
        CaSense Mode: NEITHER
        Treat as pin: True
        Is OE Registered: False
        Uses Analog: False
        Can contain Digital: True
        Is SIO: False
        SIO Output Buf: NONREGULATED
        SIO Input Buf: SINGLE_ENDED
        SIO HiFreq: LOW
        SIO Hyst: DISABLED
        SIO Vtrip: MULTIPLIER_0_5
        SIO Multiplier Index: 0
        SIO RefSel: VCC_IO
        Required Capabilities: DIGITAL
        Initial Value: 1
        IO Voltage: 0
    PORT MAP (
        pa_out => \I2C_1:sda(0)\__PA ,
        fb => Net_65 ,
        pad => \I2C_1:sda(0)_PAD\ );
    Properties:
    {
    }

Port 2 contains the following IO cells:
[IoId=7]: 
Pin : Name = Pin_4(0)
    Attributes:
        In Group/Port: True
        In Sync Option: AUTO
        Out Sync Option: NOSYNC
        Interrupt generated: False
        Interrupt mode: NONE
        Drive mode: CMOS_OUT
        VTrip: EITHER
        Slew: FAST
        Input Sync needed: False
        Output Sync needed: False
        SC shield enabled: False
        POR State: ANY
        LCD Mode: COMMON
        Register Mode: RegComb
        CaSense Mode: NEITHER
        Treat as pin: True
        Is OE Registered: False
        Uses Analog: False
        Can contain Digital: True
        Is SIO: False
        SIO Output Buf: NONREGULATED
        SIO Input Buf: SINGLE_ENDED
        SIO HiFreq: LOW
        SIO Hyst: DISABLED
        SIO Vtrip: MULTIPLIER_0_5
        SIO Multiplier Index: 0
        SIO RefSel: VCC_IO
        Required Capabilities: DIGITAL, ROUTABLE
        Initial Value: 1
        IO Voltage: 0
    PORT MAP (
        pa_out => Pin_4(0)__PA ,
        pin_input => Net_202 ,
        pad => Pin_4(0)_PAD );
    Properties:
    {
    }

Port 3 contains the following IO cells:
[IoId=0]: 
Pin : Name = Pin_0(0)
    Attributes:
        In Group/Port: True
        In Sync Option: AUTO
        Out Sync Option: NOSYNC
        Interrupt generated: False
        Interrupt mode: NONE
        Drive mode: CMOS_OUT
        VTrip: EITHER
        Slew: FAST
        Input Sync needed: False
        Output Sync needed: False
        SC shield enabled: False
        POR State: ANY
        LCD Mode: COMMON
        Register Mode: RegComb
        CaSense Mode: NEITHER
        Treat as pin: True
        Is OE Registered: False
        Uses Analog: False
        Can contain Digital: True
        Is SIO: False
        SIO Output Buf: NONREGULATED
        SIO Input Buf: SINGLE_ENDED
        SIO HiFreq: LOW
        SIO Hyst: DISABLED
        SIO Vtrip: MULTIPLIER_0_5
        SIO Multiplier Index: 0
        SIO RefSel: VCC_IO
        Required Capabilities: DIGITAL, ROUTABLE
        Initial Value: 1
        IO Voltage: 0
    PORT MAP (
        pa_out => Pin_0(0)__PA ,
        pin_input => Net_23 ,
        pad => Pin_0(0)_PAD );
    Properties:
    {
    }

[IoId=1]: 
Pin : Name = Pin_1(0)
    Attributes:
        In Group/Port: True
        In Sync Option: AUTO
        Out Sync Option: NOSYNC
        Interrupt generated: False
        Interrupt mode: NONE
        Drive mode: CMOS_OUT
        VTrip: EITHER
        Slew: FAST
        Input Sync needed: False
        Output Sync needed: False
        SC shield enabled: False
        POR State: ANY
        LCD Mode: COMMON
        Register Mode: RegComb
        CaSense Mode: NEITHER
        Treat as pin: True
        Is OE Registered: False
        Uses Analog: False
        Can contain Digital: True
        Is SIO: False
        SIO Output Buf: NONREGULATED
        SIO Input Buf: SINGLE_ENDED
        SIO HiFreq: LOW
        SIO Hyst: DISABLED
        SIO Vtrip: MULTIPLIER_0_5
        SIO Multiplier Index: 0
        SIO RefSel: VCC_IO
        Required Capabilities: DIGITAL, ROUTABLE
        Initial Value: 1
        IO Voltage: 0
    PORT MAP (
        pa_out => Pin_1(0)__PA ,
        pin_input => Net_34 ,
        pad => Pin_1(0)_PAD );
    Properties:
    {
    }

[IoId=4]: 
Pin : Name = Pin_2(0)
    Attributes:
        In Group/Port: True
        In Sync Option: AUTO
        Out Sync Option: NOSYNC
        Interrupt generated: False
        Interrupt mode: NONE
        Drive mode: CMOS_OUT
        VTrip: EITHER
        Slew: FAST
        Input Sync needed: False
        Output Sync needed: False
        SC shield enabled: False
        POR State: ANY
        LCD Mode: COMMON
        Register Mode: RegComb
        CaSense Mode: NEITHER
        Treat as pin: True
        Is OE Registered: False
        Uses Analog: False
        Can contain Digital: True
        Is SIO: False
        SIO Output Buf: NONREGULATED
        SIO Input Buf: SINGLE_ENDED
        SIO HiFreq: LOW
        SIO Hyst: DISABLED
        SIO Vtrip: MULTIPLIER_0_5
        SIO Multiplier Index: 0
        SIO RefSel: VCC_IO
        Required Capabilities: DIGITAL, ROUTABLE
        Initial Value: 1
        IO Voltage: 0
    PORT MAP (
        pa_out => Pin_2(0)__PA ,
        pin_input => Net_35 ,
        pad => Pin_2(0)_PAD );
    Properties:
    {
    }

[IoId=5]: 
Pin : Name = Pin_3(0)
    Attributes:
        In Group/Port: True
        In Sync Option: AUTO
        Out Sync Option: NOSYNC
        Interrupt generated: False
        Interrupt mode: NONE
        Drive mode: CMOS_OUT
        VTrip: EITHER
        Slew: FAST
        Input Sync needed: False
        Output Sync needed: False
        SC shield enabled: False
        POR State: ANY
        LCD Mode: COMMON
        Register Mode: RegComb
        CaSense Mode: NEITHER
        Treat as pin: True
        Is OE Registered: False
        Uses Analog: False
        Can contain Digital: True
        Is SIO: False
        SIO Output Buf: NONREGULATED
        SIO Input Buf: SINGLE_ENDED
        SIO HiFreq: LOW
        SIO Hyst: DISABLED
        SIO Vtrip: MULTIPLIER_0_5
        SIO Multiplier Index: 0
        SIO RefSel: VCC_IO
        Required Capabilities: DIGITAL, ROUTABLE
        Initial Value: 1
        IO Voltage: 0
    PORT MAP (
        pa_out => Pin_3(0)__PA ,
        pin_input => Net_36 ,
        pad => Pin_3(0)_PAD );
    Properties:
    {
    }

Port 4 contains the following IO cells:
Port 5 contains the following IO cells:
Port 6 contains the following IO cells:
Port 7 contains the following IO cells:
[IoId=1]: 
Pin : Name = \UART:tx(0)\
    Attributes:
        In Group/Port: True
        In Sync Option: AUTO
        Out Sync Option: NOSYNC
        Interrupt generated: False
        Interrupt mode: NONE
        Drive mode: CMOS_OUT
        VTrip: EITHER
        Slew: FAST
        Input Sync needed: False
        Output Sync needed: False
        SC shield enabled: False
        POR State: ANY
        LCD Mode: COMMON
        Register Mode: RegComb
        CaSense Mode: NEITHER
        Treat as pin: True
        Is OE Registered: False
        Uses Analog: False
        Can contain Digital: True
        Is SIO: False
        SIO Output Buf: NONREGULATED
        SIO Input Buf: SINGLE_ENDED
        SIO HiFreq: LOW
        SIO Hyst: DISABLED
        SIO Vtrip: MULTIPLIER_0_5
        SIO Multiplier Index: 0
        SIO RefSel: VCC_IO
        Required Capabilities: DIGITAL
        Initial Value: 1
        IO Voltage: 0
    PORT MAP (
        pa_out => \UART:tx(0)\__PA ,
        pad => \UART:tx(0)_PAD\ );
    Properties:
    {
    }

ARM group 0: empty
CAN group 0: empty
Clock group 0: 
    Clock Block @ F(Clock,0): 
    m0s8clockblockcell: Name =ClockBlock
        PORT MAP (
            hfclk => ClockBlock_HFClk ,
            imo => ClockBlock_IMO ,
            ext => ClockBlock_ExtClk ,
            sysclk => ClockBlock_SysClk ,
            ilo => ClockBlock_ILO ,
            lfclk => ClockBlock_LFClk ,
            wco => ClockBlock_WCO ,
            dsi_in_0 => ClockBlock_Routed1 ,
            ff_div_2 => \I2C_1:Net_847_ff2\ ,
            udb_div_0 => dclk_to_genclk );
        Properties:
        {
        }
LCD group 0: empty
PICU group 0: empty
LPCOMP group 0: empty
SCB group 0: 
    SCB Block @ F(SCB,0): 
    m0s8scbcell: Name =\I2C_1:SCB\
        PORT MAP (
            clock => \I2C_1:Net_847_ff2\ ,
            interrupt => Net_48 ,
            uart_tx => \I2C_1:tx_wire\ ,
            uart_rts => \I2C_1:rts_wire\ ,
            mosi_m => \I2C_1:mosi_m_wire\ ,
            select_m_3 => \I2C_1:select_m_wire_3\ ,
            select_m_2 => \I2C_1:select_m_wire_2\ ,
            select_m_1 => \I2C_1:select_m_wire_1\ ,
            select_m_0 => \I2C_1:select_m_wire_0\ ,
            sclk_m => \I2C_1:sclk_m_wire\ ,
            miso_s => \I2C_1:miso_s_wire\ ,
            i2c_scl => Net_64 ,
            i2c_sda => Net_65 ,
            tr_tx_req => Net_66 ,
            tr_rx_req => Net_57 );
        Properties:
        {
            cy_registers = ""
            scb_mode = 0
        }
CSD group 0: empty
CSIDAC8 group 0: empty
CSIDAC7 group 0: empty
TCPWM group 0: empty
OA group 0: empty
TEMP group 0: empty
SARADC group 0: empty
CLK_GEN group 0: 
    M0S8 Clock Gen Block @ F(CLK_GEN,0): 
    m0s8clockgenblockcell: Name =ClockGenBlock
        PORT MAP (
            gen_clk_out_0 => Net_137_digital ,
            gen_clk_in_0 => dclk_to_genclk );
        Properties:
        {
        }
LPCOMPBLOCK group 0: empty
PASSBLOCK group 0: empty
WCO group 0: empty
SRSS group 0: empty
CPUSS group 0: empty
IOSS group 0: empty
EXCO group 0: empty
</CYPRESSTAG>
<CYPRESSTAG name="Port Configuration Details">

------------------------------------------------------------
Port Configuration report
------------------------------------------------------------
     |     |       | Interrupt |                  |                | 
Port | Pin | Fixed |      Type |       Drive Mode |           Name | Connections
-----+-----+-------+-----------+------------------+----------------+------------
   1 |   0 |     * |      NONE |    OPEN_DRAIN_LO | \I2C_1:scl(0)\ | FB(Net_64)
     |   1 |     * |      NONE |    OPEN_DRAIN_LO | \I2C_1:sda(0)\ | FB(Net_65)
-----+-----+-------+-----------+------------------+----------------+------------
   2 |   7 |     * |      NONE |         CMOS_OUT |       Pin_4(0) | In(Net_202)
-----+-----+-------+-----------+------------------+----------------+------------
   3 |   0 |     * |      NONE |         CMOS_OUT |       Pin_0(0) | In(Net_23)
     |   1 |     * |      NONE |         CMOS_OUT |       Pin_1(0) | In(Net_34)
     |   4 |     * |      NONE |         CMOS_OUT |       Pin_2(0) | In(Net_35)
     |   5 |     * |      NONE |         CMOS_OUT |       Pin_3(0) | In(Net_36)
-----+-----+-------+-----------+------------------+----------------+------------
   7 |   1 |     * |      NONE |         CMOS_OUT |   \UART:tx(0)\ | 
--------------------------------------------------------------------------------
</CYPRESSTAG>
</CYPRESSTAG>
</CYPRESSTAG>
Digital component placer commit/Report: Elapsed time ==> 0s.019ms
Digital Placement phase: Elapsed time ==> 0s.542ms
</CYPRESSTAG>
<CYPRESSTAG name="Digital Routing">
"C:\Program Files (x86)\Cypress\PSoC Creator\4.4\PSoC Creator\bin/sjrouter.exe" --xml-path "C:\Program Files (x86)\Cypress\PSoC Creator\4.4\PSoC Creator\dev\psoc4/4/route_arch-rrg.cydata" --vh2-path "DesignAttempt01_r.vh2" --pcf-path "DesignAttempt01.pco" --des-name "DesignAttempt01" --dsf-path "DesignAttempt01.dsf" --sdc-path "DesignAttempt01.sdc" --lib-path "DesignAttempt01_r.lib"
Routing successful.
Digital Routing phase: Elapsed time ==> 0s.654ms
</CYPRESSTAG>
<CYPRESSTAG name="Bitstream Generation">
Bitstream Generation phase: Elapsed time ==> 0s.186ms
</CYPRESSTAG>
<CYPRESSTAG name="Bitstream Verification">
Bitstream Verification phase: Elapsed time ==> 0s.020ms
</CYPRESSTAG>
<CYPRESSTAG name="Static timing analysis">
Timing report is in DesignAttempt01_timing.html.
Static timing analysis phase: Elapsed time ==> 0s.153ms
</CYPRESSTAG>
<CYPRESSTAG name="Data reporting">
Data reporting phase: Elapsed time ==> 0s.000ms
</CYPRESSTAG>
<CYPRESSTAG name="Database update...">
Design database save phase: Elapsed time ==> 0s.164ms
</CYPRESSTAG>
cydsfit: Elapsed time ==> 2s.437ms
</CYPRESSTAG>
Fitter phase: Elapsed time ==> 2s.438ms
API generation phase: Elapsed time ==> 1s.179ms
Dependency generation phase: Elapsed time ==> 0s.010ms
Cleanup phase: Elapsed time ==> 0s.001ms
